[2022-10-22T01:21:02.640Z] Log level: Info
[2022-10-22T01:21:02.650Z] [info] Validating found git in: git
[2022-10-22T01:21:02.748Z] [info] Using git 2.25.1 from git
[2022-10-22T01:21:02.839Z] > git rev-parse --show-toplevel [6ms]
[2022-10-22T01:21:02.849Z] > git rev-parse --git-dir --git-common-dir [2ms]
[2022-10-22T01:21:02.858Z] [info] Open repository: /home/ubuntu
[2022-10-22T01:21:03.325Z] > git rev-parse --show-toplevel [384ms]
[2022-10-22T01:21:04.531Z] > git rev-parse --git-dir --git-common-dir [1192ms]
[2022-10-22T01:21:04.537Z] [info] Open repository: /home/ubuntu/backup/buenComensalProject
[2022-10-22T01:21:04.727Z] > git rev-parse --show-toplevel [86ms]
[2022-10-22T01:21:04.825Z] > git fetch [283ms]
[2022-10-22T01:21:05.833Z] > git check-ignore -v -z --stdin [209ms]
[2022-10-22T01:21:05.834Z] > git check-ignore -v -z --stdin [199ms]
[2022-10-22T01:21:05.835Z] > git fetch [2970ms]
[2022-10-22T01:21:06.734Z] > git check-ignore -v -z --stdin [9ms]
[2022-10-22T01:21:06.823Z] > git check-ignore -v -z --stdin [92ms]
[2022-10-22T01:21:07.947Z] > git status -z -uall [3313ms]
[2022-10-22T01:21:08.143Z] > git symbolic-ref --short HEAD [97ms]
[2022-10-22T01:21:08.246Z] > git for-each-ref --format=%(refname)%00%(upstream:short)%00%(objectname)%00%(upstream:track)%00%(upstream:remotename)%00%(upstream:remoteref) refs/heads/master refs/remotes/master [19ms]
[2022-10-22T01:21:08.337Z] > git remote --verbose [4ms]
[2022-10-22T01:21:08.338Z] > git for-each-ref --sort -committerdate --format %(refname) %(objectname) %(*objectname) [11ms]
[2022-10-22T01:21:08.428Z] > git status -z -uall [5493ms]
[2022-10-22T01:21:08.438Z] > git config --get commit.template [15ms]
[2022-10-22T01:21:08.450Z] > git symbolic-ref --short HEAD [13ms]
[2022-10-22T01:21:08.527Z] > git for-each-ref --format=%(refname)%00%(upstream:short)%00%(objectname)%00%(upstream:track)%00%(upstream:remotename)%00%(upstream:remoteref) refs/heads/master refs/remotes/master [1ms]
[2022-10-22T01:21:08.545Z] > git for-each-ref --sort -committerdate --format %(refname) %(objectname) %(*objectname) [13ms]
[2022-10-22T01:21:08.547Z] > git remote --verbose [9ms]
[2022-10-22T01:21:13.650Z] > git status -z -uall [5203ms]
[2022-10-22T01:21:14.042Z] > git symbolic-ref --short HEAD [192ms]
[2022-10-22T01:21:14.049Z] > git config --get commit.template [412ms]
[2022-10-22T01:21:14.125Z] > git for-each-ref --format=%(refname)%00%(upstream:short)%00%(objectname)%00%(upstream:track)%00%(upstream:remotename)%00%(upstream:remoteref) refs/heads/master refs/remotes/master [76ms]
[2022-10-22T01:21:14.344Z] > git for-each-ref --sort -committerdate --format %(refname) %(objectname) %(*objectname) [211ms]
[2022-10-22T01:21:14.438Z] > git remote --verbose [101ms]
[2022-10-22T01:21:14.540Z] > git config --get commit.template [7ms]
[2022-10-22T01:21:15.332Z] > git status -z -uall [698ms]
[2022-10-22T01:21:15.341Z] > git symbolic-ref --short HEAD [2ms]
[2022-10-22T01:21:15.427Z] > git for-each-ref --format=%(refname)%00%(upstream:short)%00%(objectname)%00%(upstream:track)%00%(upstream:remotename)%00%(upstream:remoteref) refs/heads/master refs/remotes/master [2ms]
[2022-10-22T01:21:15.443Z] > git for-each-ref --sort -committerdate --format %(refname) %(objectname) %(*objectname) [9ms]
[2022-10-22T01:21:15.445Z] > git remote --verbose [3ms]
[2022-10-22T01:21:15.533Z] > git config --get commit.template [2ms]
[2022-10-22T01:21:15.829Z] > git status -z -uall [1772ms]
[2022-10-22T01:21:15.838Z] > git symbolic-ref --short HEAD [2ms]
[2022-10-22T01:21:15.845Z] > git for-each-ref --format=%(refname)%00%(upstream:short)%00%(objectname)%00%(upstream:track)%00%(upstream:remotename)%00%(upstream:remoteref) refs/heads/master refs/remotes/master [1ms]
[2022-10-22T01:21:15.928Z] > git remote --verbose [2ms]
[2022-10-22T01:21:15.928Z] > git for-each-ref --sort -committerdate --format %(refname) %(objectname) %(*objectname) [73ms]
[2022-10-22T01:21:20.023Z] > git config --get commit.template [82ms]
[2022-10-22T01:21:21.231Z] > git check-ignore -v -z --stdin [286ms]
[2022-10-22T01:21:21.847Z] > git status -z -uall [1510ms]
[2022-10-22T01:21:21.860Z] > git symbolic-ref --short HEAD [2ms]
[2022-10-22T01:21:21.925Z] > git for-each-ref --format=%(refname)%00%(upstream:short)%00%(objectname)%00%(upstream:track)%00%(upstream:remotename)%00%(upstream:remoteref) refs/heads/master refs/remotes/master [1ms]
[2022-10-22T01:21:21.947Z] > git for-each-ref --sort -committerdate --format %(refname) %(objectname) %(*objectname) [12ms]
[2022-10-22T01:21:21.948Z] > git remote --verbose [3ms]
[2022-10-22T01:21:25.240Z] > git config --get commit.template [86ms]
[2022-10-22T01:21:43.076Z] [info] Close repository: /home/ubuntu
[2022-10-22T01:21:50.431Z] > git check-ignore -v -z --stdin [2ms]
[2022-10-22T01:22:09.977Z] > git push buen-comensal master [1145ms]
[2022-10-22T01:22:09.977Z] Everything up-to-date
[2022-10-22T01:22:10.235Z] > git status -z -uall [251ms]
[2022-10-22T01:22:10.242Z] > git symbolic-ref --short HEAD [1ms]
[2022-10-22T01:22:10.249Z] > git for-each-ref --format=%(refname)%00%(upstream:short)%00%(objectname)%00%(upstream:track)%00%(upstream:remotename)%00%(upstream:remoteref) refs/heads/master refs/remotes/master [1ms]
[2022-10-22T01:22:10.265Z] > git remote --verbose [3ms]
[2022-10-22T01:22:10.265Z] > git for-each-ref --sort -committerdate --format %(refname) %(objectname) %(*objectname) [8ms]
[2022-10-22T01:22:10.331Z] > git config --get commit.template [1ms]
[2022-10-22T01:23:20.176Z] > git remote add backup https://github.com/valensab/backup-comensal.git [4ms]
[2022-10-22T01:23:20.440Z] > git status -z -uall [258ms]
[2022-10-22T01:23:20.449Z] > git symbolic-ref --short HEAD [1ms]
[2022-10-22T01:23:20.460Z] > git for-each-ref --format=%(refname)%00%(upstream:short)%00%(objectname)%00%(upstream:track)%00%(upstream:remotename)%00%(upstream:remoteref) refs/heads/master refs/remotes/master [3ms]
[2022-10-22T01:23:20.528Z] > git for-each-ref --sort -committerdate --format %(refname) %(objectname) %(*objectname) [61ms]
[2022-10-22T01:23:20.529Z] > git remote --verbose [2ms]
[2022-10-22T01:23:20.537Z] > git config --get commit.template [1ms]
[2022-10-22T01:23:21.611Z] > git fetch backup [1067ms]
[2022-10-22T01:23:21.860Z] > git status -z -uall [243ms]
[2022-10-22T01:23:21.868Z] > git symbolic-ref --short HEAD [1ms]
[2022-10-22T01:23:21.929Z] > git for-each-ref --format=%(refname)%00%(upstream:short)%00%(objectname)%00%(upstream:track)%00%(upstream:remotename)%00%(upstream:remoteref) refs/heads/master refs/remotes/master [2ms]
[2022-10-22T01:23:21.943Z] > git remote --verbose [1ms]
[2022-10-22T01:23:21.943Z] > git for-each-ref --sort -committerdate --format %(refname) %(objectname) %(*objectname) [8ms]
[2022-10-22T01:23:21.954Z] > git config --get commit.template [2ms]
[2022-10-22T01:23:27.672Z] > git push backup master [5711ms]
[2022-10-22T01:23:27.672Z] To https://github.com/valensab/backup-comensal.git
 * [new branch]      master -> master
[2022-10-22T01:23:27.925Z] > git status -z -uall [247ms]
[2022-10-22T01:23:27.932Z] > git symbolic-ref --short HEAD [2ms]
[2022-10-22T01:23:27.938Z] > git for-each-ref --format=%(refname)%00%(upstream:short)%00%(objectname)%00%(upstream:track)%00%(upstream:remotename)%00%(upstream:remoteref) refs/heads/master refs/remotes/master [1ms]
[2022-10-22T01:23:27.950Z] > git for-each-ref --sort -committerdate --format %(refname) %(objectname) %(*objectname) [7ms]
[2022-10-22T01:23:27.950Z] > git remote --verbose [2ms]
[2022-10-22T01:23:27.958Z] > git config --get commit.template [1ms]
[2022-10-22T01:23:44.245Z] > git push backup master [1027ms]
[2022-10-22T01:23:44.245Z] Everything up-to-date
[2022-10-22T01:23:44.527Z] > git status -z -uall [276ms]
[2022-10-22T01:23:44.534Z] > git symbolic-ref --short HEAD [1ms]
[2022-10-22T01:23:44.545Z] > git for-each-ref --format=%(refname)%00%(upstream:short)%00%(objectname)%00%(upstream:track)%00%(upstream:remotename)%00%(upstream:remoteref) refs/heads/master refs/remotes/master [1ms]
[2022-10-22T01:23:44.557Z] > git for-each-ref --sort -committerdate --format %(refname) %(objectname) %(*objectname) [6ms]
[2022-10-22T01:23:44.558Z] > git remote --verbose [2ms]
[2022-10-22T01:23:44.624Z] > git config --get commit.template [60ms]
[2022-10-22T01:26:03.715Z] > git fetch [4ms]
[2022-10-22T01:26:03.963Z] > git status -z -uall [243ms]
[2022-10-22T01:26:04.023Z] > git symbolic-ref --short HEAD [53ms]
[2022-10-22T01:26:04.033Z] > git for-each-ref --format=%(refname)%00%(upstream:short)%00%(objectname)%00%(upstream:track)%00%(upstream:remotename)%00%(upstream:remoteref) refs/heads/master refs/remotes/master [3ms]
[2022-10-22T01:26:04.044Z] > git for-each-ref --sort -committerdate --format %(refname) %(objectname) %(*objectname) [6ms]
[2022-10-22T01:26:04.045Z] > git remote --verbose [2ms]
[2022-10-22T01:26:04.052Z] > git config --get commit.template [1ms]
