[2022-10-19 23:14:51.032] [exthost] [info] Extension host with pid 957038 started
[2022-10-19 23:14:51.147] [exthost] [info] Lock '/home/ubuntu/.vscode-server/data/User/workspaceStorage/33db89fc36b95e274c7f9ccda8cc4b3f/vscode.lock': Lock acquired.
[2022-10-19 23:14:51.435] [exthost] [info] ExtensionService#_doActivateExtension vscode.debug-auto-launch, startup: true, activationEvent: '*'
[2022-10-19 23:14:51.437] [exthost] [info] ExtensionService#_doActivateExtension vscode.git-base, startup: true, activationEvent: '*', root cause: vscode.git
[2022-10-19 23:14:51.437] [exthost] [info] ExtensionService#_doActivateExtension vscode.ipynb, startup: true, activationEvent: '*'
[2022-10-19 23:14:51.636] [exthost] [info] ExtensionService#_doActivateExtension ms-python.python, startup: true, activationEvent: 'workspaceContains:manage.py'
[2022-10-19 23:14:53.486] [exthost] [info] ExtensionService#_doActivateExtension vscode.git, startup: true, activationEvent: '*'
[2022-10-19 23:14:53.486] [exthost] [info] ExtensionService#_doActivateExtension vscode.github, startup: true, activationEvent: '*'
[2022-10-19 23:14:55.348] [exthost] [info] ExtensionService#_doActivateExtension vscode.emmet, startup: false, activationEvent: 'onStartupFinished'
[2022-10-19 23:14:55.348] [exthost] [info] ExtensionService#_doActivateExtension vscode.merge-conflict, startup: false, activationEvent: 'onStartupFinished'
[2022-10-19 23:14:55.348] [exthost] [info] ExtensionService#_doActivateExtension ritwickdey.LiveServer, startup: false, activationEvent: 'onStartupFinished'
[2022-10-19 23:14:55.349] [exthost] [info] Eager extensions activated
[2022-10-19 23:28:51.801] [exthost] [info] ExtensionService#_doActivateExtension ms-toolsai.jupyter, startup: false, activationEvent: 'onLanguage:python'
[2022-10-19 23:28:57.742] [exthost] [info] ExtensionService#_doActivateExtension ms-toolsai.jupyter-renderers, startup: false, activationEvent: 'api', root cause: ms-toolsai.jupyter
[2022-10-20 00:46:32.974] [exthost] [error] [ms-python.python] provider FAILED
[2022-10-20 00:46:32.975] [exthost] [error] Error: AttributeError: 'HoverDisable' object has no attribute 'namespace_'
	at /home/ubuntu/.vscode-server/extensions/ms-python.python-2022.16.1/out/client/extension.js:2:2153020
	at /home/ubuntu/.vscode-server/extensions/ms-python.python-2022.16.1/out/client/extension.js:2:2153314
	at Immediate.<anonymous> (/home/ubuntu/.vscode-server/extensions/ms-python.python-2022.16.1/out/client/extension.js:2:2153676)
	at processImmediate (node:internal/timers:466:21)
[2022-10-20 01:15:12.762] [exthost] [error] [ms-python.python] provider FAILED
[2022-10-20 01:15:12.763] [exthost] [error] Error: AttributeError: 'HoverDisable' object has no attribute 'namespace_'
	at /home/ubuntu/.vscode-server/extensions/ms-python.python-2022.16.1/out/client/extension.js:2:2153020
	at /home/ubuntu/.vscode-server/extensions/ms-python.python-2022.16.1/out/client/extension.js:2:2153314
	at Immediate.<anonymous> (/home/ubuntu/.vscode-server/extensions/ms-python.python-2022.16.1/out/client/extension.js:2:2153676)
	at processImmediate (node:internal/timers:466:21)
[2022-10-20 01:15:46.858] [exthost] [error] [ms-python.python] provider FAILED
[2022-10-20 01:15:46.858] [exthost] [error] Error: AttributeError: 'HoverDisable' object has no attribute 'namespace_'
	at /home/ubuntu/.vscode-server/extensions/ms-python.python-2022.16.1/out/client/extension.js:2:2153020
	at /home/ubuntu/.vscode-server/extensions/ms-python.python-2022.16.1/out/client/extension.js:2:2153314
	at Immediate.<anonymous> (/home/ubuntu/.vscode-server/extensions/ms-python.python-2022.16.1/out/client/extension.js:2:2153676)
	at processImmediate (node:internal/timers:466:21)
[2022-10-20 01:22:48.463] [exthost] [error] [ms-python.python] provider FAILED
[2022-10-20 01:22:48.464] [exthost] [error] Error: AttributeError: 'NoneType' object has no attribute 'is_module'
	at /home/ubuntu/.vscode-server/extensions/ms-python.python-2022.16.1/out/client/extension.js:2:2153020
	at /home/ubuntu/.vscode-server/extensions/ms-python.python-2022.16.1/out/client/extension.js:2:2153314
	at Immediate.<anonymous> (/home/ubuntu/.vscode-server/extensions/ms-python.python-2022.16.1/out/client/extension.js:2:2153676)
	at processImmediate (node:internal/timers:466:21)
[2022-10-20 02:13:49.273] [exthost] [info] Extension host terminating: renderer disconnected for too long (2)
[2022-10-20 02:13:49.278] [exthost] [info] Lock '/home/ubuntu/.vscode-server/data/User/workspaceStorage/33db89fc36b95e274c7f9ccda8cc4b3f/vscode.lock': Marking the lockfile as scheduled to be released in 6000 ms.
[2022-10-20 02:13:49.342] [exthost] [info] Extension host with pid 957038 exiting with code 0
