Visual Studio Code (1.72.2, ssh-remote, desktop)
Jupyter Extension Version: 2022.9.1202862440.
Python Extension Version: 2022.16.1.
Workspace folder /home/ubuntu/buenComensalProject
info 15:19:45.929: ZMQ install verified.
User belongs to experiment group 'jupyterTestcf'
User belongs to experiment group 'jupyterEnhancedDataViewer'
info 15:19:49.464: LSP Notebooks experiment is disabled -- Pylance disabled or not installed
info 15:19:51.556: Got env vars ourselves faster /home/ubuntu/env/bin/python with env var count 34 in 716ms
info 15:19:51.633: Process Execution: > ~/env/bin/python -m pip list
> ~/env/bin/python -m pip list
error 15:19:51.635: getCondaFile, Class name = k, completed in 2190ms, has a falsy return value [EntryNotFound (FileSystemError): Error: ENOENT: no such file or directory, stat 'c:\Users\PAULASABOGAL\anaconda3\Scripts\conda.exe'
	at Function._handleError (/home/ubuntu/.vscode-server/bin/d045a5eda657f4d7b676dedbfa7aab8207f8a075/out/vs/workbench/api/node/extensionHostProcess.js:92:29726)
	at Object.stat (/home/ubuntu/.vscode-server/bin/d045a5eda657f4d7b676dedbfa7aab8207f8a075/out/vs/workbench/api/node/extensionHostProcess.js:92:28094)
	at async b.getFileHash (/home/ubuntu/.vscode-server/extensions/ms-toolsai.jupyter-2022.9.1202862440/out/extension.node.js:7:20284)
	at async k.getCachedInformation (/home/ubuntu/.vscode-server/extensions/ms-toolsai.jupyter-2022.9.1202862440/out/extension.node.js:7:42507)] {
  code: 'FileNotFound'
}
error 15:19:51.637: getCondaVersion, Class name = k, completed in 2191ms, has a falsy return value [EntryNotFound (FileSystemError): Error: ENOENT: no such file or directory, stat 'c:\Users\PAULASABOGAL\anaconda3\Scripts\conda.exe'
	at Function._handleError (/home/ubuntu/.vscode-server/bin/d045a5eda657f4d7b676dedbfa7aab8207f8a075/out/vs/workbench/api/node/extensionHostProcess.js:92:29726)
	at Object.stat (/home/ubuntu/.vscode-server/bin/d045a5eda657f4d7b676dedbfa7aab8207f8a075/out/vs/workbench/api/node/extensionHostProcess.js:92:28094)
	at async b.getFileHash (/home/ubuntu/.vscode-server/extensions/ms-toolsai.jupyter-2022.9.1202862440/out/extension.node.js:7:20284)
	at async k.getCachedInformation (/home/ubuntu/.vscode-server/extensions/ms-toolsai.jupyter-2022.9.1202862440/out/extension.node.js:7:42507)] {
  code: 'FileNotFound'
}
info 15:19:55.441: Got env vars with python /home/ubuntu/env/bin/python, with env var count 34 and custom env var count 0 in 4598ms
info 17:22:13.939: Shutting down notebooks for 73a8b256-2175-4982-b243-55174e15002f
info 17:22:13.939: Disposing HostJupyterExecution 06776f23-5a2d-49c9-b3a0-cd0eaf5405c3
info 17:22:13.939: Disposing super HostJupyterExecution 06776f23-5a2d-49c9-b3a0-cd0eaf5405c3
info 17:22:13.940: Disposing HostJupyterExecution 06776f23-5a2d-49c9-b3a0-cd0eaf5405c3
info 17:22:13.940: Finished disposing HostJupyterExecution  06776f23-5a2d-49c9-b3a0-cd0eaf5405c3
info 17:22:14.319: Cleaning up server cache 06776f23-5a2d-49c9-b3a0-cd0eaf5405c3
info 17:22:14.320: Finished disposing HostJupyterExecution  06776f23-5a2d-49c9-b3a0-cd0eaf5405c3
