[2022-10-20T15:19:49.749Z] Log level: Info
[2022-10-20T15:19:49.756Z] [info] Validating found git in: git
[2022-10-20T15:19:49.959Z] [info] Using git 2.25.1 from git
[2022-10-20T15:19:50.143Z] > git rev-parse --show-toplevel [99ms]
[2022-10-20T15:19:50.951Z] > git rev-parse --git-dir --git-common-dir [724ms]
[2022-10-20T15:19:51.033Z] [info] Open repository: /home/ubuntu/buenComensalProject
[2022-10-20T15:19:51.245Z] > git status -z -uall [117ms]
[2022-10-20T15:19:51.335Z] > git fetch [287ms]
[2022-10-20T15:19:51.335Z] > git rev-parse --show-toplevel [192ms]
[2022-10-20T15:19:51.349Z] > git symbolic-ref --short HEAD [19ms]
[2022-10-20T15:19:51.440Z] > git rev-parse --show-toplevel [93ms]
[2022-10-20T15:19:51.453Z] > git for-each-ref --format=%(refname)%00%(upstream:short)%00%(objectname)%00%(upstream:track)%00%(upstream:remotename)%00%(upstream:remoteref) refs/heads/master refs/remotes/master [19ms]
[2022-10-20T15:19:51.645Z] > git remote --verbose [92ms]
[2022-10-20T15:19:51.646Z] > git for-each-ref --sort -committerdate --format %(refname) %(objectname) %(*objectname) [103ms]
[2022-10-20T15:19:51.731Z] > git rev-parse --show-toplevel [280ms]
[2022-10-20T15:19:52.042Z] > git rev-parse --show-toplevel [294ms]
[2022-10-20T15:19:52.148Z] > git rev-parse --show-toplevel [13ms]
[2022-10-20T15:19:52.235Z] > git config --get commit.template [197ms]
[2022-10-20T15:19:52.256Z] > git rev-parse --show-toplevel [22ms]
[2022-10-20T15:19:52.347Z] > git status -z -uall [95ms]
[2022-10-20T15:19:52.432Z] > git rev-parse --show-toplevel [89ms]
[2022-10-20T15:19:52.441Z] > git symbolic-ref --short HEAD [10ms]
[2022-10-20T15:19:52.529Z] > git for-each-ref --format=%(refname)%00%(upstream:short)%00%(objectname)%00%(upstream:track)%00%(upstream:remotename)%00%(upstream:remoteref) refs/heads/master refs/remotes/master [76ms]
[2022-10-20T15:19:52.634Z] > git for-each-ref --sort -committerdate --format %(refname) %(objectname) %(*objectname) [94ms]
[2022-10-20T15:19:52.636Z] > git remote --verbose [9ms]
[2022-10-20T15:19:52.737Z] > git config --get commit.template [83ms]
[2022-10-20T15:19:52.839Z] > git status -z -uall [89ms]
[2022-10-20T15:19:52.926Z] > git symbolic-ref --short HEAD [75ms]
[2022-10-20T15:19:52.955Z] > git for-each-ref --format=%(refname)%00%(upstream:short)%00%(objectname)%00%(upstream:track)%00%(upstream:remotename)%00%(upstream:remoteref) refs/heads/master refs/remotes/master [16ms]
[2022-10-20T15:19:53.127Z] > git remote --verbose [74ms]
[2022-10-20T15:19:53.128Z] > git for-each-ref --sort -committerdate --format %(refname) %(objectname) %(*objectname) [91ms]
[2022-10-20T15:19:53.230Z] > git config --get commit.template [87ms]
[2022-10-20T15:19:53.352Z] > git check-ignore -v -z --stdin [19ms]
[2022-10-20T15:19:54.740Z] > git show --textconv :suggestions/api/serializers.py [100ms]
[2022-10-20T15:19:54.740Z] > git ls-files --stage -- /home/ubuntu/buenComensalProject/suggestions/api/serializers.py [14ms]
[2022-10-20T15:19:54.826Z] > git check-ignore -v -z --stdin [87ms]
[2022-10-20T15:19:54.928Z] > git status -z -uall [82ms]
[2022-10-20T15:19:54.948Z] > git symbolic-ref --short HEAD [4ms]
[2022-10-20T15:19:55.152Z] > git for-each-ref --format=%(refname)%00%(upstream:short)%00%(objectname)%00%(upstream:track)%00%(upstream:remotename)%00%(upstream:remoteref) refs/heads/master refs/remotes/master [126ms]
[2022-10-20T15:19:55.438Z] > git for-each-ref --sort -committerdate --format %(refname) %(objectname) %(*objectname) [199ms]
[2022-10-20T15:19:55.526Z] > git remote --verbose [193ms]
[2022-10-20T15:19:55.644Z] > git config --get commit.template [19ms]
[2022-10-20T15:19:55.832Z] > git ls-files --stage -- /home/ubuntu/buenComensalProject/suggestions/api/serializers.py [94ms]
[2022-10-20T15:19:56.043Z] > git show --textconv :suggestions/api/serializers.py [1ms]
[2022-10-20T15:23:21.500Z] > git fetch [15ms]
[2022-10-20T15:23:21.510Z] > git status -z -uall [4ms]
[2022-10-20T15:23:21.528Z] > git symbolic-ref --short HEAD [9ms]
[2022-10-20T15:23:21.539Z] > git for-each-ref --format=%(refname)%00%(upstream:short)%00%(objectname)%00%(upstream:track)%00%(upstream:remotename)%00%(upstream:remoteref) refs/heads/master refs/remotes/master [3ms]
[2022-10-20T15:23:21.551Z] > git for-each-ref --sort -committerdate --format %(refname) %(objectname) %(*objectname) [6ms]
[2022-10-20T15:23:21.552Z] > git remote --verbose [2ms]
[2022-10-20T15:23:21.630Z] > git config --get commit.template [1ms]
[2022-10-20T15:23:22.753Z] > git status -z -uall [4ms]
[2022-10-20T15:23:22.760Z] > git symbolic-ref --short HEAD [1ms]
[2022-10-20T15:23:22.768Z] > git for-each-ref --format=%(refname)%00%(upstream:short)%00%(objectname)%00%(upstream:track)%00%(upstream:remotename)%00%(upstream:remoteref) refs/heads/master refs/remotes/master [2ms]
[2022-10-20T15:23:22.780Z] > git for-each-ref --sort -committerdate --format %(refname) %(objectname) %(*objectname) [6ms]
[2022-10-20T15:23:22.781Z] > git remote --verbose [2ms]
[2022-10-20T15:23:22.833Z] > git config --get commit.template [1ms]
[2022-10-20T15:23:23.038Z] > git ls-files --stage -- /home/ubuntu/buenComensalProject/suggestions/api/serializers.py [1ms]
[2022-10-20T15:23:23.231Z] > git show --textconv :suggestions/api/serializers.py [0ms]
[2022-10-20T15:23:35.601Z] > git show --textconv :suggestions/views.py [9ms]
[2022-10-20T15:23:35.602Z] > git ls-files --stage -- /home/ubuntu/buenComensalProject/suggestions/views.py [2ms]
[2022-10-20T15:23:42.258Z] > git status -z -uall [5ms]
[2022-10-20T15:23:42.330Z] > git symbolic-ref --short HEAD [2ms]
[2022-10-20T15:23:42.339Z] > git for-each-ref --format=%(refname)%00%(upstream:short)%00%(objectname)%00%(upstream:track)%00%(upstream:remotename)%00%(upstream:remoteref) refs/heads/master refs/remotes/master [2ms]
[2022-10-20T15:23:42.435Z] > git for-each-ref --sort -committerdate --format %(refname) %(objectname) %(*objectname) [88ms]
[2022-10-20T15:23:42.437Z] > git remote --verbose [2ms]
[2022-10-20T15:23:42.527Z] > git config --get commit.template [79ms]
[2022-10-20T15:23:51.538Z] > git status -z -uall [5ms]
[2022-10-20T15:23:51.551Z] > git symbolic-ref --short HEAD [2ms]
[2022-10-20T15:23:51.564Z] > git for-each-ref --format=%(refname)%00%(upstream:short)%00%(objectname)%00%(upstream:track)%00%(upstream:remotename)%00%(upstream:remoteref) refs/heads/master refs/remotes/master [2ms]
[2022-10-20T15:23:51.577Z] > git for-each-ref --sort -committerdate --format %(refname) %(objectname) %(*objectname) [6ms]
[2022-10-20T15:23:51.625Z] > git remote --verbose [49ms]
[2022-10-20T15:23:51.642Z] > git config --get commit.template [4ms]
[2022-10-20T15:26:07.283Z] > git status -z -uall [5ms]
[2022-10-20T15:26:07.291Z] > git symbolic-ref --short HEAD [1ms]
[2022-10-20T15:26:07.299Z] > git for-each-ref --format=%(refname)%00%(upstream:short)%00%(objectname)%00%(upstream:track)%00%(upstream:remotename)%00%(upstream:remoteref) refs/heads/master refs/remotes/master [2ms]
[2022-10-20T15:26:07.325Z] > git for-each-ref --sort -committerdate --format %(refname) %(objectname) %(*objectname) [21ms]
[2022-10-20T15:26:07.325Z] > git remote --verbose [15ms]
[2022-10-20T15:26:07.336Z] > git config --get commit.template [1ms]
[2022-10-20T15:26:12.351Z] > git status -z -uall [5ms]
[2022-10-20T15:26:12.362Z] > git symbolic-ref --short HEAD [2ms]
[2022-10-20T15:26:12.371Z] > git for-each-ref --format=%(refname)%00%(upstream:short)%00%(objectname)%00%(upstream:track)%00%(upstream:remotename)%00%(upstream:remoteref) refs/heads/master refs/remotes/master [1ms]
[2022-10-20T15:26:12.425Z] > git for-each-ref --sort -committerdate --format %(refname) %(objectname) %(*objectname) [46ms]
[2022-10-20T15:26:12.425Z] > git remote --verbose [39ms]
[2022-10-20T15:26:12.439Z] > git config --get commit.template [1ms]
[2022-10-20T15:26:21.644Z] > git fetch [4ms]
[2022-10-20T15:26:21.656Z] > git status -z -uall [5ms]
[2022-10-20T15:26:21.664Z] > git symbolic-ref --short HEAD [1ms]
[2022-10-20T15:26:21.671Z] > git for-each-ref --format=%(refname)%00%(upstream:short)%00%(objectname)%00%(upstream:track)%00%(upstream:remotename)%00%(upstream:remoteref) refs/heads/master refs/remotes/master [1ms]
[2022-10-20T15:26:21.731Z] > git for-each-ref --sort -committerdate --format %(refname) %(objectname) %(*objectname) [53ms]
[2022-10-20T15:26:21.732Z] > git remote --verbose [2ms]
[2022-10-20T15:26:21.743Z] > git config --get commit.template [3ms]
[2022-10-20T15:26:22.920Z] > git status -z -uall [3ms]
[2022-10-20T15:26:22.928Z] > git symbolic-ref --short HEAD [1ms]
[2022-10-20T15:26:22.937Z] > git for-each-ref --format=%(refname)%00%(upstream:short)%00%(objectname)%00%(upstream:track)%00%(upstream:remotename)%00%(upstream:remoteref) refs/heads/master refs/remotes/master [2ms]
[2022-10-20T15:26:22.950Z] > git for-each-ref --sort -committerdate --format %(refname) %(objectname) %(*objectname) [7ms]
[2022-10-20T15:26:22.950Z] > git remote --verbose [1ms]
[2022-10-20T15:26:22.960Z] > git config --get commit.template [1ms]
[2022-10-20T15:26:23.203Z] > git ls-files --stage -- /home/ubuntu/buenComensalProject/suggestions/views.py [1ms]
[2022-10-20T15:26:23.458Z] > git show --textconv :suggestions/views.py [1ms]
[2022-10-20T15:27:05.139Z] > git status -z -uall [5ms]
[2022-10-20T15:27:05.228Z] > git symbolic-ref --short HEAD [3ms]
[2022-10-20T15:27:05.241Z] > git for-each-ref --format=%(refname)%00%(upstream:short)%00%(objectname)%00%(upstream:track)%00%(upstream:remotename)%00%(upstream:remoteref) refs/heads/master refs/remotes/master [2ms]
[2022-10-20T15:27:05.431Z] > git remote --verbose [97ms]
[2022-10-20T15:27:05.431Z] > git for-each-ref --sort -committerdate --format %(refname) %(objectname) %(*objectname) [105ms]
[2022-10-20T15:27:05.446Z] > git config --get commit.template [2ms]
[2022-10-20T15:27:13.302Z] > git status -z -uall [4ms]
[2022-10-20T15:27:13.315Z] > git symbolic-ref --short HEAD [1ms]
[2022-10-20T15:27:13.322Z] > git for-each-ref --format=%(refname)%00%(upstream:short)%00%(objectname)%00%(upstream:track)%00%(upstream:remotename)%00%(upstream:remoteref) refs/heads/master refs/remotes/master [1ms]
[2022-10-20T15:27:13.336Z] > git for-each-ref --sort -committerdate --format %(refname) %(objectname) %(*objectname) [7ms]
[2022-10-20T15:27:13.337Z] > git remote --verbose [1ms]
[2022-10-20T15:27:13.346Z] > git config --get commit.template [1ms]
[2022-10-20T15:27:40.551Z] > git show --textconv :restaurants/views.py [12ms]
[2022-10-20T15:27:40.626Z] > git ls-files --stage -- /home/ubuntu/buenComensalProject/restaurants/views.py [76ms]
[2022-10-20T15:27:40.638Z] > git cat-file -s 6d0ae0ddbb0d51e716a158bbb49b0e081d03f86b [4ms]
[2022-10-20T15:27:41.313Z] > git check-ignore -v -z --stdin [1ms]
[2022-10-20T15:27:42.046Z] > git show --textconv :suggestions/views.py [7ms]
[2022-10-20T15:27:42.049Z] > git ls-files --stage -- /home/ubuntu/buenComensalProject/suggestions/views.py [3ms]
[2022-10-20T15:28:01.840Z] > git status -z -uall [5ms]
[2022-10-20T15:28:01.851Z] > git symbolic-ref --short HEAD [3ms]
[2022-10-20T15:28:01.932Z] > git for-each-ref --format=%(refname)%00%(upstream:short)%00%(objectname)%00%(upstream:track)%00%(upstream:remotename)%00%(upstream:remoteref) refs/heads/master refs/remotes/master [2ms]
[2022-10-20T15:28:01.948Z] > git for-each-ref --sort -committerdate --format %(refname) %(objectname) %(*objectname) [9ms]
[2022-10-20T15:28:01.950Z] > git remote --verbose [2ms]
[2022-10-20T15:28:02.041Z] > git config --get commit.template [2ms]
[2022-10-20T15:28:14.886Z] > git status -z -uall [4ms]
[2022-10-20T15:28:14.894Z] > git symbolic-ref --short HEAD [1ms]
[2022-10-20T15:28:14.905Z] > git for-each-ref --format=%(refname)%00%(upstream:short)%00%(objectname)%00%(upstream:track)%00%(upstream:remotename)%00%(upstream:remoteref) refs/heads/master refs/remotes/master [2ms]
[2022-10-20T15:28:14.931Z] > git for-each-ref --sort -committerdate --format %(refname) %(objectname) %(*objectname) [20ms]
[2022-10-20T15:28:14.931Z] > git remote --verbose [1ms]
[2022-10-20T15:28:14.942Z] > git config --get commit.template [1ms]
[2022-10-20T15:28:23.245Z] > git status -z -uall [8ms]
[2022-10-20T15:28:23.328Z] > git symbolic-ref --short HEAD [2ms]
[2022-10-20T15:28:23.338Z] > git for-each-ref --format=%(refname)%00%(upstream:short)%00%(objectname)%00%(upstream:track)%00%(upstream:remotename)%00%(upstream:remoteref) refs/heads/master refs/remotes/master [2ms]
[2022-10-20T15:28:23.446Z] > git for-each-ref --sort -committerdate --format %(refname) %(objectname) %(*objectname) [17ms]
[2022-10-20T15:28:23.450Z] > git remote --verbose [5ms]
[2022-10-20T15:28:23.536Z] > git config --get commit.template [4ms]
[2022-10-20T15:28:32.286Z] > git status -z -uall [3ms]
[2022-10-20T15:28:32.294Z] > git symbolic-ref --short HEAD [1ms]
[2022-10-20T15:28:32.302Z] > git for-each-ref --format=%(refname)%00%(upstream:short)%00%(objectname)%00%(upstream:track)%00%(upstream:remotename)%00%(upstream:remoteref) refs/heads/master refs/remotes/master [2ms]
[2022-10-20T15:28:32.315Z] > git for-each-ref --sort -committerdate --format %(refname) %(objectname) %(*objectname) [7ms]
[2022-10-20T15:28:32.325Z] > git remote --verbose [11ms]
[2022-10-20T15:28:32.340Z] > git config --get commit.template [2ms]
[2022-10-20T15:29:32.942Z] > git fetch [5ms]
[2022-10-20T15:29:32.958Z] > git status -z -uall [5ms]
[2022-10-20T15:29:32.968Z] > git symbolic-ref --short HEAD [1ms]
[2022-10-20T15:29:33.028Z] > git for-each-ref --format=%(refname)%00%(upstream:short)%00%(objectname)%00%(upstream:track)%00%(upstream:remotename)%00%(upstream:remoteref) refs/heads/master refs/remotes/master [1ms]
[2022-10-20T15:29:33.043Z] > git for-each-ref --sort -committerdate --format %(refname) %(objectname) %(*objectname) [7ms]
[2022-10-20T15:29:33.045Z] > git remote --verbose [3ms]
[2022-10-20T15:29:33.056Z] > git config --get commit.template [1ms]
[2022-10-20T15:29:34.229Z] > git status -z -uall [4ms]
[2022-10-20T15:29:34.237Z] > git symbolic-ref --short HEAD [1ms]
[2022-10-20T15:29:34.245Z] > git for-each-ref --format=%(refname)%00%(upstream:short)%00%(objectname)%00%(upstream:track)%00%(upstream:remotename)%00%(upstream:remoteref) refs/heads/master refs/remotes/master [2ms]
[2022-10-20T15:29:34.262Z] > git for-each-ref --sort -committerdate --format %(refname) %(objectname) %(*objectname) [9ms]
[2022-10-20T15:29:34.263Z] > git remote --verbose [3ms]
[2022-10-20T15:29:34.325Z] > git config --get commit.template [54ms]
[2022-10-20T15:29:34.526Z] > git ls-files --stage -- /home/ubuntu/buenComensalProject/suggestions/views.py [2ms]
[2022-10-20T15:29:34.722Z] > git show --textconv :suggestions/views.py [2ms]
[2022-10-20T15:29:54.630Z] > git show --textconv :restaurants/views.py [46ms]
[2022-10-20T15:29:54.632Z] > git ls-files --stage -- /home/ubuntu/buenComensalProject/restaurants/views.py [2ms]
[2022-10-20T15:29:54.640Z] > git cat-file -s 6d0ae0ddbb0d51e716a158bbb49b0e081d03f86b [1ms]
[2022-10-20T15:29:58.883Z] > git show --textconv :suggestions/views.py [7ms]
[2022-10-20T15:29:58.884Z] > git ls-files --stage -- /home/ubuntu/buenComensalProject/suggestions/views.py [2ms]
[2022-10-20T15:31:38.832Z] > git status -z -uall [4ms]
[2022-10-20T15:31:39.028Z] > git symbolic-ref --short HEAD [179ms]
[2022-10-20T15:31:39.148Z] > git for-each-ref --format=%(refname)%00%(upstream:short)%00%(objectname)%00%(upstream:track)%00%(upstream:remotename)%00%(upstream:remoteref) refs/heads/master refs/remotes/master [107ms]
[2022-10-20T15:31:39.243Z] > git for-each-ref --sort -committerdate --format %(refname) %(objectname) %(*objectname) [11ms]
[2022-10-20T15:31:39.325Z] > git remote --verbose [82ms]
[2022-10-20T15:31:39.346Z] > git config --get commit.template [11ms]
[2022-10-20T15:31:48.442Z] > git status -z -uall [5ms]
[2022-10-20T15:31:48.451Z] > git symbolic-ref --short HEAD [3ms]
[2022-10-20T15:31:48.532Z] > git for-each-ref --format=%(refname)%00%(upstream:short)%00%(objectname)%00%(upstream:track)%00%(upstream:remotename)%00%(upstream:remoteref) refs/heads/master refs/remotes/master [5ms]
[2022-10-20T15:31:48.547Z] > git for-each-ref --sort -committerdate --format %(refname) %(objectname) %(*objectname) [9ms]
[2022-10-20T15:31:48.624Z] > git remote --verbose [78ms]
[2022-10-20T15:31:48.639Z] > git config --get commit.template [5ms]
[2022-10-20T15:31:54.839Z] > git status -z -uall [5ms]
[2022-10-20T15:31:54.848Z] > git symbolic-ref --short HEAD [2ms]
[2022-10-20T15:31:54.938Z] > git for-each-ref --format=%(refname)%00%(upstream:short)%00%(objectname)%00%(upstream:track)%00%(upstream:remotename)%00%(upstream:remoteref) refs/heads/master refs/remotes/master [11ms]
[2022-10-20T15:31:55.027Z] > git for-each-ref --sort -committerdate --format %(refname) %(objectname) %(*objectname) [82ms]
[2022-10-20T15:31:55.029Z] > git remote --verbose [3ms]
[2022-10-20T15:31:55.042Z] > git config --get commit.template [2ms]
[2022-10-20T15:32:00.053Z] > git status -z -uall [3ms]
[2022-10-20T15:32:00.061Z] > git symbolic-ref --short HEAD [1ms]
[2022-10-20T15:32:00.070Z] > git for-each-ref --format=%(refname)%00%(upstream:short)%00%(objectname)%00%(upstream:track)%00%(upstream:remotename)%00%(upstream:remoteref) refs/heads/master refs/remotes/master [2ms]
[2022-10-20T15:32:00.129Z] > git remote --verbose [1ms]
[2022-10-20T15:32:00.129Z] > git for-each-ref --sort -committerdate --format %(refname) %(objectname) %(*objectname) [53ms]
[2022-10-20T15:32:00.139Z] > git config --get commit.template [2ms]
[2022-10-20T15:32:10.436Z] > git status -z -uall [4ms]
[2022-10-20T15:32:10.446Z] > git symbolic-ref --short HEAD [2ms]
[2022-10-20T15:32:10.527Z] > git for-each-ref --format=%(refname)%00%(upstream:short)%00%(objectname)%00%(upstream:track)%00%(upstream:remotename)%00%(upstream:remoteref) refs/heads/master refs/remotes/master [74ms]
[2022-10-20T15:32:10.626Z] > git for-each-ref --sort -committerdate --format %(refname) %(objectname) %(*objectname) [88ms]
[2022-10-20T15:32:10.627Z] > git remote --verbose [76ms]
[2022-10-20T15:32:10.642Z] > git config --get commit.template [2ms]
[2022-10-20T15:33:00.312Z] > git fetch [7ms]
[2022-10-20T15:33:00.316Z] > git status -z -uall [3ms]
[2022-10-20T15:33:00.325Z] > git symbolic-ref --short HEAD [3ms]
[2022-10-20T15:33:00.334Z] > git for-each-ref --format=%(refname)%00%(upstream:short)%00%(objectname)%00%(upstream:track)%00%(upstream:remotename)%00%(upstream:remoteref) refs/heads/master refs/remotes/master [1ms]
[2022-10-20T15:33:00.349Z] > git for-each-ref --sort -committerdate --format %(refname) %(objectname) %(*objectname) [8ms]
[2022-10-20T15:33:00.349Z] > git remote --verbose [1ms]
[2022-10-20T15:33:00.359Z] > git config --get commit.template [1ms]
[2022-10-20T15:33:00.427Z] > git status -z -uall [3ms]
[2022-10-20T15:33:00.435Z] > git symbolic-ref --short HEAD [1ms]
[2022-10-20T15:33:00.443Z] > git for-each-ref --format=%(refname)%00%(upstream:short)%00%(objectname)%00%(upstream:track)%00%(upstream:remotename)%00%(upstream:remoteref) refs/heads/master refs/remotes/master [2ms]
[2022-10-20T15:33:00.530Z] > git remote --verbose [75ms]
[2022-10-20T15:33:00.530Z] > git for-each-ref --sort -committerdate --format %(refname) %(objectname) %(*objectname) [81ms]
[2022-10-20T15:33:00.542Z] > git config --get commit.template [2ms]
[2022-10-20T15:33:12.356Z] > git status -z -uall [4ms]
[2022-10-20T15:33:12.364Z] > git symbolic-ref --short HEAD [2ms]
[2022-10-20T15:33:12.372Z] > git for-each-ref --format=%(refname)%00%(upstream:short)%00%(objectname)%00%(upstream:track)%00%(upstream:remotename)%00%(upstream:remoteref) refs/heads/master refs/remotes/master [1ms]
[2022-10-20T15:33:12.385Z] > git for-each-ref --sort -committerdate --format %(refname) %(objectname) %(*objectname) [7ms]
[2022-10-20T15:33:12.386Z] > git remote --verbose [2ms]
[2022-10-20T15:33:12.436Z] > git config --get commit.template [2ms]
[2022-10-20T15:33:12.636Z] > git ls-files --stage -- /home/ubuntu/buenComensalProject/suggestions/views.py [7ms]
[2022-10-20T15:33:12.871Z] > git show --textconv :suggestions/views.py [1ms]
[2022-10-20T15:33:31.537Z] > git status -z -uall [5ms]
[2022-10-20T15:33:31.546Z] > git symbolic-ref --short HEAD [2ms]
[2022-10-20T15:33:31.631Z] > git for-each-ref --format=%(refname)%00%(upstream:short)%00%(objectname)%00%(upstream:track)%00%(upstream:remotename)%00%(upstream:remoteref) refs/heads/master refs/remotes/master [2ms]
[2022-10-20T15:33:31.647Z] > git for-each-ref --sort -committerdate --format %(refname) %(objectname) %(*objectname) [9ms]
[2022-10-20T15:33:31.725Z] > git remote --verbose [79ms]
[2022-10-20T15:33:31.737Z] > git config --get commit.template [2ms]
[2022-10-20T15:33:32.631Z] > git ls-files --stage -- /home/ubuntu/buenComensalProject/suggestions/api/serializers.py [2ms]
[2022-10-20T15:33:32.633Z] > git show --textconv :suggestions/api/serializers.py [92ms]
[2022-10-20T15:33:36.750Z] > git status -z -uall [5ms]
[2022-10-20T15:33:36.827Z] > git symbolic-ref --short HEAD [2ms]
[2022-10-20T15:33:36.836Z] > git for-each-ref --format=%(refname)%00%(upstream:short)%00%(objectname)%00%(upstream:track)%00%(upstream:remotename)%00%(upstream:remoteref) refs/heads/master refs/remotes/master [1ms]
[2022-10-20T15:33:36.850Z] > git for-each-ref --sort -committerdate --format %(refname) %(objectname) %(*objectname) [7ms]
[2022-10-20T15:33:36.850Z] > git remote --verbose [1ms]
[2022-10-20T15:33:36.865Z] > git config --get commit.template [3ms]
[2022-10-20T15:33:47.253Z] > git check-ignore -v -z --stdin [1ms]
[2022-10-20T15:33:49.653Z] > git check-ignore -v -z --stdin [2ms]
[2022-10-20T15:33:51.045Z] > git show --textconv :restaurants/api/serializers.py [13ms]
[2022-10-20T15:33:51.047Z] > git ls-files --stage -- /home/ubuntu/buenComensalProject/restaurants/api/serializers.py [3ms]
[2022-10-20T15:33:51.129Z] > git cat-file -s 0c668786b03b445e941b83e21d21438e5ed353a7 [2ms]
[2022-10-20T15:34:08.835Z] > git show --textconv :buenComensalProject/urls.py [95ms]
[2022-10-20T15:34:08.841Z] > git ls-files --stage -- /home/ubuntu/buenComensalProject/buenComensalProject/urls.py [9ms]
[2022-10-20T15:34:08.850Z] > git cat-file -s 240d857f90e10a5de9fed8ee3714dd292d8efab7 [1ms]
[2022-10-20T15:34:09.728Z] > git check-ignore -v -z --stdin [93ms]
[2022-10-20T15:34:10.041Z] > git show --textconv :suggestions/api/urls.py [102ms]
[2022-10-20T15:34:10.046Z] > git ls-files --stage -- /home/ubuntu/buenComensalProject/suggestions/api/urls.py [6ms]
[2022-10-20T15:34:14.118Z] > git show --textconv :buenComensalProject/urls.py [8ms]
[2022-10-20T15:34:14.118Z] > git ls-files --stage -- /home/ubuntu/buenComensalProject/buenComensalProject/urls.py [1ms]
[2022-10-20T15:34:14.126Z] > git cat-file -s 240d857f90e10a5de9fed8ee3714dd292d8efab7 [2ms]
[2022-10-20T15:34:14.635Z] > git status -z -uall [83ms]
[2022-10-20T15:34:14.649Z] > git symbolic-ref --short HEAD [3ms]
[2022-10-20T15:34:14.730Z] > git for-each-ref --format=%(refname)%00%(upstream:short)%00%(objectname)%00%(upstream:track)%00%(upstream:remotename)%00%(upstream:remoteref) refs/heads/master refs/remotes/master [2ms]
[2022-10-20T15:34:14.827Z] > git for-each-ref --sort -committerdate --format %(refname) %(objectname) %(*objectname) [75ms]
[2022-10-20T15:34:14.830Z] > git remote --verbose [4ms]
[2022-10-20T15:34:14.843Z] > git config --get commit.template [2ms]
[2022-10-20T15:34:15.138Z] > git check-ignore -v -z --stdin [4ms]
[2022-10-20T15:34:17.782Z] > git show --textconv :restaurants/models.py [10ms]
[2022-10-20T15:34:17.782Z] > git ls-files --stage -- /home/ubuntu/buenComensalProject/restaurants/models.py [4ms]
[2022-10-20T15:34:17.789Z] > git cat-file -s 521422ac5292cede5ca925b73397b4a832c521ba [1ms]
[2022-10-20T15:34:19.860Z] > git status -z -uall [4ms]
[2022-10-20T15:34:19.875Z] > git symbolic-ref --short HEAD [3ms]
[2022-10-20T15:34:19.883Z] > git for-each-ref --format=%(refname)%00%(upstream:short)%00%(objectname)%00%(upstream:track)%00%(upstream:remotename)%00%(upstream:remoteref) refs/heads/master refs/remotes/master [1ms]
[2022-10-20T15:34:19.948Z] > git for-each-ref --sort -committerdate --format %(refname) %(objectname) %(*objectname) [17ms]
[2022-10-20T15:34:19.951Z] > git remote --verbose [5ms]
[2022-10-20T15:34:20.034Z] > git config --get commit.template [1ms]
[2022-10-20T15:34:20.189Z] > git check-ignore -v -z --stdin [2ms]
[2022-10-20T15:34:28.726Z] > git show --textconv :suggestions/models.py [8ms]
[2022-10-20T15:34:28.727Z] > git ls-files --stage -- /home/ubuntu/buenComensalProject/suggestions/models.py [2ms]
[2022-10-20T15:34:35.353Z] > git show --textconv :restaurants/views.py [10ms]
[2022-10-20T15:34:35.427Z] > git ls-files --stage -- /home/ubuntu/buenComensalProject/restaurants/views.py [74ms]
[2022-10-20T15:34:35.438Z] > git cat-file -s 6d0ae0ddbb0d51e716a158bbb49b0e081d03f86b [3ms]
[2022-10-20T15:34:39.623Z] > git show --textconv :suggestions/api/serializers.py [7ms]
[2022-10-20T15:34:39.624Z] > git ls-files --stage -- /home/ubuntu/buenComensalProject/suggestions/api/serializers.py [2ms]
[2022-10-20T15:34:59.770Z] > git show --textconv :restaurants/api/serializers.py [10ms]
[2022-10-20T15:34:59.771Z] > git ls-files --stage -- /home/ubuntu/buenComensalProject/restaurants/api/serializers.py [2ms]
[2022-10-20T15:34:59.779Z] > git cat-file -s 0c668786b03b445e941b83e21d21438e5ed353a7 [2ms]
[2022-10-20T15:35:06.658Z] > git show --textconv :suggestions/api/serializers.py [24ms]
[2022-10-20T15:35:06.665Z] > git ls-files --stage -- /home/ubuntu/buenComensalProject/suggestions/api/serializers.py [8ms]
[2022-10-20T15:35:14.172Z] > git show --textconv :restaurants/api/serializers.py [8ms]
[2022-10-20T15:35:14.173Z] > git ls-files --stage -- /home/ubuntu/buenComensalProject/restaurants/api/serializers.py [1ms]
[2022-10-20T15:35:14.181Z] > git cat-file -s 0c668786b03b445e941b83e21d21438e5ed353a7 [1ms]
[2022-10-20T15:35:24.198Z] > git show --textconv :suggestions/api/serializers.py [7ms]
[2022-10-20T15:35:24.199Z] > git ls-files --stage -- /home/ubuntu/buenComensalProject/suggestions/api/serializers.py [2ms]
[2022-10-20T15:35:29.227Z] > git status -z -uall [85ms]
[2022-10-20T15:35:29.237Z] > git symbolic-ref --short HEAD [3ms]
[2022-10-20T15:35:29.247Z] > git for-each-ref --format=%(refname)%00%(upstream:short)%00%(objectname)%00%(upstream:track)%00%(upstream:remotename)%00%(upstream:remoteref) refs/heads/master refs/remotes/master [2ms]
[2022-10-20T15:35:29.337Z] > git for-each-ref --sort -committerdate --format %(refname) %(objectname) %(*objectname) [8ms]
[2022-10-20T15:35:29.340Z] > git remote --verbose [4ms]
[2022-10-20T15:35:29.351Z] > git config --get commit.template [3ms]
[2022-10-20T15:35:34.434Z] > git status -z -uall [72ms]
[2022-10-20T15:35:34.448Z] > git symbolic-ref --short HEAD [4ms]
[2022-10-20T15:35:34.533Z] > git for-each-ref --format=%(refname)%00%(upstream:short)%00%(objectname)%00%(upstream:track)%00%(upstream:remotename)%00%(upstream:remoteref) refs/heads/master refs/remotes/master [3ms]
[2022-10-20T15:35:34.551Z] > git for-each-ref --sort -committerdate --format %(refname) %(objectname) %(*objectname) [11ms]
[2022-10-20T15:35:34.628Z] > git remote --verbose [78ms]
[2022-10-20T15:35:34.640Z] > git config --get commit.template [2ms]
[2022-10-20T15:35:39.652Z] > git status -z -uall [4ms]
[2022-10-20T15:35:39.660Z] > git symbolic-ref --short HEAD [1ms]
[2022-10-20T15:35:39.668Z] > git for-each-ref --format=%(refname)%00%(upstream:short)%00%(objectname)%00%(upstream:track)%00%(upstream:remotename)%00%(upstream:remoteref) refs/heads/master refs/remotes/master [1ms]
[2022-10-20T15:35:39.685Z] > git for-each-ref --sort -committerdate --format %(refname) %(objectname) %(*objectname) [10ms]
[2022-10-20T15:35:39.687Z] > git remote --verbose [2ms]
[2022-10-20T15:35:39.739Z] > git config --get commit.template [3ms]
[2022-10-20T15:35:52.245Z] > git show --textconv :restaurants/api/serializers.py [10ms]
[2022-10-20T15:35:52.248Z] > git ls-files --stage -- /home/ubuntu/buenComensalProject/restaurants/api/serializers.py [3ms]
[2022-10-20T15:35:52.331Z] > git cat-file -s 0c668786b03b445e941b83e21d21438e5ed353a7 [1ms]
[2022-10-20T15:36:00.568Z] > git fetch [18ms]
[2022-10-20T15:36:00.579Z] > git status -z -uall [4ms]
[2022-10-20T15:36:00.587Z] > git symbolic-ref --short HEAD [1ms]
[2022-10-20T15:36:00.628Z] > git for-each-ref --format=%(refname)%00%(upstream:short)%00%(objectname)%00%(upstream:track)%00%(upstream:remotename)%00%(upstream:remoteref) refs/heads/master refs/remotes/master [34ms]
[2022-10-20T15:36:00.650Z] > git for-each-ref --sort -committerdate --format %(refname) %(objectname) %(*objectname) [11ms]
[2022-10-20T15:36:00.652Z] > git remote --verbose [2ms]
[2022-10-20T15:36:00.667Z] > git config --get commit.template [2ms]
[2022-10-20T15:36:01.820Z] > git status -z -uall [4ms]
[2022-10-20T15:36:01.827Z] > git symbolic-ref --short HEAD [1ms]
[2022-10-20T15:36:01.842Z] > git for-each-ref --format=%(refname)%00%(upstream:short)%00%(objectname)%00%(upstream:track)%00%(upstream:remotename)%00%(upstream:remoteref) refs/heads/master refs/remotes/master [4ms]
[2022-10-20T15:36:01.871Z] > git for-each-ref --sort -committerdate --format %(refname) %(objectname) %(*objectname) [18ms]
[2022-10-20T15:36:01.872Z] > git remote --verbose [5ms]
[2022-10-20T15:36:01.883Z] > git config --get commit.template [1ms]
[2022-10-20T15:36:02.163Z] > git ls-files --stage -- /home/ubuntu/buenComensalProject/restaurants/api/serializers.py [2ms]
[2022-10-20T15:36:02.173Z] > git cat-file -s 0c668786b03b445e941b83e21d21438e5ed353a7 [2ms]
[2022-10-20T15:36:02.447Z] > git show --textconv :restaurants/api/serializers.py [5ms]
[2022-10-20T15:36:03.467Z] > git rev-parse --show-toplevel [11ms]
[2022-10-20T15:36:03.529Z] > git rev-parse --git-dir --git-common-dir [2ms]
[2022-10-20T15:36:03.535Z] [info] Open repository: /home/ubuntu
[2022-10-20T15:36:04.140Z] > git ls-files --stage -- /home/ubuntu/env/lib/python3.8/site-packages/rest_framework/serializers.py [107ms]
[2022-10-20T15:36:04.240Z] > git cat-file -s 3896805177d342f9672fb41e49d998108666aeed [10ms]
[2022-10-20T15:36:04.330Z] > git show --textconv :env/lib/python3.8/site-packages/rest_framework/serializers.py [385ms]
[2022-10-20T15:36:04.725Z] > git check-ignore -v -z --stdin [87ms]
[2022-10-20T15:36:04.839Z] > git check-ignore -v -z --stdin [299ms]
[2022-10-20T15:36:07.041Z] > git ls-files --stage -- /home/ubuntu/buenComensalProject/restaurants/api/serializers.py [2ms]
[2022-10-20T15:36:07.128Z] > git show --textconv :restaurants/api/serializers.py [98ms]
[2022-10-20T15:36:07.132Z] > git cat-file -s 0c668786b03b445e941b83e21d21438e5ed353a7 [4ms]
[2022-10-20T15:36:07.149Z] > git fetch [3605ms]
[2022-10-20T15:36:08.545Z] > git show --textconv :suggestions/api/serializers.py [118ms]
[2022-10-20T15:36:08.545Z] > git ls-files --stage -- /home/ubuntu/buenComensalProject/suggestions/api/serializers.py [103ms]
[2022-10-20T15:36:09.227Z] > git ls-files --stage -- /home/ubuntu/buenComensalProject/suggestions/api/serializers.py [88ms]
[2022-10-20T15:36:09.447Z] > git show --textconv :suggestions/api/serializers.py [3ms]
[2022-10-20T15:36:20.925Z] > git status -z -uall [17300ms]
[2022-10-20T15:39:05.776Z] > git fetch [37ms]
[2022-10-20T15:39:05.838Z] > git status -z -uall [10ms]
[2022-10-20T15:39:05.847Z] > git symbolic-ref --short HEAD [1ms]
[2022-10-20T15:39:05.857Z] > git for-each-ref --format=%(refname)%00%(upstream:short)%00%(objectname)%00%(upstream:track)%00%(upstream:remotename)%00%(upstream:remoteref) refs/heads/master refs/remotes/master [2ms]
[2022-10-20T15:39:05.930Z] > git for-each-ref --sort -committerdate --format %(refname) %(objectname) %(*objectname) [64ms]
[2022-10-20T15:39:05.930Z] > git remote --verbose [5ms]
[2022-10-20T15:39:05.948Z] > git config --get commit.template [1ms]
[2022-10-20T15:39:16.737Z] > git show --textconv :restaurants/views.py [100ms]
[2022-10-20T15:39:16.825Z] > git ls-files --stage -- /home/ubuntu/buenComensalProject/restaurants/views.py [88ms]
[2022-10-20T15:39:16.850Z] > git cat-file -s 6d0ae0ddbb0d51e716a158bbb49b0e081d03f86b [8ms]
[2022-10-20T15:39:21.148Z] > git show --textconv :suggestions/models.py [11ms]
[2022-10-20T15:39:21.150Z] > git ls-files --stage -- /home/ubuntu/buenComensalProject/suggestions/models.py [3ms]
[2022-10-20T15:39:34.656Z] > git show --textconv :suggestions/views.py [9ms]
[2022-10-20T15:39:34.656Z] > git ls-files --stage -- /home/ubuntu/buenComensalProject/suggestions/views.py [1ms]
[2022-10-20T15:39:48.738Z] > git show --textconv :suggestions/models.py [7ms]
[2022-10-20T15:39:48.739Z] > git ls-files --stage -- /home/ubuntu/buenComensalProject/suggestions/models.py [1ms]
[2022-10-20T15:39:54.447Z] > git show --textconv :suggestions/views.py [8ms]
[2022-10-20T15:39:54.449Z] > git ls-files --stage -- /home/ubuntu/buenComensalProject/suggestions/views.py [3ms]
[2022-10-20T15:39:56.564Z] > git show --textconv :suggestions/api/serializers.py [10ms]
[2022-10-20T15:39:56.566Z] > git ls-files --stage -- /home/ubuntu/buenComensalProject/suggestions/api/serializers.py [3ms]
[2022-10-20T15:41:23.124Z] > git show --textconv :suggestions/views.py [10ms]
[2022-10-20T15:41:23.127Z] > git ls-files --stage -- /home/ubuntu/buenComensalProject/suggestions/views.py [4ms]
[2022-10-20T15:42:06.047Z] > git fetch [80ms]
[2022-10-20T15:42:06.072Z] > git status -z -uall [13ms]
[2022-10-20T15:42:06.084Z] > git symbolic-ref --short HEAD [3ms]
[2022-10-20T15:42:06.131Z] > git for-each-ref --format=%(refname)%00%(upstream:short)%00%(objectname)%00%(upstream:track)%00%(upstream:remotename)%00%(upstream:remoteref) refs/heads/master refs/remotes/master [2ms]
[2022-10-20T15:42:06.164Z] > git remote --verbose [14ms]
[2022-10-20T15:42:06.164Z] > git for-each-ref --sort -committerdate --format %(refname) %(objectname) %(*objectname) [23ms]
[2022-10-20T15:42:06.230Z] > git config --get commit.template [1ms]
[2022-10-20T15:42:11.189Z] > git show --textconv :suggestions/models.py [8ms]
[2022-10-20T15:42:11.190Z] > git ls-files --stage -- /home/ubuntu/buenComensalProject/suggestions/models.py [2ms]
[2022-10-20T15:42:12.428Z] > git show --textconv :suggestions/api/serializers.py [66ms]
[2022-10-20T15:42:12.432Z] > git ls-files --stage -- /home/ubuntu/buenComensalProject/suggestions/api/serializers.py [4ms]
[2022-10-20T15:43:22.247Z] > git show --textconv :suggestions/views.py [10ms]
[2022-10-20T15:43:22.252Z] > git ls-files --stage -- /home/ubuntu/buenComensalProject/suggestions/views.py [6ms]
[2022-10-20T15:43:42.650Z] > git ls-files --stage -- /home/ubuntu/buenComensalProject/restaurants/views.py [3ms]
[2022-10-20T15:43:42.730Z] > git show --textconv :restaurants/views.py [97ms]
[2022-10-20T15:43:42.734Z] > git cat-file -s 6d0ae0ddbb0d51e716a158bbb49b0e081d03f86b [4ms]
[2022-10-20T15:43:48.191Z] > git show --textconv :suggestions/views.py [9ms]
[2022-10-20T15:43:48.194Z] > git ls-files --stage -- /home/ubuntu/buenComensalProject/suggestions/views.py [3ms]
[2022-10-20T15:43:48.736Z] > git show --textconv :restaurants/api/serializers.py [11ms]
[2022-10-20T15:43:48.741Z] > git ls-files --stage -- /home/ubuntu/buenComensalProject/restaurants/api/serializers.py [5ms]
[2022-10-20T15:43:48.827Z] > git cat-file -s 0c668786b03b445e941b83e21d21438e5ed353a7 [1ms]
[2022-10-20T15:43:49.830Z] > git show --textconv :suggestions/api/serializers.py [8ms]
[2022-10-20T15:43:49.831Z] > git ls-files --stage -- /home/ubuntu/buenComensalProject/suggestions/api/serializers.py [1ms]
[2022-10-20T15:44:07.946Z] > git show --textconv :restaurants/api/serializers.py [18ms]
[2022-10-20T15:44:07.948Z] > git ls-files --stage -- /home/ubuntu/buenComensalProject/restaurants/api/serializers.py [11ms]
[2022-10-20T15:44:08.036Z] > git cat-file -s 0c668786b03b445e941b83e21d21438e5ed353a7 [4ms]
[2022-10-20T15:44:14.708Z] > git show --textconv :suggestions/api/serializers.py [7ms]
[2022-10-20T15:44:14.709Z] > git ls-files --stage -- /home/ubuntu/buenComensalProject/suggestions/api/serializers.py [1ms]
[2022-10-20T15:45:12.867Z] > git fetch [28ms]
[2022-10-20T15:45:12.950Z] > git status -z -uall [74ms]
[2022-10-20T15:45:12.967Z] > git symbolic-ref --short HEAD [5ms]
[2022-10-20T15:45:13.036Z] > git for-each-ref --format=%(refname)%00%(upstream:short)%00%(objectname)%00%(upstream:track)%00%(upstream:remotename)%00%(upstream:remoteref) refs/heads/master refs/remotes/master [7ms]
[2022-10-20T15:45:13.064Z] > git remote --verbose [11ms]
[2022-10-20T15:45:13.064Z] > git for-each-ref --sort -committerdate --format %(refname) %(objectname) %(*objectname) [22ms]
[2022-10-20T15:45:13.137Z] > git config --get commit.template [3ms]
[2022-10-20T15:47:01.727Z] > git show --textconv :suggestions/models.py [22ms]
[2022-10-20T15:47:01.733Z] > git ls-files --stage -- /home/ubuntu/buenComensalProject/suggestions/models.py [16ms]
[2022-10-20T15:47:02.526Z] > git show --textconv :suggestions/views.py [27ms]
[2022-10-20T15:47:02.528Z] > git ls-files --stage -- /home/ubuntu/buenComensalProject/suggestions/views.py [3ms]
[2022-10-20T15:47:03.829Z] > git show --textconv :buenComensalProject/urls.py [12ms]
[2022-10-20T15:47:03.829Z] > git ls-files --stage -- /home/ubuntu/buenComensalProject/buenComensalProject/urls.py [3ms]
[2022-10-20T15:47:03.842Z] > git cat-file -s 240d857f90e10a5de9fed8ee3714dd292d8efab7 [2ms]
[2022-10-20T15:47:06.265Z] > git show --textconv :restaurants/admin.py [13ms]
[2022-10-20T15:47:06.267Z] > git ls-files --stage -- /home/ubuntu/buenComensalProject/restaurants/admin.py [3ms]
[2022-10-20T15:47:06.277Z] > git cat-file -s b48a76bc8092833201494b02f7b6f2377cffcd56 [1ms]
[2022-10-20T15:47:34.611Z] > git show --textconv :suggestions/admin.py [8ms]
[2022-10-20T15:47:34.612Z] > git ls-files --stage -- /home/ubuntu/buenComensalProject/suggestions/admin.py [2ms]
[2022-10-20T15:47:39.568Z] > git check-ignore -v -z --stdin [7ms]
[2022-10-20T15:47:41.001Z] > git check-ignore -v -z --stdin [1ms]
[2022-10-20T15:47:42.270Z] > git show --textconv :users/admin.py [8ms]
[2022-10-20T15:47:42.271Z] > git ls-files --stage -- /home/ubuntu/buenComensalProject/users/admin.py [2ms]
[2022-10-20T15:47:42.279Z] > git cat-file -s 81586a418de50559700714817075c362643d24a7 [2ms]
[2022-10-20T15:47:50.941Z] > git show --textconv :buenComensalProject/urls.py [7ms]
[2022-10-20T15:47:50.942Z] > git ls-files --stage -- /home/ubuntu/buenComensalProject/buenComensalProject/urls.py [1ms]
[2022-10-20T15:47:50.949Z] > git cat-file -s 240d857f90e10a5de9fed8ee3714dd292d8efab7 [1ms]
[2022-10-20T15:47:53.302Z] > git show --textconv :users/admin.py [7ms]
[2022-10-20T15:47:53.303Z] > git ls-files --stage -- /home/ubuntu/buenComensalProject/users/admin.py [2ms]
[2022-10-20T15:47:53.328Z] > git cat-file -s 81586a418de50559700714817075c362643d24a7 [1ms]
[2022-10-20T15:47:55.891Z] > git show --textconv :buenComensalProject/urls.py [11ms]
[2022-10-20T15:47:55.892Z] > git ls-files --stage -- /home/ubuntu/buenComensalProject/buenComensalProject/urls.py [2ms]
[2022-10-20T15:47:55.902Z] > git cat-file -s 240d857f90e10a5de9fed8ee3714dd292d8efab7 [2ms]
[2022-10-20T15:48:02.091Z] > git show --textconv :users/apps.py [8ms]
[2022-10-20T15:48:02.092Z] > git ls-files --stage -- /home/ubuntu/buenComensalProject/users/apps.py [2ms]
[2022-10-20T15:48:02.099Z] > git cat-file -s 72b1401065bff121d2e3c31231a5ad2dd5239171 [1ms]
[2022-10-20T15:48:02.864Z] > git show --textconv :users/admin.py [10ms]
[2022-10-20T15:48:02.865Z] > git ls-files --stage -- /home/ubuntu/buenComensalProject/users/admin.py [2ms]
[2022-10-20T15:48:02.878Z] > git cat-file -s 81586a418de50559700714817075c362643d24a7 [1ms]
[2022-10-20T15:48:06.902Z] > git show --textconv :buenComensalProject/urls.py [8ms]
[2022-10-20T15:48:06.902Z] > git ls-files --stage -- /home/ubuntu/buenComensalProject/buenComensalProject/urls.py [1ms]
[2022-10-20T15:48:06.910Z] > git cat-file -s 240d857f90e10a5de9fed8ee3714dd292d8efab7 [0ms]
[2022-10-20T15:48:11.245Z] > git show --textconv :suggestions/admin.py [9ms]
[2022-10-20T15:48:11.246Z] > git ls-files --stage -- /home/ubuntu/buenComensalProject/suggestions/admin.py [2ms]
[2022-10-20T15:48:13.186Z] > git fetch [23ms]
[2022-10-20T15:48:13.231Z] > git status -z -uall [34ms]
[2022-10-20T15:48:13.240Z] > git symbolic-ref --short HEAD [1ms]
[2022-10-20T15:48:13.248Z] > git for-each-ref --format=%(refname)%00%(upstream:short)%00%(objectname)%00%(upstream:track)%00%(upstream:remotename)%00%(upstream:remoteref) refs/heads/master refs/remotes/master [1ms]
[2022-10-20T15:48:13.267Z] > git remote --verbose [4ms]
[2022-10-20T15:48:13.267Z] > git for-each-ref --sort -committerdate --format %(refname) %(objectname) %(*objectname) [11ms]
[2022-10-20T15:48:13.334Z] > git config --get commit.template [2ms]
[2022-10-20T15:50:57.993Z] > git ls-files --stage -- /home/ubuntu/buenComensalProject/restaurants/admin.py [7ms]
[2022-10-20T15:50:58.042Z] > git show --textconv :restaurants/admin.py [65ms]
[2022-10-20T15:50:58.044Z] > git cat-file -s b48a76bc8092833201494b02f7b6f2377cffcd56 [2ms]
[2022-10-20T15:51:02.744Z] > git show --textconv :restaurants/models.py [8ms]
[2022-10-20T15:51:02.745Z] > git ls-files --stage -- /home/ubuntu/buenComensalProject/restaurants/models.py [2ms]
[2022-10-20T15:51:02.753Z] > git cat-file -s 521422ac5292cede5ca925b73397b4a832c521ba [2ms]
[2022-10-20T15:51:13.366Z] > git fetch [23ms]
[2022-10-20T15:51:13.394Z] > git status -z -uall [18ms]
[2022-10-20T15:51:13.431Z] > git symbolic-ref --short HEAD [2ms]
[2022-10-20T15:51:13.441Z] > git for-each-ref --format=%(refname)%00%(upstream:short)%00%(objectname)%00%(upstream:track)%00%(upstream:remotename)%00%(upstream:remoteref) refs/heads/master refs/remotes/master [2ms]
[2022-10-20T15:51:13.460Z] > git for-each-ref --sort -committerdate --format %(refname) %(objectname) %(*objectname) [11ms]
[2022-10-20T15:51:13.461Z] > git remote --verbose [2ms]
[2022-10-20T15:51:13.524Z] > git config --get commit.template [53ms]
[2022-10-20T15:51:25.056Z] > git show --textconv :users/apps.py [8ms]
[2022-10-20T15:51:25.057Z] > git ls-files --stage -- /home/ubuntu/buenComensalProject/users/apps.py [1ms]
[2022-10-20T15:51:25.065Z] > git cat-file -s 72b1401065bff121d2e3c31231a5ad2dd5239171 [2ms]
[2022-10-20T15:51:26.847Z] > git ls-files --stage -- /home/ubuntu/buenComensalProject/users/models.py [2ms]
[2022-10-20T15:51:26.855Z] > git show --textconv :users/models.py [17ms]
[2022-10-20T15:51:26.856Z] > git cat-file -s dc3f16adf3a5959dada8cf72073cefb0ca06d0d2 [1ms]
[2022-10-20T15:51:35.802Z] > git show --textconv :suggestions/admin.py [8ms]
[2022-10-20T15:51:35.803Z] > git ls-files --stage -- /home/ubuntu/buenComensalProject/suggestions/admin.py [2ms]
[2022-10-20T15:51:37.371Z] > git ls-files --stage -- /home/ubuntu/buenComensalProject/buenComensalProject/urls.py [1ms]
[2022-10-20T15:51:37.379Z] > git show --textconv :buenComensalProject/urls.py [16ms]
[2022-10-20T15:51:37.379Z] > git cat-file -s 240d857f90e10a5de9fed8ee3714dd292d8efab7 [1ms]
[2022-10-20T15:52:03.620Z] > git show --textconv :suggestions/models.py [11ms]
[2022-10-20T15:52:03.622Z] > git ls-files --stage -- /home/ubuntu/buenComensalProject/suggestions/models.py [3ms]
[2022-10-20T15:54:13.570Z] > git fetch [28ms]
[2022-10-20T15:54:13.588Z] > git status -z -uall [8ms]
[2022-10-20T15:54:13.629Z] > git symbolic-ref --short HEAD [1ms]
[2022-10-20T15:54:13.640Z] > git for-each-ref --format=%(refname)%00%(upstream:short)%00%(objectname)%00%(upstream:track)%00%(upstream:remotename)%00%(upstream:remoteref) refs/heads/master refs/remotes/master [2ms]
[2022-10-20T15:54:13.655Z] > git for-each-ref --sort -committerdate --format %(refname) %(objectname) %(*objectname) [9ms]
[2022-10-20T15:54:13.656Z] > git remote --verbose [3ms]
[2022-10-20T15:54:13.725Z] > git config --get commit.template [60ms]
[2022-10-20T15:58:03.662Z] > git fetch [49ms]
[2022-10-20T15:58:03.772Z] > git status -z -uall [95ms]
[2022-10-20T15:58:03.781Z] > git symbolic-ref --short HEAD [2ms]
[2022-10-20T15:58:03.827Z] > git for-each-ref --format=%(refname)%00%(upstream:short)%00%(objectname)%00%(upstream:track)%00%(upstream:remotename)%00%(upstream:remoteref) refs/heads/master refs/remotes/master [1ms]
[2022-10-20T15:58:03.842Z] > git remote --verbose [1ms]
[2022-10-20T15:58:03.843Z] > git for-each-ref --sort -committerdate --format %(refname) %(objectname) %(*objectname) [9ms]
[2022-10-20T15:58:03.930Z] > git config --get commit.template [1ms]
[2022-10-20T15:58:36.434Z] > git show --textconv :suggestions/views.py [90ms]
[2022-10-20T15:58:36.435Z] > git ls-files --stage -- /home/ubuntu/buenComensalProject/suggestions/views.py [9ms]
[2022-10-20T15:58:48.260Z] > git show --textconv :suggestions/models.py [10ms]
[2022-10-20T15:58:48.261Z] > git ls-files --stage -- /home/ubuntu/buenComensalProject/suggestions/models.py [2ms]
[2022-10-20T15:58:51.050Z] > git show --textconv :suggestions/views.py [8ms]
[2022-10-20T15:58:51.051Z] > git ls-files --stage -- /home/ubuntu/buenComensalProject/suggestions/views.py [1ms]
[2022-10-20T15:59:07.549Z] > git show --textconv :suggestions/api/serializers.py [12ms]
[2022-10-20T15:59:07.551Z] > git ls-files --stage -- /home/ubuntu/buenComensalProject/suggestions/api/serializers.py [2ms]
[2022-10-20T16:00:24.838Z] > git show --textconv :restaurants/api/serializers.py [94ms]
[2022-10-20T16:00:24.932Z] > git ls-files --stage -- /home/ubuntu/buenComensalProject/restaurants/api/serializers.py [94ms]
[2022-10-20T16:00:25.024Z] > git cat-file -s 0c668786b03b445e941b83e21d21438e5ed353a7 [70ms]
[2022-10-20T16:00:29.720Z] > git show --textconv :suggestions/api/serializers.py [9ms]
[2022-10-20T16:00:29.721Z] > git ls-files --stage -- /home/ubuntu/buenComensalProject/suggestions/api/serializers.py [2ms]
[2022-10-20T16:00:31.180Z] > git show --textconv :suggestions/views.py [8ms]
[2022-10-20T16:00:31.181Z] > git ls-files --stage -- /home/ubuntu/buenComensalProject/suggestions/views.py [2ms]
[2022-10-20T16:00:47.925Z] > git show --textconv :buenComensalProject/urls.py [81ms]
[2022-10-20T16:00:47.927Z] > git ls-files --stage -- /home/ubuntu/buenComensalProject/buenComensalProject/urls.py [76ms]
[2022-10-20T16:00:47.942Z] > git cat-file -s 240d857f90e10a5de9fed8ee3714dd292d8efab7 [2ms]
[2022-10-20T16:00:51.019Z] > git show --textconv :suggestions/views.py [8ms]
[2022-10-20T16:00:51.024Z] > git ls-files --stage -- /home/ubuntu/buenComensalProject/suggestions/views.py [6ms]
[2022-10-20T16:00:54.872Z] > git show --textconv :suggestions/api/urls.py [10ms]
[2022-10-20T16:00:54.874Z] > git ls-files --stage -- /home/ubuntu/buenComensalProject/suggestions/api/urls.py [3ms]
[2022-10-20T16:01:03.975Z] > git fetch [25ms]
[2022-10-20T16:01:04.038Z] > git status -z -uall [55ms]
[2022-10-20T16:01:04.049Z] > git symbolic-ref --short HEAD [0ms]
[2022-10-20T16:01:04.059Z] > git for-each-ref --format=%(refname)%00%(upstream:short)%00%(objectname)%00%(upstream:track)%00%(upstream:remotename)%00%(upstream:remoteref) refs/heads/master refs/remotes/master [2ms]
[2022-10-20T16:01:04.138Z] > git for-each-ref --sort -committerdate --format %(refname) %(objectname) %(*objectname) [7ms]
[2022-10-20T16:01:04.146Z] > git remote --verbose [8ms]
[2022-10-20T16:01:04.169Z] > git config --get commit.template [7ms]
[2022-10-20T16:02:02.454Z] > git show --textconv :suggestions/api/serializers.py [23ms]
[2022-10-20T16:02:02.532Z] > git ls-files --stage -- /home/ubuntu/buenComensalProject/suggestions/api/serializers.py [80ms]
[2022-10-20T16:02:05.643Z] > git show --textconv :suggestions/views.py [8ms]
[2022-10-20T16:02:05.646Z] > git ls-files --stage -- /home/ubuntu/buenComensalProject/suggestions/views.py [4ms]
[2022-10-20T16:02:20.827Z] > git show --textconv :suggestions/models.py [8ms]
[2022-10-20T16:02:20.828Z] > git ls-files --stage -- /home/ubuntu/buenComensalProject/suggestions/models.py [2ms]
[2022-10-20T16:02:23.841Z] > git show --textconv :suggestions/views.py [80ms]
[2022-10-20T16:02:23.846Z] > git ls-files --stage -- /home/ubuntu/buenComensalProject/suggestions/views.py [6ms]
[2022-10-20T16:02:24.745Z] > git show --textconv :suggestions/admin.py [9ms]
[2022-10-20T16:02:24.748Z] > git ls-files --stage -- /home/ubuntu/buenComensalProject/suggestions/admin.py [3ms]
[2022-10-20T16:02:39.746Z] > git show --textconv :suggestions/models.py [13ms]
[2022-10-20T16:02:39.750Z] > git ls-files --stage -- /home/ubuntu/buenComensalProject/suggestions/models.py [4ms]
[2022-10-20T16:04:44.470Z] > git fetch [44ms]
[2022-10-20T16:04:44.601Z] > git status -z -uall [121ms]
[2022-10-20T16:04:44.625Z] > git symbolic-ref --short HEAD [17ms]
[2022-10-20T16:04:44.635Z] > git for-each-ref --format=%(refname)%00%(upstream:short)%00%(objectname)%00%(upstream:track)%00%(upstream:remotename)%00%(upstream:remoteref) refs/heads/master refs/remotes/master [2ms]
[2022-10-20T16:04:44.659Z] > git remote --verbose [10ms]
[2022-10-20T16:04:44.659Z] > git for-each-ref --sort -committerdate --format %(refname) %(objectname) %(*objectname) [18ms]
[2022-10-20T16:04:44.739Z] > git config --get commit.template [1ms]
[2022-10-20T16:04:47.671Z] > git show --textconv :suggestions/admin.py [11ms]
[2022-10-20T16:04:47.671Z] > git ls-files --stage -- /home/ubuntu/buenComensalProject/suggestions/admin.py [4ms]
[2022-10-20T16:08:20.772Z] > git fetch [104ms]
[2022-10-20T16:08:20.941Z] > git status -z -uall [150ms]
[2022-10-20T16:08:20.954Z] > git symbolic-ref --short HEAD [4ms]
[2022-10-20T16:08:20.964Z] > git for-each-ref --format=%(refname)%00%(upstream:short)%00%(objectname)%00%(upstream:track)%00%(upstream:remotename)%00%(upstream:remoteref) refs/heads/master refs/remotes/master [2ms]
[2022-10-20T16:08:20.983Z] > git for-each-ref --sort -committerdate --format %(refname) %(objectname) %(*objectname) [9ms]
[2022-10-20T16:08:21.025Z] > git remote --verbose [43ms]
[2022-10-20T16:08:21.036Z] > git config --get commit.template [2ms]
[2022-10-20T16:09:05.250Z] > git show --textconv :suggestions/models.py [13ms]
[2022-10-20T16:09:05.339Z] > git ls-files --stage -- /home/ubuntu/buenComensalProject/suggestions/models.py [90ms]
[2022-10-20T16:11:21.246Z] > git fetch [119ms]
[2022-10-20T16:11:21.451Z] > git status -z -uall [124ms]
[2022-10-20T16:11:21.528Z] > git symbolic-ref --short HEAD [2ms]
[2022-10-20T16:11:21.545Z] > git for-each-ref --format=%(refname)%00%(upstream:short)%00%(objectname)%00%(upstream:track)%00%(upstream:remotename)%00%(upstream:remoteref) refs/heads/master refs/remotes/master [4ms]
[2022-10-20T16:11:21.645Z] > git for-each-ref --sort -committerdate --format %(refname) %(objectname) %(*objectname) [11ms]
[2022-10-20T16:11:21.729Z] > git remote --verbose [84ms]
[2022-10-20T16:11:21.930Z] > git config --get commit.template [101ms]
[2022-10-20T16:11:48.765Z] > git show --textconv :suggestions/admin.py [27ms]
[2022-10-20T16:11:48.846Z] > git ls-files --stage -- /home/ubuntu/buenComensalProject/suggestions/admin.py [87ms]
[2022-10-20T16:11:59.076Z] > git show --textconv :suggestions/models.py [20ms]
[2022-10-20T16:11:59.077Z] > git ls-files --stage -- /home/ubuntu/buenComensalProject/suggestions/models.py [10ms]
[2022-10-20T16:12:02.342Z] > git show --textconv :suggestions/admin.py [10ms]
[2022-10-20T16:12:02.345Z] > git ls-files --stage -- /home/ubuntu/buenComensalProject/suggestions/admin.py [3ms]
[2022-10-20T16:13:49.548Z] > git show --textconv :suggestions/models.py [21ms]
[2022-10-20T16:13:49.549Z] > git ls-files --stage -- /home/ubuntu/buenComensalProject/suggestions/models.py [13ms]
[2022-10-20T16:13:53.234Z] > git show --textconv :suggestions/admin.py [84ms]
[2022-10-20T16:13:53.236Z] > git ls-files --stage -- /home/ubuntu/buenComensalProject/suggestions/admin.py [10ms]
[2022-10-20T16:14:54.070Z] > git fetch [58ms]
[2022-10-20T16:14:54.171Z] > git status -z -uall [90ms]
[2022-10-20T16:14:54.183Z] > git symbolic-ref --short HEAD [3ms]
[2022-10-20T16:14:54.195Z] > git for-each-ref --format=%(refname)%00%(upstream:short)%00%(objectname)%00%(upstream:track)%00%(upstream:remotename)%00%(upstream:remoteref) refs/heads/master refs/remotes/master [2ms]
[2022-10-20T16:14:54.245Z] > git remote --verbose [2ms]
[2022-10-20T16:14:54.245Z] > git for-each-ref --sort -committerdate --format %(refname) %(objectname) %(*objectname) [11ms]
[2022-10-20T16:14:54.258Z] > git config --get commit.template [1ms]
[2022-10-20T16:15:18.028Z] > git ls-files --stage -- /home/ubuntu/buenComensalProject/suggestions/models.py [20ms]
[2022-10-20T16:15:18.028Z] > git show --textconv :suggestions/models.py [27ms]
[2022-10-20T16:15:36.946Z] > git show --textconv :suggestions/admin.py [178ms]
[2022-10-20T16:15:36.954Z] > git ls-files --stage -- /home/ubuntu/buenComensalProject/suggestions/admin.py [13ms]
[2022-10-20T16:16:44.142Z] > git show --textconv :suggestions/models.py [99ms]
[2022-10-20T16:16:44.145Z] > git ls-files --stage -- /home/ubuntu/buenComensalProject/suggestions/models.py [18ms]
[2022-10-20T16:18:14.784Z] > git fetch [56ms]
[2022-10-20T16:18:14.953Z] > git status -z -uall [107ms]
[2022-10-20T16:18:14.962Z] > git symbolic-ref --short HEAD [0ms]
[2022-10-20T16:18:14.970Z] > git for-each-ref --format=%(refname)%00%(upstream:short)%00%(objectname)%00%(upstream:track)%00%(upstream:remotename)%00%(upstream:remoteref) refs/heads/master refs/remotes/master [2ms]
[2022-10-20T16:18:15.046Z] > git for-each-ref --sort -committerdate --format %(refname) %(objectname) %(*objectname) [8ms]
[2022-10-20T16:18:15.047Z] > git remote --verbose [2ms]
[2022-10-20T16:18:15.056Z] > git config --get commit.template [1ms]
[2022-10-20T16:18:50.926Z] > git ls-files --stage -- /home/ubuntu/buenComensalProject/suggestions/admin.py [178ms]
[2022-10-20T16:18:50.932Z] > git show --textconv :suggestions/admin.py [296ms]
[2022-10-20T16:21:15.652Z] > git fetch [226ms]
[2022-10-20T16:21:16.125Z] > git status -z -uall [294ms]
[2022-10-20T16:21:16.152Z] > git symbolic-ref --short HEAD [11ms]
[2022-10-20T16:21:16.447Z] > git for-each-ref --format=%(refname)%00%(upstream:short)%00%(objectname)%00%(upstream:track)%00%(upstream:remotename)%00%(upstream:remoteref) refs/heads/master refs/remotes/master [201ms]
[2022-10-20T16:21:16.725Z] > git remote --verbose [96ms]
[2022-10-20T16:21:16.727Z] > git for-each-ref --sort -committerdate --format %(refname) %(objectname) %(*objectname) [189ms]
[2022-10-20T16:21:16.748Z] > git config --get commit.template [10ms]
[2022-10-20T16:26:07.080Z] > git fetch [115ms]
[2022-10-20T16:26:07.344Z] > git status -z -uall [216ms]
[2022-10-20T16:26:07.431Z] > git symbolic-ref --short HEAD [70ms]
[2022-10-20T16:26:07.446Z] > git for-each-ref --format=%(refname)%00%(upstream:short)%00%(objectname)%00%(upstream:track)%00%(upstream:remotename)%00%(upstream:remoteref) refs/heads/master refs/remotes/master [2ms]
[2022-10-20T16:26:07.529Z] > git for-each-ref --sort -committerdate --format %(refname) %(objectname) %(*objectname) [73ms]
[2022-10-20T16:26:07.535Z] > git remote --verbose [6ms]
[2022-10-20T16:26:07.553Z] > git config --get commit.template [1ms]
[2022-10-20T16:29:49.541Z] > git fetch [91ms]
[2022-10-20T16:29:49.670Z] > git status -z -uall [111ms]
[2022-10-20T16:29:49.683Z] > git symbolic-ref --short HEAD [2ms]
[2022-10-20T16:29:49.838Z] > git for-each-ref --format=%(refname)%00%(upstream:short)%00%(objectname)%00%(upstream:track)%00%(upstream:remotename)%00%(upstream:remoteref) refs/heads/master refs/remotes/master [10ms]
[2022-10-20T16:29:49.945Z] > git for-each-ref --sort -committerdate --format %(refname) %(objectname) %(*objectname) [85ms]
[2022-10-20T16:29:49.946Z] > git remote --verbose [12ms]
[2022-10-20T16:29:50.033Z] > git config --get commit.template [1ms]
[2022-10-20T16:30:20.569Z] > git show --textconv :suggestions/models.py [41ms]
[2022-10-20T16:30:20.571Z] > git ls-files --stage -- /home/ubuntu/buenComensalProject/suggestions/models.py [32ms]
[2022-10-20T16:30:31.647Z] > git ls-files --stage -- /home/ubuntu/buenComensalProject/suggestions/admin.py [90ms]
[2022-10-20T16:30:31.651Z] > git show --textconv :suggestions/admin.py [105ms]
[2022-10-20T16:32:55.963Z] > git fetch [83ms]
[2022-10-20T16:32:56.132Z] > git status -z -uall [151ms]
[2022-10-20T16:32:56.141Z] > git symbolic-ref --short HEAD [2ms]
[2022-10-20T16:32:56.152Z] > git for-each-ref --format=%(refname)%00%(upstream:short)%00%(objectname)%00%(upstream:track)%00%(upstream:remotename)%00%(upstream:remoteref) refs/heads/master refs/remotes/master [1ms]
[2022-10-20T16:32:56.249Z] > git remote --verbose [82ms]
[2022-10-20T16:32:56.249Z] > git for-each-ref --sort -committerdate --format %(refname) %(objectname) %(*objectname) [89ms]
[2022-10-20T16:32:56.260Z] > git config --get commit.template [0ms]
[2022-10-20T16:33:10.056Z] > git ls-files --stage -- /home/ubuntu/buenComensalProject/restaurants/admin.py [27ms]
[2022-10-20T16:33:10.068Z] > git show --textconv :restaurants/admin.py [47ms]
[2022-10-20T16:33:10.072Z] > git cat-file -s b48a76bc8092833201494b02f7b6f2377cffcd56 [4ms]
[2022-10-20T16:33:49.517Z] > git show --textconv :suggestions/models.py [16ms]
[2022-10-20T16:33:49.521Z] > git ls-files --stage -- /home/ubuntu/buenComensalProject/suggestions/models.py [11ms]
[2022-10-20T16:34:01.933Z] > git show --textconv :suggestions/admin.py [107ms]
[2022-10-20T16:34:01.944Z] > git ls-files --stage -- /home/ubuntu/buenComensalProject/suggestions/admin.py [102ms]
[2022-10-20T16:34:04.042Z] > git show --textconv :suggestions/models.py [91ms]
[2022-10-20T16:34:04.050Z] > git ls-files --stage -- /home/ubuntu/buenComensalProject/suggestions/models.py [9ms]
[2022-10-20T16:34:10.405Z] > git show --textconv :suggestions/admin.py [8ms]
[2022-10-20T16:34:10.407Z] > git ls-files --stage -- /home/ubuntu/buenComensalProject/suggestions/admin.py [2ms]
[2022-10-20T16:36:03.932Z] > git fetch [301ms]
[2022-10-20T16:36:04.635Z] > git status -z -uall [589ms]
[2022-10-20T16:36:04.728Z] > git symbolic-ref --short HEAD [83ms]
[2022-10-20T16:36:04.742Z] > git for-each-ref --format=%(refname)%00%(upstream:short)%00%(objectname)%00%(upstream:track)%00%(upstream:remotename)%00%(upstream:remoteref) refs/heads/master refs/remotes/master [4ms]
[2022-10-20T16:36:04.847Z] > git for-each-ref --sort -committerdate --format %(refname) %(objectname) %(*objectname) [95ms]
[2022-10-20T16:36:04.848Z] > git remote --verbose [16ms]
[2022-10-20T16:36:04.932Z] > git config --get commit.template [2ms]
[2022-10-20T16:36:10.147Z] > git ls-files --stage -- /home/ubuntu/buenComensalProject/restaurants/admin.py [97ms]
[2022-10-20T16:36:10.260Z] > git show --textconv :restaurants/admin.py [224ms]
[2022-10-20T16:36:10.262Z] > git cat-file -s b48a76bc8092833201494b02f7b6f2377cffcd56 [6ms]
[2022-10-20T16:36:12.044Z] > git show --textconv :suggestions/views.py [293ms]
[2022-10-20T16:36:12.146Z] > git ls-files --stage -- /home/ubuntu/buenComensalProject/suggestions/views.py [201ms]
[2022-10-20T16:36:19.441Z] > git show --textconv :suggestions/api/serializers.py [93ms]
[2022-10-20T16:36:19.550Z] > git ls-files --stage -- /home/ubuntu/buenComensalProject/suggestions/api/serializers.py [117ms]
[2022-10-20T16:36:53.631Z] > git show --textconv :suggestions/views.py [40ms]
[2022-10-20T16:36:53.639Z] > git ls-files --stage -- /home/ubuntu/buenComensalProject/suggestions/views.py [13ms]
[2022-10-20T16:38:27.752Z] > git ls-files --stage -- /home/ubuntu/buenComensalProject/restaurants/admin.py [16ms]
[2022-10-20T16:38:27.764Z] > git show --textconv :restaurants/admin.py [36ms]
[2022-10-20T16:38:27.767Z] > git cat-file -s b48a76bc8092833201494b02f7b6f2377cffcd56 [3ms]
[2022-10-20T16:38:32.437Z] > git show --textconv :suggestions/models.py [13ms]
[2022-10-20T16:38:32.442Z] > git ls-files --stage -- /home/ubuntu/buenComensalProject/suggestions/models.py [6ms]
[2022-10-20T16:39:04.970Z] > git fetch [19ms]
[2022-10-20T16:39:04.990Z] > git status -z -uall [11ms]
[2022-10-20T16:39:05.036Z] > git symbolic-ref --short HEAD [2ms]
[2022-10-20T16:39:05.046Z] > git for-each-ref --format=%(refname)%00%(upstream:short)%00%(objectname)%00%(upstream:track)%00%(upstream:remotename)%00%(upstream:remoteref) refs/heads/master refs/remotes/master [0ms]
[2022-10-20T16:39:05.066Z] > git for-each-ref --sort -committerdate --format %(refname) %(objectname) %(*objectname) [12ms]
[2022-10-20T16:39:05.067Z] > git remote --verbose [2ms]
[2022-10-20T16:39:05.129Z] > git config --get commit.template [53ms]
[2022-10-20T16:42:05.247Z] > git fetch [104ms]
[2022-10-20T16:42:05.463Z] > git status -z -uall [199ms]
[2022-10-20T16:42:05.542Z] > git symbolic-ref --short HEAD [3ms]
[2022-10-20T16:42:05.555Z] > git for-each-ref --format=%(refname)%00%(upstream:short)%00%(objectname)%00%(upstream:track)%00%(upstream:remotename)%00%(upstream:remoteref) refs/heads/master refs/remotes/master [0ms]
[2022-10-20T16:42:05.648Z] > git for-each-ref --sort -committerdate --format %(refname) %(objectname) %(*objectname) [16ms]
[2022-10-20T16:42:05.725Z] > git remote --verbose [77ms]
[2022-10-20T16:42:05.752Z] > git config --get commit.template [6ms]
[2022-10-20T16:45:06.048Z] > git fetch [207ms]
[2022-10-20T16:45:06.351Z] > git status -z -uall [275ms]
[2022-10-20T16:45:06.364Z] > git symbolic-ref --short HEAD [3ms]
[2022-10-20T16:45:06.433Z] > git for-each-ref --format=%(refname)%00%(upstream:short)%00%(objectname)%00%(upstream:track)%00%(upstream:remotename)%00%(upstream:remoteref) refs/heads/master refs/remotes/master [2ms]
[2022-10-20T16:45:06.762Z] > git for-each-ref --sort -committerdate --format %(refname) %(objectname) %(*objectname) [321ms]
[2022-10-20T16:45:06.763Z] > git remote --verbose [109ms]
[2022-10-20T16:45:06.856Z] > git config --get commit.template [3ms]
[2022-10-20T16:48:01.154Z] > git show --textconv :suggestions/views.py [89ms]
[2022-10-20T16:48:01.171Z] > git ls-files --stage -- /home/ubuntu/buenComensalProject/suggestions/views.py [44ms]
[2022-10-20T16:48:07.227Z] > git fetch [281ms]
[2022-10-20T16:48:07.529Z] > git status -z -uall [279ms]
[2022-10-20T16:48:07.540Z] > git symbolic-ref --short HEAD [2ms]
[2022-10-20T16:48:07.551Z] > git for-each-ref --format=%(refname)%00%(upstream:short)%00%(objectname)%00%(upstream:track)%00%(upstream:remotename)%00%(upstream:remoteref) refs/heads/master refs/remotes/master [2ms]
[2022-10-20T16:48:07.636Z] > git for-each-ref --sort -committerdate --format %(refname) %(objectname) %(*objectname) [10ms]
[2022-10-20T16:48:07.636Z] > git remote --verbose [1ms]
[2022-10-20T16:48:07.730Z] > git config --get commit.template [4ms]
[2022-10-20T17:02:50.330Z] > git fetch [164206ms]
[2022-10-20T17:10:39.503Z] > git status -z -uall [439071ms]
[2022-10-20T17:11:42.232Z] > git symbolic-ref --short HEAD [25500ms]
[2022-10-20T17:13:30.246Z] > git for-each-ref --format=%(refname)%00%(upstream:short)%00%(objectname)%00%(upstream:track)%00%(upstream:remotename)%00%(upstream:remoteref) refs/heads/master refs/remotes/master [98358ms]
[2022-10-20T17:14:22.603Z] > git remote --verbose [23698ms]
[2022-10-20T17:14:23.531Z] > git for-each-ref --sort -committerdate --format %(refname) %(objectname) %(*objectname) [37686ms]
[2022-10-20T17:15:59.871Z] > git config --get commit.template [39032ms]
[2022-10-20T17:20:52.311Z] > git fetch [101640ms]
