Visual Studio Code (1.72.1, ssh-remote, desktop)
Jupyter Extension Version: 2022.9.1100000000.
Python Extension Version: 2022.16.0.
Workspace folder /home/ubuntu/buenComensalProject
info 23:18:34.630: ZMQ install verified.
User belongs to experiment group 'jupyterTestcf'
User belongs to experiment group 'jupyterEnhancedDataViewer'
info 23:18:38.038: LSP Notebooks experiment is disabled -- Pylance disabled or not installed
error 23:18:40.630: getCondaFile, Class name = k, completed in 2675ms, has a falsy return value [EntryNotFound (FileSystemError): Error: ENOENT: no such file or directory, stat 'c:\Users\PAULASABOGAL\anaconda3\Scripts\conda.exe'
	at Function._handleError (/home/ubuntu/.vscode-server/bin/129500ee4c8ab7263461ffe327268ba56b9f210d/out/vs/workbench/api/node/extensionHostProcess.js:92:29726)
	at Object.stat (/home/ubuntu/.vscode-server/bin/129500ee4c8ab7263461ffe327268ba56b9f210d/out/vs/workbench/api/node/extensionHostProcess.js:92:28094)
	at async b.getFileHash (/home/ubuntu/.vscode-server/extensions/ms-toolsai.jupyter-2022.9.1100000000/out/extension.node.js:7:20284)
	at async k.getCachedInformation (/home/ubuntu/.vscode-server/extensions/ms-toolsai.jupyter-2022.9.1100000000/out/extension.node.js:7:42507)] {
  code: 'FileNotFound'
}
error 23:18:40.633: getCondaVersion, Class name = k, completed in 2677ms, has a falsy return value [EntryNotFound (FileSystemError): Error: ENOENT: no such file or directory, stat 'c:\Users\PAULASABOGAL\anaconda3\Scripts\conda.exe'
	at Function._handleError (/home/ubuntu/.vscode-server/bin/129500ee4c8ab7263461ffe327268ba56b9f210d/out/vs/workbench/api/node/extensionHostProcess.js:92:29726)
	at Object.stat (/home/ubuntu/.vscode-server/bin/129500ee4c8ab7263461ffe327268ba56b9f210d/out/vs/workbench/api/node/extensionHostProcess.js:92:28094)
	at async b.getFileHash (/home/ubuntu/.vscode-server/extensions/ms-toolsai.jupyter-2022.9.1100000000/out/extension.node.js:7:20284)
	at async k.getCachedInformation (/home/ubuntu/.vscode-server/extensions/ms-toolsai.jupyter-2022.9.1100000000/out/extension.node.js:7:42507)] {
  code: 'FileNotFound'
}
info 23:18:40.727: Got env vars ourselves faster /home/ubuntu/env/bin/python with env var count 35 in 377ms
info 23:18:40.738: Process Execution: > ~/env/bin/python -m pip list
> ~/env/bin/python -m pip list
info 23:18:44.629: Got env vars with python /home/ubuntu/env/bin/python, with env var count 35 and custom env var count 0 in 4277ms
info 02:56:12.962: Shutting down notebooks for 4a9cb97f-a7f2-4a11-87d0-4c3b0e45d5fb
info 02:56:13.035: Disposing HostJupyterExecution 4fd0dc5d-122d-478c-88f1-3bb82b17846b
info 02:56:13.035: Disposing super HostJupyterExecution 4fd0dc5d-122d-478c-88f1-3bb82b17846b
info 02:56:13.035: Disposing HostJupyterExecution 4fd0dc5d-122d-478c-88f1-3bb82b17846b
info 02:56:13.035: Finished disposing HostJupyterExecution  4fd0dc5d-122d-478c-88f1-3bb82b17846b
info 02:56:13.047: Cleaning up server cache 4fd0dc5d-122d-478c-88f1-3bb82b17846b
info 02:56:13.048: Finished disposing HostJupyterExecution  4fd0dc5d-122d-478c-88f1-3bb82b17846b
