[2022-10-11T23:18:38.565Z] Log level: Info
[2022-10-11T23:18:38.576Z] [info] Validating found git in: git
[2022-10-11T23:18:38.646Z] [info] Using git 2.25.1 from git
[2022-10-11T23:18:38.730Z] > git rev-parse --show-toplevel [62ms]
[2022-10-11T23:18:38.754Z] > git rev-parse --git-dir --git-common-dir [9ms]
[2022-10-11T23:18:38.762Z] [info] Open repository: /home/ubuntu/buenComensalProject
[2022-10-11T23:18:38.932Z] > git status -z -uall [85ms]
[2022-10-11T23:18:38.942Z] > git rev-parse --show-toplevel [14ms]
[2022-10-11T23:18:38.952Z] > git fetch [119ms]
[2022-10-11T23:18:38.959Z] > git rev-parse --show-toplevel [7ms]
[2022-10-11T23:18:39.029Z] > git symbolic-ref --short HEAD [87ms]
[2022-10-11T23:18:39.040Z] > git rev-parse --show-toplevel [12ms]
[2022-10-11T23:18:39.052Z] > git for-each-ref --format=%(refname)%00%(upstream:short)%00%(objectname)%00%(upstream:track)%00%(upstream:remotename)%00%(upstream:remoteref) refs/heads/master refs/remotes/master [13ms]
[2022-10-11T23:18:39.166Z] > git remote --verbose [36ms]
[2022-10-11T23:18:39.166Z] > git for-each-ref --sort -committerdate --format %(refname) %(objectname) %(*objectname) [104ms]
[2022-10-11T23:18:39.245Z] > git rev-parse --show-toplevel [195ms]
[2022-10-11T23:18:39.544Z] > git config --get commit.template [215ms]
[2022-10-11T23:18:39.559Z] > git rev-parse --show-toplevel [298ms]
[2022-10-11T23:18:39.626Z] > git status -z -uall [70ms]
[2022-10-11T23:18:39.636Z] > git rev-parse --show-toplevel [12ms]
[2022-10-11T23:18:39.641Z] > git symbolic-ref --short HEAD [6ms]
[2022-10-11T23:18:39.655Z] > git for-each-ref --format=%(refname)%00%(upstream:short)%00%(objectname)%00%(upstream:track)%00%(upstream:remotename)%00%(upstream:remoteref) refs/heads/master refs/remotes/master [2ms]
[2022-10-11T23:18:39.748Z] > git for-each-ref --sort -committerdate --format %(refname) %(objectname) %(*objectname) [13ms]
[2022-10-11T23:18:39.749Z] > git remote --verbose [3ms]
[2022-10-11T23:18:40.449Z] > git config --get commit.template [311ms]
[2022-10-11T23:18:40.541Z] > git status -z -uall [74ms]
[2022-10-11T23:18:40.643Z] > git symbolic-ref --short HEAD [81ms]
[2022-10-11T23:18:40.743Z] > git for-each-ref --format=%(refname)%00%(upstream:short)%00%(objectname)%00%(upstream:track)%00%(upstream:remotename)%00%(upstream:remoteref) refs/heads/master refs/remotes/master [88ms]
[2022-10-11T23:18:40.843Z] > git for-each-ref --sort -committerdate --format %(refname) %(objectname) %(*objectname) [17ms]
[2022-10-11T23:18:40.925Z] > git remote --verbose [86ms]
[2022-10-11T23:18:41.429Z] > git config --get commit.template [479ms]
[2022-10-11T23:18:42.129Z] > git check-ignore -v -z --stdin [81ms]
[2022-10-11T23:18:42.554Z] > git status -z -uall [18ms]
[2022-10-11T23:18:42.648Z] > git symbolic-ref --short HEAD [9ms]
[2022-10-11T23:18:42.952Z] > git for-each-ref --format=%(refname)%00%(upstream:short)%00%(objectname)%00%(upstream:track)%00%(upstream:remotename)%00%(upstream:remoteref) refs/heads/master refs/remotes/master [209ms]
[2022-10-11T23:18:43.053Z] > git for-each-ref --sort -committerdate --format %(refname) %(objectname) %(*objectname) [22ms]
[2022-10-11T23:18:43.126Z] > git remote --verbose [82ms]
[2022-10-11T23:18:43.235Z] > git config --get commit.template [86ms]
[2022-10-11T23:18:43.830Z] > git show --textconv :restaurants/api/serializers.py [97ms]
[2022-10-11T23:18:43.840Z] > git ls-files --stage -- /home/ubuntu/buenComensalProject/restaurants/api/serializers.py [13ms]
[2022-10-11T23:21:40.478Z] > git fetch [3ms]
[2022-10-11T23:21:40.487Z] > git status -z -uall [3ms]
[2022-10-11T23:21:40.493Z] > git symbolic-ref --short HEAD [1ms]
[2022-10-11T23:21:40.501Z] > git for-each-ref --format=%(refname)%00%(upstream:short)%00%(objectname)%00%(upstream:track)%00%(upstream:remotename)%00%(upstream:remoteref) refs/heads/master refs/remotes/master [1ms]
[2022-10-11T23:21:40.532Z] > git remote --verbose [2ms]
[2022-10-11T23:21:40.532Z] > git for-each-ref --sort -committerdate --format %(refname) %(objectname) %(*objectname) [26ms]
[2022-10-11T23:21:40.564Z] > git config --get commit.template [1ms]
[2022-10-11T23:21:41.840Z] > git status -z -uall [3ms]
[2022-10-11T23:21:41.848Z] > git symbolic-ref --short HEAD [2ms]
[2022-10-11T23:21:41.856Z] > git for-each-ref --format=%(refname)%00%(upstream:short)%00%(objectname)%00%(upstream:track)%00%(upstream:remotename)%00%(upstream:remoteref) refs/heads/master refs/remotes/master [1ms]
[2022-10-11T23:21:41.869Z] > git for-each-ref --sort -committerdate --format %(refname) %(objectname) %(*objectname) [7ms]
[2022-10-11T23:21:41.869Z] > git remote --verbose [1ms]
[2022-10-11T23:21:41.935Z] > git config --get commit.template [1ms]
[2022-10-11T23:21:42.165Z] > git ls-files --stage -- /home/ubuntu/buenComensalProject/restaurants/api/serializers.py [1ms]
[2022-10-11T23:21:42.361Z] > git show --textconv :restaurants/api/serializers.py [1ms]
[2022-10-11T23:24:40.581Z] > git fetch [8ms]
[2022-10-11T23:24:40.590Z] > git status -z -uall [2ms]
[2022-10-11T23:24:40.598Z] > git symbolic-ref --short HEAD [1ms]
[2022-10-11T23:24:40.605Z] > git for-each-ref --format=%(refname)%00%(upstream:short)%00%(objectname)%00%(upstream:track)%00%(upstream:remotename)%00%(upstream:remoteref) refs/heads/master refs/remotes/master [2ms]
[2022-10-11T23:24:40.639Z] > git for-each-ref --sort -committerdate --format %(refname) %(objectname) %(*objectname) [9ms]
[2022-10-11T23:24:40.640Z] > git remote --verbose [2ms]
[2022-10-11T23:24:40.731Z] > git config --get commit.template [3ms]
[2022-10-11T23:24:42.036Z] > git status -z -uall [2ms]
[2022-10-11T23:24:42.044Z] > git symbolic-ref --short HEAD [2ms]
[2022-10-11T23:24:42.051Z] > git for-each-ref --format=%(refname)%00%(upstream:short)%00%(objectname)%00%(upstream:track)%00%(upstream:remotename)%00%(upstream:remoteref) refs/heads/master refs/remotes/master [1ms]
[2022-10-11T23:24:42.065Z] > git remote --verbose [3ms]
[2022-10-11T23:24:42.065Z] > git for-each-ref --sort -committerdate --format %(refname) %(objectname) %(*objectname) [9ms]
[2022-10-11T23:24:42.135Z] > git config --get commit.template [1ms]
[2022-10-11T23:24:42.358Z] > git ls-files --stage -- /home/ubuntu/buenComensalProject/restaurants/api/serializers.py [3ms]
[2022-10-11T23:24:42.592Z] > git show --textconv :restaurants/api/serializers.py [1ms]
