[2022-10-22T01:17:49.803Z] Log level: Info
[2022-10-22T01:17:49.828Z] [info] Validating found git in: git
[2022-10-22T01:17:50.058Z] [info] Using git 2.25.1 from git
[2022-10-22T01:17:50.546Z] > git rev-parse --show-toplevel [406ms]
[2022-10-22T01:17:50.641Z] > git rev-parse --git-dir --git-common-dir [13ms]
[2022-10-22T01:17:50.651Z] [info] Open repository: /home/ubuntu
[2022-10-22T01:17:50.834Z] > git rev-parse --show-toplevel [4ms]
[2022-10-22T01:17:50.934Z] > git rev-parse --show-toplevel [94ms]
[2022-10-22T01:17:51.044Z] > git rev-parse --show-toplevel [10ms]
[2022-10-22T01:17:51.135Z] > git rev-parse --show-toplevel [1ms]
[2022-10-22T01:17:51.146Z] > git rev-parse --show-toplevel [4ms]
[2022-10-22T01:17:51.345Z] > git rev-parse --show-toplevel [112ms]
[2022-10-22T01:17:51.437Z] > git rev-parse --git-dir --git-common-dir [4ms]
[2022-10-22T01:17:51.442Z] [info] Open repository: /home/ubuntu/buenComensalProject
[2022-10-22T01:17:51.637Z] > git status -z -uall [84ms]
[2022-10-22T01:17:52.156Z] > git symbolic-ref --short HEAD [513ms]
[2022-10-22T01:17:52.329Z] > git fetch [800ms]
[2022-10-22T01:17:52.329Z] > git rev-parse --show-toplevel [697ms]
[2022-10-22T01:17:52.339Z] > git for-each-ref --format=%(refname)%00%(upstream:short)%00%(objectname)%00%(upstream:track)%00%(upstream:remotename)%00%(upstream:remoteref) refs/heads/master refs/remotes/master [11ms]
[2022-10-22T01:17:52.354Z] > git rev-parse --show-toplevel [17ms]
[2022-10-22T01:17:52.442Z] > git for-each-ref --sort -committerdate --format %(refname) %(objectname) %(*objectname) [96ms]
[2022-10-22T01:17:52.451Z] > git rev-parse --show-toplevel [20ms]
[2022-10-22T01:17:52.938Z] > git remote --verbose [585ms]
[2022-10-22T01:17:53.231Z] > git check-ignore -v -z --stdin [1288ms]
[2022-10-22T01:17:53.237Z] > git check-ignore -v -z --stdin [110ms]
[2022-10-22T01:17:53.243Z] > git config --get commit.template [96ms]
[2022-10-22T01:17:53.423Z] > git status -z -uall [95ms]
[2022-10-22T01:17:53.529Z] > git symbolic-ref --short HEAD [97ms]
[2022-10-22T01:17:53.541Z] > git check-ignore -v -z --stdin [497ms]
[2022-10-22T01:17:53.542Z] > git fetch [2814ms]
[2022-10-22T01:17:53.543Z] > git for-each-ref --format=%(refname)%00%(upstream:short)%00%(objectname)%00%(upstream:track)%00%(upstream:remotename)%00%(upstream:remoteref) refs/heads/master refs/remotes/master [5ms]
[2022-10-22T01:17:53.723Z] > git remote --verbose [4ms]
[2022-10-22T01:17:53.723Z] > git for-each-ref --sort -committerdate --format %(refname) %(objectname) %(*objectname) [98ms]
[2022-10-22T01:17:53.837Z] > git config --get commit.template [108ms]
[2022-10-22T01:17:54.126Z] > git status -z -uall [202ms]
[2022-10-22T01:17:54.226Z] > git symbolic-ref --short HEAD [91ms]
[2022-10-22T01:17:54.336Z] > git for-each-ref --format=%(refname)%00%(upstream:short)%00%(objectname)%00%(upstream:track)%00%(upstream:remotename)%00%(upstream:remoteref) refs/heads/master refs/remotes/master [105ms]
[2022-10-22T01:17:54.440Z] > git for-each-ref --sort -committerdate --format %(refname) %(objectname) %(*objectname) [9ms]
[2022-10-22T01:17:54.440Z] > git remote --verbose [2ms]
[2022-10-22T01:17:54.539Z] > git config --get commit.template [11ms]
[2022-10-22T01:17:55.331Z] > git show --textconv :requirements.txt [383ms]
[2022-10-22T01:17:55.331Z] > git check-ignore -v -z --stdin [3ms]
[2022-10-22T01:17:55.332Z] > git ls-files --stage -- /home/ubuntu/requirements.txt [300ms]
[2022-10-22T01:17:55.437Z] > git cat-file -s 55a36587f81cfad46c9f0470a6be160f5adb4cf0 [95ms]
[2022-10-22T01:17:55.844Z] > git check-ignore -v -z --stdin [603ms]
[2022-10-22T01:17:58.924Z] > git status -z -uall [8180ms]
[2022-10-22T01:17:58.934Z] > git symbolic-ref --short HEAD [3ms]
[2022-10-22T01:17:59.029Z] > git for-each-ref --format=%(refname)%00%(upstream:short)%00%(objectname)%00%(upstream:track)%00%(upstream:remotename)%00%(upstream:remoteref) refs/heads/master refs/remotes/master [2ms]
[2022-10-22T01:17:59.042Z] > git for-each-ref --sort -committerdate --format %(refname) %(objectname) %(*objectname) [7ms]
[2022-10-22T01:17:59.049Z] > git remote --verbose [8ms]
[2022-10-22T01:17:59.138Z] > git config --get commit.template [6ms]
[2022-10-22T01:18:00.065Z] > git status -z -uall [920ms]
[2022-10-22T01:18:00.127Z] > git symbolic-ref --short HEAD [2ms]
[2022-10-22T01:18:00.136Z] > git for-each-ref --format=%(refname)%00%(upstream:short)%00%(objectname)%00%(upstream:track)%00%(upstream:remotename)%00%(upstream:remoteref) refs/heads/master refs/remotes/master [3ms]
[2022-10-22T01:18:00.147Z] > git for-each-ref --sort -committerdate --format %(refname) %(objectname) %(*objectname) [5ms]
[2022-10-22T01:18:00.149Z] > git remote --verbose [3ms]
[2022-10-22T01:18:00.157Z] > git config --get commit.template [1ms]
[2022-10-22T01:18:00.955Z] > git status -z -uall [791ms]
[2022-10-22T01:18:01.024Z] > git symbolic-ref --short HEAD [63ms]
[2022-10-22T01:18:01.030Z] > git for-each-ref --format=%(refname)%00%(upstream:short)%00%(objectname)%00%(upstream:track)%00%(upstream:remotename)%00%(upstream:remoteref) refs/heads/master refs/remotes/master [1ms]
[2022-10-22T01:18:01.042Z] > git for-each-ref --sort -committerdate --format %(refname) %(objectname) %(*objectname) [7ms]
[2022-10-22T01:18:01.042Z] > git remote --verbose [2ms]
[2022-10-22T01:18:01.052Z] > git config --get commit.template [2ms]
[2022-10-22T01:18:06.427Z] > git check-ignore -v -z --stdin [36ms]
[2022-10-22T01:18:16.849Z] > git check-ignore -v -z --stdin [22ms]
[2022-10-22T01:18:17.030Z] > git show --textconv :.git/COMMIT_EDITMSG [100ms]
[2022-10-22T01:18:17.034Z] > git ls-files --stage -- /home/ubuntu/.git/COMMIT_EDITMSG [94ms]
[2022-10-22T01:18:59.420Z] > git check-ignore -v -z --stdin [13ms]
[2022-10-22T01:19:20.728Z] > git check-ignore -v -z --stdin [102ms]
[2022-10-22T01:19:35.128Z] > git ls-files --stage -- /home/ubuntu/requirements.txt [93ms]
[2022-10-22T01:19:35.137Z] > git show --textconv :requirements.txt [108ms]
[2022-10-22T01:19:35.140Z] > git cat-file -s 55a36587f81cfad46c9f0470a6be160f5adb4cf0 [4ms]
[2022-10-22T01:19:51.213Z] > git check-ignore -v -z --stdin [14ms]
