Visual Studio Code (1.72.1, ssh-remote, desktop)
Jupyter Extension Version: 2022.9.1202862440.
Python Extension Version: 2022.16.0.
Workspace folder /home/ubuntu/buenComensalProject
info 23:29:03.651: ZMQ install verified.
User belongs to experiment group 'jupyterTestcf'
User belongs to experiment group 'jupyterEnhancedDataViewer'
info 23:29:09.344: LSP Notebooks experiment is disabled -- Pylance disabled or not installed
error 23:29:13.342: getCondaFile, Class name = k, completed in 4015ms, has a falsy return value [EntryNotFound (FileSystemError): Error: ENOENT: no such file or directory, stat 'c:\Users\PAULASABOGAL\anaconda3\Scripts\conda.exe'
	at Function._handleError (/home/ubuntu/.vscode-server/bin/129500ee4c8ab7263461ffe327268ba56b9f210d/out/vs/workbench/api/node/extensionHostProcess.js:92:29726)
	at Object.stat (/home/ubuntu/.vscode-server/bin/129500ee4c8ab7263461ffe327268ba56b9f210d/out/vs/workbench/api/node/extensionHostProcess.js:92:28094)
	at async b.getFileHash (/home/ubuntu/.vscode-server/extensions/ms-toolsai.jupyter-2022.9.1202862440/out/extension.node.js:7:20284)
	at async k.getCachedInformation (/home/ubuntu/.vscode-server/extensions/ms-toolsai.jupyter-2022.9.1202862440/out/extension.node.js:7:42507)] {
  code: 'FileNotFound'
}
error 23:29:13.345: getCondaVersion, Class name = k, completed in 4018ms, has a falsy return value [EntryNotFound (FileSystemError): Error: ENOENT: no such file or directory, stat 'c:\Users\PAULASABOGAL\anaconda3\Scripts\conda.exe'
	at Function._handleError (/home/ubuntu/.vscode-server/bin/129500ee4c8ab7263461ffe327268ba56b9f210d/out/vs/workbench/api/node/extensionHostProcess.js:92:29726)
	at Object.stat (/home/ubuntu/.vscode-server/bin/129500ee4c8ab7263461ffe327268ba56b9f210d/out/vs/workbench/api/node/extensionHostProcess.js:92:28094)
	at async b.getFileHash (/home/ubuntu/.vscode-server/extensions/ms-toolsai.jupyter-2022.9.1202862440/out/extension.node.js:7:20284)
	at async k.getCachedInformation (/home/ubuntu/.vscode-server/extensions/ms-toolsai.jupyter-2022.9.1202862440/out/extension.node.js:7:42507)] {
  code: 'FileNotFound'
}
info 23:29:14.832: Got env vars ourselves faster /home/ubuntu/env/bin/python with env var count 34 in 1300ms
info 23:29:14.932: Process Execution: > ~/env/bin/python -m pip list
> ~/env/bin/python -m pip list
info 23:29:16.430: Got env vars with python /home/ubuntu/env/bin/python, with env var count 34 and custom env var count 0 in 2896ms
info 00:52:49.679: Shutting down notebooks for e348cf1f-631f-46b0-8956-93605f1581a2
info 00:52:49.679: Disposing HostJupyterExecution 9f07b8b8-803f-4971-9f87-1cb440936c27
info 00:52:49.679: Disposing super HostJupyterExecution 9f07b8b8-803f-4971-9f87-1cb440936c27
info 00:52:49.679: Disposing HostJupyterExecution 9f07b8b8-803f-4971-9f87-1cb440936c27
info 00:52:49.679: Finished disposing HostJupyterExecution  9f07b8b8-803f-4971-9f87-1cb440936c27
info 00:52:49.731: Cleaning up server cache 9f07b8b8-803f-4971-9f87-1cb440936c27
info 00:52:49.732: Finished disposing HostJupyterExecution  9f07b8b8-803f-4971-9f87-1cb440936c27
