[2022-10-14T23:29:10.532Z] Log level: Info
[2022-10-14T23:29:10.741Z] [info] Validating found git in: git
[2022-10-14T23:29:11.238Z] [info] Using git 2.25.1 from git
[2022-10-14T23:29:11.527Z] > git rev-parse --show-toplevel [94ms]
[2022-10-14T23:29:11.648Z] > git rev-parse --git-dir --git-common-dir [105ms]
[2022-10-14T23:29:11.732Z] [info] Open repository: /home/ubuntu/buenComensalProject
[2022-10-14T23:29:11.933Z] > git status -z -uall [184ms]
[2022-10-14T23:29:12.030Z] > git rev-parse --show-toplevel [192ms]
[2022-10-14T23:29:12.043Z] > git symbolic-ref --short HEAD [98ms]
[2022-10-14T23:29:12.134Z] > git rev-parse --show-toplevel [92ms]
[2022-10-14T23:29:12.153Z] > git for-each-ref --format=%(refname)%00%(upstream:short)%00%(objectname)%00%(upstream:track)%00%(upstream:remotename)%00%(upstream:remoteref) refs/heads/master refs/remotes/master [21ms]
[2022-10-14T23:29:12.330Z] > git remote --verbose [82ms]
[2022-10-14T23:29:12.330Z] > git for-each-ref --sort -committerdate --format %(refname) %(objectname) %(*objectname) [94ms]
[2022-10-14T23:29:12.339Z] > git rev-parse --show-toplevel [189ms]
[2022-10-14T23:29:12.534Z] > git config --get commit.template [94ms]
[2022-10-14T23:29:12.632Z] > git rev-parse --show-toplevel [205ms]
[2022-10-14T23:29:12.727Z] > git status -z -uall [95ms]
[2022-10-14T23:29:12.740Z] > git rev-parse --show-toplevel [92ms]
[2022-10-14T23:29:12.830Z] > git symbolic-ref --short HEAD [90ms]
[2022-10-14T23:29:12.844Z] > git rev-parse --show-toplevel [15ms]
[2022-10-14T23:29:12.944Z] > git for-each-ref --format=%(refname)%00%(upstream:short)%00%(objectname)%00%(upstream:track)%00%(upstream:remotename)%00%(upstream:remoteref) refs/heads/master refs/remotes/master [101ms]
[2022-10-14T23:29:13.135Z] > git for-each-ref --sort -committerdate --format %(refname) %(objectname) %(*objectname) [104ms]
[2022-10-14T23:29:13.648Z] > git remote --verbose [514ms]
[2022-10-14T23:29:13.932Z] > git config --get commit.template [100ms]
[2022-10-14T23:29:14.736Z] > git ls-files --stage -- /home/ubuntu/buenComensalProject/restaurants/api/api.py [97ms]
[2022-10-14T23:29:14.934Z] > git show --textconv :restaurants/api/api.py [398ms]
[2022-10-14T23:29:14.934Z] > git check-ignore -v -z --stdin [200ms]
[2022-10-14T23:29:14.935Z] > git cat-file -s 026c9d2bee3bd2ac839fcc43e2b6c5d5c750130d [104ms]
[2022-10-14T23:29:17.933Z] > git fetch [107ms]
[2022-10-14T23:29:18.039Z] > git status -z -uall [14ms]
[2022-10-14T23:29:18.341Z] > git symbolic-ref --short HEAD [112ms]
[2022-10-14T23:29:18.527Z] > git for-each-ref --format=%(refname)%00%(upstream:short)%00%(objectname)%00%(upstream:track)%00%(upstream:remotename)%00%(upstream:remoteref) refs/heads/master refs/remotes/master [88ms]
[2022-10-14T23:29:18.636Z] > git for-each-ref --sort -committerdate --format %(refname) %(objectname) %(*objectname) [96ms]
[2022-10-14T23:29:18.647Z] > git remote --verbose [12ms]
[2022-10-14T23:29:18.745Z] > git config --get commit.template [6ms]
[2022-10-14T23:29:21.928Z] > git ls-files --stage -- /home/ubuntu/buenComensalProject/restaurants/api/api.py [3ms]
[2022-10-14T23:29:22.030Z] > git cat-file -s 026c9d2bee3bd2ac839fcc43e2b6c5d5c750130d [89ms]
[2022-10-14T23:29:22.242Z] > git show --textconv :restaurants/api/api.py [3ms]
[2022-10-14T23:32:18.776Z] > git fetch [15ms]
[2022-10-14T23:32:18.789Z] > git status -z -uall [6ms]
[2022-10-14T23:32:18.825Z] > git symbolic-ref --short HEAD [29ms]
[2022-10-14T23:32:18.833Z] > git for-each-ref --format=%(refname)%00%(upstream:short)%00%(objectname)%00%(upstream:track)%00%(upstream:remotename)%00%(upstream:remoteref) refs/heads/master refs/remotes/master [1ms]
[2022-10-14T23:32:18.846Z] > git for-each-ref --sort -committerdate --format %(refname) %(objectname) %(*objectname) [7ms]
[2022-10-14T23:32:18.847Z] > git remote --verbose [2ms]
[2022-10-14T23:32:18.857Z] > git config --get commit.template [1ms]
[2022-10-14T23:32:19.929Z] > git show --textconv :restaurants/api/serializers.py [92ms]
[2022-10-14T23:32:19.930Z] > git ls-files --stage -- /home/ubuntu/buenComensalProject/restaurants/api/serializers.py [81ms]
[2022-10-14T23:32:19.940Z] > git cat-file -s 79aacb968f60e1bd26cae1e93440fc8973397a1e [4ms]
[2022-10-14T23:32:20.526Z] > git status -z -uall [91ms]
[2022-10-14T23:32:20.549Z] > git symbolic-ref --short HEAD [4ms]
[2022-10-14T23:32:20.648Z] > git for-each-ref --format=%(refname)%00%(upstream:short)%00%(objectname)%00%(upstream:track)%00%(upstream:remotename)%00%(upstream:remoteref) refs/heads/master refs/remotes/master [19ms]
[2022-10-14T23:32:20.743Z] > git for-each-ref --sort -committerdate --format %(refname) %(objectname) %(*objectname) [12ms]
[2022-10-14T23:32:20.743Z] > git ls-files --stage -- /home/ubuntu/buenComensalProject/restaurants/api/serializers.py [96ms]
[2022-10-14T23:32:20.841Z] > git remote --verbose [100ms]
[2022-10-14T23:32:20.928Z] > git cat-file -s 79aacb968f60e1bd26cae1e93440fc8973397a1e [101ms]
[2022-10-14T23:32:20.930Z] > git config --get commit.template [79ms]
[2022-10-14T23:32:21.169Z] > git show --textconv :restaurants/api/serializers.py [1ms]
[2022-10-14T23:32:22.559Z] > git show --textconv :restaurants/api/api.py [11ms]
[2022-10-14T23:32:22.559Z] > git ls-files --stage -- /home/ubuntu/buenComensalProject/restaurants/api/api.py [2ms]
[2022-10-14T23:32:22.570Z] > git cat-file -s 026c9d2bee3bd2ac839fcc43e2b6c5d5c750130d [2ms]
[2022-10-14T23:32:41.240Z] > git show --textconv :restaurants/api/serializers.py [10ms]
[2022-10-14T23:32:41.243Z] > git ls-files --stage -- /home/ubuntu/buenComensalProject/restaurants/api/serializers.py [4ms]
[2022-10-14T23:32:41.252Z] > git cat-file -s 79aacb968f60e1bd26cae1e93440fc8973397a1e [1ms]
[2022-10-14T23:32:43.358Z] > git show --textconv :restaurants/api/api.py [7ms]
[2022-10-14T23:32:43.359Z] > git ls-files --stage -- /home/ubuntu/buenComensalProject/restaurants/api/api.py [2ms]
[2022-10-14T23:32:43.368Z] > git cat-file -s 026c9d2bee3bd2ac839fcc43e2b6c5d5c750130d [2ms]
[2022-10-14T23:32:49.602Z] > git show --textconv :restaurants/api/serializers.py [7ms]
[2022-10-14T23:32:49.606Z] > git ls-files --stage -- /home/ubuntu/buenComensalProject/restaurants/api/serializers.py [4ms]
[2022-10-14T23:32:49.618Z] > git cat-file -s 79aacb968f60e1bd26cae1e93440fc8973397a1e [3ms]
[2022-10-14T23:32:58.509Z] > git show --textconv :restaurants/models.py [14ms]
[2022-10-14T23:32:58.510Z] > git ls-files --stage -- /home/ubuntu/buenComensalProject/restaurants/models.py [8ms]
[2022-10-14T23:32:58.518Z] > git cat-file -s 521422ac5292cede5ca925b73397b4a832c521ba [1ms]
[2022-10-14T23:33:18.846Z] > git show --textconv :restaurants/api/serializers.py [10ms]
[2022-10-14T23:33:18.849Z] > git ls-files --stage -- /home/ubuntu/buenComensalProject/restaurants/api/serializers.py [4ms]
[2022-10-14T23:33:18.932Z] > git cat-file -s 79aacb968f60e1bd26cae1e93440fc8973397a1e [2ms]
[2022-10-14T23:33:41.954Z] > git show --textconv :restaurants/models.py [22ms]
[2022-10-14T23:33:42.026Z] > git ls-files --stage -- /home/ubuntu/buenComensalProject/restaurants/models.py [74ms]
[2022-10-14T23:33:42.050Z] > git cat-file -s 521422ac5292cede5ca925b73397b4a832c521ba [4ms]
[2022-10-14T23:33:43.650Z] > git show --textconv :restaurants/api/serializers.py [17ms]
[2022-10-14T23:33:43.655Z] > git ls-files --stage -- /home/ubuntu/buenComensalProject/restaurants/api/serializers.py [15ms]
[2022-10-14T23:33:43.734Z] > git cat-file -s 79aacb968f60e1bd26cae1e93440fc8973397a1e [3ms]
[2022-10-14T23:34:34.929Z] > git show --textconv :restaurants/models.py [91ms]
[2022-10-14T23:34:34.933Z] > git ls-files --stage -- /home/ubuntu/buenComensalProject/restaurants/models.py [4ms]
[2022-10-14T23:34:34.943Z] > git cat-file -s 521422ac5292cede5ca925b73397b4a832c521ba [3ms]
[2022-10-14T23:34:36.575Z] > git show --textconv :restaurants/api/serializers.py [8ms]
[2022-10-14T23:34:36.577Z] > git ls-files --stage -- /home/ubuntu/buenComensalProject/restaurants/api/serializers.py [3ms]
[2022-10-14T23:34:36.585Z] > git cat-file -s 79aacb968f60e1bd26cae1e93440fc8973397a1e [2ms]
[2022-10-14T23:34:46.629Z] > git show --textconv :restaurants/models.py [72ms]
[2022-10-14T23:34:46.632Z] > git ls-files --stage -- /home/ubuntu/buenComensalProject/restaurants/models.py [4ms]
[2022-10-14T23:34:46.645Z] > git cat-file -s 521422ac5292cede5ca925b73397b4a832c521ba [6ms]
[2022-10-14T23:34:50.125Z] > git show --textconv :restaurants/api/serializers.py [15ms]
[2022-10-14T23:34:50.125Z] > git ls-files --stage -- /home/ubuntu/buenComensalProject/restaurants/api/serializers.py [6ms]
[2022-10-14T23:34:50.136Z] > git cat-file -s 79aacb968f60e1bd26cae1e93440fc8973397a1e [2ms]
[2022-10-14T23:35:18.870Z] > git fetch [3ms]
[2022-10-14T23:35:18.880Z] > git status -z -uall [3ms]
[2022-10-14T23:35:18.888Z] > git symbolic-ref --short HEAD [1ms]
[2022-10-14T23:35:18.900Z] > git for-each-ref --format=%(refname)%00%(upstream:short)%00%(objectname)%00%(upstream:track)%00%(upstream:remotename)%00%(upstream:remoteref) refs/heads/master refs/remotes/master [3ms]
[2022-10-14T23:35:19.036Z] > git for-each-ref --sort -committerdate --format %(refname) %(objectname) %(*objectname) [11ms]
[2022-10-14T23:35:19.043Z] > git remote --verbose [8ms]
[2022-10-14T23:35:19.227Z] > git config --get commit.template [175ms]
[2022-10-14T23:35:20.422Z] > git ls-files --stage -- /home/ubuntu/buenComensalProject/restaurants/api/serializers.py [1ms]
[2022-10-14T23:35:20.431Z] > git cat-file -s 79aacb968f60e1bd26cae1e93440fc8973397a1e [1ms]
[2022-10-14T23:35:20.617Z] > git show --textconv :restaurants/api/serializers.py [3ms]
[2022-10-14T23:35:31.837Z] > git show --textconv :restaurants/models.py [10ms]
[2022-10-14T23:35:31.840Z] > git ls-files --stage -- /home/ubuntu/buenComensalProject/restaurants/models.py [3ms]
[2022-10-14T23:35:31.850Z] > git cat-file -s 521422ac5292cede5ca925b73397b4a832c521ba [2ms]
[2022-10-14T23:35:36.048Z] > git show --textconv :restaurants/api/serializers.py [10ms]
[2022-10-14T23:35:36.051Z] > git ls-files --stage -- /home/ubuntu/buenComensalProject/restaurants/api/serializers.py [4ms]
[2022-10-14T23:35:36.125Z] > git cat-file -s 79aacb968f60e1bd26cae1e93440fc8973397a1e [67ms]
[2022-10-14T23:35:55.892Z] > git show --textconv :restaurants/models.py [10ms]
[2022-10-14T23:35:55.894Z] > git ls-files --stage -- /home/ubuntu/buenComensalProject/restaurants/models.py [3ms]
[2022-10-14T23:35:55.903Z] > git cat-file -s 521422ac5292cede5ca925b73397b4a832c521ba [1ms]
[2022-10-14T23:36:13.142Z] > git show --textconv :restaurants/api/serializers.py [10ms]
[2022-10-14T23:36:13.146Z] > git ls-files --stage -- /home/ubuntu/buenComensalProject/restaurants/api/serializers.py [4ms]
[2022-10-14T23:36:13.231Z] > git cat-file -s 79aacb968f60e1bd26cae1e93440fc8973397a1e [2ms]
[2022-10-14T23:36:28.566Z] > git show --textconv :restaurants/models.py [22ms]
[2022-10-14T23:36:28.569Z] > git ls-files --stage -- /home/ubuntu/buenComensalProject/restaurants/models.py [4ms]
[2022-10-14T23:36:28.630Z] > git cat-file -s 521422ac5292cede5ca925b73397b4a832c521ba [3ms]
[2022-10-14T23:36:42.652Z] > git show --textconv :restaurants/api/serializers.py [9ms]
[2022-10-14T23:36:42.652Z] > git ls-files --stage -- /home/ubuntu/buenComensalProject/restaurants/api/serializers.py [0ms]
[2022-10-14T23:36:42.660Z] > git cat-file -s 79aacb968f60e1bd26cae1e93440fc8973397a1e [1ms]
[2022-10-14T23:36:56.351Z] > git status -z -uall [11ms]
[2022-10-14T23:36:56.438Z] > git symbolic-ref --short HEAD [4ms]
[2022-10-14T23:36:56.449Z] > git for-each-ref --format=%(refname)%00%(upstream:short)%00%(objectname)%00%(upstream:track)%00%(upstream:remotename)%00%(upstream:remoteref) refs/heads/master refs/remotes/master [3ms]
[2022-10-14T23:36:56.539Z] > git for-each-ref --sort -committerdate --format %(refname) %(objectname) %(*objectname) [11ms]
[2022-10-14T23:36:56.545Z] > git remote --verbose [7ms]
[2022-10-14T23:36:56.633Z] > git config --get commit.template [2ms]
[2022-10-14T23:36:59.540Z] > git show --textconv :restaurants/views.py [10ms]
[2022-10-14T23:36:59.543Z] > git ls-files --stage -- /home/ubuntu/buenComensalProject/restaurants/views.py [4ms]
[2022-10-14T23:36:59.628Z] > git cat-file -s 6d0ae0ddbb0d51e716a158bbb49b0e081d03f86b [1ms]
[2022-10-14T23:37:01.648Z] > git status -z -uall [5ms]
[2022-10-14T23:37:01.657Z] > git symbolic-ref --short HEAD [2ms]
[2022-10-14T23:37:01.735Z] > git for-each-ref --format=%(refname)%00%(upstream:short)%00%(objectname)%00%(upstream:track)%00%(upstream:remotename)%00%(upstream:remoteref) refs/heads/master refs/remotes/master [4ms]
[2022-10-14T23:37:01.752Z] > git for-each-ref --sort -committerdate --format %(refname) %(objectname) %(*objectname) [10ms]
[2022-10-14T23:37:01.826Z] > git remote --verbose [75ms]
[2022-10-14T23:37:01.837Z] > git config --get commit.template [2ms]
[2022-10-14T23:37:03.229Z] > git show --textconv :restaurants/api/serializers.py [85ms]
[2022-10-14T23:37:03.232Z] > git ls-files --stage -- /home/ubuntu/buenComensalProject/restaurants/api/serializers.py [4ms]
[2022-10-14T23:37:03.241Z] > git cat-file -s 79aacb968f60e1bd26cae1e93440fc8973397a1e [2ms]
[2022-10-14T23:37:03.842Z] > git show --textconv :restaurants/api/api.py [9ms]
[2022-10-14T23:37:03.845Z] > git ls-files --stage -- /home/ubuntu/buenComensalProject/restaurants/api/api.py [4ms]
[2022-10-14T23:37:03.930Z] > git cat-file -s 026c9d2bee3bd2ac839fcc43e2b6c5d5c750130d [1ms]
[2022-10-14T23:37:10.139Z] > git show --textconv :restaurants/api/serializers.py [10ms]
[2022-10-14T23:37:10.142Z] > git ls-files --stage -- /home/ubuntu/buenComensalProject/restaurants/api/serializers.py [4ms]
[2022-10-14T23:37:10.151Z] > git cat-file -s 79aacb968f60e1bd26cae1e93440fc8973397a1e [3ms]
[2022-10-14T23:37:18.549Z] > git show --textconv :restaurants/api/api.py [8ms]
[2022-10-14T23:37:18.550Z] > git ls-files --stage -- /home/ubuntu/buenComensalProject/restaurants/api/api.py [2ms]
[2022-10-14T23:37:18.558Z] > git cat-file -s 026c9d2bee3bd2ac839fcc43e2b6c5d5c750130d [2ms]
[2022-10-14T23:37:55.634Z] > git status -z -uall [8ms]
[2022-10-14T23:37:55.647Z] > git symbolic-ref --short HEAD [4ms]
[2022-10-14T23:37:55.731Z] > git for-each-ref --format=%(refname)%00%(upstream:short)%00%(objectname)%00%(upstream:track)%00%(upstream:remotename)%00%(upstream:remoteref) refs/heads/master refs/remotes/master [3ms]
[2022-10-14T23:37:55.749Z] > git for-each-ref --sort -committerdate --format %(refname) %(objectname) %(*objectname) [10ms]
[2022-10-14T23:37:55.827Z] > git remote --verbose [80ms]
[2022-10-14T23:37:55.839Z] > git config --get commit.template [3ms]
[2022-10-14T23:38:00.867Z] > git status -z -uall [11ms]
[2022-10-14T23:38:00.879Z] > git symbolic-ref --short HEAD [1ms]
[2022-10-14T23:38:00.892Z] > git for-each-ref --format=%(refname)%00%(upstream:short)%00%(objectname)%00%(upstream:track)%00%(upstream:remotename)%00%(upstream:remoteref) refs/heads/master refs/remotes/master [3ms]
[2022-10-14T23:38:00.931Z] > git for-each-ref --sort -committerdate --format %(refname) %(objectname) %(*objectname) [32ms]
[2022-10-14T23:38:00.939Z] > git remote --verbose [9ms]
[2022-10-14T23:38:01.028Z] > git config --get commit.template [80ms]
[2022-10-14T23:38:19.243Z] > git fetch [4ms]
[2022-10-14T23:38:19.256Z] > git status -z -uall [5ms]
[2022-10-14T23:38:19.268Z] > git symbolic-ref --short HEAD [2ms]
[2022-10-14T23:38:19.277Z] > git for-each-ref --format=%(refname)%00%(upstream:short)%00%(objectname)%00%(upstream:track)%00%(upstream:remotename)%00%(upstream:remoteref) refs/heads/master refs/remotes/master [2ms]
[2022-10-14T23:38:19.336Z] > git for-each-ref --sort -committerdate --format %(refname) %(objectname) %(*objectname) [9ms]
[2022-10-14T23:38:19.336Z] > git remote --verbose [1ms]
[2022-10-14T23:38:19.346Z] > git config --get commit.template [2ms]
[2022-10-14T23:38:20.636Z] > git status -z -uall [5ms]
[2022-10-14T23:38:20.644Z] > git symbolic-ref --short HEAD [1ms]
[2022-10-14T23:38:20.652Z] > git for-each-ref --format=%(refname)%00%(upstream:short)%00%(objectname)%00%(upstream:track)%00%(upstream:remotename)%00%(upstream:remoteref) refs/heads/master refs/remotes/master [2ms]
[2022-10-14T23:38:20.732Z] > git remote --verbose [1ms]
[2022-10-14T23:38:20.732Z] > git for-each-ref --sort -committerdate --format %(refname) %(objectname) %(*objectname) [73ms]
[2022-10-14T23:38:20.742Z] > git config --get commit.template [1ms]
[2022-10-14T23:38:20.941Z] > git ls-files --stage -- /home/ubuntu/buenComensalProject/restaurants/api/api.py [2ms]
[2022-10-14T23:38:20.954Z] > git cat-file -s 026c9d2bee3bd2ac839fcc43e2b6c5d5c750130d [2ms]
[2022-10-14T23:38:21.161Z] > git show --textconv :restaurants/api/api.py [2ms]
[2022-10-14T23:38:31.833Z] > git status -z -uall [4ms]
[2022-10-14T23:38:31.842Z] > git symbolic-ref --short HEAD [2ms]
[2022-10-14T23:38:31.928Z] > git for-each-ref --format=%(refname)%00%(upstream:short)%00%(objectname)%00%(upstream:track)%00%(upstream:remotename)%00%(upstream:remoteref) refs/heads/master refs/remotes/master [79ms]
[2022-10-14T23:38:31.943Z] > git for-each-ref --sort -committerdate --format %(refname) %(objectname) %(*objectname) [8ms]
[2022-10-14T23:38:31.944Z] > git remote --verbose [2ms]
[2022-10-14T23:38:31.954Z] > git config --get commit.template [2ms]
[2022-10-14T23:38:36.968Z] > git status -z -uall [4ms]
[2022-10-14T23:38:36.977Z] > git symbolic-ref --short HEAD [2ms]
[2022-10-14T23:38:36.986Z] > git for-each-ref --format=%(refname)%00%(upstream:short)%00%(objectname)%00%(upstream:track)%00%(upstream:remotename)%00%(upstream:remoteref) refs/heads/master refs/remotes/master [1ms]
[2022-10-14T23:38:37.000Z] > git for-each-ref --sort -committerdate --format %(refname) %(objectname) %(*objectname) [8ms]
[2022-10-14T23:38:37.025Z] > git remote --verbose [26ms]
[2022-10-14T23:38:37.036Z] > git config --get commit.template [1ms]
[2022-10-14T23:38:51.349Z] > git show --textconv :restaurants/api/serializers.py [12ms]
[2022-10-14T23:38:51.352Z] > git ls-files --stage -- /home/ubuntu/buenComensalProject/restaurants/api/serializers.py [4ms]
[2022-10-14T23:38:51.432Z] > git cat-file -s 79aacb968f60e1bd26cae1e93440fc8973397a1e [2ms]
[2022-10-14T23:38:51.752Z] > git status -z -uall [13ms]
[2022-10-14T23:38:51.843Z] > git symbolic-ref --short HEAD [12ms]
[2022-10-14T23:38:51.930Z] > git for-each-ref --format=%(refname)%00%(upstream:short)%00%(objectname)%00%(upstream:track)%00%(upstream:remotename)%00%(upstream:remoteref) refs/heads/master refs/remotes/master [3ms]
[2022-10-14T23:38:51.948Z] > git for-each-ref --sort -committerdate --format %(refname) %(objectname) %(*objectname) [10ms]
[2022-10-14T23:38:51.950Z] > git remote --verbose [3ms]
[2022-10-14T23:38:52.042Z] > git config --get commit.template [1ms]
[2022-10-14T23:38:57.056Z] > git status -z -uall [5ms]
[2022-10-14T23:38:57.064Z] > git symbolic-ref --short HEAD [2ms]
[2022-10-14T23:38:57.131Z] > git for-each-ref --format=%(refname)%00%(upstream:short)%00%(objectname)%00%(upstream:track)%00%(upstream:remotename)%00%(upstream:remoteref) refs/heads/master refs/remotes/master [0ms]
[2022-10-14T23:38:57.148Z] > git remote --verbose [2ms]
[2022-10-14T23:38:57.149Z] > git for-each-ref --sort -committerdate --format %(refname) %(objectname) %(*objectname) [9ms]
[2022-10-14T23:38:57.158Z] > git config --get commit.template [1ms]
[2022-10-14T23:39:01.084Z] > git show --textconv :restaurants/api/api.py [8ms]
[2022-10-14T23:39:01.085Z] > git ls-files --stage -- /home/ubuntu/buenComensalProject/restaurants/api/api.py [2ms]
[2022-10-14T23:39:01.093Z] > git cat-file -s 026c9d2bee3bd2ac839fcc43e2b6c5d5c750130d [1ms]
[2022-10-14T23:39:24.463Z] > git status -z -uall [2ms]
[2022-10-14T23:39:24.472Z] > git symbolic-ref --short HEAD [1ms]
[2022-10-14T23:39:24.483Z] > git for-each-ref --format=%(refname)%00%(upstream:short)%00%(objectname)%00%(upstream:track)%00%(upstream:remotename)%00%(upstream:remoteref) refs/heads/master refs/remotes/master [2ms]
[2022-10-14T23:39:24.501Z] > git for-each-ref --sort -committerdate --format %(refname) %(objectname) %(*objectname) [9ms]
[2022-10-14T23:39:24.526Z] > git remote --verbose [26ms]
[2022-10-14T23:39:24.536Z] > git config --get commit.template [1ms]
[2022-10-14T23:39:28.248Z] > git show --textconv :restaurants/api/serializers.py [10ms]
[2022-10-14T23:39:28.251Z] > git ls-files --stage -- /home/ubuntu/buenComensalProject/restaurants/api/serializers.py [3ms]
[2022-10-14T23:39:28.261Z] > git cat-file -s 79aacb968f60e1bd26cae1e93440fc8973397a1e [2ms]
[2022-10-14T23:39:29.550Z] > git status -z -uall [4ms]
[2022-10-14T23:39:29.560Z] > git symbolic-ref --short HEAD [1ms]
[2022-10-14T23:39:29.569Z] > git for-each-ref --format=%(refname)%00%(upstream:short)%00%(objectname)%00%(upstream:track)%00%(upstream:remotename)%00%(upstream:remoteref) refs/heads/master refs/remotes/master [2ms]
[2022-10-14T23:39:29.584Z] > git for-each-ref --sort -committerdate --format %(refname) %(objectname) %(*objectname) [8ms]
[2022-10-14T23:39:29.625Z] > git remote --verbose [42ms]
[2022-10-14T23:39:29.637Z] > git config --get commit.template [1ms]
[2022-10-14T23:39:34.263Z] > git show --textconv :restaurants/api/api.py [11ms]
[2022-10-14T23:39:34.264Z] > git ls-files --stage -- /home/ubuntu/buenComensalProject/restaurants/api/api.py [3ms]
[2022-10-14T23:39:34.272Z] > git cat-file -s 026c9d2bee3bd2ac839fcc43e2b6c5d5c750130d [2ms]
[2022-10-14T23:40:00.822Z] > git status -z -uall [5ms]
[2022-10-14T23:40:00.832Z] > git symbolic-ref --short HEAD [2ms]
[2022-10-14T23:40:00.842Z] > git for-each-ref --format=%(refname)%00%(upstream:short)%00%(objectname)%00%(upstream:track)%00%(upstream:remotename)%00%(upstream:remoteref) refs/heads/master refs/remotes/master [3ms]
[2022-10-14T23:40:00.857Z] > git for-each-ref --sort -committerdate --format %(refname) %(objectname) %(*objectname) [8ms]
[2022-10-14T23:40:00.857Z] > git remote --verbose [1ms]
[2022-10-14T23:40:00.929Z] > git config --get commit.template [1ms]
[2022-10-14T23:40:06.721Z] > git status -z -uall [4ms]
[2022-10-14T23:40:06.731Z] > git symbolic-ref --short HEAD [0ms]
[2022-10-14T23:40:06.741Z] > git for-each-ref --format=%(refname)%00%(upstream:short)%00%(objectname)%00%(upstream:track)%00%(upstream:remotename)%00%(upstream:remoteref) refs/heads/master refs/remotes/master [1ms]
[2022-10-14T23:40:06.827Z] > git for-each-ref --sort -committerdate --format %(refname) %(objectname) %(*objectname) [77ms]
[2022-10-14T23:40:06.830Z] > git remote --verbose [4ms]
[2022-10-14T23:40:06.844Z] > git config --get commit.template [3ms]
[2022-10-14T23:40:52.147Z] > git show --textconv :restaurants/api/serializers.py [11ms]
[2022-10-14T23:40:52.148Z] > git ls-files --stage -- /home/ubuntu/buenComensalProject/restaurants/api/serializers.py [2ms]
[2022-10-14T23:40:52.161Z] > git cat-file -s 79aacb968f60e1bd26cae1e93440fc8973397a1e [4ms]
[2022-10-14T23:40:59.272Z] > git show --textconv :restaurants/api/api.py [18ms]
[2022-10-14T23:40:59.272Z] > git ls-files --stage -- /home/ubuntu/buenComensalProject/restaurants/api/api.py [3ms]
[2022-10-14T23:40:59.286Z] > git cat-file -s 026c9d2bee3bd2ac839fcc43e2b6c5d5c750130d [2ms]
[2022-10-14T23:41:19.358Z] > git fetch [3ms]
[2022-10-14T23:41:19.368Z] > git status -z -uall [3ms]
[2022-10-14T23:41:19.376Z] > git symbolic-ref --short HEAD [1ms]
[2022-10-14T23:41:19.385Z] > git for-each-ref --format=%(refname)%00%(upstream:short)%00%(objectname)%00%(upstream:track)%00%(upstream:remotename)%00%(upstream:remoteref) refs/heads/master refs/remotes/master [1ms]
[2022-10-14T23:41:19.435Z] > git for-each-ref --sort -committerdate --format %(refname) %(objectname) %(*objectname) [8ms]
[2022-10-14T23:41:19.435Z] > git remote --verbose [1ms]
[2022-10-14T23:41:19.445Z] > git config --get commit.template [1ms]
[2022-10-14T23:41:20.830Z] > git status -z -uall [71ms]
[2022-10-14T23:41:20.850Z] > git symbolic-ref --short HEAD [6ms]
[2022-10-14T23:41:20.940Z] > git for-each-ref --format=%(refname)%00%(upstream:short)%00%(objectname)%00%(upstream:track)%00%(upstream:remotename)%00%(upstream:remoteref) refs/heads/master refs/remotes/master [6ms]
[2022-10-14T23:41:20.962Z] > git remote --verbose [3ms]
[2022-10-14T23:41:20.962Z] > git for-each-ref --sort -committerdate --format %(refname) %(objectname) %(*objectname) [12ms]
[2022-10-14T23:41:21.049Z] > git config --get commit.template [9ms]
[2022-10-14T23:41:21.050Z] > git ls-files --stage -- /home/ubuntu/buenComensalProject/restaurants/api/api.py [1ms]
[2022-10-14T23:41:21.059Z] > git cat-file -s 026c9d2bee3bd2ac839fcc43e2b6c5d5c750130d [2ms]
[2022-10-14T23:41:21.249Z] > git show --textconv :restaurants/api/api.py [1ms]
[2022-10-14T23:41:59.769Z] > git show --textconv :restaurants/api/serializers.py [11ms]
[2022-10-14T23:41:59.769Z] > git ls-files --stage -- /home/ubuntu/buenComensalProject/restaurants/api/serializers.py [2ms]
[2022-10-14T23:41:59.781Z] > git cat-file -s 79aacb968f60e1bd26cae1e93440fc8973397a1e [4ms]
[2022-10-14T23:42:03.571Z] > git show --textconv :restaurants/api/api.py [12ms]
[2022-10-14T23:42:03.576Z] > git ls-files --stage -- /home/ubuntu/buenComensalProject/restaurants/api/api.py [5ms]
[2022-10-14T23:42:03.587Z] > git cat-file -s 026c9d2bee3bd2ac839fcc43e2b6c5d5c750130d [3ms]
[2022-10-14T23:42:18.245Z] > git status -z -uall [5ms]
[2022-10-14T23:42:18.326Z] > git symbolic-ref --short HEAD [73ms]
[2022-10-14T23:42:18.337Z] > git for-each-ref --format=%(refname)%00%(upstream:short)%00%(objectname)%00%(upstream:track)%00%(upstream:remotename)%00%(upstream:remoteref) refs/heads/master refs/remotes/master [2ms]
[2022-10-14T23:42:18.433Z] > git remote --verbose [4ms]
[2022-10-14T23:42:18.435Z] > git for-each-ref --sort -committerdate --format %(refname) %(objectname) %(*objectname) [90ms]
[2022-10-14T23:42:18.448Z] > git config --get commit.template [2ms]
[2022-10-14T23:42:30.622Z] > git status -z -uall [4ms]
[2022-10-14T23:42:30.632Z] > git symbolic-ref --short HEAD [2ms]
[2022-10-14T23:42:30.643Z] > git for-each-ref --format=%(refname)%00%(upstream:short)%00%(objectname)%00%(upstream:track)%00%(upstream:remotename)%00%(upstream:remoteref) refs/heads/master refs/remotes/master [2ms]
[2022-10-14T23:42:30.658Z] > git for-each-ref --sort -committerdate --format %(refname) %(objectname) %(*objectname) [7ms]
[2022-10-14T23:42:30.660Z] > git remote --verbose [2ms]
[2022-10-14T23:42:30.725Z] > git config --get commit.template [55ms]
[2022-10-14T23:44:37.879Z] > git fetch [4ms]
[2022-10-14T23:44:37.890Z] > git status -z -uall [4ms]
[2022-10-14T23:44:37.931Z] > git symbolic-ref --short HEAD [6ms]
[2022-10-14T23:44:37.940Z] > git for-each-ref --format=%(refname)%00%(upstream:short)%00%(objectname)%00%(upstream:track)%00%(upstream:remotename)%00%(upstream:remoteref) refs/heads/master refs/remotes/master [1ms]
[2022-10-14T23:44:37.956Z] > git for-each-ref --sort -committerdate --format %(refname) %(objectname) %(*objectname) [9ms]
[2022-10-14T23:44:37.957Z] > git remote --verbose [2ms]
[2022-10-14T23:44:37.968Z] > git config --get commit.template [1ms]
[2022-10-14T23:44:39.126Z] > git status -z -uall [3ms]
[2022-10-14T23:44:39.135Z] > git symbolic-ref --short HEAD [2ms]
[2022-10-14T23:44:39.143Z] > git for-each-ref --format=%(refname)%00%(upstream:short)%00%(objectname)%00%(upstream:track)%00%(upstream:remotename)%00%(upstream:remoteref) refs/heads/master refs/remotes/master [1ms]
[2022-10-14T23:44:39.160Z] > git for-each-ref --sort -committerdate --format %(refname) %(objectname) %(*objectname) [9ms]
[2022-10-14T23:44:39.160Z] > git remote --verbose [2ms]
[2022-10-14T23:44:39.169Z] > git config --get commit.template [1ms]
[2022-10-14T23:44:39.424Z] > git ls-files --stage -- /home/ubuntu/buenComensalProject/restaurants/api/api.py [1ms]
[2022-10-14T23:44:39.432Z] > git cat-file -s 026c9d2bee3bd2ac839fcc43e2b6c5d5c750130d [1ms]
[2022-10-14T23:44:39.638Z] > git show --textconv :restaurants/api/api.py [2ms]
[2022-10-14T23:44:40.929Z] > git show --textconv :restaurants/models.py [69ms]
[2022-10-14T23:44:40.932Z] > git ls-files --stage -- /home/ubuntu/buenComensalProject/restaurants/models.py [4ms]
[2022-10-14T23:44:40.941Z] > git cat-file -s 521422ac5292cede5ca925b73397b4a832c521ba [2ms]
[2022-10-14T23:49:14.634Z] > git fetch [6ms]
[2022-10-14T23:49:14.646Z] > git status -z -uall [5ms]
[2022-10-14T23:49:14.655Z] > git symbolic-ref --short HEAD [1ms]
[2022-10-14T23:49:14.663Z] > git for-each-ref --format=%(refname)%00%(upstream:short)%00%(objectname)%00%(upstream:track)%00%(upstream:remotename)%00%(upstream:remoteref) refs/heads/master refs/remotes/master [0ms]
[2022-10-14T23:49:14.735Z] > git for-each-ref --sort -committerdate --format %(refname) %(objectname) %(*objectname) [8ms]
[2022-10-14T23:49:14.736Z] > git remote --verbose [1ms]
[2022-10-14T23:49:14.744Z] > git config --get commit.template [1ms]
[2022-10-14T23:49:21.105Z] > git status -z -uall [3ms]
[2022-10-14T23:49:21.114Z] > git symbolic-ref --short HEAD [1ms]
[2022-10-14T23:49:21.124Z] > git for-each-ref --format=%(refname)%00%(upstream:short)%00%(objectname)%00%(upstream:track)%00%(upstream:remotename)%00%(upstream:remoteref) refs/heads/master refs/remotes/master [1ms]
[2022-10-14T23:49:21.139Z] > git for-each-ref --sort -committerdate --format %(refname) %(objectname) %(*objectname) [8ms]
[2022-10-14T23:49:21.140Z] > git remote --verbose [2ms]
[2022-10-14T23:49:21.149Z] > git config --get commit.template [1ms]
[2022-10-14T23:49:21.288Z] > git ls-files --stage -- /home/ubuntu/buenComensalProject/restaurants/models.py [1ms]
[2022-10-14T23:49:21.296Z] > git cat-file -s 521422ac5292cede5ca925b73397b4a832c521ba [1ms]
[2022-10-14T23:49:21.485Z] > git show --textconv :restaurants/models.py [1ms]
[2022-10-14T23:49:55.619Z] > git show --textconv :restaurants/api/api.py [7ms]
[2022-10-14T23:49:55.620Z] > git ls-files --stage -- /home/ubuntu/buenComensalProject/restaurants/api/api.py [1ms]
[2022-10-14T23:49:55.628Z] > git cat-file -s 026c9d2bee3bd2ac839fcc43e2b6c5d5c750130d [1ms]
[2022-10-14T23:49:58.859Z] > git show --textconv :restaurants/api/serializers.py [8ms]
[2022-10-14T23:49:58.860Z] > git ls-files --stage -- /home/ubuntu/buenComensalProject/restaurants/api/serializers.py [1ms]
[2022-10-14T23:49:58.868Z] > git cat-file -s 79aacb968f60e1bd26cae1e93440fc8973397a1e [1ms]
[2022-10-14T23:50:02.885Z] > git show --textconv :restaurants/api/api.py [8ms]
[2022-10-14T23:50:02.886Z] > git ls-files --stage -- /home/ubuntu/buenComensalProject/restaurants/api/api.py [2ms]
[2022-10-14T23:50:02.894Z] > git cat-file -s 026c9d2bee3bd2ac839fcc43e2b6c5d5c750130d [2ms]
[2022-10-15T00:01:01.390Z] > git fetch [44ms]
[2022-10-15T00:01:01.492Z] > git status -z -uall [61ms]
[2022-10-15T00:01:01.532Z] > git symbolic-ref --short HEAD [3ms]
[2022-10-15T00:01:01.559Z] > git for-each-ref --format=%(refname)%00%(upstream:short)%00%(objectname)%00%(upstream:track)%00%(upstream:remotename)%00%(upstream:remoteref) refs/heads/master refs/remotes/master [6ms]
[2022-10-15T00:01:01.635Z] > git remote --verbose [8ms]
[2022-10-15T00:01:01.635Z] > git for-each-ref --sort -committerdate --format %(refname) %(objectname) %(*objectname) [67ms]
[2022-10-15T00:01:01.660Z] > git config --get commit.template [2ms]
[2022-10-15T00:01:02.676Z] > git status -z -uall [3ms]
[2022-10-15T00:01:02.684Z] > git symbolic-ref --short HEAD [1ms]
[2022-10-15T00:01:02.692Z] > git for-each-ref --format=%(refname)%00%(upstream:short)%00%(objectname)%00%(upstream:track)%00%(upstream:remotename)%00%(upstream:remoteref) refs/heads/master refs/remotes/master [1ms]
[2022-10-15T00:01:02.728Z] > git for-each-ref --sort -committerdate --format %(refname) %(objectname) %(*objectname) [28ms]
[2022-10-15T00:01:02.730Z] > git remote --verbose [3ms]
[2022-10-15T00:01:02.744Z] > git config --get commit.template [1ms]
[2022-10-15T00:01:02.947Z] > git ls-files --stage -- /home/ubuntu/buenComensalProject/restaurants/api/api.py [1ms]
[2022-10-15T00:01:02.956Z] > git cat-file -s 026c9d2bee3bd2ac839fcc43e2b6c5d5c750130d [2ms]
[2022-10-15T00:01:03.142Z] > git show --textconv :restaurants/api/api.py [3ms]
[2022-10-15T00:26:31.701Z] > git fetch [14ms]
[2022-10-15T00:26:31.712Z] > git status -z -uall [4ms]
[2022-10-15T00:26:31.729Z] > git symbolic-ref --short HEAD [1ms]
[2022-10-15T00:26:31.737Z] > git for-each-ref --format=%(refname)%00%(upstream:short)%00%(objectname)%00%(upstream:track)%00%(upstream:remotename)%00%(upstream:remoteref) refs/heads/master refs/remotes/master [1ms]
[2022-10-15T00:26:31.759Z] > git remote --verbose [2ms]
[2022-10-15T00:26:31.759Z] > git for-each-ref --sort -committerdate --format %(refname) %(objectname) %(*objectname) [13ms]
[2022-10-15T00:26:31.774Z] > git config --get commit.template [2ms]
[2022-10-15T00:26:32.954Z] > git status -z -uall [5ms]
[2022-10-15T00:26:32.962Z] > git symbolic-ref --short HEAD [1ms]
[2022-10-15T00:26:32.971Z] > git for-each-ref --format=%(refname)%00%(upstream:short)%00%(objectname)%00%(upstream:track)%00%(upstream:remotename)%00%(upstream:remoteref) refs/heads/master refs/remotes/master [2ms]
[2022-10-15T00:26:32.985Z] > git for-each-ref --sort -committerdate --format %(refname) %(objectname) %(*objectname) [7ms]
[2022-10-15T00:26:32.986Z] > git remote --verbose [1ms]
[2022-10-15T00:26:33.036Z] > git config --get commit.template [2ms]
[2022-10-15T00:26:33.228Z] > git ls-files --stage -- /home/ubuntu/buenComensalProject/restaurants/api/api.py [4ms]
[2022-10-15T00:26:33.237Z] > git cat-file -s 026c9d2bee3bd2ac839fcc43e2b6c5d5c750130d [1ms]
[2022-10-15T00:26:33.636Z] > git show --textconv :restaurants/api/api.py [3ms]
[2022-10-15T00:26:34.131Z] > git check-ignore -v -z --stdin [2ms]
[2022-10-15T00:26:49.233Z] > git add -A -- /home/ubuntu/buenComensalProject/restaurants/api/serializers.py [11ms]
[2022-10-15T00:26:49.248Z] > git status -z -uall [7ms]
[2022-10-15T00:26:49.256Z] > git symbolic-ref --short HEAD [0ms]
[2022-10-15T00:26:49.265Z] > git for-each-ref --format=%(refname)%00%(upstream:short)%00%(objectname)%00%(upstream:track)%00%(upstream:remotename)%00%(upstream:remoteref) refs/heads/master refs/remotes/master [2ms]
[2022-10-15T00:26:49.340Z] > git for-each-ref --sort -committerdate --format %(refname) %(objectname) %(*objectname) [10ms]
[2022-10-15T00:26:49.341Z] > git remote --verbose [3ms]
[2022-10-15T00:26:49.353Z] > git config --get commit.template [2ms]
[2022-10-15T00:26:49.554Z] > git -c user.useConfigOnly=true commit --quiet --allow-empty-message --file - [115ms]
[2022-10-15T00:26:49.637Z] > git status -z -uall [6ms]
[2022-10-15T00:26:49.649Z] > git symbolic-ref --short HEAD [2ms]
[2022-10-15T00:26:49.738Z] > git for-each-ref --format=%(refname)%00%(upstream:short)%00%(objectname)%00%(upstream:track)%00%(upstream:remotename)%00%(upstream:remoteref) refs/heads/master refs/remotes/master [5ms]
[2022-10-15T00:26:49.835Z] > git remote --verbose [6ms]
[2022-10-15T00:26:49.836Z] > git for-each-ref --sort -committerdate --format %(refname) %(objectname) %(*objectname) [91ms]
[2022-10-15T00:26:49.926Z] > git config --get commit.template [78ms]
[2022-10-15T00:26:49.953Z] > git config --get commit.template [10ms]
[2022-10-15T00:26:50.129Z] > git status -z -uall [48ms]
[2022-10-15T00:26:50.138Z] > git symbolic-ref --short HEAD [2ms]
[2022-10-15T00:26:50.148Z] > git for-each-ref --format=%(refname)%00%(upstream:short)%00%(objectname)%00%(upstream:track)%00%(upstream:remotename)%00%(upstream:remoteref) refs/heads/master refs/remotes/master [2ms]
[2022-10-15T00:26:50.234Z] > git for-each-ref --sort -committerdate --format %(refname) %(objectname) %(*objectname) [9ms]
[2022-10-15T00:26:50.236Z] > git remote --verbose [2ms]
[2022-10-15T00:26:50.250Z] > git config --get commit.template [2ms]
[2022-10-15T00:26:51.142Z] > git ls-files --stage -- /home/ubuntu/buenComensalProject/restaurants/api/api.py [2ms]
[2022-10-15T00:26:51.153Z] > git cat-file -s 026c9d2bee3bd2ac839fcc43e2b6c5d5c750130d [2ms]
[2022-10-15T00:26:51.355Z] > git show --textconv :restaurants/api/api.py [3ms]
[2022-10-15T00:26:55.265Z] > git status -z -uall [5ms]
[2022-10-15T00:26:55.275Z] > git symbolic-ref --short HEAD [1ms]
[2022-10-15T00:26:55.284Z] > git for-each-ref --format=%(refname)%00%(upstream:short)%00%(objectname)%00%(upstream:track)%00%(upstream:remotename)%00%(upstream:remoteref) refs/heads/master refs/remotes/master [1ms]
[2022-10-15T00:26:55.299Z] > git for-each-ref --sort -committerdate --format %(refname) %(objectname) %(*objectname) [8ms]
[2022-10-15T00:26:55.326Z] > git remote --verbose [28ms]
[2022-10-15T00:26:55.337Z] > git config --get commit.template [2ms]
[2022-10-15T00:27:06.833Z] > git push Buen-Comensal master [2059ms]
[2022-10-15T00:27:06.833Z] To https://github.com/valensab/Buen-Comensal.git
   96f87a3..665c235  master -> master
[2022-10-15T00:27:06.849Z] > git status -z -uall [4ms]
[2022-10-15T00:27:06.859Z] > git symbolic-ref --short HEAD [0ms]
[2022-10-15T00:27:06.868Z] > git for-each-ref --format=%(refname)%00%(upstream:short)%00%(objectname)%00%(upstream:track)%00%(upstream:remotename)%00%(upstream:remoteref) refs/heads/master refs/remotes/master [1ms]
[2022-10-15T00:27:06.930Z] > git remote --verbose [2ms]
[2022-10-15T00:27:06.930Z] > git for-each-ref --sort -committerdate --format %(refname) %(objectname) %(*objectname) [52ms]
[2022-10-15T00:27:06.943Z] > git config --get commit.template [2ms]
[2022-10-15T00:43:50.390Z] > git fetch [3ms]
[2022-10-15T00:43:50.401Z] > git status -z -uall [4ms]
[2022-10-15T00:43:50.412Z] > git symbolic-ref --short HEAD [2ms]
[2022-10-15T00:43:50.426Z] > git for-each-ref --format=%(refname)%00%(upstream:short)%00%(objectname)%00%(upstream:track)%00%(upstream:remotename)%00%(upstream:remoteref) refs/heads/master refs/remotes/master [7ms]
[2022-10-15T00:43:50.442Z] > git for-each-ref --sort -committerdate --format %(refname) %(objectname) %(*objectname) [9ms]
[2022-10-15T00:43:50.443Z] > git remote --verbose [2ms]
[2022-10-15T00:43:50.453Z] > git config --get commit.template [2ms]
[2022-10-15T00:43:51.630Z] > git status -z -uall [6ms]
[2022-10-15T00:43:51.641Z] > git symbolic-ref --short HEAD [2ms]
[2022-10-15T00:43:51.650Z] > git for-each-ref --format=%(refname)%00%(upstream:short)%00%(objectname)%00%(upstream:track)%00%(upstream:remotename)%00%(upstream:remoteref) refs/heads/master refs/remotes/master [2ms]
[2022-10-15T00:43:51.667Z] > git for-each-ref --sort -committerdate --format %(refname) %(objectname) %(*objectname) [9ms]
[2022-10-15T00:43:51.668Z] > git remote --verbose [2ms]
[2022-10-15T00:43:51.730Z] > git config --get commit.template [3ms]
[2022-10-15T00:43:51.911Z] > git ls-files --stage -- /home/ubuntu/buenComensalProject/restaurants/api/api.py [1ms]
[2022-10-15T00:43:51.918Z] > git cat-file -s 026c9d2bee3bd2ac839fcc43e2b6c5d5c750130d [1ms]
[2022-10-15T00:43:52.109Z] > git show --textconv :restaurants/api/api.py [1ms]
[2022-10-15T00:43:55.913Z] > git check-ignore -v -z --stdin [2ms]
[2022-10-15T00:44:29.932Z] > git show --textconv :restaurants/api/serializers.py [55ms]
[2022-10-15T00:44:29.933Z] > git ls-files --stage -- /home/ubuntu/buenComensalProject/restaurants/api/serializers.py [2ms]
[2022-10-15T00:44:29.942Z] > git cat-file -s 0c668786b03b445e941b83e21d21438e5ed353a7 [2ms]
[2022-10-15T00:47:01.598Z] > git fetch [9ms]
[2022-10-15T00:47:01.608Z] > git status -z -uall [3ms]
[2022-10-15T00:47:01.617Z] > git symbolic-ref --short HEAD [2ms]
[2022-10-15T00:47:01.629Z] > git for-each-ref --format=%(refname)%00%(upstream:short)%00%(objectname)%00%(upstream:track)%00%(upstream:remotename)%00%(upstream:remoteref) refs/heads/master refs/remotes/master [1ms]
[2022-10-15T00:47:01.645Z] > git remote --verbose [0ms]
[2022-10-15T00:47:01.646Z] > git for-each-ref --sort -committerdate --format %(refname) %(objectname) %(*objectname) [10ms]
[2022-10-15T00:47:01.655Z] > git config --get commit.template [0ms]
[2022-10-15T00:47:02.873Z] > git status -z -uall [4ms]
[2022-10-15T00:47:02.882Z] > git symbolic-ref --short HEAD [1ms]
[2022-10-15T00:47:02.891Z] > git for-each-ref --format=%(refname)%00%(upstream:short)%00%(objectname)%00%(upstream:track)%00%(upstream:remotename)%00%(upstream:remoteref) refs/heads/master refs/remotes/master [0ms]
[2022-10-15T00:47:02.928Z] > git remote --verbose [1ms]
[2022-10-15T00:47:02.929Z] > git for-each-ref --sort -committerdate --format %(refname) %(objectname) %(*objectname) [30ms]
[2022-10-15T00:47:02.938Z] > git config --get commit.template [2ms]
[2022-10-15T00:52:24.850Z] > git fetch [225ms]
[2022-10-15T00:52:25.237Z] > git status -z -uall [298ms]
[2022-10-15T00:52:25.253Z] > git symbolic-ref --short HEAD [3ms]
[2022-10-15T00:52:25.334Z] > git for-each-ref --format=%(refname)%00%(upstream:short)%00%(objectname)%00%(upstream:track)%00%(upstream:remotename)%00%(upstream:remoteref) refs/heads/master refs/remotes/master [2ms]
[2022-10-15T00:52:25.443Z] > git remote --verbose [13ms]
[2022-10-15T00:52:25.444Z] > git for-each-ref --sort -committerdate --format %(refname) %(objectname) %(*objectname) [90ms]
[2022-10-15T00:52:25.531Z] > git config --get commit.template [3ms]
