[2022-05-03 00:48:44.461] [exthost] [info] Extension host with pid 37428 started
[2022-05-03 00:48:44.465] [exthost] [error] Error: EEXIST: file already exists, open '/home/ubuntu/.vscode-server/data/User/workspaceStorage/33db89fc36b95e274c7f9ccda8cc4b3f/vscode.lock'
[2022-05-03 00:48:44.466] [exthost] [info] Lock '/home/ubuntu/.vscode-server/data/User/workspaceStorage/33db89fc36b95e274c7f9ccda8cc4b3f/vscode.lock': Could not acquire lock, checking if the file is stale.
[2022-05-03 00:48:44.470] [exthost] [info] Lock '/home/ubuntu/.vscode-server/data/User/workspaceStorage/33db89fc36b95e274c7f9ccda8cc4b3f/vscode.lock': The lock does not look stale, elapsed: 530 ms, giving up.
[2022-05-03 00:48:44.527] [exthost] [info] Lock '/home/ubuntu/.vscode-server/data/User/workspaceStorage/33db89fc36b95e274c7f9ccda8cc4b3f-1/vscode.lock': Lock acquired.
[2022-05-03 00:48:44.776] [exthost] [info] ExtensionService#_doActivateExtension ms-python.python, startup: false, activationEvent: 'onLanguage:python'
[2022-05-03 00:48:46.027] [exthost] [info] ExtensionService#_doActivateExtension ms-toolsai.jupyter, startup: false, activationEvent: 'onLanguage:python'
[2022-05-03 00:48:47.653] [exthost] [info] ExtensionService#_doActivateExtension vscode.debug-auto-launch, startup: true, activationEvent: '*'
[2022-05-03 00:48:47.657] [exthost] [info] ExtensionService#_doActivateExtension vscode.git-base, startup: true, activationEvent: '*', root cause: vscode.git
[2022-05-03 00:48:47.662] [exthost] [info] ExtensionService#_doActivateExtension vscode.ipynb, startup: true, activationEvent: '*'
[2022-05-03 00:48:48.348] [exthost] [info] ExtensionService#_doActivateExtension vscode.git, startup: true, activationEvent: '*'
[2022-05-03 00:48:48.564] [exthost] [info] ExtensionService#_doActivateExtension vscode.github, startup: true, activationEvent: '*'
[2022-05-03 00:48:50.055] [exthost] [info] ExtensionService#_doActivateExtension ms-toolsai.jupyter-renderers, startup: false, activationEvent: 'api', root cause: ms-toolsai.jupyter
[2022-05-03 00:48:50.430] [exthost] [info] ExtensionService#_doActivateExtension ms-python.vscode-pylance, startup: false, activationEvent: 'onLanguage:python'
[2022-05-03 00:48:51.253] [exthost] [info] ExtensionService#_doActivateExtension vscode.emmet, startup: false, activationEvent: 'onStartupFinished'
[2022-05-03 00:48:51.332] [exthost] [info] ExtensionService#_doActivateExtension vscode.merge-conflict, startup: false, activationEvent: 'onStartupFinished'
[2022-05-03 00:48:51.341] [exthost] [info] ExtensionService#_doActivateExtension ritwickdey.LiveServer, startup: false, activationEvent: 'onStartupFinished'
[2022-05-03 00:48:51.949] [exthost] [info] Eager extensions activated
[2022-05-03 01:55:39.613] [exthost] [info] extension host terminating: renderer disconnected for too long (2)
[2022-05-03 01:55:39.615] [exthost] [info] Lock '/home/ubuntu/.vscode-server/data/User/workspaceStorage/33db89fc36b95e274c7f9ccda8cc4b3f-1/vscode.lock': Marking the lockfile as scheduled to be released in 6000 ms.
[2022-05-03 01:55:39.638] [exthost] [info] Extension host with pid 37428 exiting with code 0
