[Info  - 12:27:55 AM] (36519) Pylance language server 2022.4.3 (pyright 88f2a424) starting
[Info  - 12:27:55 AM] (36519) Server root directory: /home/ubuntu/.vscode-server/extensions/ms-python.vscode-pylance-2022.4.3/dist
[Info  - 12:27:56 AM] (36519) No configuration file found.
[Info  - 12:27:56 AM] (36519) No pyproject.toml file found.
[Info  - 12:27:56 AM] (36519) Setting pythonPath for service "buenComensalProject": "/usr/bin/python3"
[Warn  - 12:27:56 AM] (36519) stubPath /home/ubuntu/buenComensalProject/typings is not a valid directory.
[Info  - 12:27:56 AM] (36519) Assuming Python version 3.8
[Info  - 12:27:56 AM] (36519) Assuming Python platform Linux
[Info  - 12:27:58 AM] (36519) Searching for source files
[Info  - 12:27:59 AM] (36519) Found 51 source files
[Info  - 12:27:59 AM] (36519) Background analysis(1) root directory: /home/ubuntu/.vscode-server/extensions/ms-python.vscode-pylance-2022.4.3/dist
[Info  - 12:27:59 AM] (36519) Background analysis(1) started
[Info  - 12:28:02 AM] (36519) Indexer background runner(2) root directory: /home/ubuntu/.vscode-server/extensions/ms-python.vscode-pylance-2022.4.3/dist (index)
[Info  - 12:28:03 AM] (36519) Indexing(2) started
[Info  - 12:28:09 AM] (36519) [FG] Long operation: parsing: /home/ubuntu/.vscode-server/extensions/ms-python.vscode-pylance-2022.4.3/dist/typeshed-fallback/stdlib/typing_extensions.pyi (2695ms)
[Info  - 12:28:09 AM] (36519) [BG(1)] Long operation: parsing: /home/ubuntu/.vscode-server/extensions/ms-python.vscode-pylance-2022.4.3/dist/typeshed-fallback/stdlib/builtins.pyi (3000ms)
[Info  - 12:28:11 AM] (36519) [BG(1)] Long operation: binding: /home/ubuntu/.vscode-server/extensions/ms-python.vscode-pylance-2022.4.3/dist/typeshed-fallback/stdlib/builtins.pyi (3180ms)
[Info  - 12:28:13 AM] (36519) [IDX(2)] Long operation: read stdlib indices (3397ms)
[Info  - 12:28:27 AM] (36519) [BG(1)] Long operation: analyzing: /home/ubuntu/buenComensalProject/restaurants/models.py (7613ms)
[Info  - 12:28:41 AM] (36519) [BG(1)] Long operation: parsing: /home/ubuntu/buenComensalProject/manage.py (30432ms)
[Info  - 12:28:51 AM] (36519) [IDX(2)] Long operation: scan packages (45104ms)
[Info  - 12:28:51 AM] (36519) [BG(1)] Long operation: getSemanticTokens full at /home/ubuntu/buenComensalProject/restaurants/models.py (10417ms)
[Info  - 12:28:54 AM] (36519) [IDX(2)] Long operation: parsing: /home/ubuntu/.vscode-server/extensions/ms-python.vscode-pylance-2022.4.3/dist/typeshed-fallback/stubs/PyYAML/yaml/__init__.pyi (3494ms)
[Info  - 12:36:16 AM] (36519) [BG(1)] Long operation: parsing: /home/ubuntu/buenComensalProject/restaurants/api/serializers.py (7163ms)
[Info  - 12:36:26 AM] (36519) [BG(1)] Long operation: binding: /home/ubuntu/buenComensalProject/restaurants/api/serializers.py (3366ms)
[Info  - 12:36:49 AM] (36519) [BG(1)] Long operation: parsing: /home/ubuntu/.local/lib/python3.8/site-packages/rest_framework/validators.py (235509ms)
[Info  - 12:37:51 AM] (36519) [BG(1)] Long operation: parsing: /home/ubuntu/.local/lib/python3.8/site-packages/rest_framework/utils/formatting.py (32085ms)
[Info  - 12:37:51 AM] (36519) [BG(1)] Long operation: parsing: /home/ubuntu/.local/lib/python3.8/site-packages/rest_framework/authtoken/models.py (6999ms)
[Info  - 12:37:51 AM] (36519) [BG(1)] Long operation: binding: /home/ubuntu/.local/lib/python3.8/site-packages/rest_framework/authtoken/models.py (4312ms)
[Info  - 12:37:51 AM] (36519) [BG(1)] Long operation: parsing: /home/ubuntu/.local/lib/python3.8/site-packages/rest_framework/authtoken/views.py (15204ms)
[Info  - 12:37:51 AM] (36519) [IDX(2)] Long operation: parsing: /home/ubuntu/.vscode-server/extensions/ms-python.vscode-pylance-2022.4.3/dist/bundled/stubs/openpyxl/workbook/workbook.pyi (524367ms)
[Info  - 12:37:51 AM] (36519) [IDX(2)] Long operation: indexing: /home/ubuntu/.vscode-server/extensions/ms-python.vscode-pylance-2022.4.3/dist/typeshed-fallback/stubs/openpyxl/openpyxl/__init__.pyi (531313ms)
[Info  - 12:38:04 AM] (36519) [IDX(2)] Long operation: parsing: /home/ubuntu/.vscode-server/extensions/ms-python.vscode-pylance-2022.4.3/dist/typeshed-fallback/stubs/requests/requests/api.pyi (2013ms)
[Info  - 12:38:07 AM] (36519) [BG(1)] Long operation: parsing: /home/ubuntu/.local/lib/python3.8/site-packages/rest_framework/exceptions.py (5173ms)
[Info  - 12:38:15 AM] (36519) [BG(1)] Long operation: binding: /home/ubuntu/.local/lib/python3.8/site-packages/rest_framework/utils/serializer_helpers.py (3629ms)
[Info  - 12:38:19 AM] (36519) [IDX(2)] Long operation: parsing: /home/ubuntu/.vscode-server/extensions/ms-python.vscode-pylance-2022.4.3/dist/typeshed-fallback/stubs/requests/requests/models.pyi (6937ms)
[Info  - 12:38:26 AM] (36519) [BG(1)] Long operation: parsing: /home/ubuntu/.vscode-server/extensions/ms-python.vscode-pylance-2022.4.3/dist/typeshed-fallback/stdlib/collections/__init__.pyi (5614ms)
[Info  - 12:38:39 AM] (36519) [IDX(2)] Long operation: indexing: /home/ubuntu/.vscode-server/extensions/ms-python.vscode-pylance-2022.4.3/dist/typeshed-fallback/stubs/requests/requests/__init__.pyi (14214ms)
[Info  - 12:39:25 AM] (36519) [IDX(2)] Long operation: parsing: /home/ubuntu/.vscode-server/extensions/ms-python.vscode-pylance-2022.4.3/dist/typeshed-fallback/stubs/setuptools/pkg_resources/__init__.pyi (5405ms)
[Info  - 12:39:35 AM] (36519) [IDX(2)] Long operation: binding: /home/ubuntu/.vscode-server/extensions/ms-python.vscode-pylance-2022.4.3/dist/typeshed-fallback/stubs/setuptools/pkg_resources/__init__.pyi (5232ms)
