[2022-10-12 22:47:57.438] [exthost] [info] Extension host with pid 899634 started
[2022-10-12 22:47:57.735] [exthost] [info] Lock '/home/ubuntu/.vscode-server/data/User/workspaceStorage/33db89fc36b95e274c7f9ccda8cc4b3f/vscode.lock': Lock acquired.
[2022-10-12 22:47:57.849] [exthost] [info] ExtensionService#_doActivateExtension ms-python.python, startup: false, activationEvent: 'onLanguage:python'
[2022-10-12 22:47:57.851] [exthost] [info] ExtensionService#_doActivateExtension ms-toolsai.jupyter, startup: false, activationEvent: 'onLanguage:python'
[2022-10-12 22:47:57.925] [exthost] [info] ExtensionService#_doActivateExtension vscode.debug-auto-launch, startup: true, activationEvent: '*'
[2022-10-12 22:47:57.925] [exthost] [info] ExtensionService#_doActivateExtension vscode.git-base, startup: true, activationEvent: '*', root cause: vscode.git
[2022-10-12 22:47:57.926] [exthost] [info] ExtensionService#_doActivateExtension vscode.ipynb, startup: true, activationEvent: '*'
[2022-10-12 22:48:02.831] [exthost] [info] ExtensionService#_doActivateExtension vscode.git, startup: true, activationEvent: '*'
[2022-10-12 22:48:02.832] [exthost] [info] ExtensionService#_doActivateExtension vscode.github, startup: true, activationEvent: '*'
[2022-10-12 22:48:09.143] [exthost] [info] ExtensionService#_doActivateExtension ms-toolsai.jupyter-renderers, startup: false, activationEvent: 'api', root cause: ms-toolsai.jupyter
[2022-10-12 22:48:09.450] [exthost] [info] ExtensionService#_doActivateExtension vscode.emmet, startup: false, activationEvent: 'onStartupFinished'
[2022-10-12 22:48:09.451] [exthost] [info] ExtensionService#_doActivateExtension vscode.merge-conflict, startup: false, activationEvent: 'onStartupFinished'
[2022-10-12 22:48:09.451] [exthost] [info] ExtensionService#_doActivateExtension ritwickdey.LiveServer, startup: false, activationEvent: 'onStartupFinished'
[2022-10-12 22:48:12.226] [exthost] [warning] [Decorations] CAPPING events from decorations provider vscode.git 312
[2022-10-12 22:48:13.534] [exthost] [info] Eager extensions activated
[2022-10-12 22:48:14.231] [exthost] [warning] [Decorations] CAPPING events from decorations provider vscode.git 312
[2022-10-12 22:48:15.635] [exthost] [warning] [Decorations] CAPPING events from decorations provider vscode.git 312
[2022-10-12 22:48:18.234] [exthost] [warning] [Decorations] CAPPING events from decorations provider vscode.git 312
[2022-10-12 22:51:15.141] [exthost] [warning] [Decorations] CAPPING events from decorations provider vscode.git 312
[2022-10-12 22:51:16.529] [exthost] [warning] [Decorations] CAPPING events from decorations provider vscode.git 312
[2022-10-12 22:54:15.244] [exthost] [warning] [Decorations] CAPPING events from decorations provider vscode.git 312
[2022-10-12 22:54:16.628] [exthost] [warning] [Decorations] CAPPING events from decorations provider vscode.git 312
[2022-10-12 22:57:15.353] [exthost] [warning] [Decorations] CAPPING events from decorations provider vscode.git 312
[2022-10-12 22:57:16.631] [exthost] [warning] [Decorations] CAPPING events from decorations provider vscode.git 312
[2022-10-12 23:02:49.064] [exthost] [warning] [Decorations] CAPPING events from decorations provider vscode.git 312
[2022-10-12 23:04:30.546] [exthost] [warning] [Decorations] CAPPING events from decorations provider vscode.git 312
[2022-10-12 23:19:32.845] [exthost] [warning] [Decorations] CAPPING events from decorations provider vscode.git 312
[2022-10-12 23:31:50.156] [exthost] [warning] [Decorations] CAPPING events from decorations provider vscode.git 313
[2022-10-12 23:31:50.537] [exthost] [warning] [Decorations] CAPPING events from decorations provider vscode.git 313
[2022-10-12 23:31:55.341] [exthost] [warning] [Decorations] CAPPING events from decorations provider vscode.git 313
[2022-10-12 23:35:51.862] [exthost] [warning] [Decorations] CAPPING events from decorations provider vscode.git 314
[2022-10-12 23:35:53.227] [exthost] [warning] [Decorations] CAPPING events from decorations provider vscode.git 314
[2022-10-12 23:38:11.431] [exthost] [warning] [Decorations] CAPPING events from decorations provider vscode.git 315
[2022-10-12 23:38:58.853] [exthost] [warning] [Decorations] CAPPING events from decorations provider vscode.git 315
[2022-10-12 23:39:03.129] [exthost] [warning] [Decorations] CAPPING events from decorations provider vscode.git 315
[2022-10-12 23:41:58.950] [exthost] [warning] [Decorations] CAPPING events from decorations provider vscode.git 315
[2022-10-12 23:42:00.245] [exthost] [warning] [Decorations] CAPPING events from decorations provider vscode.git 315
[2022-10-12 23:44:08.733] [exthost] [warning] [Decorations] CAPPING events from decorations provider vscode.git 316
[2022-10-12 23:44:59.044] [exthost] [warning] [Decorations] CAPPING events from decorations provider vscode.git 316
[2022-10-12 23:45:00.342] [exthost] [warning] [Decorations] CAPPING events from decorations provider vscode.git 316
[2022-10-12 23:48:19.127] [exthost] [warning] [Decorations] CAPPING events from decorations provider vscode.git 316
[2022-10-12 23:48:30.359] [exthost] [warning] [Decorations] CAPPING events from decorations provider vscode.git 316
[2022-10-13 01:27:10.936] [exthost] [warning] [Decorations] CAPPING events from decorations provider vscode.git 356
[2022-10-13 01:27:12.430] [exthost] [warning] [Decorations] CAPPING events from decorations provider vscode.git 356
[2022-10-13 01:27:35.937] [exthost] [warning] [Decorations] CAPPING events from decorations provider vscode.git 356
[2022-10-13 01:27:36.445] [exthost] [warning] [Decorations] CAPPING events from decorations provider vscode.git 356
[2022-10-13 01:34:17.440] [exthost] [warning] [Decorations] CAPPING events from decorations provider vscode.git 356
[2022-10-13 01:34:18.739] [exthost] [warning] [Decorations] CAPPING events from decorations provider vscode.git 356
[2022-10-13 01:34:34.828] [exthost] [warning] [Decorations] CAPPING events from decorations provider vscode.git 356
[2022-10-13 01:39:57.185] [exthost] [info] ExtensionService#_doActivateExtension vscode.css-language-features, startup: false, activationEvent: 'onLanguage:css'
[2022-10-13 01:40:10.945] [exthost] [info] Extension host terminating: received terminate message from renderer
[2022-10-13 01:40:10.946] [exthost] [info] Lock '/home/ubuntu/.vscode-server/data/User/workspaceStorage/33db89fc36b95e274c7f9ccda8cc4b3f/vscode.lock': Marking the lockfile as scheduled to be released in 6000 ms.
[2022-10-13 01:40:11.028] [exthost] [error] Canceled: Canceled
	at Object.R [as canceled] (/home/ubuntu/.vscode-server/bin/129500ee4c8ab7263461ffe327268ba56b9f210d/out/vs/workbench/api/node/extensionHostProcess.js:7:1204)
	at /home/ubuntu/.vscode-server/bin/129500ee4c8ab7263461ffe327268ba56b9f210d/out/vs/workbench/api/node/extensionHostProcess.js:100:9083
	at Array.forEach (<anonymous>)
	at i.dispose (/home/ubuntu/.vscode-server/bin/129500ee4c8ab7263461ffe327268ba56b9f210d/out/vs/workbench/api/node/extensionHostProcess.js:100:9031)
	at p.terminate (/home/ubuntu/.vscode-server/bin/129500ee4c8ab7263461ffe327268ba56b9f210d/out/vs/workbench/api/node/extensionHostProcess.js:102:10987)
	at p.terminate (/home/ubuntu/.vscode-server/bin/129500ee4c8ab7263461ffe327268ba56b9f210d/out/vs/workbench/api/node/extensionHostProcess.js:106:620)
	at m (/home/ubuntu/.vscode-server/bin/129500ee4c8ab7263461ffe327268ba56b9f210d/out/vs/workbench/api/node/extensionHostProcess.js:116:19115)
	at /home/ubuntu/.vscode-server/bin/129500ee4c8ab7263461ffe327268ba56b9f210d/out/vs/workbench/api/node/extensionHostProcess.js:116:17043
	at p.invoke (/home/ubuntu/.vscode-server/bin/129500ee4c8ab7263461ffe327268ba56b9f210d/out/vs/workbench/api/node/extensionHostProcess.js:61:145)
	at v.deliver (/home/ubuntu/.vscode-server/bin/129500ee4c8ab7263461ffe327268ba56b9f210d/out/vs/workbench/api/node/extensionHostProcess.js:61:2266)
	at b.fire (/home/ubuntu/.vscode-server/bin/129500ee4c8ab7263461ffe327268ba56b9f210d/out/vs/workbench/api/node/extensionHostProcess.js:61:1844)
	at c.fire (/home/ubuntu/.vscode-server/bin/129500ee4c8ab7263461ffe327268ba56b9f210d/out/vs/workbench/api/node/extensionHostProcess.js:69:19049)
	at s._receiveMessage (/home/ubuntu/.vscode-server/bin/129500ee4c8ab7263461ffe327268ba56b9f210d/out/vs/workbench/api/node/extensionHostProcess.js:69:23861)
	at /home/ubuntu/.vscode-server/bin/129500ee4c8ab7263461ffe327268ba56b9f210d/out/vs/workbench/api/node/extensionHostProcess.js:69:21304
	at p.invoke (/home/ubuntu/.vscode-server/bin/129500ee4c8ab7263461ffe327268ba56b9f210d/out/vs/workbench/api/node/extensionHostProcess.js:61:145)
	at v.deliver (/home/ubuntu/.vscode-server/bin/129500ee4c8ab7263461ffe327268ba56b9f210d/out/vs/workbench/api/node/extensionHostProcess.js:61:2266)
	at b.fire (/home/ubuntu/.vscode-server/bin/129500ee4c8ab7263461ffe327268ba56b9f210d/out/vs/workbench/api/node/extensionHostProcess.js:61:1844)
	at b.acceptChunk (/home/ubuntu/.vscode-server/bin/129500ee4c8ab7263461ffe327268ba56b9f210d/out/vs/workbench/api/node/extensionHostProcess.js:69:15880)
	at /home/ubuntu/.vscode-server/bin/129500ee4c8ab7263461ffe327268ba56b9f210d/out/vs/workbench/api/node/extensionHostProcess.js:69:15010
	at p.invoke (/home/ubuntu/.vscode-server/bin/129500ee4c8ab7263461ffe327268ba56b9f210d/out/vs/workbench/api/node/extensionHostProcess.js:61:145)
	at v.deliver (/home/ubuntu/.vscode-server/bin/129500ee4c8ab7263461ffe327268ba56b9f210d/out/vs/workbench/api/node/extensionHostProcess.js:61:2266)
	at b.fire (/home/ubuntu/.vscode-server/bin/129500ee4c8ab7263461ffe327268ba56b9f210d/out/vs/workbench/api/node/extensionHostProcess.js:61:1844)
	at b._processReadQueue (/home/ubuntu/.vscode-server/bin/129500ee4c8ab7263461ffe327268ba56b9f210d/out/vs/workbench/api/node/extensionHostProcess.js:69:34544) git.commit {"value":"vscode.git","_lower":"vscode.git"}
[2022-10-13 01:40:11.034] [exthost] [error] Canceled: Canceled
	at new C (/home/ubuntu/.vscode-server/bin/129500ee4c8ab7263461ffe327268ba56b9f210d/out/vs/workbench/api/node/extensionHostProcess.js:90:90699)
	at i._remoteCall (/home/ubuntu/.vscode-server/bin/129500ee4c8ab7263461ffe327268ba56b9f210d/out/vs/workbench/api/node/extensionHostProcess.js:100:13737)
	at Proxy.A.<computed>.z.charCodeAt.A.<computed> (/home/ubuntu/.vscode-server/bin/129500ee4c8ab7263461ffe327268ba56b9f210d/out/vs/workbench/api/node/extensionHostProcess.js:100:10292)
	at _.showMessage (/home/ubuntu/.vscode-server/bin/129500ee4c8ab7263461ffe327268ba56b9f210d/out/vs/workbench/api/node/extensionHostProcess.js:92:91633)
	at Object.showErrorMessage (/home/ubuntu/.vscode-server/bin/129500ee4c8ab7263461ffe327268ba56b9f210d/out/vs/workbench/api/node/extensionHostProcess.js:111:43349)
	at /home/ubuntu/.vscode-server/bin/129500ee4c8ab7263461ffe327268ba56b9f210d/extensions/git/dist/main.js:2:1069545
	at async n._executeContributedCommand (/home/ubuntu/.vscode-server/bin/129500ee4c8ab7263461ffe327268ba56b9f210d/out/vs/workbench/api/node/extensionHostProcess.js:90:111316) git.commit {"value":"vscode.git","_lower":"vscode.git"}
[2022-10-13 01:40:11.061] [exthost] [info] Extension host with pid 899634 exiting with code 0
