WARNING:pygls.protocol:Cancel notification for unknown message id "4"
WARNING:pygls.protocol:Cancel notification for unknown message id "6"
WARNING:pygls.protocol:Cancel notification for unknown message id "20"
WARNING:pygls.protocol:Cancel notification for unknown message id "37"
WARNING:pygls.protocol:Cancel notification for unknown message id "38"
WARNING:pygls.protocol:Cancel notification for unknown message id "39"
WARNING:pygls.protocol:Cancel notification for unknown message id "40"
WARNING:pygls.protocol:Cancel notification for unknown message id "42"
WARNING:pygls.protocol:Cancel notification for unknown message id "43"
WARNING:pygls.protocol:Cancel notification for unknown message id "41"
WARNING:pygls.protocol:Cancel notification for unknown message id "46"
WARNING:pygls.protocol:Cancel notification for unknown message id "44"
WARNING:pygls.protocol:Cancel notification for unknown message id "45"
WARNING:pygls.protocol:Cancel notification for unknown message id "50"
WARNING:pygls.protocol:Cancel notification for unknown message id "51"
WARNING:pygls.protocol:Cancel notification for unknown message id "48"
WARNING:pygls.protocol:Cancel notification for unknown message id "53"
WARNING:pygls.protocol:Cancel notification for unknown message id "112"
WARNING:pygls.protocol:Cancel notification for unknown message id "141"
WARNING:pygls.protocol:Cancel notification for unknown message id "144"
WARNING:pygls.protocol:Cancel notification for unknown message id "174"
WARNING:pygls.protocol:Cancel notification for unknown message id "218"
WARNING:pygls.protocol:Cancel notification for unknown message id "229"
WARNING:pygls.protocol:Cancel notification for unknown message id "230"
WARNING:pygls.protocol:Cancel notification for unknown message id "248"
WARNING:pygls.protocol:Cancel notification for unknown message id "258"
WARNING:pygls.protocol:Cancel notification for unknown message id "306"
ERROR:pygls.protocol:Failed to handle request 310 textDocument/codeAction partial_result_token=None work_done_token=None text_document=TextDocumentIdentifier(uri='file:///home/ubuntu/buenComensalProject/restaurants/views.py') range=48:70-48:70 context=CodeActionContext(diagnostics=[], only=None)
Traceback (most recent call last):
  File "/home/ubuntu/.vscode-server/extensions/ms-python.python-2022.6.2/pythonFiles/lib/jedilsp/pygls/protocol.py", line 331, in _handle_request
    self._execute_request(msg_id, handler, params)
  File "/home/ubuntu/.vscode-server/extensions/ms-python.python-2022.6.2/pythonFiles/lib/jedilsp/pygls/protocol.py", line 260, in _execute_request
    method_name, method_type, msg_id, handler(params))
  File "/home/ubuntu/.vscode-server/extensions/ms-python.python-2022.6.2/pythonFiles/lib/jedilsp/jedi_language_server/server.py", line 551, in code_action
    extract_variable_refactoring = jedi_script.extract_variable(
  File "/home/ubuntu/.vscode-server/extensions/ms-python.python-2022.6.2/pythonFiles/lib/jedilsp/jedi/api/helpers.py", line 487, in wrapper
    return func(self, line, column, *args, **kwargs)
  File "/home/ubuntu/.vscode-server/extensions/ms-python.python-2022.6.2/pythonFiles/lib/jedilsp/jedi/api/__init__.py", line 615, in extract_variable
    return extract_variable(
  File "/home/ubuntu/.vscode-server/extensions/ms-python.python-2022.6.2/pythonFiles/lib/jedilsp/jedi/api/refactoring/extract.py", line 19, in extract_variable
    nodes = _find_nodes(module_node, pos, until_pos)
  File "/home/ubuntu/.vscode-server/extensions/ms-python.python-2022.6.2/pythonFiles/lib/jedilsp/jedi/api/refactoring/extract.py", line 87, in _find_nodes
    nodes = _remove_unwanted_expression_nodes(parent_node, pos, until_pos)
  File "/home/ubuntu/.vscode-server/extensions/ms-python.python-2022.6.2/pythonFiles/lib/jedilsp/jedi/api/refactoring/extract.py", line 198, in _remove_unwanted_expression_nodes
    nodes[0:1] = _remove_unwanted_expression_nodes(nodes[0], pos, until_pos)
  File "/home/ubuntu/.vscode-server/extensions/ms-python.python-2022.6.2/pythonFiles/lib/jedilsp/jedi/api/refactoring/extract.py", line 196, in _remove_unwanted_expression_nodes
    nodes = nodes[start_index:end_index + 1]
UnboundLocalError: local variable 'start_index' referenced before assignment
[Error - 10:06:37 PM] Request textDocument/codeAction failed.
  Message: UnboundLocalError: local variable 'start_index' referenced before assignment
  Code: -32602 
{'traceback': ['  File "/home/ubuntu/.vscode-server/extensions/ms-python.python-2022.6.2/pythonFiles/lib/jedilsp/pygls/protocol.py", line 331, in _handle_request\n    self._execute_request(msg_id, handler, params)\n', '  File "/home/ubuntu/.vscode-server/extensions/ms-python.python-2022.6.2/pythonFiles/lib/jedilsp/pygls/protocol.py", line 260, in _execute_request\n    method_name, method_type, msg_id, handler(params))\n', '  File "/home/ubuntu/.vscode-server/extensions/ms-python.python-2022.6.2/pythonFiles/lib/jedilsp/jedi_language_server/server.py", line 551, in code_action\n    extract_variable_refactoring = jedi_script.extract_variable(\n', '  File "/home/ubuntu/.vscode-server/extensions/ms-python.python-2022.6.2/pythonFiles/lib/jedilsp/jedi/api/helpers.py", line 487, in wrapper\n    return func(self, line, column, *args, **kwargs)\n', '  File "/home/ubuntu/.vscode-server/extensions/ms-python.python-2022.6.2/pythonFiles/lib/jedilsp/jedi/api/__init__.py", line 615, in extract_variable\n    return extract_variable(\n', '  File "/home/ubuntu/.vscode-server/extensions/ms-python.python-2022.6.2/pythonFiles/lib/jedilsp/jedi/api/refactoring/extract.py", line 19, in extract_variable\n    nodes = _find_nodes(module_node, pos, until_pos)\n', '  File "/home/ubuntu/.vscode-server/extensions/ms-python.python-2022.6.2/pythonFiles/lib/jedilsp/jedi/api/refactoring/extract.py", line 87, in _find_nodes\n    nodes = _remove_unwanted_expression_nodes(parent_node, pos, until_pos)\n', '  File "/home/ubuntu/.vscode-server/extensions/ms-python.python-2022.6.2/pythonFiles/lib/jedilsp/jedi/api/refactoring/extract.py", line 198, in _remove_unwanted_expression_nodes\n    nodes[0:1] = _remove_unwanted_expression_nodes(nodes[0], pos, until_pos)\n', '  File "/home/ubuntu/.vscode-server/extensions/ms-python.python-2022.6.2/pythonFiles/lib/jedilsp/jedi/api/refactoring/extract.py", line 196, in _remove_unwanted_expression_nodes\n    nodes = nodes[start_index:end_index + 1]\n']}
WARNING:pygls.protocol:Cancel notification for unknown message id "311"
WARNING:pygls.protocol:Cancel notification for unknown message id "310"
WARNING:pygls.protocol:Cancel notification for unknown message id "314"
WARNING:pygls.protocol:Cancel notification for unknown message id "313"
WARNING:pygls.protocol:Cancel notification for unknown message id "317"
WARNING:pygls.protocol:Cancel notification for unknown message id "319"
WARNING:pygls.protocol:Cancel notification for unknown message id "320"
WARNING:pygls.protocol:Cancel notification for unknown message id "336"
WARNING:pygls.protocol:Cancel notification for unknown message id "346"
WARNING:pygls.protocol:Cancel notification for unknown message id "358"
WARNING:pygls.protocol:Cancel notification for unknown message id "409"
WARNING:pygls.protocol:Cancel notification for unknown message id "410"
WARNING:pygls.protocol:Cancel notification for unknown message id "411"
WARNING:pygls.protocol:Cancel notification for unknown message id "419"
WARNING:pygls.protocol:Cancel notification for unknown message id "428"
WARNING:pygls.protocol:Cancel notification for unknown message id "464"
WARNING:pygls.protocol:Cancel notification for unknown message id "466"
WARNING:pygls.protocol:Cancel notification for unknown message id "476"
WARNING:pygls.protocol:Cancel notification for unknown message id "477"
WARNING:pygls.protocol:Cancel notification for unknown message id "494"
WARNING:pygls.protocol:Cancel notification for unknown message id "517"
WARNING:pygls.protocol:Cancel notification for unknown message id "521"
WARNING:pygls.protocol:Cancel notification for unknown message id "522"
WARNING:pygls.protocol:Cancel notification for unknown message id "593"
WARNING:pygls.protocol:Cancel notification for unknown message id "661"
WARNING:pygls.protocol:Cancel notification for unknown message id "662"
WARNING:pygls.protocol:Cancel notification for unknown message id "733"
WARNING:pygls.protocol:Cancel notification for unknown message id "736"
WARNING:pygls.protocol:Cancel notification for unknown message id "787"
WARNING:pygls.protocol:Cancel notification for unknown message id "832"
WARNING:pygls.protocol:Cancel notification for unknown message id "887"
WARNING:pygls.protocol:Cancel notification for unknown message id "921"
WARNING:pygls.protocol:Cancel notification for unknown message id "922"
WARNING:pygls.protocol:Cancel notification for unknown message id "948"
ERROR:pygls.protocol:Failed to handle request 991 textDocument/hover work_done_token=None text_document=TextDocumentIdentifier(uri='file:///home/ubuntu/buenComensalProject/restaurants/models.py') position=54:0
Traceback (most recent call last):
  File "/home/ubuntu/.vscode-server/extensions/ms-python.python-2022.6.2/pythonFiles/lib/jedilsp/pygls/protocol.py", line 331, in _handle_request
    self._execute_request(msg_id, handler, params)
  File "/home/ubuntu/.vscode-server/extensions/ms-python.python-2022.6.2/pythonFiles/lib/jedilsp/pygls/protocol.py", line 260, in _execute_request
    method_name, method_type, msg_id, handler(params))
  File "/home/ubuntu/.vscode-server/extensions/ms-python.python-2022.6.2/pythonFiles/lib/jedilsp/jedi_language_server/server.py", line 352, in hover
    jedi_script.help(
  File "/home/ubuntu/.vscode-server/extensions/ms-python.python-2022.6.2/pythonFiles/lib/jedilsp/jedi/api/helpers.py", line 484, in wrapper
    raise ValueError('`column` parameter (%d) is not in a valid range '
ValueError: `column` parameter (1) is not in a valid range (0-0) for line 55 ('').
[Error - 10:49:22 PM] Request textDocument/hover failed.
  Message: ValueError: `column` parameter (1) is not in a valid range (0-0) for line 55 ('').
  Code: -32602 
{'traceback': ['  File "/home/ubuntu/.vscode-server/extensions/ms-python.python-2022.6.2/pythonFiles/lib/jedilsp/pygls/protocol.py", line 331, in _handle_request\n    self._execute_request(msg_id, handler, params)\n', '  File "/home/ubuntu/.vscode-server/extensions/ms-python.python-2022.6.2/pythonFiles/lib/jedilsp/pygls/protocol.py", line 260, in _execute_request\n    method_name, method_type, msg_id, handler(params))\n', '  File "/home/ubuntu/.vscode-server/extensions/ms-python.python-2022.6.2/pythonFiles/lib/jedilsp/jedi_language_server/server.py", line 352, in hover\n    jedi_script.help(\n', '  File "/home/ubuntu/.vscode-server/extensions/ms-python.python-2022.6.2/pythonFiles/lib/jedilsp/jedi/api/helpers.py", line 484, in wrapper\n    raise ValueError(\'`column` parameter (%d) is not in a valid range \'\n']}
WARNING:pygls.protocol:Cancel notification for unknown message id "994"
WARNING:pygls.protocol:Cancel notification for unknown message id "1001"
WARNING:pygls.protocol:Cancel notification for unknown message id "1024"
WARNING:pygls.protocol:Cancel notification for unknown message id "1089"
WARNING:pygls.protocol:Cancel notification for unknown message id "1131"
WARNING:pygls.protocol:Cancel notification for unknown message id "1181"
WARNING:pygls.protocol:Cancel notification for unknown message id "1197"
WARNING:pygls.protocol:Cancel notification for unknown message id "1198"
WARNING:pygls.protocol:Cancel notification for unknown message id "1241"
WARNING:pygls.protocol:Cancel notification for unknown message id "1251"
WARNING:pygls.protocol:Cancel notification for unknown message id "1322"
WARNING:pygls.protocol:Cancel notification for unknown message id "1387"
WARNING:pygls.protocol:Cancel notification for unknown message id "1399"
WARNING:pygls.protocol:Cancel notification for unknown message id "1401"
WARNING:pygls.protocol:Cancel notification for unknown message id "1403"
WARNING:pygls.protocol:Cancel notification for unknown message id "1404"
WARNING:pygls.protocol:Cancel notification for unknown message id "1425"
WARNING:pygls.protocol:Cancel notification for unknown message id "1472"
WARNING:pygls.protocol:Cancel notification for unknown message id "1492"
WARNING:pygls.protocol:Cancel notification for unknown message id "1516"
WARNING:pygls.protocol:Cancel notification for unknown message id "1531"
WARNING:pygls.protocol:Cancel notification for unknown message id "1544"
WARNING:pygls.protocol:Cancel notification for unknown message id "1545"
WARNING:pygls.protocol:Cancel notification for unknown message id "1547"
WARNING:pygls.protocol:Cancel notification for unknown message id "1578"
WARNING:pygls.protocol:Cancel notification for unknown message id "1583"
WARNING:pygls.protocol:Cancel notification for unknown message id "1591"
WARNING:pygls.protocol:Cancel notification for unknown message id "1595"
WARNING:pygls.protocol:Cancel notification for unknown message id "1604"
WARNING:pygls.protocol:Cancel notification for unknown message id "1680"
WARNING:pygls.protocol:Cancel notification for unknown message id "1684"
WARNING:pygls.protocol:Cancel notification for unknown message id "1690"
WARNING:pygls.protocol:Cancel notification for unknown message id "1715"
WARNING:pygls.protocol:Cancel notification for unknown message id "1759"
WARNING:pygls.protocol:Cancel notification for unknown message id "1760"
WARNING:pygls.protocol:Cancel notification for unknown message id "1761"
WARNING:pygls.protocol:Cancel notification for unknown message id "1777"
WARNING:pygls.protocol:Cancel notification for unknown message id "1803"
WARNING:pygls.protocol:Cancel notification for unknown message id "1808"
WARNING:pygls.protocol:Cancel notification for unknown message id "1950"
WARNING:pygls.protocol:Cancel notification for unknown message id "2071"
WARNING:pygls.protocol:Cancel notification for unknown message id "2111"
WARNING:pygls.protocol:Cancel notification for unknown message id "2149"
WARNING:pygls.protocol:Cancel notification for unknown message id "2196"
WARNING:pygls.protocol:Cancel notification for unknown message id "2221"
WARNING:pygls.protocol:Cancel notification for unknown message id "2222"
WARNING:pygls.protocol:Cancel notification for unknown message id "2225"
WARNING:pygls.protocol:Cancel notification for unknown message id "2242"
WARNING:pygls.protocol:Cancel notification for unknown message id "2263"
WARNING:pygls.protocol:Cancel notification for unknown message id "2280"
WARNING:pygls.protocol:Cancel notification for unknown message id "2290"
WARNING:pygls.protocol:Cancel notification for unknown message id "2297"
WARNING:pygls.protocol:Cancel notification for unknown message id "2331"
WARNING:pygls.protocol:Cancel notification for unknown message id "2353"
WARNING:pygls.protocol:Cancel notification for unknown message id "2371"
WARNING:pygls.protocol:Cancel notification for unknown message id "2388"
WARNING:pygls.protocol:Cancel notification for unknown message id "2398"
WARNING:pygls.protocol:Cancel notification for unknown message id "2400"
WARNING:pygls.protocol:Cancel notification for unknown message id "2414"
WARNING:pygls.protocol:Cancel notification for unknown message id "2416"
WARNING:pygls.protocol:Cancel notification for unknown message id "2415"
WARNING:pygls.protocol:Cancel notification for unknown message id "2417"
WARNING:pygls.protocol:Cancel notification for unknown message id "2419"
WARNING:pygls.protocol:Cancel notification for unknown message id "2418"
WARNING:pygls.protocol:Cancel notification for unknown message id "2420"
WARNING:pygls.protocol:Cancel notification for unknown message id "2422"
WARNING:pygls.protocol:Cancel notification for unknown message id "2424"
WARNING:pygls.protocol:Cancel notification for unknown message id "2423"
WARNING:pygls.protocol:Cancel notification for unknown message id "2434"
WARNING:pygls.protocol:Cancel notification for unknown message id "2445"
WARNING:pygls.protocol:Cancel notification for unknown message id "2449"
WARNING:pygls.protocol:Cancel notification for unknown message id "2495"
WARNING:pygls.protocol:Cancel notification for unknown message id "2493"
WARNING:pygls.protocol:Cancel notification for unknown message id "2496"
WARNING:pygls.protocol:Cancel notification for unknown message id "2498"
WARNING:pygls.protocol:Cancel notification for unknown message id "2538"
WARNING:pygls.protocol:Cancel notification for unknown message id "2582"
WARNING:pygls.protocol:Cancel notification for unknown message id "2584"
WARNING:pygls.protocol:Cancel notification for unknown message id "2673"
WARNING:pygls.protocol:Cancel notification for unknown message id "2692"
WARNING:pygls.protocol:Cancel notification for unknown message id "2857"
WARNING:pygls.protocol:Cancel notification for unknown message id "2865"
WARNING:pygls.protocol:Cancel notification for unknown message id "2866"
WARNING:pygls.protocol:Cancel notification for unknown message id "2867"
WARNING:pygls.protocol:Cancel notification for unknown message id "2868"
WARNING:pygls.protocol:Cancel notification for unknown message id "2869"
WARNING:pygls.protocol:Cancel notification for unknown message id "2872"
WARNING:pygls.protocol:Cancel notification for unknown message id "2890"
WARNING:pygls.protocol:Cancel notification for unknown message id "2957"
WARNING:pygls.protocol:Cancel notification for unknown message id "2959"
WARNING:pygls.protocol:Cancel notification for unknown message id "2991"
WARNING:pygls.protocol:Cancel notification for unknown message id "2992"
WARNING:pygls.protocol:Cancel notification for unknown message id "3018"
WARNING:pygls.protocol:Cancel notification for unknown message id "3031"
WARNING:pygls.protocol:Cancel notification for unknown message id "3029"
WARNING:pygls.protocol:Cancel notification for unknown message id "3060"
WARNING:pygls.protocol:Cancel notification for unknown message id "3067"
WARNING:pygls.protocol:Cancel notification for unknown message id "3084"
WARNING:pygls.protocol:Cancel notification for unknown message id "3088"
WARNING:pygls.protocol:Cancel notification for unknown message id "3092"
WARNING:pygls.protocol:Cancel notification for unknown message id "3094"
WARNING:pygls.protocol:Cancel notification for unknown message id "3098"
WARNING:pygls.protocol:Cancel notification for unknown message id "3106"
WARNING:pygls.protocol:Cancel notification for unknown message id "3111"
WARNING:pygls.protocol:Cancel notification for unknown message id "3112"
WARNING:pygls.protocol:Cancel notification for unknown message id "3114"
WARNING:pygls.protocol:Cancel notification for unknown message id "3127"
WARNING:pygls.protocol:Cancel notification for unknown message id "3182"
WARNING:pygls.protocol:Cancel notification for unknown message id "3183"
WARNING:pygls.protocol:Cancel notification for unknown message id "3184"
WARNING:pygls.protocol:Cancel notification for unknown message id "3185"
WARNING:pygls.protocol:Cancel notification for unknown message id "3220"
WARNING:pygls.protocol:Cancel notification for unknown message id "3222"
WARNING:pygls.protocol:Cancel notification for unknown message id "3228"
WARNING:pygls.protocol:Cancel notification for unknown message id "3229"
WARNING:pygls.protocol:Cancel notification for unknown message id "3273"
WARNING:pygls.protocol:Cancel notification for unknown message id "3302"
WARNING:pygls.protocol:Cancel notification for unknown message id "3310"
WARNING:pygls.protocol:Cancel notification for unknown message id "3386"
WARNING:pygls.protocol:Cancel notification for unknown message id "3387"
WARNING:pygls.protocol:Cancel notification for unknown message id "3394"
WARNING:pygls.protocol:Cancel notification for unknown message id "3395"
WARNING:pygls.protocol:Cancel notification for unknown message id "3399"
WARNING:pygls.protocol:Cancel notification for unknown message id "3412"
WARNING:pygls.protocol:Cancel notification for unknown message id "3442"
WARNING:pygls.protocol:Cancel notification for unknown message id "3445"
WARNING:pygls.protocol:Cancel notification for unknown message id "3447"
WARNING:pygls.protocol:Cancel notification for unknown message id "3479"
WARNING:pygls.protocol:Cancel notification for unknown message id "3508"
WARNING:pygls.protocol:Cancel notification for unknown message id "3510"
WARNING:pygls.protocol:Cancel notification for unknown message id "3509"
WARNING:pygls.protocol:Cancel notification for unknown message id "3514"
WARNING:pygls.protocol:Cancel notification for unknown message id "3526"
WARNING:pygls.protocol:Cancel notification for unknown message id "3538"
WARNING:pygls.protocol:Cancel notification for unknown message id "3598"
WARNING:pygls.protocol:Cancel notification for unknown message id "3632"
WARNING:pygls.protocol:Cancel notification for unknown message id "3633"
WARNING:pygls.protocol:Cancel notification for unknown message id "3635"
WARNING:pygls.protocol:Cancel notification for unknown message id "3636"
WARNING:pygls.protocol:Cancel notification for unknown message id "3645"
WARNING:pygls.protocol:Cancel notification for unknown message id "3651"
WARNING:pygls.protocol:Cancel notification for unknown message id "3653"
WARNING:pygls.protocol:Cancel notification for unknown message id "3654"
WARNING:pygls.protocol:Cancel notification for unknown message id "3656"
WARNING:pygls.protocol:Cancel notification for unknown message id "3658"
WARNING:pygls.protocol:Cancel notification for unknown message id "3672"
WARNING:pygls.protocol:Cancel notification for unknown message id "3673"
WARNING:pygls.protocol:Cancel notification for unknown message id "3675"
WARNING:pygls.protocol:Cancel notification for unknown message id "3676"
WARNING:pygls.protocol:Cancel notification for unknown message id "3677"
WARNING:pygls.protocol:Cancel notification for unknown message id "3679"
WARNING:pygls.protocol:Cancel notification for unknown message id "3680"
WARNING:pygls.protocol:Cancel notification for unknown message id "3681"
WARNING:pygls.protocol:Cancel notification for unknown message id "3682"
WARNING:pygls.protocol:Cancel notification for unknown message id "3693"
WARNING:pygls.protocol:Cancel notification for unknown message id "3709"
WARNING:pygls.protocol:Cancel notification for unknown message id "3725"
WARNING:pygls.protocol:Cancel notification for unknown message id "3738"
WARNING:pygls.protocol:Cancel notification for unknown message id "3753"
WARNING:pygls.protocol:Cancel notification for unknown message id "3758"
WARNING:pygls.protocol:Cancel notification for unknown message id "3771"
WARNING:pygls.protocol:Cancel notification for unknown message id "3793"
WARNING:pygls.protocol:Cancel notification for unknown message id "3818"
WARNING:pygls.protocol:Cancel notification for unknown message id "3824"
WARNING:pygls.protocol:Cancel notification for unknown message id "3838"
WARNING:pygls.protocol:Cancel notification for unknown message id "3845"
WARNING:pygls.protocol:Cancel notification for unknown message id "3844"
WARNING:pygls.protocol:Cancel notification for unknown message id "3855"
WARNING:pygls.protocol:Cancel notification for unknown message id "3856"
WARNING:pygls.protocol:Cancel notification for unknown message id "3874"
WARNING:pygls.protocol:Cancel notification for unknown message id "3875"
WARNING:pygls.protocol:Cancel notification for unknown message id "3876"
WARNING:pygls.protocol:Cancel notification for unknown message id "3878"
WARNING:pygls.protocol:Cancel notification for unknown message id "3880"
WARNING:pygls.protocol:Cancel notification for unknown message id "3883"
WARNING:pygls.protocol:Cancel notification for unknown message id "3906"
WARNING:pygls.protocol:Cancel notification for unknown message id "3905"
WARNING:pygls.protocol:Cancel notification for unknown message id "3908"
WARNING:pygls.protocol:Cancel notification for unknown message id "3911"
WARNING:pygls.protocol:Cancel notification for unknown message id "3913"
WARNING:pygls.protocol:Cancel notification for unknown message id "3915"
WARNING:pygls.protocol:Cancel notification for unknown message id "3916"
WARNING:pygls.protocol:Cancel notification for unknown message id "3918"
WARNING:pygls.protocol:Cancel notification for unknown message id "3921"
WARNING:pygls.protocol:Cancel notification for unknown message id "3924"
WARNING:pygls.protocol:Cancel notification for unknown message id "3930"
WARNING:pygls.protocol:Cancel notification for unknown message id "3934"
WARNING:pygls.protocol:Cancel notification for unknown message id "3981"
WARNING:pygls.protocol:Cancel notification for unknown message id "4015"
ERROR:pygls.protocol:Failed to handle request 4023 textDocument/codeAction partial_result_token=None work_done_token=None text_document=TextDocumentIdentifier(uri='file:///home/ubuntu/buenComensalProject/restaurants/views.py') range=42:91-42:91 context=CodeActionContext(diagnostics=[Diagnostic(range=42:91-43:0, message='SyntaxError: invalid syntax', severity=<DiagnosticSeverity.Error: 1>, code=None, code_description=None, source='jedi', related_information=None, tags=None, data=None)], only=None)
Traceback (most recent call last):
  File "/home/ubuntu/.vscode-server/extensions/ms-python.python-2022.6.2/pythonFiles/lib/jedilsp/pygls/protocol.py", line 331, in _handle_request
    self._execute_request(msg_id, handler, params)
  File "/home/ubuntu/.vscode-server/extensions/ms-python.python-2022.6.2/pythonFiles/lib/jedilsp/pygls/protocol.py", line 260, in _execute_request
    method_name, method_type, msg_id, handler(params))
  File "/home/ubuntu/.vscode-server/extensions/ms-python.python-2022.6.2/pythonFiles/lib/jedilsp/jedi_language_server/server.py", line 529, in code_action
    inline_refactoring = jedi_script.inline(*jedi_lines)
  File "/home/ubuntu/.vscode-server/extensions/ms-python.python-2022.6.2/pythonFiles/lib/jedilsp/jedi/api/__init__.py", line 684, in inline
    names = [d._name for d in self.get_references(line, column, include_builtins=True)]
  File "/home/ubuntu/.vscode-server/extensions/ms-python.python-2022.6.2/pythonFiles/lib/jedilsp/jedi/api/helpers.py", line 484, in wrapper
    raise ValueError('`column` parameter (%d) is not in a valid range '
ValueError: `column` parameter (91) is not in a valid range (0-90) for line 43 ('                tags = TagsRestaurant.objects.filter(restaurant= restaurant.id_restaurant)\n').
[Error - 12:47:38 AM] Request textDocument/codeAction failed.
  Message: ValueError: `column` parameter (91) is not in a valid range (0-90) for line 43 ('                tags = TagsRestaurant.objects.filter(restaurant= restaurant.id_restaurant)\n').
  Code: -32602 
{'traceback': ['  File "/home/ubuntu/.vscode-server/extensions/ms-python.python-2022.6.2/pythonFiles/lib/jedilsp/pygls/protocol.py", line 331, in _handle_request\n    self._execute_request(msg_id, handler, params)\n', '  File "/home/ubuntu/.vscode-server/extensions/ms-python.python-2022.6.2/pythonFiles/lib/jedilsp/pygls/protocol.py", line 260, in _execute_request\n    method_name, method_type, msg_id, handler(params))\n', '  File "/home/ubuntu/.vscode-server/extensions/ms-python.python-2022.6.2/pythonFiles/lib/jedilsp/jedi_language_server/server.py", line 529, in code_action\n    inline_refactoring = jedi_script.inline(*jedi_lines)\n', '  File "/home/ubuntu/.vscode-server/extensions/ms-python.python-2022.6.2/pythonFiles/lib/jedilsp/jedi/api/__init__.py", line 684, in inline\n    names = [d._name for d in self.get_references(line, column, include_builtins=True)]\n', '  File "/home/ubuntu/.vscode-server/extensions/ms-python.python-2022.6.2/pythonFiles/lib/jedilsp/jedi/api/helpers.py", line 484, in wrapper\n    raise ValueError(\'`column` parameter (%d) is not in a valid range \'\n']}
WARNING:pygls.protocol:Cancel notification for unknown message id "4023"
WARNING:pygls.protocol:Cancel notification for unknown message id "4038"
WARNING:pygls.protocol:Cancel notification for unknown message id "4039"
WARNING:pygls.protocol:Cancel notification for unknown message id "4040"
WARNING:pygls.protocol:Cancel notification for unknown message id "4043"
WARNING:pygls.protocol:Cancel notification for unknown message id "4042"
WARNING:pygls.protocol:Cancel notification for unknown message id "4044"
WARNING:pygls.protocol:Cancel notification for unknown message id "4046"
WARNING:pygls.protocol:Cancel notification for unknown message id "4045"
WARNING:pygls.protocol:Cancel notification for unknown message id "4048"
WARNING:pygls.protocol:Cancel notification for unknown message id "4052"
WARNING:pygls.protocol:Cancel notification for unknown message id "4060"
WARNING:pygls.protocol:Cancel notification for unknown message id "4061"
WARNING:pygls.protocol:Cancel notification for unknown message id "4063"
WARNING:pygls.protocol:Cancel notification for unknown message id "4064"
WARNING:pygls.protocol:Cancel notification for unknown message id "4062"
WARNING:pygls.protocol:Cancel notification for unknown message id "4067"
WARNING:pygls.protocol:Cancel notification for unknown message id "4107"
WARNING:pygls.protocol:Cancel notification for unknown message id "4134"
WARNING:pygls.protocol:Cancel notification for unknown message id "4160"
WARNING:pygls.protocol:Cancel notification for unknown message id "4187"
WARNING:pygls.protocol:Cancel notification for unknown message id "4204"
WARNING:pygls.protocol:Cancel notification for unknown message id "4223"
WARNING:pygls.protocol:Cancel notification for unknown message id "4227"
WARNING:pygls.protocol:Cancel notification for unknown message id "4243"
WARNING:pygls.protocol:Cancel notification for unknown message id "4244"
WARNING:pygls.protocol:Cancel notification for unknown message id "4245"
WARNING:pygls.protocol:Cancel notification for unknown message id "4249"
WARNING:pygls.protocol:Cancel notification for unknown message id "4250"
WARNING:pygls.protocol:Cancel notification for unknown message id "4252"
WARNING:pygls.protocol:Cancel notification for unknown message id "4251"
WARNING:pygls.protocol:Cancel notification for unknown message id "4253"
WARNING:pygls.protocol:Cancel notification for unknown message id "4256"
WARNING:pygls.protocol:Cancel notification for unknown message id "4280"
WARNING:pygls.protocol:Cancel notification for unknown message id "4281"
WARNING:pygls.protocol:Cancel notification for unknown message id "4285"
WARNING:pygls.protocol:Cancel notification for unknown message id "4286"
WARNING:pygls.protocol:Cancel notification for unknown message id "4295"
WARNING:pygls.protocol:Cancel notification for unknown message id "4297"
WARNING:pygls.protocol:Cancel notification for unknown message id "4298"
WARNING:pygls.protocol:Cancel notification for unknown message id "4305"
WARNING:pygls.protocol:Cancel notification for unknown message id "4306"
WARNING:pygls.protocol:Cancel notification for unknown message id "4307"
WARNING:pygls.protocol:Cancel notification for unknown message id "4326"
WARNING:pygls.protocol:Cancel notification for unknown message id "4328"
WARNING:pygls.protocol:Cancel notification for unknown message id "4331"
WARNING:pygls.protocol:Cancel notification for unknown message id "4346"
WARNING:pygls.protocol:Cancel notification for unknown message id "4356"
WARNING:pygls.protocol:Cancel notification for unknown message id "4357"
WARNING:pygls.protocol:Cancel notification for unknown message id "4359"
WARNING:pygls.protocol:Cancel notification for unknown message id "4394"
WARNING:pygls.protocol:Cancel notification for unknown message id "4396"
WARNING:pygls.protocol:Cancel notification for unknown message id "4398"
WARNING:pygls.protocol:Cancel notification for unknown message id "4399"
WARNING:pygls.protocol:Cancel notification for unknown message id "4407"
WARNING:pygls.protocol:Cancel notification for unknown message id "4408"
WARNING:pygls.protocol:Cancel notification for unknown message id "4411"
WARNING:pygls.protocol:Cancel notification for unknown message id "4438"
WARNING:pygls.protocol:Cancel notification for unknown message id "4439"
WARNING:pygls.protocol:Cancel notification for unknown message id "4449"
WARNING:pygls.protocol:Cancel notification for unknown message id "4450"
WARNING:pygls.protocol:Cancel notification for unknown message id "4452"
WARNING:pygls.protocol:Cancel notification for unknown message id "4454"
WARNING:pygls.protocol:Cancel notification for unknown message id "4455"
WARNING:pygls.protocol:Cancel notification for unknown message id "4458"
WARNING:pygls.protocol:Cancel notification for unknown message id "4463"
WARNING:pygls.protocol:Cancel notification for unknown message id "4464"
WARNING:pygls.protocol:Cancel notification for unknown message id "4466"
WARNING:pygls.protocol:Cancel notification for unknown message id "4473"
WARNING:pygls.protocol:Cancel notification for unknown message id "4474"
WARNING:pygls.protocol:Cancel notification for unknown message id "4475"
WARNING:pygls.protocol:Cancel notification for unknown message id "4476"
WARNING:pygls.protocol:Cancel notification for unknown message id "4477"
WARNING:pygls.protocol:Cancel notification for unknown message id "4480"
WARNING:pygls.protocol:Cancel notification for unknown message id "4484"
WARNING:pygls.protocol:Cancel notification for unknown message id "4487"
WARNING:pygls.protocol:Cancel notification for unknown message id "4515"
WARNING:pygls.protocol:Cancel notification for unknown message id "4514"
WARNING:pygls.protocol:Cancel notification for unknown message id "4528"
WARNING:pygls.protocol:Cancel notification for unknown message id "4533"
WARNING:pygls.protocol:Cancel notification for unknown message id "4534"
WARNING:pygls.protocol:Cancel notification for unknown message id "4537"
WARNING:pygls.protocol:Cancel notification for unknown message id "4538"
WARNING:pygls.protocol:Cancel notification for unknown message id "4540"
WARNING:pygls.protocol:Cancel notification for unknown message id "4542"
WARNING:pygls.protocol:Cancel notification for unknown message id "4543"
WARNING:pygls.protocol:Cancel notification for unknown message id "4554"
WARNING:pygls.protocol:Cancel notification for unknown message id "4556"
WARNING:pygls.protocol:Cancel notification for unknown message id "4561"
WARNING:pygls.protocol:Cancel notification for unknown message id "4570"
WARNING:pygls.protocol:Cancel notification for unknown message id "4573"
WARNING:pygls.protocol:Cancel notification for unknown message id "4588"
WARNING:pygls.protocol:Cancel notification for unknown message id "4591"
WARNING:pygls.protocol:Cancel notification for unknown message id "4604"
WARNING:pygls.protocol:Cancel notification for unknown message id "4607"
WARNING:pygls.protocol:Cancel notification for unknown message id "4616"
WARNING:pygls.protocol:Cancel notification for unknown message id "4625"
WARNING:pygls.protocol:Cancel notification for unknown message id "4627"
WARNING:pygls.protocol:Cancel notification for unknown message id "4636"
WARNING:pygls.protocol:Cancel notification for unknown message id "4639"
WARNING:pygls.protocol:Cancel notification for unknown message id "4647"
WARNING:pygls.protocol:Cancel notification for unknown message id "4649"
WARNING:pygls.protocol:Cancel notification for unknown message id "4648"
WARNING:pygls.protocol:Cancel notification for unknown message id "4650"
WARNING:pygls.protocol:Cancel notification for unknown message id "4655"
WARNING:pygls.protocol:Cancel notification for unknown message id "4656"
WARNING:pygls.protocol:Cancel notification for unknown message id "4671"
WARNING:pygls.protocol:Cancel notification for unknown message id "4740"
WARNING:pygls.protocol:Cancel notification for unknown message id "4754"
WARNING:pygls.protocol:Cancel notification for unknown message id "4770"
WARNING:pygls.protocol:Cancel notification for unknown message id "4809"
WARNING:pygls.protocol:Cancel notification for unknown message id "4819"
WARNING:pygls.protocol:Cancel notification for unknown message id "4831"
WARNING:pygls.protocol:Cancel notification for unknown message id "4857"
WARNING:pygls.protocol:Cancel notification for unknown message id "4898"
WARNING:pygls.protocol:Cancel notification for unknown message id "4901"
WARNING:pygls.protocol:Cancel notification for unknown message id "4909"
WARNING:pygls.protocol:Cancel notification for unknown message id "4920"
WARNING:pygls.protocol:Cancel notification for unknown message id "4921"
WARNING:pygls.protocol:Cancel notification for unknown message id "4940"
WARNING:pygls.protocol:Cancel notification for unknown message id "4941"
WARNING:pygls.protocol:Cancel notification for unknown message id "4977"
WARNING:pygls.protocol:Cancel notification for unknown message id "4981"
WARNING:pygls.protocol:Cancel notification for unknown message id "4983"
WARNING:pygls.protocol:Cancel notification for unknown message id "4982"
WARNING:pygls.protocol:Cancel notification for unknown message id "4984"
WARNING:pygls.protocol:Cancel notification for unknown message id "4986"
WARNING:pygls.protocol:Cancel notification for unknown message id "4988"
WARNING:pygls.protocol:Cancel notification for unknown message id "4991"
WARNING:pygls.protocol:Cancel notification for unknown message id "4998"
WARNING:pygls.protocol:Cancel notification for unknown message id "4999"
WARNING:pygls.protocol:Cancel notification for unknown message id "5016"
WARNING:pygls.protocol:Cancel notification for unknown message id "5018"
WARNING:pygls.protocol:Cancel notification for unknown message id "5020"
WARNING:pygls.protocol:Cancel notification for unknown message id "5021"
WARNING:pygls.protocol:Cancel notification for unknown message id "5027"
WARNING:pygls.protocol:Cancel notification for unknown message id "5034"
WARNING:pygls.protocol:Cancel notification for unknown message id "5036"
WARNING:pygls.protocol:Cancel notification for unknown message id "5058"
WARNING:pygls.protocol:Cancel notification for unknown message id "5065"
WARNING:pygls.protocol:Cancel notification for unknown message id "5082"
WARNING:pygls.protocol:Cancel notification for unknown message id "5088"
WARNING:pygls.protocol:Cancel notification for unknown message id "5090"
WARNING:pygls.protocol:Cancel notification for unknown message id "5097"
WARNING:pygls.protocol:Cancel notification for unknown message id "5099"
WARNING:pygls.protocol:Cancel notification for unknown message id "5104"
WARNING:pygls.protocol:Cancel notification for unknown message id "5105"
WARNING:pygls.protocol:Cancel notification for unknown message id "5106"
WARNING:pygls.protocol:Cancel notification for unknown message id "5107"
WARNING:pygls.protocol:Cancel notification for unknown message id "5108"
WARNING:pygls.protocol:Cancel notification for unknown message id "5109"
WARNING:pygls.protocol:Cancel notification for unknown message id "5110"
WARNING:pygls.protocol:Cancel notification for unknown message id "5113"
WARNING:pygls.protocol:Cancel notification for unknown message id "5116"
WARNING:pygls.protocol:Cancel notification for unknown message id "5121"
WARNING:pygls.protocol:Cancel notification for unknown message id "5124"
WARNING:pygls.protocol:Cancel notification for unknown message id "5138"
WARNING:pygls.protocol:Cancel notification for unknown message id "5139"
WARNING:pygls.protocol:Cancel notification for unknown message id "5141"
WARNING:pygls.protocol:Cancel notification for unknown message id "5142"
WARNING:pygls.protocol:Cancel notification for unknown message id "5147"
WARNING:pygls.protocol:Cancel notification for unknown message id "5148"
WARNING:pygls.protocol:Cancel notification for unknown message id "5161"
WARNING:pygls.protocol:Cancel notification for unknown message id "5178"
WARNING:pygls.protocol:Cancel notification for unknown message id "5186"
WARNING:pygls.protocol:Cancel notification for unknown message id "5191"
WARNING:pygls.protocol:Cancel notification for unknown message id "5192"
WARNING:pygls.protocol:Cancel notification for unknown message id "5193"
WARNING:pygls.protocol:Cancel notification for unknown message id "5194"
WARNING:pygls.protocol:Cancel notification for unknown message id "5214"
WARNING:pygls.protocol:Cancel notification for unknown message id "5215"
WARNING:pygls.protocol:Cancel notification for unknown message id "5247"
WARNING:pygls.protocol:Cancel notification for unknown message id "5265"
WARNING:pygls.protocol:Cancel notification for unknown message id "5264"
WARNING:pygls.protocol:Cancel notification for unknown message id "5266"
WARNING:pygls.protocol:Cancel notification for unknown message id "5269"
WARNING:pygls.protocol:Cancel notification for unknown message id "5271"
WARNING:pygls.protocol:Cancel notification for unknown message id "5282"
WARNING:pygls.protocol:Cancel notification for unknown message id "5283"
WARNING:pygls.protocol:Cancel notification for unknown message id "5286"
WARNING:pygls.protocol:Cancel notification for unknown message id "5288"
WARNING:pygls.protocol:Cancel notification for unknown message id "5289"
WARNING:pygls.protocol:Cancel notification for unknown message id "5342"
WARNING:pygls.protocol:Cancel notification for unknown message id "5362"
WARNING:pygls.protocol:Cancel notification for unknown message id "5370"
WARNING:pygls.protocol:Cancel notification for unknown message id "5375"
WARNING:pygls.protocol:Cancel notification for unknown message id "5379"
WARNING:pygls.protocol:Cancel notification for unknown message id "5381"
WARNING:pygls.protocol:Cancel notification for unknown message id "5396"
WARNING:pygls.protocol:Cancel notification for unknown message id "5398"
WARNING:pygls.protocol:Cancel notification for unknown message id "5501"
WARNING:pygls.protocol:Cancel notification for unknown message id "5507"
WARNING:pygls.protocol:Cancel notification for unknown message id "5511"
WARNING:pygls.protocol:Cancel notification for unknown message id "5525"
WARNING:pygls.protocol:Cancel notification for unknown message id "5526"
WARNING:pygls.protocol:Cancel notification for unknown message id "5527"
WARNING:pygls.protocol:Cancel notification for unknown message id "5528"
WARNING:pygls.protocol:Cancel notification for unknown message id "5539"
WARNING:pygls.protocol:Cancel notification for unknown message id "5559"
WARNING:pygls.protocol:Cancel notification for unknown message id "5566"
WARNING:pygls.protocol:Cancel notification for unknown message id "5572"
WARNING:pygls.protocol:Cancel notification for unknown message id "5587"
WARNING:pygls.protocol:Cancel notification for unknown message id "5601"
WARNING:pygls.protocol:Cancel notification for unknown message id "5603"
WARNING:pygls.protocol:Cancel notification for unknown message id "5610"
WARNING:pygls.protocol:Cancel notification for unknown message id "5612"
WARNING:pygls.protocol:Cancel notification for unknown message id "5647"
WARNING:pygls.protocol:Cancel notification for unknown message id "5653"
