[2022-10-22T01:26:52.179Z] Log level: Info
[2022-10-22T01:26:52.188Z] [info] Validating found git in: git
[2022-10-22T01:26:52.246Z] [info] Using git 2.25.1 from git
[2022-10-22T01:26:52.268Z] > git rev-parse --show-toplevel [5ms]
[2022-10-22T01:26:52.334Z] > git rev-parse --git-dir --git-common-dir [8ms]
[2022-10-22T01:26:52.345Z] [info] Open repository: /home/ubuntu
[2022-10-22T01:26:53.732Z] > git rev-parse --show-toplevel [1372ms]
[2022-10-22T01:26:53.831Z] > git rev-parse --show-toplevel [88ms]
[2022-10-22T01:26:53.844Z] > git rev-parse --show-toplevel [7ms]
[2022-10-22T01:26:53.936Z] > git rev-parse --show-toplevel [11ms]
[2022-10-22T01:26:54.028Z] > git rev-parse --show-toplevel [87ms]
[2022-10-22T01:26:54.050Z] > git rev-parse --show-toplevel [5ms]
[2022-10-22T01:26:54.231Z] > git rev-parse --show-toplevel [105ms]
[2022-10-22T01:26:54.245Z] > git rev-parse --git-dir --git-common-dir [1ms]
[2022-10-22T01:26:54.323Z] [info] Open repository: /home/ubuntu/buenComensalProject
[2022-10-22T01:26:54.525Z] > git status -z -uall [196ms]
[2022-10-22T01:26:54.543Z] > git rev-parse --show-toplevel [208ms]
[2022-10-22T01:26:54.631Z] > git symbolic-ref --short HEAD [88ms]
[2022-10-22T01:26:54.642Z] > git check-ignore -v -z --stdin [217ms]
[2022-10-22T01:26:54.643Z] > git rev-parse --show-toplevel [94ms]
[2022-10-22T01:26:54.725Z] > git status -z -uall [2370ms]
[2022-10-22T01:26:54.730Z] > git for-each-ref --format=%(refname)%00%(upstream:short)%00%(objectname)%00%(upstream:track)%00%(upstream:remotename)%00%(upstream:remoteref) refs/heads/master refs/remotes/master [92ms]
[2022-10-22T01:26:54.751Z] > git for-each-ref --sort -committerdate --format %(refname) %(objectname) %(*objectname) [15ms]
[2022-10-22T01:26:54.751Z] > git symbolic-ref --short HEAD [21ms]
[2022-10-22T01:26:54.824Z] > git rev-parse --show-toplevel [176ms]
[2022-10-22T01:26:54.832Z] > git remote --verbose [88ms]
[2022-10-22T01:26:54.844Z] > git for-each-ref --format=%(refname)%00%(upstream:short)%00%(objectname)%00%(upstream:track)%00%(upstream:remotename)%00%(upstream:remoteref) refs/heads/master refs/remotes/master [20ms]
[2022-10-22T01:26:54.853Z] > git for-each-ref --sort -committerdate --format %(refname) %(objectname) %(*objectname) [5ms]
[2022-10-22T01:26:54.853Z] > git config --get commit.template [10ms]
[2022-10-22T01:26:55.029Z] > git remote --verbose [177ms]
[2022-10-22T01:26:58.823Z] > git status -z -uall [3895ms]
[2022-10-22T01:26:58.829Z] > git show --textconv :requirements.txt [3893ms]
[2022-10-22T01:26:58.830Z] > git ls-files --stage -- /home/ubuntu/requirements.txt [3881ms]
[2022-10-22T01:26:58.927Z] > git symbolic-ref --short HEAD [98ms]
[2022-10-22T01:26:59.041Z] > git config --get commit.template [294ms]
[2022-10-22T01:26:59.237Z] > git cat-file -s 55a36587f81cfad46c9f0470a6be160f5adb4cf0 [392ms]
[2022-10-22T01:26:59.329Z] > git for-each-ref --format=%(refname)%00%(upstream:short)%00%(objectname)%00%(upstream:track)%00%(upstream:remotename)%00%(upstream:remoteref) refs/heads/master refs/remotes/master [288ms]
[2022-10-22T01:26:59.439Z] > git for-each-ref --sort -committerdate --format %(refname) %(objectname) %(*objectname) [11ms]
[2022-10-22T01:26:59.523Z] > git remote --verbose [86ms]
[2022-10-22T01:26:59.624Z] > git config --get commit.template [87ms]
[2022-10-22T01:27:00.424Z] > git check-ignore -v -z --stdin [300ms]
[2022-10-22T01:27:00.424Z] > git check-ignore -v -z --stdin [288ms]
[2022-10-22T01:27:00.931Z] > git status -z -uall [1882ms]
[2022-10-22T01:27:00.939Z] > git symbolic-ref --short HEAD [2ms]
[2022-10-22T01:27:00.949Z] > git for-each-ref --format=%(refname)%00%(upstream:short)%00%(objectname)%00%(upstream:track)%00%(upstream:remotename)%00%(upstream:remoteref) refs/heads/master refs/remotes/master [1ms]
[2022-10-22T01:27:00.966Z] > git remote --verbose [2ms]
[2022-10-22T01:27:01.023Z] > git for-each-ref --sort -committerdate --format %(refname) %(objectname) %(*objectname) [66ms]
[2022-10-22T01:27:05.424Z] > git config --get commit.template [192ms]
[2022-10-22T01:27:05.939Z] > git fetch [11ms]
[2022-10-22T01:27:06.134Z] > git status -z -uall [188ms]
[2022-10-22T01:27:06.323Z] > git symbolic-ref --short HEAD [92ms]
[2022-10-22T01:27:06.338Z] > git for-each-ref --format=%(refname)%00%(upstream:short)%00%(objectname)%00%(upstream:track)%00%(upstream:remotename)%00%(upstream:remoteref) refs/heads/master refs/remotes/master [3ms]
[2022-10-22T01:27:06.439Z] > git remote --verbose [2ms]
[2022-10-22T01:27:06.441Z] > git for-each-ref --sort -committerdate --format %(refname) %(objectname) %(*objectname) [95ms]
[2022-10-22T01:27:06.623Z] > git config --get commit.template [87ms]
[2022-10-22T01:27:07.354Z] > git fetch [1523ms]
[2022-10-22T01:27:12.131Z] > git status -z -uall [4684ms]
[2022-10-22T01:27:12.148Z] > git symbolic-ref --short HEAD [5ms]
[2022-10-22T01:27:12.156Z] > git for-each-ref --format=%(refname)%00%(upstream:short)%00%(objectname)%00%(upstream:track)%00%(upstream:remotename)%00%(upstream:remoteref) refs/heads/master refs/remotes/master [1ms]
[2022-10-22T01:27:12.227Z] > git for-each-ref --sort -committerdate --format %(refname) %(objectname) %(*objectname) [63ms]
[2022-10-22T01:27:12.227Z] > git remote --verbose [1ms]
[2022-10-22T01:27:15.928Z] > git config --get commit.template [93ms]
[2022-10-22T01:27:37.732Z] > git check-ignore -v -z --stdin [47ms]
[2022-10-22T01:27:47.999Z] > git -c user.useConfigOnly=true commit --quiet --allow-empty-message --file - [1585ms]
[2022-10-22T01:27:49.439Z] > git status -z -uall [1434ms]
[2022-10-22T01:27:49.447Z] > git symbolic-ref --short HEAD [2ms]
[2022-10-22T01:27:49.454Z] > git for-each-ref --format=%(refname)%00%(upstream:short)%00%(objectname)%00%(upstream:track)%00%(upstream:remotename)%00%(upstream:remoteref) refs/heads/master refs/remotes/master [2ms]
[2022-10-22T01:27:49.530Z] > git remote --verbose [2ms]
[2022-10-22T01:27:49.530Z] > git for-each-ref --sort -committerdate --format %(refname) %(objectname) %(*objectname) [69ms]
[2022-10-22T01:27:53.137Z] > git config --get commit.template [11ms]
[2022-10-22T01:27:53.234Z] > git config --get commit.template [5ms]
[2022-10-22T01:27:56.921Z] > git check-ignore -v -z --stdin [18ms]
[2022-10-22T01:28:06.439Z] > git check-ignore -v -z --stdin [390ms]
[2022-10-22T01:28:06.749Z] > git check-ignore -v -z --stdin [1355ms]
[2022-10-22T01:28:08.024Z] > git check-ignore -v -z --stdin [17ms]
[2022-10-22T01:28:18.533Z] > git check-ignore -v -z --stdin [786ms]
[2022-10-22T01:29:20.585Z] > git remote add backup https://github.com/valensab/backup-comensal.git [4ms]
[2022-10-22T01:29:21.448Z] > git status -z -uall [857ms]
[2022-10-22T01:29:21.458Z] > git symbolic-ref --short HEAD [1ms]
[2022-10-22T01:29:21.526Z] > git for-each-ref --format=%(refname)%00%(upstream:short)%00%(objectname)%00%(upstream:track)%00%(upstream:remotename)%00%(upstream:remoteref) refs/heads/master refs/remotes/master [2ms]
[2022-10-22T01:29:21.539Z] > git for-each-ref --sort -committerdate --format %(refname) %(objectname) %(*objectname) [7ms]
[2022-10-22T01:29:21.539Z] > git remote --verbose [2ms]
[2022-10-22T01:29:24.960Z] > git config --get commit.template [30ms]
[2022-10-22T01:29:27.859Z] > git fetch backup [2834ms]
[2022-10-22T01:29:28.840Z] > git status -z -uall [971ms]
[2022-10-22T01:29:28.850Z] > git symbolic-ref --short HEAD [1ms]
[2022-10-22T01:29:28.860Z] > git for-each-ref --format=%(refname)%00%(upstream:short)%00%(objectname)%00%(upstream:track)%00%(upstream:remotename)%00%(upstream:remoteref) refs/heads/master refs/remotes/master [1ms]
[2022-10-22T01:29:28.941Z] > git for-each-ref --sort -committerdate --format %(refname) %(objectname) %(*objectname) [15ms]
[2022-10-22T01:29:28.942Z] > git remote --verbose [6ms]
[2022-10-22T01:29:32.027Z] > git config --get commit.template [71ms]
[2022-10-22T01:30:42.445Z] > git fetch [28893ms]
[2022-10-22T01:30:43.742Z] > git push backup master [71702ms]
[2022-10-22T01:30:43.743Z] error: pack-objects died of signal 9
error: pack-objects died of signal 9
fatal: the remote end hung up unexpectedly
fatal: the remote end hung up unexpectedly
fatal: the remote end hung up unexpectedly
error: failed to push some refs to 'https://github.com/valensab/backup-comensal.git'
[2022-10-22T01:30:44.141Z] > git status -z -uall [933ms]
[2022-10-22T01:30:44.235Z] > git symbolic-ref --short HEAD [6ms]
[2022-10-22T01:30:44.324Z] > git for-each-ref --format=%(refname)%00%(upstream:short)%00%(objectname)%00%(upstream:track)%00%(upstream:remotename)%00%(upstream:remoteref) refs/heads/master refs/remotes/master [80ms]
[2022-10-22T01:30:44.633Z] > git remote --verbose [10ms]
[2022-10-22T01:30:44.633Z] > git for-each-ref --sort -committerdate --format %(refname) %(objectname) %(*objectname) [283ms]
[2022-10-22T01:30:44.833Z] > git config --get commit.template [9ms]
[2022-10-22T01:31:02.828Z] > git check-ignore -v -z --stdin [3100ms]
[2022-10-22T01:31:04.141Z] > git check-ignore -v -z --stdin [5112ms]
[2022-10-22T01:31:05.033Z] > git check-ignore -v -z --stdin [2206ms]
[2022-10-22T01:34:24.931Z] > git push backup master [286658ms]
[2022-10-22T01:34:24.931Z] error: pack-objects died of signal 9
error: pack-objects died of signal 9
fatal: the remote end hung up unexpectedly
fatal: the remote end hung up unexpectedly
fatal: the remote end hung up unexpectedly
error: failed to push some refs to 'https://github.com/valensab/backup-comensal.git'
[2022-10-22T01:34:25.327Z] > git fetch [1094ms]
[2022-10-22T01:34:27.541Z] > git status -z -uall [2111ms]
[2022-10-22T01:34:27.723Z] > git symbolic-ref --short HEAD [0ms]
[2022-10-22T01:34:27.830Z] > git for-each-ref --format=%(refname)%00%(upstream:short)%00%(objectname)%00%(upstream:track)%00%(upstream:remotename)%00%(upstream:remoteref) refs/heads/master refs/remotes/master [88ms]
[2022-10-22T01:34:28.034Z] > git for-each-ref --sort -committerdate --format %(refname) %(objectname) %(*objectname) [102ms]
[2022-10-22T01:34:28.044Z] > git remote --verbose [11ms]
[2022-10-22T01:34:28.243Z] > git config --get commit.template [3ms]
