[2022-05-13 21:49:37.542] [exthost] [info] Extension host with pid 86036 started
[2022-05-13 21:49:37.560] [exthost] [info] Lock '/home/ubuntu/.vscode-server/data/User/workspaceStorage/33db89fc36b95e274c7f9ccda8cc4b3f/vscode.lock': Lock acquired.
[2022-05-13 21:49:39.843] [exthost] [info] ExtensionService#_doActivateExtension ms-python.python, startup: false, activationEvent: 'onLanguage:python'
[2022-05-13 21:49:41.369] [exthost] [info] ExtensionService#_doActivateExtension ms-toolsai.jupyter, startup: false, activationEvent: 'onLanguage:python'
[2022-05-13 21:49:42.544] [exthost] [info] ExtensionService#_doActivateExtension vscode.debug-auto-launch, startup: true, activationEvent: '*'
[2022-05-13 21:49:42.552] [exthost] [info] ExtensionService#_doActivateExtension vscode.git-base, startup: true, activationEvent: '*', root cause: vscode.git
[2022-05-13 21:49:42.560] [exthost] [info] ExtensionService#_doActivateExtension vscode.ipynb, startup: true, activationEvent: '*'
[2022-05-13 21:49:43.547] [exthost] [info] ExtensionService#_doActivateExtension vscode.git, startup: true, activationEvent: '*'
[2022-05-13 21:49:43.948] [exthost] [info] ExtensionService#_doActivateExtension vscode.github, startup: true, activationEvent: '*'
[2022-05-13 21:49:48.344] [exthost] [info] ExtensionService#_doActivateExtension ms-toolsai.jupyter-renderers, startup: false, activationEvent: 'api', root cause: ms-toolsai.jupyter
[2022-05-13 21:49:48.454] [exthost] [info] ExtensionService#_doActivateExtension vscode.emmet, startup: false, activationEvent: 'onStartupFinished'
[2022-05-13 21:49:48.530] [exthost] [info] ExtensionService#_doActivateExtension vscode.merge-conflict, startup: false, activationEvent: 'onStartupFinished'
[2022-05-13 21:49:48.537] [exthost] [info] ExtensionService#_doActivateExtension ritwickdey.LiveServer, startup: false, activationEvent: 'onStartupFinished'
[2022-05-13 21:49:49.141] [exthost] [info] Eager extensions activated
[2022-05-13 22:06:38.046] [exthost] [error] [ms-python.python] provider FAILED
[2022-05-13 22:06:38.048] [exthost] [error] Error: UnboundLocalError: local variable 'start_index' referenced before assignment
	at /home/ubuntu/.vscode-server/extensions/ms-python.python-2022.6.2/out/client/extension.js:2:2111884
	at /home/ubuntu/.vscode-server/extensions/ms-python.python-2022.6.2/out/client/extension.js:2:2112178
	at Immediate.<anonymous> (/home/ubuntu/.vscode-server/extensions/ms-python.python-2022.6.2/out/client/extension.js:2:2112540)
	at processImmediate (node:internal/timers:464:21)
[2022-05-13 22:49:22.661] [exthost] [error] [ms-python.python] provider FAILED
[2022-05-13 22:49:22.661] [exthost] [error] Error: ValueError: `column` parameter (1) is not in a valid range (0-0) for line 55 ('').
	at /home/ubuntu/.vscode-server/extensions/ms-python.python-2022.6.2/out/client/extension.js:2:2111884
	at /home/ubuntu/.vscode-server/extensions/ms-python.python-2022.6.2/out/client/extension.js:2:2112178
	at Immediate.<anonymous> (/home/ubuntu/.vscode-server/extensions/ms-python.python-2022.6.2/out/client/extension.js:2:2112540)
	at processImmediate (node:internal/timers:464:21)
[2022-05-13 23:00:59.333] [exthost] [info] ExtensionService#_doActivateExtension alexcvzz.vscode-sqlite, startup: false, activationEvent: 'onCommand:sqlite.explorer.add'
[2022-05-14 00:47:38.731] [exthost] [error] [ms-python.python] provider FAILED
[2022-05-14 00:47:38.732] [exthost] [error] Error: ValueError: `column` parameter (91) is not in a valid range (0-90) for line 43 ('                tags = TagsRestaurant.objects.filter(restaurant= restaurant.id_restaurant)\n').
	at /home/ubuntu/.vscode-server/extensions/ms-python.python-2022.6.2/out/client/extension.js:2:2111884
	at /home/ubuntu/.vscode-server/extensions/ms-python.python-2022.6.2/out/client/extension.js:2:2112178
	at Immediate.<anonymous> (/home/ubuntu/.vscode-server/extensions/ms-python.python-2022.6.2/out/client/extension.js:2:2112540)
	at processImmediate (node:internal/timers:464:21)
[2022-05-14 04:57:19.382] [exthost] [info] Extension host terminating: received terminate message from renderer
[2022-05-14 04:57:19.383] [exthost] [info] Lock '/home/ubuntu/.vscode-server/data/User/workspaceStorage/33db89fc36b95e274c7f9ccda8cc4b3f/vscode.lock': Marking the lockfile as scheduled to be released in 6000 ms.
[2022-05-14 04:57:19.410] [exthost] [info] Extension host with pid 86036 exiting with code 0
