LSP Notebooks experiment is enabled
LSP Notebooks interactive window support is enabled
> C:\Users\krodriguez\AppData\Local\Programs\Python\Python310\python.exe -c "import sys;print(sys.executable)"
[ERROR 2022-9-18 21:23:41.202]: [Error: Command failed: C:\Users\krodriguez\AppData\Local\Programs\Python\Python310\python.exe -c "import sys;print(sys.executable)"
/bin/sh: 1: C:UserskrodriguezAppDataLocalProgramsPythonPython310python.exe: not found

	at ChildProcess.exithandler (node:child_process:399:12)
	at ChildProcess.emit (node:events:526:28)
	at maybeClose (node:internal/child_process:1092:16)
	at Socket.<anonymous> (node:internal/child_process:451:11)
	at Socket.emit (node:events:526:28)
	at Pipe.<anonymous> (node:net:687:12)] {
  killed: false,
  code: 127,
  signal: null,
  cmd: 'C:\\Users\\krodriguez\\AppData\\Local\\Programs\\Python\\Python310\\python.exe -c "import sys;print(sys.executable)"'
}
Starting Pylance language server.
> conda info --json
> /bin/python3 ~/.vscode-server/extensions/ms-python.python-2022.16.1/pythonFiles/get_output_via_markers.py ~/.vscode-server/extensions/ms-python.python-2022.16.1/pythonFiles/interpreterInfo.py
> /usr/bin/python3 ~/.vscode-server/extensions/ms-python.python-2022.16.1/pythonFiles/get_output_via_markers.py ~/.vscode-server/extensions/ms-python.python-2022.16.1/pythonFiles/interpreterInfo.py
