[2022-10-18T21:23:38.548Z] Log level: Info
[2022-10-18T21:23:38.638Z] [info] Validating found git in: git
[2022-10-18T21:23:38.938Z] [info] Using git 2.25.1 from git
[2022-10-18T21:23:39.138Z] > git rev-parse --show-toplevel [100ms]
[2022-10-18T21:23:39.152Z] > git rev-parse --git-dir --git-common-dir [3ms]
[2022-10-18T21:23:39.160Z] [info] Open repository: /home/ubuntu/buenComensalProject
[2022-10-18T21:23:39.345Z] > git status -z -uall [112ms]
[2022-10-18T21:23:39.353Z] > git rev-parse --show-toplevel [111ms]
[2022-10-18T21:23:39.429Z] > git rev-parse --show-toplevel [65ms]
[2022-10-18T21:23:39.443Z] > git symbolic-ref --short HEAD [91ms]
[2022-10-18T21:23:39.455Z] > git rev-parse --show-toplevel [13ms]
[2022-10-18T21:23:39.465Z] > git for-each-ref --format=%(refname)%00%(upstream:short)%00%(objectname)%00%(upstream:track)%00%(upstream:remotename)%00%(upstream:remoteref) refs/heads/master refs/remotes/master [12ms]
[2022-10-18T21:23:39.531Z] > git for-each-ref --sort -committerdate --format %(refname) %(objectname) %(*objectname) [59ms]
[2022-10-18T21:23:39.532Z] > git rev-parse --show-toplevel [69ms]
[2022-10-18T21:23:39.539Z] > git remote --verbose [11ms]
[2022-10-18T21:23:39.559Z] > git rev-parse --show-toplevel [21ms]
[2022-10-18T21:23:39.566Z] > git config --get commit.template [8ms]
[2022-10-18T21:23:39.651Z] > git status -z -uall [24ms]
[2022-10-18T21:23:39.739Z] > git symbolic-ref --short HEAD [83ms]
[2022-10-18T21:23:39.746Z] > git for-each-ref --format=%(refname)%00%(upstream:short)%00%(objectname)%00%(upstream:track)%00%(upstream:remotename)%00%(upstream:remoteref) refs/heads/master refs/remotes/master [2ms]
[2022-10-18T21:23:39.758Z] > git for-each-ref --sort -committerdate --format %(refname) %(objectname) %(*objectname) [6ms]
[2022-10-18T21:23:39.830Z] > git remote --verbose [73ms]
[2022-10-18T21:23:39.839Z] > git config --get commit.template [1ms]
[2022-10-18T21:23:40.941Z] > git check-ignore -v -z --stdin [1ms]
[2022-10-18T21:23:48.580Z] > git check-ignore -v -z --stdin [7ms]
[2022-10-18T21:23:58.831Z] > git show --textconv :restaurants/views.py [189ms]
[2022-10-18T21:23:58.834Z] > git ls-files --stage -- /home/ubuntu/buenComensalProject/restaurants/views.py [97ms]
[2022-10-18T21:23:58.935Z] > git cat-file -s 6d0ae0ddbb0d51e716a158bbb49b0e081d03f86b [85ms]
[2022-10-18T21:24:02.043Z] > git check-ignore -v -z --stdin [2ms]
[2022-10-18T21:24:04.246Z] > git show --textconv :restaurants/api/serializers.py [194ms]
[2022-10-18T21:24:04.327Z] > git ls-files --stage -- /home/ubuntu/buenComensalProject/restaurants/api/serializers.py [85ms]
[2022-10-18T21:24:04.342Z] > git cat-file -s 0c668786b03b445e941b83e21d21438e5ed353a7 [2ms]
[2022-10-18T21:24:05.736Z] > git show --textconv :restaurants/api/urls.py [204ms]
[2022-10-18T21:24:05.736Z] > git ls-files --stage -- /home/ubuntu/buenComensalProject/restaurants/api/urls.py [189ms]
[2022-10-18T21:24:05.927Z] > git cat-file -s a50beafbd6c0b8011deb0ae18f3337a50a3e5ae5 [85ms]
[2022-10-18T21:24:13.844Z] > git show --textconv :restaurants/api/serializers.py [106ms]
[2022-10-18T21:24:13.844Z] > git ls-files --stage -- /home/ubuntu/buenComensalProject/restaurants/api/serializers.py [4ms]
[2022-10-18T21:24:13.940Z] > git cat-file -s 0c668786b03b445e941b83e21d21438e5ed353a7 [6ms]
[2022-10-18T21:24:30.150Z] > git show --textconv :restaurants/views.py [10ms]
[2022-10-18T21:24:30.227Z] > git ls-files --stage -- /home/ubuntu/buenComensalProject/restaurants/views.py [77ms]
[2022-10-18T21:24:30.241Z] > git cat-file -s 6d0ae0ddbb0d51e716a158bbb49b0e081d03f86b [7ms]
[2022-10-18T21:24:40.491Z] > git show --textconv :restaurants/api/urls.py [8ms]
[2022-10-18T21:24:40.492Z] > git ls-files --stage -- /home/ubuntu/buenComensalProject/restaurants/api/urls.py [2ms]
[2022-10-18T21:24:40.500Z] > git cat-file -s a50beafbd6c0b8011deb0ae18f3337a50a3e5ae5 [1ms]
[2022-10-18T21:24:41.065Z] > git show --textconv :restaurants/api/serializers.py [7ms]
[2022-10-18T21:24:41.068Z] > git ls-files --stage -- /home/ubuntu/buenComensalProject/restaurants/api/serializers.py [4ms]
[2022-10-18T21:24:41.080Z] > git cat-file -s 0c668786b03b445e941b83e21d21438e5ed353a7 [4ms]
[2022-10-18T21:24:50.238Z] > git check-ignore -v -z --stdin [2ms]
[2022-10-18T21:24:59.740Z] > git show --textconv :restaurants/api/api.py [9ms]
[2022-10-18T21:24:59.741Z] > git ls-files --stage -- /home/ubuntu/buenComensalProject/restaurants/api/api.py [2ms]
[2022-10-18T21:24:59.748Z] > git cat-file -s 026c9d2bee3bd2ac839fcc43e2b6c5d5c750130d [1ms]
[2022-10-18T21:27:19.868Z] > git status -z -uall [112ms]
[2022-10-18T21:27:19.924Z] > git symbolic-ref --short HEAD [48ms]
[2022-10-18T21:27:19.933Z] > git for-each-ref --format=%(refname)%00%(upstream:short)%00%(objectname)%00%(upstream:track)%00%(upstream:remotename)%00%(upstream:remoteref) refs/heads/master refs/remotes/master [1ms]
[2022-10-18T21:27:19.953Z] > git remote --verbose [2ms]
[2022-10-18T21:27:19.954Z] > git for-each-ref --sort -committerdate --format %(refname) %(objectname) %(*objectname) [12ms]
[2022-10-18T21:27:19.969Z] > git config --get commit.template [1ms]
[2022-10-18T21:28:05.651Z] > git status -z -uall [9ms]
[2022-10-18T21:28:05.660Z] > git symbolic-ref --short HEAD [1ms]
[2022-10-18T21:28:05.675Z] > git for-each-ref --format=%(refname)%00%(upstream:short)%00%(objectname)%00%(upstream:track)%00%(upstream:remotename)%00%(upstream:remoteref) refs/heads/master refs/remotes/master [3ms]
[2022-10-18T21:28:05.741Z] > git for-each-ref --sort -committerdate --format %(refname) %(objectname) %(*objectname) [11ms]
[2022-10-18T21:28:05.742Z] > git remote --verbose [2ms]
[2022-10-18T21:28:05.754Z] > git config --get commit.template [1ms]
