Visual Studio Code (1.72.1, ssh-remote, desktop)
Jupyter Extension Version: 2022.9.1100000000.
Python Extension Version: 2022.16.0.
Workspace folder /home/ubuntu/buenComensalProject
info 22:48:01.930: ZMQ install verified.
User belongs to experiment group 'jupyterTestcf'
User belongs to experiment group 'jupyterEnhancedDataViewer'
info 22:48:09.250: LSP Notebooks experiment is disabled -- Pylance disabled or not installed
error 22:48:13.446: getCondaFile, Class name = k, completed in 4215ms, has a falsy return value [EntryNotFound (FileSystemError): Error: ENOENT: no such file or directory, stat 'c:\Users\PAULASABOGAL\anaconda3\Scripts\conda.exe'
	at Function._handleError (/home/ubuntu/.vscode-server/bin/129500ee4c8ab7263461ffe327268ba56b9f210d/out/vs/workbench/api/node/extensionHostProcess.js:92:29726)
	at Object.stat (/home/ubuntu/.vscode-server/bin/129500ee4c8ab7263461ffe327268ba56b9f210d/out/vs/workbench/api/node/extensionHostProcess.js:92:28094)
	at async b.getFileHash (/home/ubuntu/.vscode-server/extensions/ms-toolsai.jupyter-2022.9.1100000000/out/extension.node.js:7:20284)
	at async k.getCachedInformation (/home/ubuntu/.vscode-server/extensions/ms-toolsai.jupyter-2022.9.1100000000/out/extension.node.js:7:42507)] {
  code: 'FileNotFound'
}
error 22:48:13.528: getCondaVersion, Class name = k, completed in 4297ms, has a falsy return value [EntryNotFound (FileSystemError): Error: ENOENT: no such file or directory, stat 'c:\Users\PAULASABOGAL\anaconda3\Scripts\conda.exe'
	at Function._handleError (/home/ubuntu/.vscode-server/bin/129500ee4c8ab7263461ffe327268ba56b9f210d/out/vs/workbench/api/node/extensionHostProcess.js:92:29726)
	at Object.stat (/home/ubuntu/.vscode-server/bin/129500ee4c8ab7263461ffe327268ba56b9f210d/out/vs/workbench/api/node/extensionHostProcess.js:92:28094)
	at async b.getFileHash (/home/ubuntu/.vscode-server/extensions/ms-toolsai.jupyter-2022.9.1100000000/out/extension.node.js:7:20284)
	at async k.getCachedInformation (/home/ubuntu/.vscode-server/extensions/ms-toolsai.jupyter-2022.9.1100000000/out/extension.node.js:7:42507)] {
  code: 'FileNotFound'
}
info 22:48:15.037: Got env vars ourselves faster /home/ubuntu/env/bin/python with env var count 34 in 1401ms
info 22:48:15.051: Process Execution: > ~/env/bin/python -m pip list
> ~/env/bin/python -m pip list
info 22:48:19.735: Got env vars with python /home/ubuntu/env/bin/python, with env var count 34 and custom env var count 0 in 6097ms
info 01:40:10.984: Shutting down notebooks for af805d3a-5045-4d13-9f7b-5fdbc93d77ee
info 01:40:10.984: Disposing HostJupyterExecution 9bd74baa-661d-4731-bfb3-db623f53aa90
info 01:40:10.984: Disposing super HostJupyterExecution 9bd74baa-661d-4731-bfb3-db623f53aa90
info 01:40:10.985: Disposing HostJupyterExecution 9bd74baa-661d-4731-bfb3-db623f53aa90
info 01:40:10.985: Finished disposing HostJupyterExecution  9bd74baa-661d-4731-bfb3-db623f53aa90
info 01:40:11.026: Cleaning up server cache 9bd74baa-661d-4731-bfb3-db623f53aa90
info 01:40:11.027: Finished disposing HostJupyterExecution  9bd74baa-661d-4731-bfb3-db623f53aa90
