[2022-10-12T22:48:10.631Z] Log level: Info
[2022-10-12T22:48:10.643Z] [info] Validating found git in: git
[2022-10-12T22:48:10.935Z] [info] Using git 2.25.1 from git
[2022-10-12T22:48:11.150Z] > git rev-parse --show-toplevel [93ms]
[2022-10-12T22:48:11.339Z] > git rev-parse --git-dir --git-common-dir [95ms]
[2022-10-12T22:48:11.348Z] [info] Open repository: /home/ubuntu/buenComensalProject
[2022-10-12T22:48:11.627Z] > git status -z -uall [99ms]
[2022-10-12T22:48:11.737Z] > git fetch [303ms]
[2022-10-12T22:48:11.738Z] > git rev-parse --show-toplevel [196ms]
[2022-10-12T22:48:11.827Z] > git symbolic-ref --short HEAD [189ms]
[2022-10-12T22:48:11.840Z] > git rev-parse --show-toplevel [91ms]
[2022-10-12T22:48:11.942Z] > git for-each-ref --format=%(refname)%00%(upstream:short)%00%(objectname)%00%(upstream:track)%00%(upstream:remotename)%00%(upstream:remoteref) refs/heads/master refs/remotes/master [102ms]
[2022-10-12T22:48:12.042Z] > git remote --verbose [2ms]
[2022-10-12T22:48:12.042Z] > git for-each-ref --sort -committerdate --format %(refname) %(objectname) %(*objectname) [85ms]
[2022-10-12T22:48:12.042Z] > git rev-parse --show-toplevel [115ms]
[2022-10-12T22:48:12.247Z] > git rev-parse --show-toplevel [115ms]
[2022-10-12T22:48:12.748Z] > git rev-parse --show-toplevel [413ms]
[2022-10-12T22:48:12.834Z] > git config --get commit.template [591ms]
[2022-10-12T22:48:12.933Z] > git rev-parse --show-toplevel [99ms]
[2022-10-12T22:48:12.945Z] > git status -z -uall [16ms]
[2022-10-12T22:48:13.752Z] > git symbolic-ref --short HEAD [709ms]
[2022-10-12T22:48:13.940Z] > git for-each-ref --format=%(refname)%00%(upstream:short)%00%(objectname)%00%(upstream:track)%00%(upstream:remotename)%00%(upstream:remoteref) refs/heads/master refs/remotes/master [109ms]
[2022-10-12T22:48:14.139Z] > git for-each-ref --sort -committerdate --format %(refname) %(objectname) %(*objectname) [100ms]
[2022-10-12T22:48:14.148Z] > git remote --verbose [13ms]
[2022-10-12T22:48:14.844Z] > git config --get commit.template [413ms]
[2022-10-12T22:48:14.939Z] > git status -z -uall [7ms]
[2022-10-12T22:48:15.052Z] > git symbolic-ref --short HEAD [17ms]
[2022-10-12T22:48:15.344Z] > git for-each-ref --format=%(refname)%00%(upstream:short)%00%(objectname)%00%(upstream:track)%00%(upstream:remotename)%00%(upstream:remoteref) refs/heads/master refs/remotes/master [117ms]
[2022-10-12T22:48:15.444Z] > git for-each-ref --sort -committerdate --format %(refname) %(objectname) %(*objectname) [17ms]
[2022-10-12T22:48:15.552Z] > git remote --verbose [109ms]
[2022-10-12T22:48:16.445Z] > git config --get commit.template [709ms]
[2022-10-12T22:48:17.344Z] > git check-ignore -v -z --stdin [99ms]
[2022-10-12T22:48:17.842Z] > git status -z -uall [197ms]
[2022-10-12T22:48:17.943Z] > git symbolic-ref --short HEAD [14ms]
[2022-10-12T22:48:18.043Z] > git for-each-ref --format=%(refname)%00%(upstream:short)%00%(objectname)%00%(upstream:track)%00%(upstream:remotename)%00%(upstream:remoteref) refs/heads/master refs/remotes/master [11ms]
[2022-10-12T22:48:18.141Z] > git for-each-ref --sort -committerdate --format %(refname) %(objectname) %(*objectname) [15ms]
[2022-10-12T22:48:18.228Z] > git remote --verbose [88ms]
[2022-10-12T22:48:18.835Z] > git config --get commit.template [502ms]
[2022-10-12T22:48:19.232Z] > git show --textconv :restaurants/api/serializers.py [179ms]
[2022-10-12T22:48:19.232Z] > git ls-files --stage -- /home/ubuntu/buenComensalProject/restaurants/api/serializers.py [6ms]
[2022-10-12T22:51:14.996Z] > git fetch [51ms]
[2022-10-12T22:51:15.060Z] > git status -z -uall [55ms]
[2022-10-12T22:51:15.076Z] > git symbolic-ref --short HEAD [1ms]
[2022-10-12T22:51:15.090Z] > git for-each-ref --format=%(refname)%00%(upstream:short)%00%(objectname)%00%(upstream:track)%00%(upstream:remotename)%00%(upstream:remoteref) refs/heads/master refs/remotes/master [5ms]
[2022-10-12T22:51:15.134Z] > git for-each-ref --sort -committerdate --format %(refname) %(objectname) %(*objectname) [7ms]
[2022-10-12T22:51:15.135Z] > git remote --verbose [2ms]
[2022-10-12T22:51:15.154Z] > git config --get commit.template [2ms]
[2022-10-12T22:51:16.447Z] > git status -z -uall [4ms]
[2022-10-12T22:51:16.456Z] > git symbolic-ref --short HEAD [1ms]
[2022-10-12T22:51:16.463Z] > git for-each-ref --format=%(refname)%00%(upstream:short)%00%(objectname)%00%(upstream:track)%00%(upstream:remotename)%00%(upstream:remoteref) refs/heads/master refs/remotes/master [1ms]
[2022-10-12T22:51:16.478Z] > git for-each-ref --sort -committerdate --format %(refname) %(objectname) %(*objectname) [8ms]
[2022-10-12T22:51:16.479Z] > git remote --verbose [2ms]
[2022-10-12T22:51:16.543Z] > git config --get commit.template [2ms]
[2022-10-12T22:51:16.845Z] > git ls-files --stage -- /home/ubuntu/buenComensalProject/restaurants/api/serializers.py [4ms]
[2022-10-12T22:51:17.054Z] > git show --textconv :restaurants/api/serializers.py [1ms]
[2022-10-12T22:54:15.171Z] > git fetch [2ms]
[2022-10-12T22:54:15.186Z] > git status -z -uall [6ms]
[2022-10-12T22:54:15.197Z] > git symbolic-ref --short HEAD [1ms]
[2022-10-12T22:54:15.204Z] > git for-each-ref --format=%(refname)%00%(upstream:short)%00%(objectname)%00%(upstream:track)%00%(upstream:remotename)%00%(upstream:remoteref) refs/heads/master refs/remotes/master [1ms]
[2022-10-12T22:54:15.232Z] > git for-each-ref --sort -committerdate --format %(refname) %(objectname) %(*objectname) [21ms]
[2022-10-12T22:54:15.232Z] > git remote --verbose [2ms]
[2022-10-12T22:54:15.259Z] > git config --get commit.template [1ms]
[2022-10-12T22:54:16.548Z] > git status -z -uall [5ms]
[2022-10-12T22:54:16.556Z] > git symbolic-ref --short HEAD [1ms]
[2022-10-12T22:54:16.564Z] > git for-each-ref --format=%(refname)%00%(upstream:short)%00%(objectname)%00%(upstream:track)%00%(upstream:remotename)%00%(upstream:remoteref) refs/heads/master refs/remotes/master [1ms]
[2022-10-12T22:54:16.581Z] > git for-each-ref --sort -committerdate --format %(refname) %(objectname) %(*objectname) [7ms]
[2022-10-12T22:54:16.582Z] > git remote --verbose [2ms]
[2022-10-12T22:54:16.641Z] > git config --get commit.template [1ms]
[2022-10-12T22:54:16.845Z] > git ls-files --stage -- /home/ubuntu/buenComensalProject/restaurants/api/serializers.py [2ms]
[2022-10-12T22:54:17.062Z] > git show --textconv :restaurants/api/serializers.py [2ms]
[2022-10-12T22:57:15.270Z] > git fetch [3ms]
[2022-10-12T22:57:15.281Z] > git status -z -uall [4ms]
[2022-10-12T22:57:15.290Z] > git symbolic-ref --short HEAD [2ms]
[2022-10-12T22:57:15.298Z] > git for-each-ref --format=%(refname)%00%(upstream:short)%00%(objectname)%00%(upstream:track)%00%(upstream:remotename)%00%(upstream:remoteref) refs/heads/master refs/remotes/master [1ms]
[2022-10-12T22:57:15.335Z] > git for-each-ref --sort -committerdate --format %(refname) %(objectname) %(*objectname) [7ms]
[2022-10-12T22:57:15.335Z] > git remote --verbose [1ms]
[2022-10-12T22:57:15.434Z] > git config --get commit.template [1ms]
[2022-10-12T22:57:16.573Z] > git status -z -uall [3ms]
[2022-10-12T22:57:16.581Z] > git symbolic-ref --short HEAD [1ms]
[2022-10-12T22:57:16.589Z] > git for-each-ref --format=%(refname)%00%(upstream:short)%00%(objectname)%00%(upstream:track)%00%(upstream:remotename)%00%(upstream:remoteref) refs/heads/master refs/remotes/master [1ms]
[2022-10-12T22:57:16.625Z] > git for-each-ref --sort -committerdate --format %(refname) %(objectname) %(*objectname) [30ms]
[2022-10-12T22:57:16.625Z] > git remote --verbose [24ms]
[2022-10-12T22:57:16.642Z] > git config --get commit.template [2ms]
[2022-10-12T22:57:16.847Z] > git ls-files --stage -- /home/ubuntu/buenComensalProject/restaurants/api/serializers.py [1ms]
[2022-10-12T22:57:17.039Z] > git show --textconv :restaurants/api/serializers.py [2ms]
[2022-10-12T23:02:48.990Z] > git fetch [9ms]
[2022-10-12T23:02:49.002Z] > git status -z -uall [5ms]
[2022-10-12T23:02:49.031Z] > git symbolic-ref --short HEAD [2ms]
[2022-10-12T23:02:49.042Z] > git for-each-ref --format=%(refname)%00%(upstream:short)%00%(objectname)%00%(upstream:track)%00%(upstream:remotename)%00%(upstream:remoteref) refs/heads/master refs/remotes/master [1ms]
[2022-10-12T23:02:49.058Z] > git for-each-ref --sort -committerdate --format %(refname) %(objectname) %(*objectname) [8ms]
[2022-10-12T23:02:49.058Z] > git remote --verbose [1ms]
[2022-10-12T23:02:49.130Z] > git config --get commit.template [1ms]
[2022-10-12T23:04:30.469Z] > git status -z -uall [7ms]
[2022-10-12T23:04:30.491Z] > git symbolic-ref --short HEAD [4ms]
[2022-10-12T23:04:30.505Z] > git for-each-ref --format=%(refname)%00%(upstream:short)%00%(objectname)%00%(upstream:track)%00%(upstream:remotename)%00%(upstream:remoteref) refs/heads/master refs/remotes/master [2ms]
[2022-10-12T23:04:30.538Z] > git for-each-ref --sort -committerdate --format %(refname) %(objectname) %(*objectname) [12ms]
[2022-10-12T23:04:30.538Z] > git remote --verbose [1ms]
[2022-10-12T23:04:30.560Z] > git config --get commit.template [1ms]
[2022-10-12T23:04:30.827Z] > git ls-files --stage -- /home/ubuntu/buenComensalProject/restaurants/api/serializers.py [1ms]
[2022-10-12T23:04:31.388Z] > git show --textconv :restaurants/api/serializers.py [1ms]
[2022-10-12T23:19:32.753Z] > git fetch [3ms]
[2022-10-12T23:19:32.768Z] > git status -z -uall [7ms]
[2022-10-12T23:19:32.779Z] > git symbolic-ref --short HEAD [2ms]
[2022-10-12T23:19:32.790Z] > git for-each-ref --format=%(refname)%00%(upstream:short)%00%(objectname)%00%(upstream:track)%00%(upstream:remotename)%00%(upstream:remoteref) refs/heads/master refs/remotes/master [3ms]
[2022-10-12T23:19:32.835Z] > git for-each-ref --sort -committerdate --format %(refname) %(objectname) %(*objectname) [7ms]
[2022-10-12T23:19:32.836Z] > git remote --verbose [2ms]
[2022-10-12T23:19:32.858Z] > git config --get commit.template [1ms]
[2022-10-12T23:31:50.101Z] > git fetch [10ms]
[2022-10-12T23:31:50.102Z] > git status -z -uall [3ms]
[2022-10-12T23:31:50.126Z] > git symbolic-ref --short HEAD [1ms]
[2022-10-12T23:31:50.134Z] > git for-each-ref --format=%(refname)%00%(upstream:short)%00%(objectname)%00%(upstream:track)%00%(upstream:remotename)%00%(upstream:remoteref) refs/heads/master refs/remotes/master [2ms]
[2022-10-12T23:31:50.149Z] > git for-each-ref --sort -committerdate --format %(refname) %(objectname) %(*objectname) [8ms]
[2022-10-12T23:31:50.150Z] > git remote --verbose [2ms]
[2022-10-12T23:31:50.225Z] > git config --get commit.template [61ms]
[2022-10-12T23:31:50.237Z] > git status -z -uall [3ms]
[2022-10-12T23:31:50.248Z] > git symbolic-ref --short HEAD [3ms]
[2022-10-12T23:31:50.453Z] > git for-each-ref --format=%(refname)%00%(upstream:short)%00%(objectname)%00%(upstream:track)%00%(upstream:remotename)%00%(upstream:remoteref) refs/heads/master refs/remotes/master [198ms]
[2022-10-12T23:31:50.530Z] > git remote --verbose [3ms]
[2022-10-12T23:31:50.530Z] > git for-each-ref --sort -committerdate --format %(refname) %(objectname) %(*objectname) [68ms]
[2022-10-12T23:31:50.626Z] > git config --get commit.template [81ms]
[2022-10-12T23:31:50.961Z] > git ls-files --stage -- /home/ubuntu/buenComensalProject/restaurants/api/serializers.py [323ms]
[2022-10-12T23:31:51.279Z] > git show --textconv :restaurants/api/serializers.py [1ms]
[2022-10-12T23:31:52.294Z] > git ls-files --stage -- /home/ubuntu/buenComensalProject/restaurants/api/serializers.py [1ms]
[2022-10-12T23:31:52.488Z] > git show --textconv :restaurants/api/serializers.py [2ms]
[2022-10-12T23:31:55.250Z] > git status -z -uall [6ms]
[2022-10-12T23:31:55.260Z] > git symbolic-ref --short HEAD [0ms]
[2022-10-12T23:31:55.273Z] > git for-each-ref --format=%(refname)%00%(upstream:short)%00%(objectname)%00%(upstream:track)%00%(upstream:remotename)%00%(upstream:remoteref) refs/heads/master refs/remotes/master [3ms]
[2022-10-12T23:31:55.335Z] > git for-each-ref --sort -committerdate --format %(refname) %(objectname) %(*objectname) [50ms]
[2022-10-12T23:31:55.337Z] > git remote --verbose [2ms]
[2022-10-12T23:31:55.354Z] > git config --get commit.template [3ms]
[2022-10-12T23:34:10.143Z] > git show --textconv :restaurants/api/api.py [10ms]
[2022-10-12T23:34:10.145Z] > git ls-files --stage -- /home/ubuntu/buenComensalProject/restaurants/api/api.py [3ms]
[2022-10-12T23:35:51.733Z] > git fetch [6ms]
[2022-10-12T23:35:51.747Z] > git status -z -uall [4ms]
[2022-10-12T23:35:51.756Z] > git symbolic-ref --short HEAD [2ms]
[2022-10-12T23:35:51.834Z] > git for-each-ref --format=%(refname)%00%(upstream:short)%00%(objectname)%00%(upstream:track)%00%(upstream:remotename)%00%(upstream:remoteref) refs/heads/master refs/remotes/master [2ms]
[2022-10-12T23:35:51.852Z] > git for-each-ref --sort -committerdate --format %(refname) %(objectname) %(*objectname) [10ms]
[2022-10-12T23:35:51.853Z] > git remote --verbose [2ms]
[2022-10-12T23:35:51.938Z] > git config --get commit.template [4ms]
[2022-10-12T23:35:53.158Z] > git status -z -uall [3ms]
[2022-10-12T23:35:53.166Z] > git symbolic-ref --short HEAD [1ms]
[2022-10-12T23:35:53.174Z] > git for-each-ref --format=%(refname)%00%(upstream:short)%00%(objectname)%00%(upstream:track)%00%(upstream:remotename)%00%(upstream:remoteref) refs/heads/master refs/remotes/master [1ms]
[2022-10-12T23:35:53.189Z] > git for-each-ref --sort -committerdate --format %(refname) %(objectname) %(*objectname) [7ms]
[2022-10-12T23:35:53.189Z] > git remote --verbose [1ms]
[2022-10-12T23:35:53.239Z] > git config --get commit.template [2ms]
[2022-10-12T23:35:53.529Z] > git ls-files --stage -- /home/ubuntu/buenComensalProject/restaurants/api/api.py [1ms]
[2022-10-12T23:35:53.715Z] > git show --textconv :restaurants/api/api.py [1ms]
[2022-10-12T23:38:11.378Z] > git status -z -uall [3ms]
[2022-10-12T23:38:11.386Z] > git symbolic-ref --short HEAD [1ms]
[2022-10-12T23:38:11.394Z] > git for-each-ref --format=%(refname)%00%(upstream:short)%00%(objectname)%00%(upstream:track)%00%(upstream:remotename)%00%(upstream:remoteref) refs/heads/master refs/remotes/master [1ms]
[2022-10-12T23:38:11.408Z] > git for-each-ref --sort -committerdate --format %(refname) %(objectname) %(*objectname) [7ms]
[2022-10-12T23:38:11.425Z] > git remote --verbose [18ms]
[2022-10-12T23:38:11.443Z] > git config --get commit.template [3ms]
[2022-10-12T23:38:58.783Z] > git fetch [2ms]
[2022-10-12T23:38:58.793Z] > git status -z -uall [3ms]
[2022-10-12T23:38:58.803Z] > git symbolic-ref --short HEAD [1ms]
[2022-10-12T23:38:58.825Z] > git for-each-ref --format=%(refname)%00%(upstream:short)%00%(objectname)%00%(upstream:track)%00%(upstream:remotename)%00%(upstream:remoteref) refs/heads/master refs/remotes/master [12ms]
[2022-10-12T23:38:58.845Z] > git for-each-ref --sort -committerdate --format %(refname) %(objectname) %(*objectname) [12ms]
[2022-10-12T23:38:58.846Z] > git remote --verbose [2ms]
[2022-10-12T23:38:58.868Z] > git config --get commit.template [2ms]
[2022-10-12T23:39:03.038Z] > git status -z -uall [3ms]
[2022-10-12T23:39:03.048Z] > git symbolic-ref --short HEAD [2ms]
[2022-10-12T23:39:03.057Z] > git for-each-ref --format=%(refname)%00%(upstream:short)%00%(objectname)%00%(upstream:track)%00%(upstream:remotename)%00%(upstream:remoteref) refs/heads/master refs/remotes/master [1ms]
[2022-10-12T23:39:03.125Z] > git remote --verbose [54ms]
[2022-10-12T23:39:03.125Z] > git for-each-ref --sort -committerdate --format %(refname) %(objectname) %(*objectname) [61ms]
[2022-10-12T23:39:03.140Z] > git config --get commit.template [1ms]
[2022-10-12T23:39:03.443Z] > git ls-files --stage -- /home/ubuntu/buenComensalProject/restaurants/api/api.py [8ms]
[2022-10-12T23:39:03.730Z] > git show --textconv :restaurants/api/api.py [2ms]
[2022-10-12T23:41:39.395Z] > git show --textconv :restaurants/api/serializers.py [9ms]
[2022-10-12T23:41:39.395Z] > git ls-files --stage -- /home/ubuntu/buenComensalProject/restaurants/api/serializers.py [0ms]
[2022-10-12T23:41:56.871Z] > git show --textconv :restaurants/api/api.py [7ms]
[2022-10-12T23:41:56.872Z] > git ls-files --stage -- /home/ubuntu/buenComensalProject/restaurants/api/api.py [2ms]
[2022-10-12T23:41:58.880Z] > git fetch [3ms]
[2022-10-12T23:41:58.890Z] > git status -z -uall [3ms]
[2022-10-12T23:41:58.899Z] > git symbolic-ref --short HEAD [1ms]
[2022-10-12T23:41:58.907Z] > git for-each-ref --format=%(refname)%00%(upstream:short)%00%(objectname)%00%(upstream:track)%00%(upstream:remotename)%00%(upstream:remoteref) refs/heads/master refs/remotes/master [2ms]
[2022-10-12T23:41:58.940Z] > git remote --verbose [2ms]
[2022-10-12T23:41:58.940Z] > git for-each-ref --sort -committerdate --format %(refname) %(objectname) %(*objectname) [13ms]
[2022-10-12T23:41:58.965Z] > git config --get commit.template [1ms]
[2022-10-12T23:42:00.163Z] > git status -z -uall [5ms]
[2022-10-12T23:42:00.171Z] > git symbolic-ref --short HEAD [1ms]
[2022-10-12T23:42:00.179Z] > git for-each-ref --format=%(refname)%00%(upstream:short)%00%(objectname)%00%(upstream:track)%00%(upstream:remotename)%00%(upstream:remoteref) refs/heads/master refs/remotes/master [1ms]
[2022-10-12T23:42:00.236Z] > git for-each-ref --sort -committerdate --format %(refname) %(objectname) %(*objectname) [9ms]
[2022-10-12T23:42:00.236Z] > git remote --verbose [1ms]
[2022-10-12T23:42:00.259Z] > git config --get commit.template [3ms]
[2022-10-12T23:42:00.461Z] > git ls-files --stage -- /home/ubuntu/buenComensalProject/restaurants/api/api.py [3ms]
[2022-10-12T23:42:00.736Z] > git show --textconv :restaurants/api/api.py [1ms]
[2022-10-12T23:42:11.429Z] > git check-ignore -v -z --stdin [1ms]
[2022-10-12T23:42:12.637Z] > git check-ignore -v -z --stdin [1ms]
[2022-10-12T23:42:14.512Z] > git show --textconv :users/api/api.py [8ms]
[2022-10-12T23:42:14.513Z] > git ls-files --stage -- /home/ubuntu/buenComensalProject/users/api/api.py [2ms]
[2022-10-12T23:42:27.862Z] > git show --textconv :users/api/urls.py [15ms]
[2022-10-12T23:42:27.863Z] > git ls-files --stage -- /home/ubuntu/buenComensalProject/users/api/urls.py [5ms]
[2022-10-12T23:42:29.556Z] > git show --textconv :users/api/serializers.py [8ms]
[2022-10-12T23:42:29.557Z] > git ls-files --stage -- /home/ubuntu/buenComensalProject/users/api/serializers.py [2ms]
[2022-10-12T23:42:40.976Z] > git show --textconv :users/admin.py [10ms]
[2022-10-12T23:42:40.977Z] > git ls-files --stage -- /home/ubuntu/buenComensalProject/users/admin.py [2ms]
[2022-10-12T23:42:43.448Z] > git show --textconv :users/models.py [8ms]
[2022-10-12T23:42:43.449Z] > git ls-files --stage -- /home/ubuntu/buenComensalProject/users/models.py [2ms]
[2022-10-12T23:42:44.334Z] > git show --textconv :users/tests.py [70ms]
[2022-10-12T23:42:44.339Z] > git ls-files --stage -- /home/ubuntu/buenComensalProject/users/tests.py [6ms]
[2022-10-12T23:42:45.732Z] > git show --textconv :users/views.py [20ms]
[2022-10-12T23:42:45.733Z] > git ls-files --stage -- /home/ubuntu/buenComensalProject/users/views.py [1ms]
[2022-10-12T23:42:46.681Z] > git check-ignore -v -z --stdin [1ms]
[2022-10-12T23:42:47.312Z] > git show --textconv :users/api/urls.py [14ms]
[2022-10-12T23:42:47.313Z] > git ls-files --stage -- /home/ubuntu/buenComensalProject/users/api/urls.py [4ms]
[2022-10-12T23:42:48.984Z] > git show --textconv :users/api/serializers.py [9ms]
[2022-10-12T23:42:48.984Z] > git ls-files --stage -- /home/ubuntu/buenComensalProject/users/api/serializers.py [2ms]
[2022-10-12T23:42:55.503Z] > git show --textconv :users/api/api.py [7ms]
[2022-10-12T23:42:55.505Z] > git ls-files --stage -- /home/ubuntu/buenComensalProject/users/api/api.py [2ms]
[2022-10-12T23:43:09.557Z] > git show --textconv :users/models.py [12ms]
[2022-10-12T23:43:09.558Z] > git ls-files --stage -- /home/ubuntu/buenComensalProject/users/models.py [2ms]
[2022-10-12T23:43:16.038Z] > git show --textconv :restaurants/models.py [76ms]
[2022-10-12T23:43:16.041Z] > git ls-files --stage -- /home/ubuntu/buenComensalProject/restaurants/models.py [5ms]
[2022-10-12T23:43:38.242Z] > git show --textconv :users/views.py [11ms]
[2022-10-12T23:43:38.243Z] > git ls-files --stage -- /home/ubuntu/buenComensalProject/users/views.py [2ms]
[2022-10-12T23:44:08.640Z] > git status -z -uall [1ms]
[2022-10-12T23:44:08.651Z] > git symbolic-ref --short HEAD [2ms]
[2022-10-12T23:44:08.661Z] > git for-each-ref --format=%(refname)%00%(upstream:short)%00%(objectname)%00%(upstream:track)%00%(upstream:remotename)%00%(upstream:remoteref) refs/heads/master refs/remotes/master [2ms]
[2022-10-12T23:44:08.725Z] > git for-each-ref --sort -committerdate --format %(refname) %(objectname) %(*objectname) [56ms]
[2022-10-12T23:44:08.726Z] > git remote --verbose [51ms]
[2022-10-12T23:44:08.745Z] > git config --get commit.template [2ms]
[2022-10-12T23:44:33.196Z] > git show --textconv :restaurants/api/serializers.py [11ms]
[2022-10-12T23:44:33.197Z] > git ls-files --stage -- /home/ubuntu/buenComensalProject/restaurants/api/serializers.py [2ms]
[2022-10-12T23:44:34.523Z] > git show --textconv :users/views.py [7ms]
[2022-10-12T23:44:34.524Z] > git ls-files --stage -- /home/ubuntu/buenComensalProject/users/views.py [2ms]
[2022-10-12T23:44:35.223Z] > git show --textconv :restaurants/api/api.py [7ms]
[2022-10-12T23:44:35.224Z] > git ls-files --stage -- /home/ubuntu/buenComensalProject/restaurants/api/api.py [1ms]
[2022-10-12T23:44:37.112Z] > git show --textconv :users/views.py [7ms]
[2022-10-12T23:44:37.114Z] > git ls-files --stage -- /home/ubuntu/buenComensalProject/users/views.py [1ms]
[2022-10-12T23:44:39.619Z] > git show --textconv :restaurants/models.py [10ms]
[2022-10-12T23:44:39.620Z] > git ls-files --stage -- /home/ubuntu/buenComensalProject/restaurants/models.py [3ms]
[2022-10-12T23:44:49.230Z] > git show --textconv :restaurants/api/api.py [7ms]
[2022-10-12T23:44:49.233Z] > git ls-files --stage -- /home/ubuntu/buenComensalProject/restaurants/api/api.py [3ms]
[2022-10-12T23:44:49.887Z] > git show --textconv :restaurants/api/serializers.py [8ms]
[2022-10-12T23:44:49.888Z] > git ls-files --stage -- /home/ubuntu/buenComensalProject/restaurants/api/serializers.py [2ms]
[2022-10-12T23:44:58.981Z] > git fetch [3ms]
[2022-10-12T23:44:58.993Z] > git status -z -uall [4ms]
[2022-10-12T23:44:59.003Z] > git symbolic-ref --short HEAD [1ms]
[2022-10-12T23:44:59.013Z] > git for-each-ref --format=%(refname)%00%(upstream:short)%00%(objectname)%00%(upstream:track)%00%(upstream:remotename)%00%(upstream:remoteref) refs/heads/master refs/remotes/master [1ms]
[2022-10-12T23:44:59.038Z] > git remote --verbose [1ms]
[2022-10-12T23:44:59.038Z] > git for-each-ref --sort -committerdate --format %(refname) %(objectname) %(*objectname) [10ms]
[2022-10-12T23:44:59.055Z] > git config --get commit.template [2ms]
[2022-10-12T23:45:00.299Z] > git status -z -uall [3ms]
[2022-10-12T23:45:00.311Z] > git symbolic-ref --short HEAD [1ms]
[2022-10-12T23:45:00.322Z] > git for-each-ref --format=%(refname)%00%(upstream:short)%00%(objectname)%00%(upstream:track)%00%(upstream:remotename)%00%(upstream:remoteref) refs/heads/master refs/remotes/master [1ms]
[2022-10-12T23:45:00.337Z] > git for-each-ref --sort -committerdate --format %(refname) %(objectname) %(*objectname) [8ms]
[2022-10-12T23:45:00.337Z] > git remote --verbose [1ms]
[2022-10-12T23:45:00.359Z] > git config --get commit.template [2ms]
[2022-10-12T23:45:00.609Z] > git ls-files --stage -- /home/ubuntu/buenComensalProject/restaurants/api/serializers.py [1ms]
[2022-10-12T23:45:00.816Z] > git show --textconv :restaurants/api/serializers.py [1ms]
[2022-10-12T23:45:16.448Z] > git show --textconv :restaurants/models.py [12ms]
[2022-10-12T23:45:16.449Z] > git ls-files --stage -- /home/ubuntu/buenComensalProject/restaurants/models.py [4ms]
[2022-10-12T23:48:19.020Z] > git fetch [6ms]
[2022-10-12T23:48:19.030Z] > git status -z -uall [3ms]
[2022-10-12T23:48:19.039Z] > git symbolic-ref --short HEAD [3ms]
[2022-10-12T23:48:19.047Z] > git for-each-ref --format=%(refname)%00%(upstream:short)%00%(objectname)%00%(upstream:track)%00%(upstream:remotename)%00%(upstream:remoteref) refs/heads/master refs/remotes/master [1ms]
[2022-10-12T23:48:19.066Z] > git remote --verbose [3ms]
[2022-10-12T23:48:19.066Z] > git for-each-ref --sort -committerdate --format %(refname) %(objectname) %(*objectname) [12ms]
[2022-10-12T23:48:19.140Z] > git config --get commit.template [2ms]
[2022-10-12T23:48:30.282Z] > git status -z -uall [4ms]
[2022-10-12T23:48:30.296Z] > git symbolic-ref --short HEAD [3ms]
[2022-10-12T23:48:30.306Z] > git for-each-ref --format=%(refname)%00%(upstream:short)%00%(objectname)%00%(upstream:track)%00%(upstream:remotename)%00%(upstream:remoteref) refs/heads/master refs/remotes/master [2ms]
[2022-10-12T23:48:30.349Z] > git remote --verbose [2ms]
[2022-10-12T23:48:30.351Z] > git for-each-ref --sort -committerdate --format %(refname) %(objectname) %(*objectname) [14ms]
[2022-10-12T23:48:30.439Z] > git config --get commit.template [2ms]
[2022-10-12T23:48:30.626Z] > git ls-files --stage -- /home/ubuntu/buenComensalProject/restaurants/models.py [61ms]
[2022-10-12T23:48:30.898Z] > git show --textconv :restaurants/models.py [1ms]
[2022-10-12T23:48:33.434Z] > git check-ignore -v -z --stdin [1ms]
[2022-10-12T23:48:35.463Z] > git check-ignore -v -z --stdin [1ms]
[2022-10-12T23:48:40.425Z] > git add -A -- . [2168ms]
[2022-10-12T23:48:41.993Z] > git show --textconv :.git/COMMIT_EDITMSG [13ms]
[2022-10-12T23:48:41.995Z] > git ls-files --stage -- /home/ubuntu/buenComensalProject/.git/COMMIT_EDITMSG [3ms]
[2022-10-12T23:48:42.133Z] > git check-ignore -v -z --stdin [2ms]
[2022-10-12T23:48:48.121Z] > git show --textconv :restaurants/models.py [8ms]
[2022-10-12T23:48:48.122Z] > git ls-files --stage -- /home/ubuntu/buenComensalProject/restaurants/models.py [2ms]
[2022-10-12T23:48:48.130Z] > git cat-file -s 521422ac5292cede5ca925b73397b4a832c521ba [1ms]
[2022-10-13T01:27:09.980Z] > git show --textconv :.git/COMMIT_EDITMSG [12ms]
[2022-10-13T01:27:09.985Z] > git ls-files --stage -- /home/ubuntu/buenComensalProject/.git/COMMIT_EDITMSG [5ms]
[2022-10-13T01:27:10.735Z] > git -c user.useConfigOnly=true commit --quiet [5910299ms]
[2022-10-13T01:27:10.735Z] Aborting commit due to empty commit message.
[2022-10-13T01:27:10.766Z] > git fetch [20ms]
[2022-10-13T01:27:10.844Z] > git status -z -uall [71ms]
[2022-10-13T01:27:10.852Z] > git symbolic-ref --short HEAD [0ms]
[2022-10-13T01:27:10.860Z] > git for-each-ref --format=%(refname)%00%(upstream:short)%00%(objectname)%00%(upstream:track)%00%(upstream:remotename)%00%(upstream:remoteref) refs/heads/master refs/remotes/master [1ms]
[2022-10-13T01:27:10.928Z] > git remote --verbose [54ms]
[2022-10-13T01:27:10.929Z] > git for-each-ref --sort -committerdate --format %(refname) %(objectname) %(*objectname) [62ms]
[2022-10-13T01:27:10.962Z] > git config --get commit.template [11ms]
[2022-10-13T01:27:11.425Z] > git show --textconv :restaurants/models.py [83ms]
[2022-10-13T01:27:11.426Z] > git ls-files --stage -- /home/ubuntu/buenComensalProject/restaurants/models.py [74ms]
[2022-10-13T01:27:11.441Z] > git cat-file -s 521422ac5292cede5ca925b73397b4a832c521ba [7ms]
[2022-10-13T01:27:12.339Z] > git status -z -uall [3ms]
[2022-10-13T01:27:12.347Z] > git symbolic-ref --short HEAD [1ms]
[2022-10-13T01:27:12.356Z] > git for-each-ref --format=%(refname)%00%(upstream:short)%00%(objectname)%00%(upstream:track)%00%(upstream:remotename)%00%(upstream:remoteref) refs/heads/master refs/remotes/master [2ms]
[2022-10-13T01:27:12.371Z] > git for-each-ref --sort -committerdate --format %(refname) %(objectname) %(*objectname) [8ms]
[2022-10-13T01:27:12.425Z] > git remote --verbose [55ms]
[2022-10-13T01:27:12.442Z] > git config --get commit.template [2ms]
[2022-10-13T01:27:12.739Z] > git ls-files --stage -- /home/ubuntu/buenComensalProject/restaurants/models.py [14ms]
[2022-10-13T01:27:12.760Z] > git cat-file -s 521422ac5292cede5ca925b73397b4a832c521ba [9ms]
[2022-10-13T01:27:13.174Z] > git show --textconv :restaurants/models.py [4ms]
[2022-10-13T01:27:15.717Z] > git show --textconv :.git/COMMIT_EDITMSG [9ms]
[2022-10-13T01:27:15.718Z] > git ls-files --stage -- /home/ubuntu/buenComensalProject/.git/COMMIT_EDITMSG [2ms]
[2022-10-13T01:27:15.951Z] > git ls-files --stage -- /home/ubuntu/buenComensalProject/.git/COMMIT_EDITMSG [2ms]
[2022-10-13T01:27:16.138Z] > git show --textconv :.git/COMMIT_EDITMSG [2ms]
[2022-10-13T01:27:35.882Z] > git status -z -uall [4ms]
[2022-10-13T01:27:35.890Z] > git symbolic-ref --short HEAD [1ms]
[2022-10-13T01:27:35.898Z] > git for-each-ref --format=%(refname)%00%(upstream:short)%00%(objectname)%00%(upstream:track)%00%(upstream:remotename)%00%(upstream:remoteref) refs/heads/master refs/remotes/master [1ms]
[2022-10-13T01:27:35.927Z] > git for-each-ref --sort -committerdate --format %(refname) %(objectname) %(*objectname) [22ms]
[2022-10-13T01:27:35.928Z] > git remote --verbose [3ms]
[2022-10-13T01:27:35.952Z] > git config --get commit.template [2ms]
[2022-10-13T01:27:36.408Z] > git status -z -uall [4ms]
[2022-10-13T01:27:36.416Z] > git symbolic-ref --short HEAD [1ms]
[2022-10-13T01:27:36.424Z] > git for-each-ref --format=%(refname)%00%(upstream:short)%00%(objectname)%00%(upstream:track)%00%(upstream:remotename)%00%(upstream:remoteref) refs/heads/master refs/remotes/master [1ms]
[2022-10-13T01:27:36.439Z] > git for-each-ref --sort -committerdate --format %(refname) %(objectname) %(*objectname) [8ms]
[2022-10-13T01:27:36.439Z] > git remote --verbose [1ms]
[2022-10-13T01:27:36.457Z] > git config --get commit.template [1ms]
[2022-10-13T01:34:03.950Z] > git show --textconv :restaurants/api/serializers.py [9ms]
[2022-10-13T01:34:03.954Z] > git ls-files --stage -- /home/ubuntu/buenComensalProject/restaurants/api/serializers.py [4ms]
[2022-10-13T01:34:03.964Z] > git cat-file -s 79aacb968f60e1bd26cae1e93440fc8973397a1e [0ms]
[2022-10-13T01:34:04.968Z] > git show --textconv :restaurants/models.py [9ms]
[2022-10-13T01:34:04.970Z] > git ls-files --stage -- /home/ubuntu/buenComensalProject/restaurants/models.py [2ms]
[2022-10-13T01:34:04.978Z] > git cat-file -s 521422ac5292cede5ca925b73397b4a832c521ba [2ms]
[2022-10-13T01:34:08.128Z] > git show --textconv :restaurants/api/serializers.py [7ms]
[2022-10-13T01:34:08.129Z] > git ls-files --stage -- /home/ubuntu/buenComensalProject/restaurants/api/serializers.py [1ms]
[2022-10-13T01:34:08.138Z] > git cat-file -s 79aacb968f60e1bd26cae1e93440fc8973397a1e [2ms]
[2022-10-13T01:34:08.864Z] > git show --textconv :.git/COMMIT_EDITMSG [7ms]
[2022-10-13T01:34:08.865Z] > git ls-files --stage -- /home/ubuntu/buenComensalProject/.git/COMMIT_EDITMSG [2ms]
[2022-10-13T01:34:17.269Z] > git -c user.useConfigOnly=true commit --quiet [422935ms]
[2022-10-13T01:34:17.269Z] Aborting commit due to empty commit message.
[2022-10-13T01:34:17.284Z] > git fetch [5ms]
[2022-10-13T01:34:17.338Z] > git status -z -uall [4ms]
[2022-10-13T01:34:17.348Z] > git symbolic-ref --short HEAD [2ms]
[2022-10-13T01:34:17.360Z] > git for-each-ref --format=%(refname)%00%(upstream:short)%00%(objectname)%00%(upstream:track)%00%(upstream:remotename)%00%(upstream:remoteref) refs/heads/master refs/remotes/master [2ms]
[2022-10-13T01:34:17.434Z] > git remote --verbose [3ms]
[2022-10-13T01:34:17.434Z] > git for-each-ref --sort -committerdate --format %(refname) %(objectname) %(*objectname) [65ms]
[2022-10-13T01:34:17.455Z] > git config --get commit.template [2ms]
[2022-10-13T01:34:17.731Z] > git show --textconv :restaurants/api/serializers.py [66ms]
[2022-10-13T01:34:17.735Z] > git ls-files --stage -- /home/ubuntu/buenComensalProject/restaurants/api/serializers.py [5ms]
[2022-10-13T01:34:17.745Z] > git cat-file -s 79aacb968f60e1bd26cae1e93440fc8973397a1e [2ms]
[2022-10-13T01:34:18.663Z] > git status -z -uall [4ms]
[2022-10-13T01:34:18.672Z] > git symbolic-ref --short HEAD [2ms]
[2022-10-13T01:34:18.680Z] > git for-each-ref --format=%(refname)%00%(upstream:short)%00%(objectname)%00%(upstream:track)%00%(upstream:remotename)%00%(upstream:remoteref) refs/heads/master refs/remotes/master [1ms]
[2022-10-13T01:34:18.695Z] > git for-each-ref --sort -committerdate --format %(refname) %(objectname) %(*objectname) [8ms]
[2022-10-13T01:34:18.725Z] > git remote --verbose [31ms]
[2022-10-13T01:34:18.755Z] > git config --get commit.template [3ms]
[2022-10-13T01:34:19.032Z] > git ls-files --stage -- /home/ubuntu/buenComensalProject/restaurants/api/serializers.py [2ms]
[2022-10-13T01:34:19.041Z] > git cat-file -s 79aacb968f60e1bd26cae1e93440fc8973397a1e [1ms]
[2022-10-13T01:34:19.244Z] > git show --textconv :restaurants/api/serializers.py [1ms]
[2022-10-13T01:34:21.686Z] > git check-ignore -v -z --stdin [2ms]
[2022-10-13T01:34:34.717Z] > git -c user.useConfigOnly=true commit --quiet --allow-empty-message --file - [7ms]
[2022-10-13T01:34:34.729Z] > git status -z -uall [1ms]
[2022-10-13T01:34:34.740Z] > git symbolic-ref --short HEAD [3ms]
[2022-10-13T01:34:34.753Z] > git for-each-ref --format=%(refname)%00%(upstream:short)%00%(objectname)%00%(upstream:track)%00%(upstream:remotename)%00%(upstream:remoteref) refs/heads/master refs/remotes/master [2ms]
[2022-10-13T01:34:34.779Z] > git for-each-ref --sort -committerdate --format %(refname) %(objectname) %(*objectname) [14ms]
[2022-10-13T01:34:34.780Z] > git remote --verbose [2ms]
[2022-10-13T01:34:34.848Z] > git config --get commit.template [4ms]
[2022-10-13T01:34:34.859Z] > git config --get commit.template [2ms]
[2022-10-13T01:34:36.177Z] > git check-ignore -v -z --stdin [3ms]
[2022-10-13T01:34:36.180Z] > git status -z -uall [13ms]
[2022-10-13T01:34:36.226Z] > git symbolic-ref --short HEAD [1ms]
[2022-10-13T01:34:36.235Z] > git for-each-ref --format=%(refname)%00%(upstream:short)%00%(objectname)%00%(upstream:track)%00%(upstream:remotename)%00%(upstream:remoteref) refs/heads/master refs/remotes/master [2ms]
[2022-10-13T01:34:36.252Z] > git for-each-ref --sort -committerdate --format %(refname) %(objectname) %(*objectname) [9ms]
[2022-10-13T01:34:36.253Z] > git remote --verbose [2ms]
[2022-10-13T01:34:36.267Z] > git config --get commit.template [2ms]
[2022-10-13T01:34:36.469Z] > git ls-files --stage -- /home/ubuntu/buenComensalProject/restaurants/api/serializers.py [3ms]
[2022-10-13T01:34:36.477Z] > git cat-file -s 79aacb968f60e1bd26cae1e93440fc8973397a1e [1ms]
[2022-10-13T01:34:36.665Z] > git show --textconv :restaurants/api/serializers.py [2ms]
[2022-10-13T01:34:43.018Z] > git check-ignore -v -z --stdin [1ms]
[2022-10-13T01:37:44.688Z] > git fetch [5ms]
[2022-10-13T01:37:44.700Z] > git status -z -uall [5ms]
[2022-10-13T01:37:44.708Z] > git symbolic-ref --short HEAD [1ms]
[2022-10-13T01:37:44.716Z] > git for-each-ref --format=%(refname)%00%(upstream:short)%00%(objectname)%00%(upstream:track)%00%(upstream:remotename)%00%(upstream:remoteref) refs/heads/master refs/remotes/master [2ms]
[2022-10-13T01:37:44.737Z] > git remote --verbose [1ms]
[2022-10-13T01:37:44.737Z] > git for-each-ref --sort -committerdate --format %(refname) %(objectname) %(*objectname) [9ms]
[2022-10-13T01:37:44.749Z] > git config --get commit.template [1ms]
[2022-10-13T01:37:46.014Z] > git status -z -uall [4ms]
[2022-10-13T01:37:46.023Z] > git symbolic-ref --short HEAD [2ms]
[2022-10-13T01:37:46.033Z] > git for-each-ref --format=%(refname)%00%(upstream:short)%00%(objectname)%00%(upstream:track)%00%(upstream:remotename)%00%(upstream:remoteref) refs/heads/master refs/remotes/master [2ms]
[2022-10-13T01:37:46.050Z] > git for-each-ref --sort -committerdate --format %(refname) %(objectname) %(*objectname) [8ms]
[2022-10-13T01:37:46.050Z] > git remote --verbose [1ms]
[2022-10-13T01:37:46.060Z] > git config --get commit.template [1ms]
[2022-10-13T01:37:46.295Z] > git ls-files --stage -- /home/ubuntu/buenComensalProject/restaurants/api/serializers.py [2ms]
[2022-10-13T01:37:46.304Z] > git cat-file -s 79aacb968f60e1bd26cae1e93440fc8973397a1e [1ms]
[2022-10-13T01:37:46.492Z] > git show --textconv :restaurants/api/serializers.py [2ms]
[2022-10-13T01:37:57.248Z] > git remote add Buen-Comensal https://github.com/valensab/Buen-Comensal.git [4ms]
[2022-10-13T01:37:57.265Z] > git status -z -uall [7ms]
[2022-10-13T01:37:57.276Z] > git symbolic-ref --short HEAD [2ms]
[2022-10-13T01:37:57.324Z] > git for-each-ref --format=%(refname)%00%(upstream:short)%00%(objectname)%00%(upstream:track)%00%(upstream:remotename)%00%(upstream:remoteref) refs/heads/master refs/remotes/master [40ms]
[2022-10-13T01:37:57.342Z] > git for-each-ref --sort -committerdate --format %(refname) %(objectname) %(*objectname) [9ms]
[2022-10-13T01:37:57.343Z] > git remote --verbose [1ms]
[2022-10-13T01:37:57.356Z] > git config --get commit.template [2ms]
[2022-10-13T01:37:58.644Z] > git fetch Buen-Comensal [1281ms]
[2022-10-13T01:37:58.655Z] > git status -z -uall [3ms]
[2022-10-13T01:37:58.665Z] > git symbolic-ref --short HEAD [1ms]
[2022-10-13T01:37:58.673Z] > git for-each-ref --format=%(refname)%00%(upstream:short)%00%(objectname)%00%(upstream:track)%00%(upstream:remotename)%00%(upstream:remoteref) refs/heads/master refs/remotes/master [1ms]
[2022-10-13T01:37:58.730Z] > git for-each-ref --sort -committerdate --format %(refname) %(objectname) %(*objectname) [50ms]
[2022-10-13T01:37:58.731Z] > git remote --verbose [2ms]
[2022-10-13T01:37:58.742Z] > git config --get commit.template [2ms]
[2022-10-13T01:37:58.991Z] > git ls-files --stage -- /home/ubuntu/buenComensalProject/restaurants/api/serializers.py [1ms]
[2022-10-13T01:37:58.999Z] > git cat-file -s 79aacb968f60e1bd26cae1e93440fc8973397a1e [1ms]
[2022-10-13T01:37:59.249Z] > git show --textconv :restaurants/api/serializers.py [2ms]
[2022-10-13T01:38:10.064Z] > git add -A -- . [482ms]
[2022-10-13T01:38:10.131Z] > git -c user.useConfigOnly=true commit --quiet --allow-empty-message --file - [59ms]
[2022-10-13T01:38:10.143Z] > git status -z -uall [4ms]
[2022-10-13T01:38:10.152Z] > git symbolic-ref --short HEAD [2ms]
[2022-10-13T01:38:10.228Z] > git for-each-ref --format=%(refname)%00%(upstream:short)%00%(objectname)%00%(upstream:track)%00%(upstream:remotename)%00%(upstream:remoteref) refs/heads/master refs/remotes/master [1ms]
[2022-10-13T01:38:10.243Z] > git remote --verbose [1ms]
[2022-10-13T01:38:10.244Z] > git for-each-ref --sort -committerdate --format %(refname) %(objectname) %(*objectname) [9ms]
[2022-10-13T01:38:10.257Z] > git config --get commit.template [1ms]
[2022-10-13T01:38:10.327Z] > git config --get commit.template [1ms]
[2022-10-13T01:38:11.474Z] > git status -z -uall [4ms]
[2022-10-13T01:38:11.482Z] > git symbolic-ref --short HEAD [2ms]
[2022-10-13T01:38:11.490Z] > git for-each-ref --format=%(refname)%00%(upstream:short)%00%(objectname)%00%(upstream:track)%00%(upstream:remotename)%00%(upstream:remoteref) refs/heads/master refs/remotes/master [2ms]
[2022-10-13T01:38:11.525Z] > git for-each-ref --sort -committerdate --format %(refname) %(objectname) %(*objectname) [28ms]
[2022-10-13T01:38:11.526Z] > git remote --verbose [19ms]
[2022-10-13T01:38:11.535Z] > git config --get commit.template [1ms]
[2022-10-13T01:38:11.761Z] > git ls-files --stage -- /home/ubuntu/buenComensalProject/restaurants/api/serializers.py [2ms]
[2022-10-13T01:38:11.769Z] > git cat-file -s 79aacb968f60e1bd26cae1e93440fc8973397a1e [1ms]
[2022-10-13T01:38:11.959Z] > git show --textconv :restaurants/api/serializers.py [2ms]
[2022-10-13T01:38:41.956Z] > git check-ignore -v -z --stdin [1ms]
[2022-10-13T01:38:42.826Z] > git check-ignore -v -z --stdin [1ms]
[2022-10-13T01:38:58.902Z] > git push Buen-Comensal master [6258ms]
[2022-10-13T01:38:58.903Z] To https://github.com/valensab/Buen-Comensal.git
 * [new branch]      master -> master
[2022-10-13T01:38:58.918Z] > git status -z -uall [4ms]
[2022-10-13T01:38:58.926Z] > git symbolic-ref --short HEAD [1ms]
[2022-10-13T01:38:58.934Z] > git for-each-ref --format=%(refname)%00%(upstream:short)%00%(objectname)%00%(upstream:track)%00%(upstream:remotename)%00%(upstream:remoteref) refs/heads/master refs/remotes/master [1ms]
[2022-10-13T01:38:58.950Z] > git for-each-ref --sort -committerdate --format %(refname) %(objectname) %(*objectname) [9ms]
[2022-10-13T01:38:58.950Z] > git remote --verbose [1ms]
[2022-10-13T01:38:58.960Z] > git config --get commit.template [2ms]
[2022-10-13T01:39:55.290Z] > git check-ignore -v -z --stdin [2ms]
[2022-10-13T01:39:57.332Z] > git check-ignore -v -z --stdin [3ms]
[2022-10-13T01:39:58.740Z] > git show --textconv :staticfiles/ckeditor/ckeditor/skins/light/dialog.css [92ms]
[2022-10-13T01:39:58.828Z] > git ls-files --stage -- /home/ubuntu/buenComensalProject/staticfiles/ckeditor/ckeditor/skins/light/dialog.css [88ms]
[2022-10-13T01:39:58.840Z] > git cat-file -s 29bbaf9f16178cec15aa025595ffe36c98ca5361 [3ms]
[2022-10-13T01:40:00.883Z] > git check-ignore -v -z --stdin [1ms]
