Experiment 'pythonaacf' is active
Experiment 'pythonTensorboardExperiment' is active
Experiment 'pythonSurveyNotificationcf' is active
Experiment 'PythonPyTorchProfiler' is active
Experiment 'pythonDeprecatePythonPath' is active
Experiment 'pythonInterpreterInfoUnpinned' is active
> conda info --json
> /usr/bin/python3 ~/.vscode-server/extensions/ms-python.python-2022.4.1/pythonFiles/get_output_via_markers.py ~/.vscode-server/extensions/ms-python.python-2022.4.1/pythonFiles/interpreterInfo.py
Python interpreter path: /usr/bin/python3
> /bin/python3 ~/.vscode-server/extensions/ms-python.python-2022.4.1/pythonFiles/get_output_via_markers.py ~/.vscode-server/extensions/ms-python.python-2022.4.1/pythonFiles/interpreterInfo.py
Starting Pylance language server.
> ~/env/bin/python ~/.vscode-server/extensions/ms-python.python-2022.4.1/pythonFiles/get_output_via_markers.py ~/.vscode-server/extensions/ms-python.python-2022.4.1/pythonFiles/interpreterInfo.py
Python interpreter path: ~/env/bin/python
> . ~/env/bin/activate && echo 'e8b39361-0157-4923-80e1-22d70d46dee6' && python ~/.vscode-server/extensions/ms-python.python-2022.4.1/pythonFiles/printEnvVariables.py
> ~/env/bin/python -m autopep8 --diff ./restaurants/api/urls.py
cwd: .
> ~/env/bin/python -c "import autopep8"
> . ~/env/bin/activate && echo 'e8b39361-0157-4923-80e1-22d70d46dee6' && python ~/.vscode-server/extensions/ms-python.python-2022.4.1/pythonFiles/printEnvVariables.py
> ~/env/bin/python -c "import autopep8"

Formatting with autopep8 failed.
You could either install the 'autopep8' formatter, turn it off or use another formatter.
Error: Module 'autopep8' not installed.
> ~/env/bin/python -c "import pip"
> ~/env/bin/python -c "import autopep8"
> ~/env/bin/python -m autopep8 --diff ./restaurants/api/urls.py
cwd: .
