Visual Studio Code (1.66.2, ssh-remote, desktop)
Jupyter Extension Version: 2022.3.1000901801.
Python Extension Version: 2022.4.1.
Workspace folder ~/buenComensalProject
Info 02:03:53: ZMQ install verified.
User belongs to experiment group 'jupyterTestcf'
User belongs to experiment group 'jupyterEnhancedDataViewer'
Info 02:03:57: Experiment status for python is {"enabled":true,"optInto":[],"optOutFrom":[]}
Info 02:03:57: Getting activation commands for /usr/bin/python3 are not cached. May take a while.
Info 02:03:57: Process Execution: > /usr/bin/python3 -m pip list
> /usr/bin/python3 -m pip list
Info 02:04:49: Getting activation commands for /bin/python3 are not cached. May take a while.
Info 02:04:50: Process Execution: > /bin/python3 -m pip list
> /bin/python3 -m pip list
Info 02:16:23: Process Execution: > /usr/bin/python3 -m pip list
> /usr/bin/python3 -m pip list
Info 02:18:53: Getting activation commands for /home/ubuntu/env/bin/python are not cached. May take a while.
Info 02:18:54: Activation Commands received source /home/ubuntu/env/bin/activate for shell bash
Info 02:18:54: Process Execution: > ~/env/bin/python -m pip list
> ~/env/bin/python -m pip list
Info 03:47:46: Shutting down notebooks for 8c7df680-3984-46fa-a3bc-8a90b5ca4ac5
Info 03:47:46: Disposing HostJupyterExecution 92c22e90-9ce4-4aaa-b9a4-158fd826509a
Info 03:47:46: Disposing super HostJupyterExecution 92c22e90-9ce4-4aaa-b9a4-158fd826509a
Info 03:47:46: Disposing HostJupyterExecution 92c22e90-9ce4-4aaa-b9a4-158fd826509a
Info 03:47:46: Finished disposing HostJupyterExecution  92c22e90-9ce4-4aaa-b9a4-158fd826509a
Info 03:47:46: Cleaning up server cache 92c22e90-9ce4-4aaa-b9a4-158fd826509a
Info 03:47:46: Finished disposing HostJupyterExecution  92c22e90-9ce4-4aaa-b9a4-158fd826509a
