[2022-10-22T00:31:47.529Z] Log level: Info
[2022-10-22T00:31:47.546Z] [info] Validating found git in: git
[2022-10-22T00:31:47.747Z] [info] Using git 2.25.1 from git
[2022-10-22T00:31:47.939Z] > git rev-parse --show-toplevel [93ms]
[2022-10-22T00:31:48.027Z] > git rev-parse --git-dir --git-common-dir [78ms]
[2022-10-22T00:31:48.039Z] [info] Open repository: /home/ubuntu
[2022-10-22T00:31:48.133Z] > git rev-parse --show-toplevel [73ms]
[2022-10-22T00:31:48.145Z] > git rev-parse --show-toplevel [3ms]
[2022-10-22T00:31:49.639Z] > git rev-parse --show-toplevel [1412ms]
[2022-10-22T00:31:49.726Z] > git rev-parse --show-toplevel [82ms]
[2022-10-22T00:31:49.741Z] > git rev-parse --show-toplevel [5ms]
[2022-10-22T00:31:49.830Z] > git rev-parse --show-toplevel [82ms]
[2022-10-22T00:31:49.930Z] > git rev-parse --git-dir --git-common-dir [87ms]
[2022-10-22T00:31:49.938Z] [info] Open repository: /home/ubuntu/buenComensalProject
[2022-10-22T00:31:50.042Z] > git rev-parse --show-toplevel [8ms]
[2022-10-22T00:31:50.125Z] > git status -z -uall [97ms]
[2022-10-22T00:31:50.134Z] > git symbolic-ref --short HEAD [1ms]
[2022-10-22T00:31:50.141Z] > git rev-parse --show-toplevel [92ms]
[2022-10-22T00:31:50.149Z] > git for-each-ref --format=%(refname)%00%(upstream:short)%00%(objectname)%00%(upstream:track)%00%(upstream:remotename)%00%(upstream:remoteref) refs/heads/master refs/remotes/master [9ms]
[2022-10-22T00:31:50.250Z] > git remote --verbose [12ms]
[2022-10-22T00:31:50.251Z] > git for-each-ref --sort -committerdate --format %(refname) %(objectname) %(*objectname) [19ms]
[2022-10-22T00:31:50.336Z] > git rev-parse --show-toplevel [188ms]
[2022-10-22T00:31:50.525Z] > git config --get commit.template [179ms]
[2022-10-22T00:31:50.642Z] > git check-ignore -v -z --stdin [394ms]
[2022-10-22T00:31:50.644Z] > git status -z -uall [106ms]
[2022-10-22T00:31:50.747Z] > git symbolic-ref --short HEAD [20ms]
[2022-10-22T00:31:50.929Z] > git for-each-ref --format=%(refname)%00%(upstream:short)%00%(objectname)%00%(upstream:track)%00%(upstream:remotename)%00%(upstream:remoteref) refs/heads/master refs/remotes/master [176ms]
[2022-10-22T00:31:50.947Z] > git for-each-ref --sort -committerdate --format %(refname) %(objectname) %(*objectname) [9ms]
[2022-10-22T00:31:50.948Z] > git remote --verbose [4ms]
[2022-10-22T00:31:51.033Z] > git config --get commit.template [4ms]
[2022-10-22T00:31:51.829Z] > git check-ignore -v -z --stdin [4ms]
[2022-10-22T00:31:51.929Z] > git check-ignore -v -z --stdin [198ms]
[2022-10-22T00:31:55.228Z] > git fetch [96ms]
[2022-10-22T00:31:55.238Z] > git status -z -uall [5ms]
[2022-10-22T00:31:55.246Z] > git symbolic-ref --short HEAD [2ms]
[2022-10-22T00:31:55.330Z] > git for-each-ref --format=%(refname)%00%(upstream:short)%00%(objectname)%00%(upstream:track)%00%(upstream:remotename)%00%(upstream:remoteref) refs/heads/master refs/remotes/master [3ms]
[2022-10-22T00:31:55.342Z] > git for-each-ref --sort -committerdate --format %(refname) %(objectname) %(*objectname) [7ms]
[2022-10-22T00:31:55.343Z] > git remote --verbose [3ms]
[2022-10-22T00:31:55.430Z] > git config --get commit.template [4ms]
[2022-10-22T00:31:57.644Z] > git status -z -uall [9590ms]
[2022-10-22T00:32:00.689Z] > git show --textconv :requirements.txt [14ms]
[2022-10-22T00:32:00.696Z] > git ls-files --stage -- /home/ubuntu/requirements.txt [15ms]
[2022-10-22T00:32:00.727Z] > git cat-file -s 7a14752dd5f6c668f5eb589296a67b9467ce3bf6 [1ms]
[2022-10-22T00:32:03.747Z] > git symbolic-ref --short HEAD [1ms]
[2022-10-22T00:32:03.757Z] > git for-each-ref --format=%(refname)%00%(upstream:short)%00%(objectname)%00%(upstream:track)%00%(upstream:remotename)%00%(upstream:remoteref) refs/heads/master refs/remotes/master [0ms]
[2022-10-22T00:32:03.775Z] > git remote --verbose [1ms]
[2022-10-22T00:32:03.776Z] > git for-each-ref --sort -committerdate --format %(refname) %(objectname) %(*objectname) [10ms]
[2022-10-22T00:32:09.636Z] > git config --get commit.template [6ms]
[2022-10-22T00:32:10.945Z] > git fetch [1298ms]
[2022-10-22T00:32:11.933Z] > git status -z -uall [2204ms]
[2022-10-22T00:32:11.934Z] > git symbolic-ref --short HEAD [6ms]
[2022-10-22T00:32:11.955Z] > git for-each-ref --format=%(refname)%00%(upstream:short)%00%(objectname)%00%(upstream:track)%00%(upstream:remotename)%00%(upstream:remoteref) refs/heads/master refs/remotes/master [6ms]
[2022-10-22T00:32:12.035Z] > git for-each-ref --sort -committerdate --format %(refname) %(objectname) %(*objectname) [10ms]
[2022-10-22T00:32:12.038Z] > git remote --verbose [4ms]
[2022-10-22T00:32:17.834Z] > git config --get commit.template [105ms]
[2022-10-22T00:32:19.637Z] > git status -z -uall [1792ms]
[2022-10-22T00:32:19.638Z] > git symbolic-ref --short HEAD [3ms]
[2022-10-22T00:32:19.651Z] > git for-each-ref --format=%(refname)%00%(upstream:short)%00%(objectname)%00%(upstream:track)%00%(upstream:remotename)%00%(upstream:remoteref) refs/heads/master refs/remotes/master [2ms]
[2022-10-22T00:32:19.674Z] > git for-each-ref --sort -committerdate --format %(refname) %(objectname) %(*objectname) [13ms]
[2022-10-22T00:32:19.725Z] > git remote --verbose [52ms]
[2022-10-22T00:32:26.254Z] > git config --get commit.template [301ms]
[2022-10-22T00:32:37.839Z] > git check-ignore -v -z --stdin [38ms]
