[2022-10-11 23:18:30.055] [exthost] [info] Extension host with pid 885278 started
[2022-10-11 23:18:30.145] [exthost] [info] Lock '/home/ubuntu/.vscode-server/data/User/workspaceStorage/33db89fc36b95e274c7f9ccda8cc4b3f/vscode.lock': Lock acquired.
[2022-10-11 23:18:30.425] [exthost] [info] ExtensionService#_doActivateExtension ms-python.python, startup: false, activationEvent: 'onLanguage:python'
[2022-10-11 23:18:30.426] [exthost] [info] ExtensionService#_doActivateExtension ms-toolsai.jupyter, startup: false, activationEvent: 'onLanguage:python'
[2022-10-11 23:18:30.427] [exthost] [info] ExtensionService#_doActivateExtension vscode.debug-auto-launch, startup: true, activationEvent: '*'
[2022-10-11 23:18:30.427] [exthost] [info] ExtensionService#_doActivateExtension vscode.git-base, startup: true, activationEvent: '*', root cause: vscode.git
[2022-10-11 23:18:30.428] [exthost] [info] ExtensionService#_doActivateExtension vscode.ipynb, startup: true, activationEvent: '*'
[2022-10-11 23:18:34.946] [exthost] [info] ExtensionService#_doActivateExtension vscode.git, startup: true, activationEvent: '*'
[2022-10-11 23:18:34.949] [exthost] [info] ExtensionService#_doActivateExtension vscode.github, startup: true, activationEvent: '*'
[2022-10-11 23:18:37.949] [exthost] [info] ExtensionService#_doActivateExtension ms-toolsai.jupyter-renderers, startup: false, activationEvent: 'api', root cause: ms-toolsai.jupyter
[2022-10-11 23:18:39.238] [exthost] [warning] [Decorations] CAPPING events from decorations provider vscode.git 312
[2022-10-11 23:18:39.830] [exthost] [warning] [Decorations] CAPPING events from decorations provider vscode.git 312
[2022-10-11 23:18:39.956] [exthost] [info] ExtensionService#_doActivateExtension vscode.emmet, startup: false, activationEvent: 'onStartupFinished'
[2022-10-11 23:18:39.957] [exthost] [info] ExtensionService#_doActivateExtension vscode.merge-conflict, startup: false, activationEvent: 'onStartupFinished'
[2022-10-11 23:18:39.957] [exthost] [info] ExtensionService#_doActivateExtension ritwickdey.LiveServer, startup: false, activationEvent: 'onStartupFinished'
[2022-10-11 23:18:39.957] [exthost] [info] Eager extensions activated
[2022-10-11 23:18:40.932] [exthost] [warning] [Decorations] CAPPING events from decorations provider vscode.git 312
[2022-10-11 23:18:43.132] [exthost] [warning] [Decorations] CAPPING events from decorations provider vscode.git 312
[2022-10-11 23:21:40.552] [exthost] [warning] [Decorations] CAPPING events from decorations provider vscode.git 312
[2022-10-11 23:21:41.925] [exthost] [warning] [Decorations] CAPPING events from decorations provider vscode.git 312
[2022-10-11 23:24:40.658] [exthost] [warning] [Decorations] CAPPING events from decorations provider vscode.git 312
[2022-10-11 23:24:42.069] [exthost] [warning] [Decorations] CAPPING events from decorations provider vscode.git 312
[2022-10-12 02:56:12.925] [exthost] [info] Extension host terminating: renderer disconnected for too long (1)
[2022-10-12 02:56:12.927] [exthost] [info] Lock '/home/ubuntu/.vscode-server/data/User/workspaceStorage/33db89fc36b95e274c7f9ccda8cc4b3f/vscode.lock': Marking the lockfile as scheduled to be released in 6000 ms.
[2022-10-12 02:56:13.063] [exthost] [info] Extension host with pid 885278 exiting with code 0
