Visual Studio Code (1.72.2, ssh-remote, desktop)
Jupyter Extension Version: 2022.9.1202862440.
Python Extension Version: 2022.16.1.
Workspace folder /home/ubuntu/buenComensalProject
info 21:10:19.969: ZMQ install verified.
User belongs to experiment group 'jupyterTestcf'
User belongs to experiment group 'jupyterEnhancedDataViewer'
info 21:10:24.346: LSP Notebooks experiment is disabled -- Pylance disabled or not installed
error 21:10:26.740: getCondaFile, Class name = k, completed in 2413ms, has a falsy return value [EntryNotFound (FileSystemError): Error: ENOENT: no such file or directory, stat 'c:\Users\PAULASABOGAL\anaconda3\Scripts\conda.exe'
	at Function._handleError (/home/ubuntu/.vscode-server/bin/d045a5eda657f4d7b676dedbfa7aab8207f8a075/out/vs/workbench/api/node/extensionHostProcess.js:92:29726)
	at Object.stat (/home/ubuntu/.vscode-server/bin/d045a5eda657f4d7b676dedbfa7aab8207f8a075/out/vs/workbench/api/node/extensionHostProcess.js:92:28094)
	at async b.getFileHash (/home/ubuntu/.vscode-server/extensions/ms-toolsai.jupyter-2022.9.1202862440/out/extension.node.js:7:20284)
	at async k.getCachedInformation (/home/ubuntu/.vscode-server/extensions/ms-toolsai.jupyter-2022.9.1202862440/out/extension.node.js:7:42507)] {
  code: 'FileNotFound'
}
error 21:10:26.743: getCondaVersion, Class name = k, completed in 2415ms, has a falsy return value [EntryNotFound (FileSystemError): Error: ENOENT: no such file or directory, stat 'c:\Users\PAULASABOGAL\anaconda3\Scripts\conda.exe'
	at Function._handleError (/home/ubuntu/.vscode-server/bin/d045a5eda657f4d7b676dedbfa7aab8207f8a075/out/vs/workbench/api/node/extensionHostProcess.js:92:29726)
	at Object.stat (/home/ubuntu/.vscode-server/bin/d045a5eda657f4d7b676dedbfa7aab8207f8a075/out/vs/workbench/api/node/extensionHostProcess.js:92:28094)
	at async b.getFileHash (/home/ubuntu/.vscode-server/extensions/ms-toolsai.jupyter-2022.9.1202862440/out/extension.node.js:7:20284)
	at async k.getCachedInformation (/home/ubuntu/.vscode-server/extensions/ms-toolsai.jupyter-2022.9.1202862440/out/extension.node.js:7:42507)] {
  code: 'FileNotFound'
}
info 21:10:27.144: Got env vars ourselves faster /home/ubuntu/env/bin/python with env var count 34 in 605ms
info 21:10:27.161: Process Execution: > ~/env/bin/python -m pip list
> ~/env/bin/python -m pip list
info 21:10:29.847: Got env vars with python /home/ubuntu/env/bin/python, with env var count 34 and custom env var count 0 in 3306ms
info 00:31:25.762: Shutting down notebooks for df07e951-4ec9-4c5d-8043-486c153dc423
info 00:31:25.762: Disposing HostJupyterExecution f596ee64-6495-4855-a7e8-f5207abaf95b
info 00:31:25.762: Disposing super HostJupyterExecution f596ee64-6495-4855-a7e8-f5207abaf95b
info 00:31:25.762: Disposing HostJupyterExecution f596ee64-6495-4855-a7e8-f5207abaf95b
info 00:31:25.762: Finished disposing HostJupyterExecution  f596ee64-6495-4855-a7e8-f5207abaf95b
info 00:31:25.772: Cleaning up server cache f596ee64-6495-4855-a7e8-f5207abaf95b
info 00:31:25.773: Finished disposing HostJupyterExecution  f596ee64-6495-4855-a7e8-f5207abaf95b
