[2022-10-21T21:10:24.848Z] Log level: Info
[2022-10-21T21:10:24.857Z] [info] Validating found git in: git
[2022-10-21T21:10:25.041Z] [info] Using git 2.25.1 from git
[2022-10-21T21:10:25.133Z] > git rev-parse --show-toplevel [70ms]
[2022-10-21T21:10:25.151Z] > git rev-parse --git-dir --git-common-dir [2ms]
[2022-10-21T21:10:25.161Z] [info] Open repository: /home/ubuntu/buenComensalProject
[2022-10-21T21:10:25.334Z] > git status -z -uall [81ms]
[2022-10-21T21:10:25.346Z] > git rev-parse --show-toplevel [15ms]
[2022-10-21T21:10:25.357Z] > git fetch [119ms]
[2022-10-21T21:10:25.359Z] > git symbolic-ref --short HEAD [13ms]
[2022-10-21T21:10:25.432Z] > git rev-parse --show-toplevel [75ms]
[2022-10-21T21:10:25.453Z] > git for-each-ref --format=%(refname)%00%(upstream:short)%00%(objectname)%00%(upstream:track)%00%(upstream:remotename)%00%(upstream:remoteref) refs/heads/master refs/remotes/master [22ms]
[2022-10-21T21:10:25.635Z] > git remote --verbose [94ms]
[2022-10-21T21:10:25.635Z] > git for-each-ref --sort -committerdate --format %(refname) %(objectname) %(*objectname) [169ms]
[2022-10-21T21:10:25.643Z] > git rev-parse --show-toplevel [199ms]
[2022-10-21T21:10:25.729Z] > git rev-parse --show-toplevel [75ms]
[2022-10-21T21:10:25.752Z] > git rev-parse --show-toplevel [12ms]
[2022-10-21T21:10:25.825Z] > git config --get commit.template [159ms]
[2022-10-21T21:10:25.840Z] > git rev-parse --show-toplevel [16ms]
[2022-10-21T21:10:25.852Z] > git status -z -uall [15ms]
[2022-10-21T21:10:25.932Z] > git rev-parse --show-toplevel [81ms]
[2022-10-21T21:10:25.938Z] > git symbolic-ref --short HEAD [76ms]
[2022-10-21T21:10:26.026Z] > git for-each-ref --format=%(refname)%00%(upstream:short)%00%(objectname)%00%(upstream:track)%00%(upstream:remotename)%00%(upstream:remoteref) refs/heads/master refs/remotes/master [77ms]
[2022-10-21T21:10:26.053Z] > git for-each-ref --sort -committerdate --format %(refname) %(objectname) %(*objectname) [16ms]
[2022-10-21T21:10:26.053Z] > git remote --verbose [5ms]
[2022-10-21T21:10:26.132Z] > git config --get commit.template [2ms]
[2022-10-21T21:10:26.627Z] > git status -z -uall [480ms]
[2022-10-21T21:10:26.725Z] > git symbolic-ref --short HEAD [86ms]
[2022-10-21T21:10:26.745Z] > git for-each-ref --format=%(refname)%00%(upstream:short)%00%(objectname)%00%(upstream:track)%00%(upstream:remotename)%00%(upstream:remoteref) refs/heads/master refs/remotes/master [6ms]
[2022-10-21T21:10:26.848Z] > git for-each-ref --sort -committerdate --format %(refname) %(objectname) %(*objectname) [22ms]
[2022-10-21T21:10:26.854Z] > git remote --verbose [15ms]
[2022-10-21T21:10:27.027Z] > git config --get commit.template [81ms]
[2022-10-21T21:10:27.927Z] > git check-ignore -v -z --stdin [79ms]
[2022-10-21T21:10:28.435Z] > git status -z -uall [79ms]
[2022-10-21T21:10:28.546Z] > git symbolic-ref --short HEAD [20ms]
[2022-10-21T21:10:28.735Z] > git for-each-ref --format=%(refname)%00%(upstream:short)%00%(objectname)%00%(upstream:track)%00%(upstream:remotename)%00%(upstream:remoteref) refs/heads/master refs/remotes/master [104ms]
[2022-10-21T21:10:28.930Z] > git for-each-ref --sort -committerdate --format %(refname) %(objectname) %(*objectname) [101ms]
[2022-10-21T21:10:28.935Z] > git remote --verbose [84ms]
[2022-10-21T21:10:29.030Z] > git config --get commit.template [78ms]
[2022-10-21T21:10:29.152Z] > git show --textconv :restaurants/admin.py [18ms]
[2022-10-21T21:10:29.238Z] > git ls-files --stage -- /home/ubuntu/buenComensalProject/restaurants/admin.py [90ms]
[2022-10-21T21:10:29.326Z] > git cat-file -s 384b5eaa30837e44c4a7eebb690e8a0037f0c7f2 [76ms]
[2022-10-21T21:12:19.086Z] > git show --textconv :suggestions/models.py [6ms]
[2022-10-21T21:12:19.088Z] > git ls-files --stage -- /home/ubuntu/buenComensalProject/suggestions/models.py [2ms]
[2022-10-21T21:12:19.095Z] > git cat-file -s 864ff5f5d3deb6db6bbaab93ee52b7379ca31653 [1ms]
[2022-10-21T21:12:19.850Z] > git check-ignore -v -z --stdin [1ms]
[2022-10-21T21:12:25.022Z] > git show --textconv :suggestions/views.py [6ms]
[2022-10-21T21:12:25.023Z] > git ls-files --stage -- /home/ubuntu/buenComensalProject/suggestions/views.py [1ms]
[2022-10-21T21:12:25.032Z] > git cat-file -s 683fb7e4fe3976cd2c7e1aa0b45f011cc6cf4936 [1ms]
[2022-10-21T21:13:26.160Z] > git fetch [4ms]
[2022-10-21T21:13:26.171Z] > git status -z -uall [5ms]
[2022-10-21T21:13:26.179Z] > git symbolic-ref --short HEAD [1ms]
[2022-10-21T21:13:26.186Z] > git for-each-ref --format=%(refname)%00%(upstream:short)%00%(objectname)%00%(upstream:track)%00%(upstream:remotename)%00%(upstream:remoteref) refs/heads/master refs/remotes/master [1ms]
[2022-10-21T21:13:26.235Z] > git for-each-ref --sort -committerdate --format %(refname) %(objectname) %(*objectname) [8ms]
[2022-10-21T21:13:26.236Z] > git remote --verbose [3ms]
[2022-10-21T21:13:26.246Z] > git config --get commit.template [1ms]
[2022-10-21T21:13:27.418Z] > git status -z -uall [5ms]
[2022-10-21T21:13:27.426Z] > git symbolic-ref --short HEAD [2ms]
[2022-10-21T21:13:27.434Z] > git for-each-ref --format=%(refname)%00%(upstream:short)%00%(objectname)%00%(upstream:track)%00%(upstream:remotename)%00%(upstream:remoteref) refs/heads/master refs/remotes/master [2ms]
[2022-10-21T21:13:27.456Z] > git remote --verbose [3ms]
[2022-10-21T21:13:27.457Z] > git for-each-ref --sort -committerdate --format %(refname) %(objectname) %(*objectname) [12ms]
[2022-10-21T21:13:27.473Z] > git config --get commit.template [1ms]
[2022-10-21T21:13:27.694Z] > git ls-files --stage -- /home/ubuntu/buenComensalProject/suggestions/views.py [1ms]
[2022-10-21T21:13:27.702Z] > git cat-file -s 683fb7e4fe3976cd2c7e1aa0b45f011cc6cf4936 [0ms]
[2022-10-21T21:13:27.890Z] > git show --textconv :suggestions/views.py [2ms]
[2022-10-21T21:14:19.047Z] > git status -z -uall [6ms]
[2022-10-21T21:14:19.056Z] > git symbolic-ref --short HEAD [1ms]
[2022-10-21T21:14:19.067Z] > git for-each-ref --format=%(refname)%00%(upstream:short)%00%(objectname)%00%(upstream:track)%00%(upstream:remotename)%00%(upstream:remoteref) refs/heads/master refs/remotes/master [0ms]
[2022-10-21T21:14:19.083Z] > git for-each-ref --sort -committerdate --format %(refname) %(objectname) %(*objectname) [8ms]
[2022-10-21T21:14:19.125Z] > git remote --verbose [44ms]
[2022-10-21T21:14:19.135Z] > git config --get commit.template [1ms]
[2022-10-21T21:15:02.721Z] > git status -z -uall [4ms]
[2022-10-21T21:15:02.730Z] > git symbolic-ref --short HEAD [1ms]
[2022-10-21T21:15:02.739Z] > git for-each-ref --format=%(refname)%00%(upstream:short)%00%(objectname)%00%(upstream:track)%00%(upstream:remotename)%00%(upstream:remoteref) refs/heads/master refs/remotes/master [1ms]
[2022-10-21T21:15:02.755Z] > git for-each-ref --sort -committerdate --format %(refname) %(objectname) %(*objectname) [8ms]
[2022-10-21T21:15:02.756Z] > git remote --verbose [2ms]
[2022-10-21T21:15:02.770Z] > git config --get commit.template [2ms]
[2022-10-21T21:15:24.791Z] > git status -z -uall [5ms]
[2022-10-21T21:15:24.800Z] > git symbolic-ref --short HEAD [2ms]
[2022-10-21T21:15:24.808Z] > git for-each-ref --format=%(refname)%00%(upstream:short)%00%(objectname)%00%(upstream:track)%00%(upstream:remotename)%00%(upstream:remoteref) refs/heads/master refs/remotes/master [2ms]
[2022-10-21T21:15:24.840Z] > git remote --verbose [2ms]
[2022-10-21T21:15:24.840Z] > git for-each-ref --sort -committerdate --format %(refname) %(objectname) %(*objectname) [9ms]
[2022-10-21T21:15:24.851Z] > git config --get commit.template [2ms]
[2022-10-21T21:16:06.531Z] > git status -z -uall [96ms]
[2022-10-21T21:16:06.633Z] > git symbolic-ref --short HEAD [83ms]
[2022-10-21T21:16:06.645Z] > git for-each-ref --format=%(refname)%00%(upstream:short)%00%(objectname)%00%(upstream:track)%00%(upstream:remotename)%00%(upstream:remoteref) refs/heads/master refs/remotes/master [5ms]
[2022-10-21T21:16:06.743Z] > git for-each-ref --sort -committerdate --format %(refname) %(objectname) %(*objectname) [13ms]
[2022-10-21T21:16:06.747Z] > git remote --verbose [5ms]
[2022-10-21T21:16:06.833Z] > git config --get commit.template [2ms]
[2022-10-21T21:16:26.261Z] > git fetch [7ms]
[2022-10-21T21:16:26.272Z] > git status -z -uall [4ms]
[2022-10-21T21:16:26.325Z] > git symbolic-ref --short HEAD [44ms]
[2022-10-21T21:16:26.339Z] > git for-each-ref --format=%(refname)%00%(upstream:short)%00%(objectname)%00%(upstream:track)%00%(upstream:remotename)%00%(upstream:remoteref) refs/heads/master refs/remotes/master [2ms]
[2022-10-21T21:16:26.352Z] > git for-each-ref --sort -committerdate --format %(refname) %(objectname) %(*objectname) [7ms]
[2022-10-21T21:16:26.353Z] > git remote --verbose [2ms]
[2022-10-21T21:16:26.432Z] > git config --get commit.template [2ms]
[2022-10-21T21:16:27.529Z] > git status -z -uall [7ms]
[2022-10-21T21:16:27.537Z] > git symbolic-ref --short HEAD [1ms]
[2022-10-21T21:16:27.545Z] > git for-each-ref --format=%(refname)%00%(upstream:short)%00%(objectname)%00%(upstream:track)%00%(upstream:remotename)%00%(upstream:remoteref) refs/heads/master refs/remotes/master [1ms]
[2022-10-21T21:16:27.559Z] > git for-each-ref --sort -committerdate --format %(refname) %(objectname) %(*objectname) [8ms]
[2022-10-21T21:16:27.560Z] > git remote --verbose [3ms]
[2022-10-21T21:16:27.568Z] > git config --get commit.template [1ms]
[2022-10-21T21:16:27.803Z] > git ls-files --stage -- /home/ubuntu/buenComensalProject/suggestions/views.py [2ms]
[2022-10-21T21:16:27.810Z] > git cat-file -s 683fb7e4fe3976cd2c7e1aa0b45f011cc6cf4936 [1ms]
[2022-10-21T21:16:27.999Z] > git show --textconv :suggestions/views.py [1ms]
[2022-10-21T21:17:09.743Z] > git status -z -uall [4ms]
[2022-10-21T21:17:09.832Z] > git symbolic-ref --short HEAD [0ms]
[2022-10-21T21:17:10.036Z] > git for-each-ref --format=%(refname)%00%(upstream:short)%00%(objectname)%00%(upstream:track)%00%(upstream:remotename)%00%(upstream:remoteref) refs/heads/master refs/remotes/master [3ms]
[2022-10-21T21:17:10.241Z] > git for-each-ref --sort -committerdate --format %(refname) %(objectname) %(*objectname) [15ms]
[2022-10-21T21:17:10.337Z] > git remote --verbose [97ms]
[2022-10-21T21:17:10.447Z] > git config --get commit.template [6ms]
[2022-10-21T21:17:15.462Z] > git status -z -uall [5ms]
[2022-10-21T21:17:15.472Z] > git symbolic-ref --short HEAD [3ms]
[2022-10-21T21:17:15.484Z] > git for-each-ref --format=%(refname)%00%(upstream:short)%00%(objectname)%00%(upstream:track)%00%(upstream:remotename)%00%(upstream:remoteref) refs/heads/master refs/remotes/master [3ms]
[2022-10-21T21:17:15.500Z] > git for-each-ref --sort -committerdate --format %(refname) %(objectname) %(*objectname) [9ms]
[2022-10-21T21:17:15.525Z] > git remote --verbose [26ms]
[2022-10-21T21:17:15.539Z] > git config --get commit.template [1ms]
[2022-10-21T21:17:20.561Z] > git status -z -uall [6ms]
[2022-10-21T21:17:20.636Z] > git symbolic-ref --short HEAD [1ms]
[2022-10-21T21:17:20.654Z] > git for-each-ref --format=%(refname)%00%(upstream:short)%00%(objectname)%00%(upstream:track)%00%(upstream:remotename)%00%(upstream:remoteref) refs/heads/master refs/remotes/master [2ms]
[2022-10-21T21:17:20.740Z] > git for-each-ref --sort -committerdate --format %(refname) %(objectname) %(*objectname) [12ms]
[2022-10-21T21:17:20.741Z] > git remote --verbose [2ms]
[2022-10-21T21:17:20.753Z] > git config --get commit.template [2ms]
[2022-10-21T21:23:15.510Z] > git fetch [8ms]
[2022-10-21T21:23:15.513Z] > git status -z -uall [4ms]
[2022-10-21T21:23:15.520Z] > git symbolic-ref --short HEAD [1ms]
[2022-10-21T21:23:15.528Z] > git for-each-ref --format=%(refname)%00%(upstream:short)%00%(objectname)%00%(upstream:track)%00%(upstream:remotename)%00%(upstream:remoteref) refs/heads/master refs/remotes/master [2ms]
[2022-10-21T21:23:15.542Z] > git for-each-ref --sort -committerdate --format %(refname) %(objectname) %(*objectname) [7ms]
[2022-10-21T21:23:15.542Z] > git remote --verbose [1ms]
[2022-10-21T21:23:15.553Z] > git config --get commit.template [2ms]
[2022-10-21T21:23:15.564Z] > git status -z -uall [4ms]
[2022-10-21T21:23:15.630Z] > git symbolic-ref --short HEAD [1ms]
[2022-10-21T21:23:15.638Z] > git for-each-ref --format=%(refname)%00%(upstream:short)%00%(objectname)%00%(upstream:track)%00%(upstream:remotename)%00%(upstream:remoteref) refs/heads/master refs/remotes/master [1ms]
[2022-10-21T21:23:15.730Z] > git remote --verbose [73ms]
[2022-10-21T21:23:15.730Z] > git for-each-ref --sort -committerdate --format %(refname) %(objectname) %(*objectname) [81ms]
[2022-10-21T21:23:15.740Z] > git config --get commit.template [2ms]
[2022-10-21T21:29:27.106Z] > git fetch [8ms]
[2022-10-21T21:29:27.109Z] > git status -z -uall [4ms]
[2022-10-21T21:29:27.117Z] > git symbolic-ref --short HEAD [1ms]
[2022-10-21T21:29:27.125Z] > git for-each-ref --format=%(refname)%00%(upstream:short)%00%(objectname)%00%(upstream:track)%00%(upstream:remotename)%00%(upstream:remoteref) refs/heads/master refs/remotes/master [2ms]
[2022-10-21T21:29:27.139Z] > git for-each-ref --sort -committerdate --format %(refname) %(objectname) %(*objectname) [7ms]
[2022-10-21T21:29:27.141Z] > git remote --verbose [2ms]
[2022-10-21T21:29:27.154Z] > git config --get commit.template [2ms]
[2022-10-21T21:29:27.164Z] > git status -z -uall [4ms]
[2022-10-21T21:29:27.230Z] > git symbolic-ref --short HEAD [2ms]
[2022-10-21T21:29:27.237Z] > git for-each-ref --format=%(refname)%00%(upstream:short)%00%(objectname)%00%(upstream:track)%00%(upstream:remotename)%00%(upstream:remoteref) refs/heads/master refs/remotes/master [1ms]
[2022-10-21T21:29:27.256Z] > git remote --verbose [6ms]
[2022-10-21T21:29:27.256Z] > git for-each-ref --sort -committerdate --format %(refname) %(objectname) %(*objectname) [12ms]
[2022-10-21T21:29:27.328Z] > git config --get commit.template [1ms]
[2022-10-21T21:29:27.341Z] > git ls-files --stage -- /home/ubuntu/buenComensalProject/suggestions/views.py [3ms]
[2022-10-21T21:29:27.350Z] > git cat-file -s 683fb7e4fe3976cd2c7e1aa0b45f011cc6cf4936 [1ms]
[2022-10-21T21:29:27.559Z] > git show --textconv :suggestions/views.py [3ms]
[2022-10-21T21:29:35.296Z] > git status -z -uall [4ms]
[2022-10-21T21:29:35.304Z] > git symbolic-ref --short HEAD [1ms]
[2022-10-21T21:29:35.312Z] > git for-each-ref --format=%(refname)%00%(upstream:short)%00%(objectname)%00%(upstream:track)%00%(upstream:remotename)%00%(upstream:remoteref) refs/heads/master refs/remotes/master [1ms]
[2022-10-21T21:29:35.328Z] > git for-each-ref --sort -committerdate --format %(refname) %(objectname) %(*objectname) [8ms]
[2022-10-21T21:29:35.328Z] > git remote --verbose [1ms]
[2022-10-21T21:29:35.337Z] > git config --get commit.template [1ms]
[2022-10-21T21:29:35.481Z] > git ls-files --stage -- /home/ubuntu/buenComensalProject/suggestions/views.py [1ms]
[2022-10-21T21:29:35.489Z] > git cat-file -s 683fb7e4fe3976cd2c7e1aa0b45f011cc6cf4936 [2ms]
[2022-10-21T21:29:35.680Z] > git show --textconv :suggestions/views.py [2ms]
[2022-10-21T21:43:16.898Z] > git fetch [3ms]
[2022-10-21T21:43:16.908Z] > git status -z -uall [3ms]
[2022-10-21T21:43:16.916Z] > git symbolic-ref --short HEAD [1ms]
[2022-10-21T21:43:16.924Z] > git for-each-ref --format=%(refname)%00%(upstream:short)%00%(objectname)%00%(upstream:track)%00%(upstream:remotename)%00%(upstream:remoteref) refs/heads/master refs/remotes/master [2ms]
[2022-10-21T21:43:16.938Z] > git for-each-ref --sort -committerdate --format %(refname) %(objectname) %(*objectname) [7ms]
[2022-10-21T21:43:16.938Z] > git remote --verbose [1ms]
[2022-10-21T21:43:16.955Z] > git config --get commit.template [4ms]
[2022-10-21T21:43:18.142Z] > git status -z -uall [5ms]
[2022-10-21T21:43:18.152Z] > git symbolic-ref --short HEAD [1ms]
[2022-10-21T21:43:18.160Z] > git for-each-ref --format=%(refname)%00%(upstream:short)%00%(objectname)%00%(upstream:track)%00%(upstream:remotename)%00%(upstream:remoteref) refs/heads/master refs/remotes/master [1ms]
[2022-10-21T21:43:18.173Z] > git for-each-ref --sort -committerdate --format %(refname) %(objectname) %(*objectname) [7ms]
[2022-10-21T21:43:18.174Z] > git remote --verbose [2ms]
[2022-10-21T21:43:18.233Z] > git config --get commit.template [3ms]
[2022-10-21T21:43:18.434Z] > git ls-files --stage -- /home/ubuntu/buenComensalProject/suggestions/views.py [2ms]
[2022-10-21T21:43:18.444Z] > git cat-file -s 683fb7e4fe3976cd2c7e1aa0b45f011cc6cf4936 [1ms]
[2022-10-21T21:43:18.642Z] > git show --textconv :suggestions/views.py [2ms]
[2022-10-21T21:54:12.501Z] > git fetch [6ms]
[2022-10-21T21:54:12.511Z] > git status -z -uall [4ms]
[2022-10-21T21:54:12.519Z] > git symbolic-ref --short HEAD [1ms]
[2022-10-21T21:54:12.526Z] > git for-each-ref --format=%(refname)%00%(upstream:short)%00%(objectname)%00%(upstream:track)%00%(upstream:remotename)%00%(upstream:remoteref) refs/heads/master refs/remotes/master [1ms]
[2022-10-21T21:54:12.544Z] > git for-each-ref --sort -committerdate --format %(refname) %(objectname) %(*objectname) [11ms]
[2022-10-21T21:54:12.545Z] > git remote --verbose [3ms]
[2022-10-21T21:54:12.557Z] > git config --get commit.template [1ms]
[2022-10-21T21:54:13.756Z] > git status -z -uall [4ms]
[2022-10-21T21:54:13.765Z] > git symbolic-ref --short HEAD [1ms]
[2022-10-21T21:54:13.775Z] > git for-each-ref --format=%(refname)%00%(upstream:short)%00%(objectname)%00%(upstream:track)%00%(upstream:remotename)%00%(upstream:remoteref) refs/heads/master refs/remotes/master [2ms]
[2022-10-21T21:54:13.826Z] > git for-each-ref --sort -committerdate --format %(refname) %(objectname) %(*objectname) [44ms]
[2022-10-21T21:54:13.827Z] > git remote --verbose [2ms]
[2022-10-21T21:54:13.836Z] > git config --get commit.template [1ms]
[2022-10-21T21:54:14.036Z] > git ls-files --stage -- /home/ubuntu/buenComensalProject/suggestions/views.py [1ms]
[2022-10-21T21:54:14.046Z] > git cat-file -s 683fb7e4fe3976cd2c7e1aa0b45f011cc6cf4936 [2ms]
[2022-10-21T21:54:14.237Z] > git show --textconv :suggestions/views.py [2ms]
[2022-10-21T21:55:28.443Z] > git check-ignore -v -z --stdin [1ms]
[2022-10-21T21:55:45.584Z] > git add -A -- . [11ms]
[2022-10-21T21:55:45.608Z] > git -c user.useConfigOnly=true commit --quiet --allow-empty-message --file - [15ms]
[2022-10-21T21:55:45.634Z] > git status -z -uall [3ms]
[2022-10-21T21:55:45.642Z] > git symbolic-ref --short HEAD [1ms]
[2022-10-21T21:55:45.649Z] > git for-each-ref --format=%(refname)%00%(upstream:short)%00%(objectname)%00%(upstream:track)%00%(upstream:remotename)%00%(upstream:remoteref) refs/heads/master refs/remotes/master [1ms]
[2022-10-21T21:55:45.664Z] > git for-each-ref --sort -committerdate --format %(refname) %(objectname) %(*objectname) [8ms]
[2022-10-21T21:55:45.725Z] > git remote --verbose [62ms]
[2022-10-21T21:55:45.738Z] > git config --get commit.template [1ms]
[2022-10-21T21:55:45.757Z] > git config --get commit.template [4ms]
[2022-10-21T21:55:46.850Z] > git status -z -uall [4ms]
[2022-10-21T21:55:46.858Z] > git symbolic-ref --short HEAD [2ms]
[2022-10-21T21:55:46.866Z] > git for-each-ref --format=%(refname)%00%(upstream:short)%00%(objectname)%00%(upstream:track)%00%(upstream:remotename)%00%(upstream:remoteref) refs/heads/master refs/remotes/master [1ms]
[2022-10-21T21:55:46.880Z] > git for-each-ref --sort -committerdate --format %(refname) %(objectname) %(*objectname) [7ms]
[2022-10-21T21:55:46.880Z] > git remote --verbose [1ms]
[2022-10-21T21:55:46.931Z] > git config --get commit.template [2ms]
[2022-10-21T21:55:47.128Z] > git ls-files --stage -- /home/ubuntu/buenComensalProject/suggestions/views.py [1ms]
[2022-10-21T21:55:47.136Z] > git cat-file -s b5989d0eee7b3e7b7b3908b6c4660e09c1917aee [1ms]
[2022-10-21T21:55:47.325Z] > git show --textconv :suggestions/views.py [2ms]
[2022-10-21T21:55:53.671Z] > git push Buen-Comensal master [2086ms]
[2022-10-21T21:55:53.671Z] To https://github.com/valensab/Buen-Comensal.git
   8207d6f..c030408  master -> master
[2022-10-21T21:55:53.682Z] > git status -z -uall [4ms]
[2022-10-21T21:55:53.737Z] > git symbolic-ref --short HEAD [48ms]
[2022-10-21T21:55:53.753Z] > git for-each-ref --format=%(refname)%00%(upstream:short)%00%(objectname)%00%(upstream:track)%00%(upstream:remotename)%00%(upstream:remoteref) refs/heads/master refs/remotes/master [4ms]
[2022-10-21T21:55:53.829Z] > git for-each-ref --sort -committerdate --format %(refname) %(objectname) %(*objectname) [67ms]
[2022-10-21T21:55:53.829Z] > git remote --verbose [2ms]
[2022-10-21T21:55:53.839Z] > git config --get commit.template [2ms]
[2022-10-21T22:07:06.526Z] > git fetch [2ms]
[2022-10-21T22:07:06.536Z] > git status -z -uall [3ms]
[2022-10-21T22:07:06.544Z] > git symbolic-ref --short HEAD [1ms]
[2022-10-21T22:07:06.551Z] > git for-each-ref --format=%(refname)%00%(upstream:short)%00%(objectname)%00%(upstream:track)%00%(upstream:remotename)%00%(upstream:remoteref) refs/heads/master refs/remotes/master [1ms]
[2022-10-21T22:07:06.565Z] > git for-each-ref --sort -committerdate --format %(refname) %(objectname) %(*objectname) [7ms]
[2022-10-21T22:07:06.626Z] > git remote --verbose [62ms]
[2022-10-21T22:07:06.636Z] > git config --get commit.template [2ms]
[2022-10-21T22:07:07.825Z] > git status -z -uall [4ms]
[2022-10-21T22:07:07.836Z] > git symbolic-ref --short HEAD [1ms]
[2022-10-21T22:07:07.844Z] > git for-each-ref --format=%(refname)%00%(upstream:short)%00%(objectname)%00%(upstream:track)%00%(upstream:remotename)%00%(upstream:remoteref) refs/heads/master refs/remotes/master [0ms]
[2022-10-21T22:07:07.860Z] > git for-each-ref --sort -committerdate --format %(refname) %(objectname) %(*objectname) [8ms]
[2022-10-21T22:07:07.860Z] > git remote --verbose [2ms]
[2022-10-21T22:07:07.870Z] > git config --get commit.template [1ms]
[2022-10-21T22:07:08.104Z] > git ls-files --stage -- /home/ubuntu/buenComensalProject/suggestions/views.py [2ms]
[2022-10-21T22:07:08.111Z] > git cat-file -s b5989d0eee7b3e7b7b3908b6c4660e09c1917aee [1ms]
[2022-10-21T22:07:08.304Z] > git show --textconv :suggestions/views.py [2ms]
[2022-10-21T22:07:38.093Z] > git status -z -uall [5ms]
[2022-10-21T22:07:38.101Z] > git symbolic-ref --short HEAD [1ms]
[2022-10-21T22:07:38.109Z] > git for-each-ref --format=%(refname)%00%(upstream:short)%00%(objectname)%00%(upstream:track)%00%(upstream:remotename)%00%(upstream:remoteref) refs/heads/master refs/remotes/master [1ms]
[2022-10-21T22:07:38.126Z] > git for-each-ref --sort -committerdate --format %(refname) %(objectname) %(*objectname) [11ms]
[2022-10-21T22:07:38.127Z] > git remote --verbose [1ms]
[2022-10-21T22:07:38.138Z] > git config --get commit.template [2ms]
[2022-10-21T22:23:22.778Z] > git fetch [10ms]
[2022-10-21T22:23:22.781Z] > git status -z -uall [4ms]
[2022-10-21T22:23:22.789Z] > git symbolic-ref --short HEAD [1ms]
[2022-10-21T22:23:22.797Z] > git for-each-ref --format=%(refname)%00%(upstream:short)%00%(objectname)%00%(upstream:track)%00%(upstream:remotename)%00%(upstream:remoteref) refs/heads/master refs/remotes/master [2ms]
[2022-10-21T22:23:22.834Z] > git for-each-ref --sort -committerdate --format %(refname) %(objectname) %(*objectname) [8ms]
[2022-10-21T22:23:22.835Z] > git remote --verbose [1ms]
[2022-10-21T22:23:22.845Z] > git config --get commit.template [1ms]
[2022-10-21T22:23:22.859Z] > git status -z -uall [5ms]
[2022-10-21T22:23:22.925Z] > git symbolic-ref --short HEAD [58ms]
[2022-10-21T22:23:22.932Z] > git for-each-ref --format=%(refname)%00%(upstream:short)%00%(objectname)%00%(upstream:track)%00%(upstream:remotename)%00%(upstream:remoteref) refs/heads/master refs/remotes/master [1ms]
[2022-10-21T22:23:22.947Z] > git remote --verbose [2ms]
[2022-10-21T22:23:22.947Z] > git for-each-ref --sort -committerdate --format %(refname) %(objectname) %(*objectname) [8ms]
[2022-10-21T22:23:22.955Z] > git config --get commit.template [1ms]
[2022-10-21T22:23:24.303Z] > git ls-files --stage -- /home/ubuntu/buenComensalProject/suggestions/views.py [1ms]
[2022-10-21T22:23:24.312Z] > git cat-file -s b5989d0eee7b3e7b7b3908b6c4660e09c1917aee [2ms]
[2022-10-21T22:23:24.502Z] > git show --textconv :suggestions/views.py [2ms]
[2022-10-21T22:24:32.077Z] > git status -z -uall [4ms]
[2022-10-21T22:24:32.086Z] > git symbolic-ref --short HEAD [2ms]
[2022-10-21T22:24:32.093Z] > git for-each-ref --format=%(refname)%00%(upstream:short)%00%(objectname)%00%(upstream:track)%00%(upstream:remotename)%00%(upstream:remoteref) refs/heads/master refs/remotes/master [1ms]
[2022-10-21T22:24:32.110Z] > git for-each-ref --sort -committerdate --format %(refname) %(objectname) %(*objectname) [8ms]
[2022-10-21T22:24:32.126Z] > git remote --verbose [17ms]
[2022-10-21T22:24:32.136Z] > git config --get commit.template [2ms]
[2022-10-21T22:28:44.861Z] > git fetch [3ms]
[2022-10-21T22:28:44.872Z] > git status -z -uall [5ms]
[2022-10-21T22:28:44.880Z] > git symbolic-ref --short HEAD [2ms]
[2022-10-21T22:28:44.889Z] > git for-each-ref --format=%(refname)%00%(upstream:short)%00%(objectname)%00%(upstream:track)%00%(upstream:remotename)%00%(upstream:remoteref) refs/heads/master refs/remotes/master [2ms]
[2022-10-21T22:28:44.935Z] > git for-each-ref --sort -committerdate --format %(refname) %(objectname) %(*objectname) [8ms]
[2022-10-21T22:28:44.935Z] > git remote --verbose [1ms]
[2022-10-21T22:28:44.945Z] > git config --get commit.template [1ms]
[2022-10-21T22:28:46.120Z] > git status -z -uall [5ms]
[2022-10-21T22:28:46.127Z] > git symbolic-ref --short HEAD [1ms]
[2022-10-21T22:28:46.138Z] > git for-each-ref --format=%(refname)%00%(upstream:short)%00%(objectname)%00%(upstream:track)%00%(upstream:remotename)%00%(upstream:remoteref) refs/heads/master refs/remotes/master [2ms]
[2022-10-21T22:28:46.151Z] > git for-each-ref --sort -committerdate --format %(refname) %(objectname) %(*objectname) [7ms]
[2022-10-21T22:28:46.152Z] > git remote --verbose [2ms]
[2022-10-21T22:28:46.161Z] > git config --get commit.template [2ms]
[2022-10-21T22:28:46.415Z] > git ls-files --stage -- /home/ubuntu/buenComensalProject/suggestions/views.py [1ms]
[2022-10-21T22:28:46.422Z] > git cat-file -s b5989d0eee7b3e7b7b3908b6c4660e09c1917aee [1ms]
[2022-10-21T22:28:46.689Z] > git show --textconv :suggestions/views.py [2ms]
[2022-10-21T22:31:46.515Z] > git fetch [4ms]
[2022-10-21T22:31:46.525Z] > git status -z -uall [4ms]
[2022-10-21T22:31:46.532Z] > git symbolic-ref --short HEAD [1ms]
[2022-10-21T22:31:46.540Z] > git for-each-ref --format=%(refname)%00%(upstream:short)%00%(objectname)%00%(upstream:track)%00%(upstream:remotename)%00%(upstream:remoteref) refs/heads/master refs/remotes/master [2ms]
[2022-10-21T22:31:46.555Z] > git remote --verbose [1ms]
[2022-10-21T22:31:46.555Z] > git for-each-ref --sort -committerdate --format %(refname) %(objectname) %(*objectname) [9ms]
[2022-10-21T22:31:46.564Z] > git config --get commit.template [1ms]
[2022-10-21T22:37:17.502Z] > git fetch [9ms]
[2022-10-21T22:37:17.504Z] > git status -z -uall [4ms]
[2022-10-21T22:37:17.512Z] > git symbolic-ref --short HEAD [2ms]
[2022-10-21T22:37:17.535Z] > git for-each-ref --format=%(refname)%00%(upstream:short)%00%(objectname)%00%(upstream:track)%00%(upstream:remotename)%00%(upstream:remoteref) refs/heads/master refs/remotes/master [1ms]
[2022-10-21T22:37:17.550Z] > git for-each-ref --sort -committerdate --format %(refname) %(objectname) %(*objectname) [8ms]
[2022-10-21T22:37:17.552Z] > git remote --verbose [3ms]
[2022-10-21T22:37:17.560Z] > git config --get commit.template [1ms]
[2022-10-21T22:37:17.627Z] > git status -z -uall [60ms]
[2022-10-21T22:37:17.636Z] > git symbolic-ref --short HEAD [1ms]
[2022-10-21T22:37:17.644Z] > git for-each-ref --format=%(refname)%00%(upstream:short)%00%(objectname)%00%(upstream:track)%00%(upstream:remotename)%00%(upstream:remoteref) refs/heads/master refs/remotes/master [2ms]
[2022-10-21T22:37:17.659Z] > git remote --verbose [2ms]
[2022-10-21T22:37:17.659Z] > git for-each-ref --sort -committerdate --format %(refname) %(objectname) %(*objectname) [8ms]
[2022-10-21T22:37:17.726Z] > git config --get commit.template [60ms]
[2022-10-21T22:37:17.736Z] > git ls-files --stage -- /home/ubuntu/buenComensalProject/suggestions/views.py [1ms]
[2022-10-21T22:37:17.744Z] > git cat-file -s b5989d0eee7b3e7b7b3908b6c4660e09c1917aee [1ms]
[2022-10-21T22:37:17.931Z] > git show --textconv :suggestions/views.py [2ms]
[2022-10-21T23:10:24.151Z] > git fetch [8ms]
[2022-10-21T23:10:24.156Z] > git status -z -uall [6ms]
[2022-10-21T23:10:24.164Z] > git symbolic-ref --short HEAD [2ms]
[2022-10-21T23:10:24.172Z] > git for-each-ref --format=%(refname)%00%(upstream:short)%00%(objectname)%00%(upstream:track)%00%(upstream:remotename)%00%(upstream:remoteref) refs/heads/master refs/remotes/master [1ms]
[2022-10-21T23:10:24.231Z] > git for-each-ref --sort -committerdate --format %(refname) %(objectname) %(*objectname) [53ms]
[2022-10-21T23:10:24.232Z] > git remote --verbose [2ms]
[2022-10-21T23:10:24.241Z] > git config --get commit.template [2ms]
[2022-10-21T23:10:24.253Z] > git status -z -uall [4ms]
[2022-10-21T23:10:24.260Z] > git symbolic-ref --short HEAD [1ms]
[2022-10-21T23:10:24.329Z] > git for-each-ref --format=%(refname)%00%(upstream:short)%00%(objectname)%00%(upstream:track)%00%(upstream:remotename)%00%(upstream:remoteref) refs/heads/master refs/remotes/master [1ms]
[2022-10-21T23:10:24.345Z] > git remote --verbose [3ms]
[2022-10-21T23:10:24.345Z] > git for-each-ref --sort -committerdate --format %(refname) %(objectname) %(*objectname) [10ms]
[2022-10-21T23:10:24.361Z] > git config --get commit.template [9ms]
[2022-10-21T23:10:24.362Z] > git ls-files --stage -- /home/ubuntu/buenComensalProject/suggestions/views.py [2ms]
[2022-10-21T23:10:24.433Z] > git cat-file -s b5989d0eee7b3e7b7b3908b6c4660e09c1917aee [2ms]
[2022-10-21T23:10:24.648Z] > git show --textconv :suggestions/views.py [3ms]
[2022-10-21T23:11:51.054Z] > git status -z -uall [0ms]
[2022-10-21T23:11:51.066Z] > git symbolic-ref --short HEAD [2ms]
[2022-10-21T23:11:51.081Z] > git for-each-ref --format=%(refname)%00%(upstream:short)%00%(objectname)%00%(upstream:track)%00%(upstream:remotename)%00%(upstream:remoteref) refs/heads/master refs/remotes/master [2ms]
[2022-10-21T23:11:51.129Z] > git for-each-ref --sort -committerdate --format %(refname) %(objectname) %(*objectname) [42ms]
[2022-10-21T23:11:51.129Z] > git remote --verbose [1ms]
[2022-10-21T23:11:51.139Z] > git config --get commit.template [2ms]
[2022-10-21T23:11:51.263Z] > git ls-files --stage -- /home/ubuntu/buenComensalProject/suggestions/views.py [2ms]
[2022-10-21T23:11:51.270Z] > git cat-file -s b5989d0eee7b3e7b7b3908b6c4660e09c1917aee [1ms]
[2022-10-21T23:11:51.462Z] > git show --textconv :suggestions/views.py [2ms]
[2022-10-21T23:18:22.169Z] > git fetch [4ms]
[2022-10-21T23:18:22.181Z] > git status -z -uall [4ms]
[2022-10-21T23:18:22.189Z] > git symbolic-ref --short HEAD [2ms]
[2022-10-21T23:18:22.197Z] > git for-each-ref --format=%(refname)%00%(upstream:short)%00%(objectname)%00%(upstream:track)%00%(upstream:remotename)%00%(upstream:remoteref) refs/heads/master refs/remotes/master [1ms]
[2022-10-21T23:18:22.231Z] > git for-each-ref --sort -committerdate --format %(refname) %(objectname) %(*objectname) [28ms]
[2022-10-21T23:18:22.232Z] > git remote --verbose [2ms]
[2022-10-21T23:18:22.240Z] > git config --get commit.template [1ms]
[2022-10-21T23:23:19.599Z] > git fetch [9ms]
[2022-10-21T23:23:19.602Z] > git status -z -uall [4ms]
[2022-10-21T23:23:19.609Z] > git symbolic-ref --short HEAD [1ms]
[2022-10-21T23:23:19.617Z] > git for-each-ref --format=%(refname)%00%(upstream:short)%00%(objectname)%00%(upstream:track)%00%(upstream:remotename)%00%(upstream:remoteref) refs/heads/master refs/remotes/master [2ms]
[2022-10-21T23:23:19.636Z] > git for-each-ref --sort -committerdate --format %(refname) %(objectname) %(*objectname) [7ms]
[2022-10-21T23:23:19.636Z] > git remote --verbose [1ms]
[2022-10-21T23:23:19.645Z] > git config --get commit.template [1ms]
[2022-10-21T23:23:19.655Z] > git status -z -uall [4ms]
[2022-10-21T23:23:19.663Z] > git symbolic-ref --short HEAD [2ms]
[2022-10-21T23:23:19.730Z] > git for-each-ref --format=%(refname)%00%(upstream:short)%00%(objectname)%00%(upstream:track)%00%(upstream:remotename)%00%(upstream:remoteref) refs/heads/master refs/remotes/master [1ms]
[2022-10-21T23:23:19.744Z] > git remote --verbose [1ms]
[2022-10-21T23:23:19.744Z] > git for-each-ref --sort -committerdate --format %(refname) %(objectname) %(*objectname) [7ms]
[2022-10-21T23:23:19.752Z] > git config --get commit.template [1ms]
[2022-10-21T23:23:19.826Z] > git ls-files --stage -- /home/ubuntu/buenComensalProject/suggestions/views.py [4ms]
[2022-10-21T23:23:19.834Z] > git cat-file -s b5989d0eee7b3e7b7b3908b6c4660e09c1917aee [1ms]
[2022-10-21T23:23:20.066Z] > git show --textconv :suggestions/views.py [2ms]
[2022-10-21T23:23:24.825Z] > git status -z -uall [4ms]
[2022-10-21T23:23:24.833Z] > git symbolic-ref --short HEAD [1ms]
[2022-10-21T23:23:24.841Z] > git for-each-ref --format=%(refname)%00%(upstream:short)%00%(objectname)%00%(upstream:track)%00%(upstream:remotename)%00%(upstream:remoteref) refs/heads/master refs/remotes/master [2ms]
[2022-10-21T23:23:24.855Z] > git for-each-ref --sort -committerdate --format %(refname) %(objectname) %(*objectname) [8ms]
[2022-10-21T23:23:24.855Z] > git remote --verbose [2ms]
[2022-10-21T23:23:24.865Z] > git config --get commit.template [2ms]
[2022-10-21T23:23:25.080Z] > git ls-files --stage -- /home/ubuntu/buenComensalProject/suggestions/views.py [2ms]
[2022-10-21T23:23:25.087Z] > git cat-file -s b5989d0eee7b3e7b7b3908b6c4660e09c1917aee [1ms]
[2022-10-21T23:23:25.315Z] > git show --textconv :suggestions/views.py [2ms]
[2022-10-21T23:28:39.351Z] > git fetch [3ms]
[2022-10-21T23:28:39.361Z] > git status -z -uall [3ms]
[2022-10-21T23:28:39.370Z] > git symbolic-ref --short HEAD [1ms]
[2022-10-21T23:28:39.377Z] > git for-each-ref --format=%(refname)%00%(upstream:short)%00%(objectname)%00%(upstream:track)%00%(upstream:remotename)%00%(upstream:remoteref) refs/heads/master refs/remotes/master [1ms]
[2022-10-21T23:28:39.435Z] > git for-each-ref --sort -committerdate --format %(refname) %(objectname) %(*objectname) [7ms]
[2022-10-21T23:28:39.435Z] > git remote --verbose [1ms]
[2022-10-21T23:28:39.444Z] > git config --get commit.template [1ms]
[2022-10-21T23:28:40.621Z] > git status -z -uall [4ms]
[2022-10-21T23:28:40.628Z] > git symbolic-ref --short HEAD [1ms]
[2022-10-21T23:28:40.636Z] > git for-each-ref --format=%(refname)%00%(upstream:short)%00%(objectname)%00%(upstream:track)%00%(upstream:remotename)%00%(upstream:remoteref) refs/heads/master refs/remotes/master [1ms]
[2022-10-21T23:28:40.652Z] > git for-each-ref --sort -committerdate --format %(refname) %(objectname) %(*objectname) [9ms]
[2022-10-21T23:28:40.652Z] > git remote --verbose [1ms]
[2022-10-21T23:28:40.661Z] > git config --get commit.template [2ms]
[2022-10-21T23:28:40.920Z] > git ls-files --stage -- /home/ubuntu/buenComensalProject/suggestions/views.py [1ms]
[2022-10-21T23:28:40.927Z] > git cat-file -s b5989d0eee7b3e7b7b3908b6c4660e09c1917aee [1ms]
[2022-10-21T23:28:41.139Z] > git show --textconv :suggestions/views.py [1ms]
[2022-10-21T23:45:14.257Z] > git fetch [2ms]
[2022-10-21T23:45:14.268Z] > git status -z -uall [4ms]
[2022-10-21T23:45:14.276Z] > git symbolic-ref --short HEAD [1ms]
[2022-10-21T23:45:14.284Z] > git for-each-ref --format=%(refname)%00%(upstream:short)%00%(objectname)%00%(upstream:track)%00%(upstream:remotename)%00%(upstream:remoteref) refs/heads/master refs/remotes/master [1ms]
[2022-10-21T23:45:14.332Z] > git for-each-ref --sort -committerdate --format %(refname) %(objectname) %(*objectname) [42ms]
[2022-10-21T23:45:14.333Z] > git remote --verbose [2ms]
[2022-10-21T23:45:14.341Z] > git config --get commit.template [1ms]
[2022-10-21T23:52:03.549Z] > git fetch [10ms]
[2022-10-21T23:52:03.552Z] > git status -z -uall [4ms]
[2022-10-21T23:52:03.562Z] > git symbolic-ref --short HEAD [1ms]
[2022-10-21T23:52:03.572Z] > git for-each-ref --format=%(refname)%00%(upstream:short)%00%(objectname)%00%(upstream:track)%00%(upstream:remotename)%00%(upstream:remoteref) refs/heads/master refs/remotes/master [1ms]
[2022-10-21T23:52:03.644Z] > git remote --verbose [1ms]
[2022-10-21T23:52:03.645Z] > git for-each-ref --sort -committerdate --format %(refname) %(objectname) %(*objectname) [9ms]
[2022-10-21T23:52:03.657Z] > git config --get commit.template [1ms]
[2022-10-21T23:52:03.668Z] > git status -z -uall [4ms]
[2022-10-21T23:52:03.730Z] > git symbolic-ref --short HEAD [1ms]
[2022-10-21T23:52:03.751Z] > git for-each-ref --format=%(refname)%00%(upstream:short)%00%(objectname)%00%(upstream:track)%00%(upstream:remotename)%00%(upstream:remoteref) refs/heads/master refs/remotes/master [5ms]
[2022-10-21T23:52:03.772Z] > git remote --verbose [2ms]
[2022-10-21T23:52:03.772Z] > git for-each-ref --sort -committerdate --format %(refname) %(objectname) %(*objectname) [10ms]
[2022-10-21T23:52:03.837Z] > git config --get commit.template [57ms]
[2022-10-21T23:52:03.842Z] > git ls-files --stage -- /home/ubuntu/buenComensalProject/suggestions/views.py [6ms]
[2022-10-21T23:52:03.856Z] > git cat-file -s b5989d0eee7b3e7b7b3908b6c4660e09c1917aee [3ms]
[2022-10-21T23:52:04.057Z] > git show --textconv :suggestions/views.py [3ms]
[2022-10-21T23:53:52.314Z] > git status -z -uall [5ms]
[2022-10-21T23:53:52.321Z] > git symbolic-ref --short HEAD [1ms]
[2022-10-21T23:53:52.329Z] > git for-each-ref --format=%(refname)%00%(upstream:short)%00%(objectname)%00%(upstream:track)%00%(upstream:remotename)%00%(upstream:remoteref) refs/heads/master refs/remotes/master [1ms]
[2022-10-21T23:53:52.343Z] > git for-each-ref --sort -committerdate --format %(refname) %(objectname) %(*objectname) [8ms]
[2022-10-21T23:53:52.343Z] > git remote --verbose [1ms]
[2022-10-21T23:53:52.352Z] > git config --get commit.template [1ms]
[2022-10-21T23:53:52.549Z] > git ls-files --stage -- /home/ubuntu/buenComensalProject/suggestions/views.py [2ms]
[2022-10-21T23:53:52.556Z] > git cat-file -s b5989d0eee7b3e7b7b3908b6c4660e09c1917aee [1ms]
[2022-10-21T23:53:52.799Z] > git show --textconv :suggestions/views.py [2ms]
[2022-10-22T00:00:38.942Z] > git fetch [48ms]
[2022-10-22T00:00:39.098Z] > git status -z -uall [145ms]
[2022-10-22T00:00:39.107Z] > git symbolic-ref --short HEAD [2ms]
[2022-10-22T00:00:39.116Z] > git for-each-ref --format=%(refname)%00%(upstream:short)%00%(objectname)%00%(upstream:track)%00%(upstream:remotename)%00%(upstream:remoteref) refs/heads/master refs/remotes/master [2ms]
[2022-10-22T00:00:39.133Z] > git remote --verbose [1ms]
[2022-10-22T00:00:39.137Z] > git for-each-ref --sort -committerdate --format %(refname) %(objectname) %(*objectname) [14ms]
[2022-10-22T00:00:39.158Z] > git config --get commit.template [1ms]
[2022-10-22T00:11:01.651Z] > git fetch [22ms]
[2022-10-22T00:11:01.655Z] > git status -z -uall [5ms]
[2022-10-22T00:11:01.666Z] > git symbolic-ref --short HEAD [1ms]
[2022-10-22T00:11:01.729Z] > git for-each-ref --format=%(refname)%00%(upstream:short)%00%(objectname)%00%(upstream:track)%00%(upstream:remotename)%00%(upstream:remoteref) refs/heads/master refs/remotes/master [1ms]
[2022-10-22T00:11:01.742Z] > git for-each-ref --sort -committerdate --format %(refname) %(objectname) %(*objectname) [7ms]
[2022-10-22T00:11:01.743Z] > git remote --verbose [2ms]
[2022-10-22T00:11:01.753Z] > git config --get commit.template [1ms]
[2022-10-22T00:11:01.763Z] > git status -z -uall [4ms]
[2022-10-22T00:11:01.836Z] > git symbolic-ref --short HEAD [2ms]
[2022-10-22T00:11:01.849Z] > git for-each-ref --format=%(refname)%00%(upstream:short)%00%(objectname)%00%(upstream:track)%00%(upstream:remotename)%00%(upstream:remoteref) refs/heads/master refs/remotes/master [3ms]
[2022-10-22T00:11:01.866Z] > git for-each-ref --sort -committerdate --format %(refname) %(objectname) %(*objectname) [9ms]
[2022-10-22T00:11:01.867Z] > git remote --verbose [2ms]
[2022-10-22T00:11:01.949Z] > git config --get commit.template [74ms]
[2022-10-22T00:11:02.069Z] > git ls-files --stage -- /home/ubuntu/buenComensalProject/suggestions/views.py [11ms]
[2022-10-22T00:11:02.087Z] > git cat-file -s b5989d0eee7b3e7b7b3908b6c4660e09c1917aee [5ms]
[2022-10-22T00:11:02.284Z] > git show --textconv :suggestions/views.py [4ms]
[2022-10-22T00:11:03.363Z] > git ls-files --stage -- /home/ubuntu/buenComensalProject/suggestions/views.py [2ms]
[2022-10-22T00:11:03.372Z] > git cat-file -s b5989d0eee7b3e7b7b3908b6c4660e09c1917aee [2ms]
[2022-10-22T00:11:03.563Z] > git show --textconv :suggestions/views.py [2ms]
[2022-10-22T00:11:31.899Z] > git status -z -uall [4ms]
[2022-10-22T00:11:31.907Z] > git symbolic-ref --short HEAD [2ms]
[2022-10-22T00:11:31.916Z] > git for-each-ref --format=%(refname)%00%(upstream:short)%00%(objectname)%00%(upstream:track)%00%(upstream:remotename)%00%(upstream:remoteref) refs/heads/master refs/remotes/master [2ms]
[2022-10-22T00:11:31.931Z] > git for-each-ref --sort -committerdate --format %(refname) %(objectname) %(*objectname) [9ms]
[2022-10-22T00:11:31.931Z] > git remote --verbose [1ms]
[2022-10-22T00:11:31.944Z] > git config --get commit.template [3ms]
[2022-10-22T00:20:36.578Z] > git fetch [11ms]
[2022-10-22T00:20:36.602Z] > git status -z -uall [17ms]
[2022-10-22T00:20:36.624Z] > git symbolic-ref --short HEAD [15ms]
[2022-10-22T00:20:36.633Z] > git for-each-ref --format=%(refname)%00%(upstream:short)%00%(objectname)%00%(upstream:track)%00%(upstream:remotename)%00%(upstream:remoteref) refs/heads/master refs/remotes/master [2ms]
[2022-10-22T00:20:36.647Z] > git for-each-ref --sort -committerdate --format %(refname) %(objectname) %(*objectname) [8ms]
[2022-10-22T00:20:36.648Z] > git remote --verbose [3ms]
[2022-10-22T00:20:36.656Z] > git config --get commit.template [1ms]
[2022-10-22T00:20:45.373Z] > git status -z -uall [6ms]
[2022-10-22T00:20:45.382Z] > git symbolic-ref --short HEAD [1ms]
[2022-10-22T00:20:45.390Z] > git for-each-ref --format=%(refname)%00%(upstream:short)%00%(objectname)%00%(upstream:track)%00%(upstream:remotename)%00%(upstream:remoteref) refs/heads/master refs/remotes/master [1ms]
[2022-10-22T00:20:45.431Z] > git for-each-ref --sort -committerdate --format %(refname) %(objectname) %(*objectname) [35ms]
[2022-10-22T00:20:45.431Z] > git remote --verbose [1ms]
[2022-10-22T00:20:45.441Z] > git config --get commit.template [2ms]
[2022-10-22T00:20:45.566Z] > git ls-files --stage -- /home/ubuntu/buenComensalProject/suggestions/views.py [2ms]
[2022-10-22T00:20:45.574Z] > git cat-file -s b5989d0eee7b3e7b7b3908b6c4660e09c1917aee [1ms]
[2022-10-22T00:20:45.814Z] > git show --textconv :suggestions/views.py [2ms]
[2022-10-22T00:20:54.053Z] > git status -z -uall [8ms]
[2022-10-22T00:20:54.130Z] > git symbolic-ref --short HEAD [1ms]
[2022-10-22T00:20:54.140Z] > git for-each-ref --format=%(refname)%00%(upstream:short)%00%(objectname)%00%(upstream:track)%00%(upstream:remotename)%00%(upstream:remoteref) refs/heads/master refs/remotes/master [2ms]
[2022-10-22T00:20:54.229Z] > git for-each-ref --sort -committerdate --format %(refname) %(objectname) %(*objectname) [82ms]
[2022-10-22T00:20:54.231Z] > git remote --verbose [3ms]
[2022-10-22T00:20:54.241Z] > git config --get commit.template [2ms]
[2022-10-22T00:20:59.254Z] > git status -z -uall [4ms]
[2022-10-22T00:20:59.328Z] > git symbolic-ref --short HEAD [3ms]
[2022-10-22T00:20:59.339Z] > git for-each-ref --format=%(refname)%00%(upstream:short)%00%(objectname)%00%(upstream:track)%00%(upstream:remotename)%00%(upstream:remoteref) refs/heads/master refs/remotes/master [3ms]
[2022-10-22T00:20:59.426Z] > git for-each-ref --sort -committerdate --format %(refname) %(objectname) %(*objectname) [80ms]
[2022-10-22T00:20:59.428Z] > git remote --verbose [3ms]
[2022-10-22T00:20:59.439Z] > git config --get commit.template [2ms]
[2022-10-22T00:21:16.923Z] > git status -z -uall [4ms]
[2022-10-22T00:21:16.932Z] > git symbolic-ref --short HEAD [2ms]
[2022-10-22T00:21:16.942Z] > git for-each-ref --format=%(refname)%00%(upstream:short)%00%(objectname)%00%(upstream:track)%00%(upstream:remotename)%00%(upstream:remoteref) refs/heads/master refs/remotes/master [2ms]
[2022-10-22T00:21:16.960Z] > git for-each-ref --sort -committerdate --format %(refname) %(objectname) %(*objectname) [9ms]
[2022-10-22T00:21:16.961Z] > git remote --verbose [2ms]
[2022-10-22T00:21:16.974Z] > git config --get commit.template [4ms]
[2022-10-22T00:21:22.270Z] > git show --textconv :suggestions/models.py [8ms]
[2022-10-22T00:21:22.272Z] > git ls-files --stage -- /home/ubuntu/buenComensalProject/suggestions/models.py [2ms]
[2022-10-22T00:21:22.281Z] > git cat-file -s b002cb17527f133361a605c887eaf91fa1ce8235 [2ms]
[2022-10-22T00:24:36.945Z] > git fetch [3ms]
[2022-10-22T00:24:36.956Z] > git status -z -uall [4ms]
[2022-10-22T00:24:36.964Z] > git symbolic-ref --short HEAD [1ms]
[2022-10-22T00:24:36.972Z] > git for-each-ref --format=%(refname)%00%(upstream:short)%00%(objectname)%00%(upstream:track)%00%(upstream:remotename)%00%(upstream:remoteref) refs/heads/master refs/remotes/master [2ms]
[2022-10-22T00:24:37.035Z] > git for-each-ref --sort -committerdate --format %(refname) %(objectname) %(*objectname) [8ms]
[2022-10-22T00:24:37.035Z] > git remote --verbose [1ms]
[2022-10-22T00:24:37.051Z] > git config --get commit.template [3ms]
[2022-10-22T00:24:39.823Z] > git status -z -uall [4ms]
[2022-10-22T00:24:39.831Z] > git symbolic-ref --short HEAD [1ms]
[2022-10-22T00:24:39.839Z] > git for-each-ref --format=%(refname)%00%(upstream:short)%00%(objectname)%00%(upstream:track)%00%(upstream:remotename)%00%(upstream:remoteref) refs/heads/master refs/remotes/master [1ms]
[2022-10-22T00:24:39.855Z] > git for-each-ref --sort -committerdate --format %(refname) %(objectname) %(*objectname) [7ms]
[2022-10-22T00:24:39.856Z] > git remote --verbose [2ms]
[2022-10-22T00:24:39.865Z] > git config --get commit.template [2ms]
[2022-10-22T00:24:40.066Z] > git ls-files --stage -- /home/ubuntu/buenComensalProject/suggestions/models.py [1ms]
[2022-10-22T00:24:40.076Z] > git cat-file -s b002cb17527f133361a605c887eaf91fa1ce8235 [4ms]
[2022-10-22T00:24:40.351Z] > git show --textconv :suggestions/models.py [2ms]
[2022-10-22T00:29:19.883Z] > git fetch [3ms]
[2022-10-22T00:29:19.893Z] > git status -z -uall [4ms]
[2022-10-22T00:29:19.901Z] > git symbolic-ref --short HEAD [1ms]
[2022-10-22T00:29:19.909Z] > git for-each-ref --format=%(refname)%00%(upstream:short)%00%(objectname)%00%(upstream:track)%00%(upstream:remotename)%00%(upstream:remoteref) refs/heads/master refs/remotes/master [2ms]
[2022-10-22T00:29:19.936Z] > git for-each-ref --sort -committerdate --format %(refname) %(objectname) %(*objectname) [8ms]
[2022-10-22T00:29:19.937Z] > git remote --verbose [2ms]
[2022-10-22T00:29:19.947Z] > git config --get commit.template [1ms]
[2022-10-22T00:29:21.175Z] > git status -z -uall [0ms]
[2022-10-22T00:29:21.187Z] > git symbolic-ref --short HEAD [2ms]
[2022-10-22T00:29:21.197Z] > git for-each-ref --format=%(refname)%00%(upstream:short)%00%(objectname)%00%(upstream:track)%00%(upstream:remotename)%00%(upstream:remoteref) refs/heads/master refs/remotes/master [2ms]
[2022-10-22T00:29:21.229Z] > git for-each-ref --sort -committerdate --format %(refname) %(objectname) %(*objectname) [24ms]
[2022-10-22T00:29:21.230Z] > git remote --verbose [2ms]
[2022-10-22T00:29:21.240Z] > git config --get commit.template [1ms]
[2022-10-22T00:29:21.536Z] > git ls-files --stage -- /home/ubuntu/buenComensalProject/suggestions/models.py [2ms]
[2022-10-22T00:29:21.546Z] > git cat-file -s b002cb17527f133361a605c887eaf91fa1ce8235 [2ms]
[2022-10-22T00:29:21.738Z] > git show --textconv :suggestions/models.py [2ms]
[2022-10-22T00:30:02.464Z] > git add -A -- . [6ms]
[2022-10-22T00:30:02.484Z] > git -c user.useConfigOnly=true commit --quiet --allow-empty-message --file - [12ms]
[2022-10-22T00:30:02.527Z] > git status -z -uall [31ms]
[2022-10-22T00:30:02.537Z] > git symbolic-ref --short HEAD [2ms]
[2022-10-22T00:30:02.546Z] > git for-each-ref --format=%(refname)%00%(upstream:short)%00%(objectname)%00%(upstream:track)%00%(upstream:remotename)%00%(upstream:remoteref) refs/heads/master refs/remotes/master [2ms]
[2022-10-22T00:30:02.564Z] > git remote --verbose [3ms]
[2022-10-22T00:30:02.564Z] > git for-each-ref --sort -committerdate --format %(refname) %(objectname) %(*objectname) [11ms]
[2022-10-22T00:30:02.631Z] > git config --get commit.template [2ms]
[2022-10-22T00:30:02.646Z] > git config --get commit.template [3ms]
[2022-10-22T00:30:03.803Z] > git status -z -uall [3ms]
[2022-10-22T00:30:03.811Z] > git symbolic-ref --short HEAD [1ms]
[2022-10-22T00:30:03.819Z] > git for-each-ref --format=%(refname)%00%(upstream:short)%00%(objectname)%00%(upstream:track)%00%(upstream:remotename)%00%(upstream:remoteref) refs/heads/master refs/remotes/master [2ms]
[2022-10-22T00:30:03.832Z] > git for-each-ref --sort -committerdate --format %(refname) %(objectname) %(*objectname) [7ms]
[2022-10-22T00:30:03.833Z] > git remote --verbose [2ms]
[2022-10-22T00:30:03.841Z] > git config --get commit.template [1ms]
[2022-10-22T00:30:04.090Z] > git ls-files --stage -- /home/ubuntu/buenComensalProject/suggestions/models.py [2ms]
[2022-10-22T00:30:04.099Z] > git cat-file -s b002cb17527f133361a605c887eaf91fa1ce8235 [1ms]
[2022-10-22T00:30:04.290Z] > git show --textconv :suggestions/models.py [2ms]
[2022-10-22T00:30:11.196Z] > git push Buen-Comensal master [2044ms]
[2022-10-22T00:30:11.196Z] To https://github.com/valensab/Buen-Comensal.git
   c030408..f198538  master -> master
[2022-10-22T00:30:11.209Z] > git status -z -uall [7ms]
[2022-10-22T00:30:11.218Z] > git symbolic-ref --short HEAD [2ms]
[2022-10-22T00:30:11.225Z] > git for-each-ref --format=%(refname)%00%(upstream:short)%00%(objectname)%00%(upstream:track)%00%(upstream:remotename)%00%(upstream:remoteref) refs/heads/master refs/remotes/master [1ms]
[2022-10-22T00:30:11.245Z] > git for-each-ref --sort -committerdate --format %(refname) %(objectname) %(*objectname) [13ms]
[2022-10-22T00:30:11.245Z] > git remote --verbose [5ms]
[2022-10-22T00:30:11.258Z] > git config --get commit.template [1ms]
