Visual Studio Code (1.72.2, ssh-remote, desktop)
Jupyter Extension Version: 2022.9.1202862440.
Python Extension Version: 2022.16.1.
Workspace folder /home/ubuntu/buenComensalProject
info 18:06:51.537: ZMQ install verified.
User belongs to experiment group 'jupyterTestcf'
User belongs to experiment group 'jupyterEnhancedDataViewer'
info 18:06:55.545: LSP Notebooks experiment is disabled -- Pylance disabled or not installed
info 18:06:57.425: Got env vars ourselves faster /home/ubuntu/env/bin/python with env var count 34 in 393ms
info 18:06:57.435: Process Execution: > ~/env/bin/python -m pip list
> ~/env/bin/python -m pip list
error 18:06:57.451: getCondaFile, Class name = k, completed in 1923ms, has a falsy return value [EntryNotFound (FileSystemError): Error: ENOENT: no such file or directory, stat 'c:\Users\PAULASABOGAL\anaconda3\Scripts\conda.exe'
	at Function._handleError (/home/ubuntu/.vscode-server/bin/d045a5eda657f4d7b676dedbfa7aab8207f8a075/out/vs/workbench/api/node/extensionHostProcess.js:92:29726)
	at Object.stat (/home/ubuntu/.vscode-server/bin/d045a5eda657f4d7b676dedbfa7aab8207f8a075/out/vs/workbench/api/node/extensionHostProcess.js:92:28094)
	at async b.getFileHash (/home/ubuntu/.vscode-server/extensions/ms-toolsai.jupyter-2022.9.1202862440/out/extension.node.js:7:20284)
	at async k.getCachedInformation (/home/ubuntu/.vscode-server/extensions/ms-toolsai.jupyter-2022.9.1202862440/out/extension.node.js:7:42507)] {
  code: 'FileNotFound'
}
error 18:06:57.454: getCondaVersion, Class name = k, completed in 1926ms, has a falsy return value [EntryNotFound (FileSystemError): Error: ENOENT: no such file or directory, stat 'c:\Users\PAULASABOGAL\anaconda3\Scripts\conda.exe'
	at Function._handleError (/home/ubuntu/.vscode-server/bin/d045a5eda657f4d7b676dedbfa7aab8207f8a075/out/vs/workbench/api/node/extensionHostProcess.js:92:29726)
	at Object.stat (/home/ubuntu/.vscode-server/bin/d045a5eda657f4d7b676dedbfa7aab8207f8a075/out/vs/workbench/api/node/extensionHostProcess.js:92:28094)
	at async b.getFileHash (/home/ubuntu/.vscode-server/extensions/ms-toolsai.jupyter-2022.9.1202862440/out/extension.node.js:7:20284)
	at async k.getCachedInformation (/home/ubuntu/.vscode-server/extensions/ms-toolsai.jupyter-2022.9.1202862440/out/extension.node.js:7:42507)] {
  code: 'FileNotFound'
}
info 18:07:00.250: Got env vars with python /home/ubuntu/env/bin/python, with env var count 34 and custom env var count 0 in 3216ms
info 22:08:35.437: Shutting down notebooks for 140a5484-c6e4-4091-bacd-5318c9c9a09a
info 22:08:35.437: Disposing HostJupyterExecution 48d23da2-47f1-4872-aadd-5cd6aab7a824
info 22:08:35.437: Disposing super HostJupyterExecution 48d23da2-47f1-4872-aadd-5cd6aab7a824
info 22:08:35.437: Disposing HostJupyterExecution 48d23da2-47f1-4872-aadd-5cd6aab7a824
info 22:08:35.437: Finished disposing HostJupyterExecution  48d23da2-47f1-4872-aadd-5cd6aab7a824
info 22:08:35.445: Cleaning up server cache 48d23da2-47f1-4872-aadd-5cd6aab7a824
info 22:08:35.446: Finished disposing HostJupyterExecution  48d23da2-47f1-4872-aadd-5cd6aab7a824
