[2022-10-20T18:06:56.037Z] Log level: Info
[2022-10-20T18:06:56.047Z] [info] Validating found git in: git
[2022-10-20T18:06:56.166Z] [info] Using git 2.25.1 from git
[2022-10-20T18:06:56.261Z] > git rev-parse --show-toplevel [20ms]
[2022-10-20T18:06:56.347Z] > git rev-parse --git-dir --git-common-dir [11ms]
[2022-10-20T18:06:56.355Z] [info] Open repository: /home/ubuntu/buenComensalProject
[2022-10-20T18:06:57.052Z] > git status -z -uall [622ms]
[2022-10-20T18:06:57.063Z] > git rev-parse --show-toplevel [623ms]
[2022-10-20T18:06:57.147Z] > git symbolic-ref --short HEAD [86ms]
[2022-10-20T18:06:57.237Z] > git rev-parse --show-toplevel [108ms]
[2022-10-20T18:06:57.248Z] > git for-each-ref --format=%(refname)%00%(upstream:short)%00%(objectname)%00%(upstream:track)%00%(upstream:remotename)%00%(upstream:remoteref) refs/heads/master refs/remotes/master [92ms]
[2022-10-20T18:06:57.350Z] > git remote --verbose [4ms]
[2022-10-20T18:06:57.351Z] > git for-each-ref --sort -committerdate --format %(refname) %(objectname) %(*objectname) [22ms]
[2022-10-20T18:06:57.435Z] > git rev-parse --show-toplevel [190ms]
[2022-10-20T18:06:57.731Z] > git config --get commit.template [190ms]
[2022-10-20T18:06:57.827Z] > git rev-parse --show-toplevel [377ms]
[2022-10-20T18:06:57.843Z] > git status -z -uall [16ms]
[2022-10-20T18:06:58.047Z] > git rev-parse --show-toplevel [210ms]
[2022-10-20T18:06:58.150Z] > git symbolic-ref --short HEAD [206ms]
[2022-10-20T18:06:58.236Z] > git rev-parse --show-toplevel [90ms]
[2022-10-20T18:06:58.249Z] > git for-each-ref --format=%(refname)%00%(upstream:short)%00%(objectname)%00%(upstream:track)%00%(upstream:remotename)%00%(upstream:remoteref) refs/heads/master refs/remotes/master [17ms]
[2022-10-20T18:06:58.428Z] > git for-each-ref --sort -committerdate --format %(refname) %(objectname) %(*objectname) [92ms]
[2022-10-20T18:06:58.428Z] > git rev-parse --show-toplevel [182ms]
[2022-10-20T18:06:58.433Z] > git remote --verbose [82ms]
[2022-10-20T18:06:58.454Z] > git config --get commit.template [3ms]
[2022-10-20T18:06:59.343Z] > git check-ignore -v -z --stdin [110ms]
[2022-10-20T18:06:59.649Z] > git show --textconv :restaurants/admin.py [19ms]
[2022-10-20T18:06:59.838Z] > git ls-files --stage -- /home/ubuntu/buenComensalProject/restaurants/admin.py [190ms]
[2022-10-20T18:06:59.930Z] > git cat-file -s b48a76bc8092833201494b02f7b6f2377cffcd56 [83ms]
[2022-10-20T18:07:00.135Z] > git check-ignore -v -z --stdin [5ms]
[2022-10-20T18:07:11.794Z] > git fetch [15ms]
[2022-10-20T18:07:11.808Z] > git status -z -uall [4ms]
[2022-10-20T18:07:11.828Z] > git symbolic-ref --short HEAD [1ms]
[2022-10-20T18:07:11.845Z] > git for-each-ref --format=%(refname)%00%(upstream:short)%00%(objectname)%00%(upstream:track)%00%(upstream:remotename)%00%(upstream:remoteref) refs/heads/master refs/remotes/master [0ms]
[2022-10-20T18:07:11.864Z] > git for-each-ref --sort -committerdate --format %(refname) %(objectname) %(*objectname) [10ms]
[2022-10-20T18:07:11.865Z] > git remote --verbose [1ms]
[2022-10-20T18:07:11.940Z] > git config --get commit.template [2ms]
[2022-10-20T18:07:13.034Z] > git status -z -uall [4ms]
[2022-10-20T18:07:13.045Z] > git symbolic-ref --short HEAD [0ms]
[2022-10-20T18:07:13.058Z] > git for-each-ref --format=%(refname)%00%(upstream:short)%00%(objectname)%00%(upstream:track)%00%(upstream:remotename)%00%(upstream:remoteref) refs/heads/master refs/remotes/master [1ms]
[2022-10-20T18:07:13.135Z] > git remote --verbose [3ms]
[2022-10-20T18:07:13.135Z] > git for-each-ref --sort -committerdate --format %(refname) %(objectname) %(*objectname) [63ms]
[2022-10-20T18:07:13.154Z] > git config --get commit.template [2ms]
[2022-10-20T18:07:13.351Z] > git ls-files --stage -- /home/ubuntu/buenComensalProject/restaurants/admin.py [2ms]
[2022-10-20T18:07:13.362Z] > git cat-file -s b48a76bc8092833201494b02f7b6f2377cffcd56 [2ms]
[2022-10-20T18:07:13.557Z] > git show --textconv :restaurants/admin.py [1ms]
[2022-10-20T18:07:25.009Z] > git add -A -- . [105ms]
[2022-10-20T18:07:25.082Z] > git -c user.useConfigOnly=true commit --quiet --allow-empty-message --file - [44ms]
[2022-10-20T18:07:25.134Z] > git status -z -uall [7ms]
[2022-10-20T18:07:25.147Z] > git symbolic-ref --short HEAD [1ms]
[2022-10-20T18:07:25.162Z] > git for-each-ref --format=%(refname)%00%(upstream:short)%00%(objectname)%00%(upstream:track)%00%(upstream:remotename)%00%(upstream:remoteref) refs/heads/master refs/remotes/master [3ms]
[2022-10-20T18:07:25.236Z] > git for-each-ref --sort -committerdate --format %(refname) %(objectname) %(*objectname) [11ms]
[2022-10-20T18:07:25.237Z] > git remote --verbose [2ms]
[2022-10-20T18:07:25.254Z] > git config --get commit.template [2ms]
[2022-10-20T18:07:25.329Z] > git config --get commit.template [4ms]
[2022-10-20T18:07:26.346Z] > git status -z -uall [3ms]
[2022-10-20T18:07:26.357Z] > git symbolic-ref --short HEAD [1ms]
[2022-10-20T18:07:26.368Z] > git for-each-ref --format=%(refname)%00%(upstream:short)%00%(objectname)%00%(upstream:track)%00%(upstream:remotename)%00%(upstream:remoteref) refs/heads/master refs/remotes/master [1ms]
[2022-10-20T18:07:26.441Z] > git remote --verbose [1ms]
[2022-10-20T18:07:26.441Z] > git for-each-ref --sort -committerdate --format %(refname) %(objectname) %(*objectname) [11ms]
[2022-10-20T18:07:26.455Z] > git config --get commit.template [4ms]
[2022-10-20T18:07:26.680Z] > git ls-files --stage -- /home/ubuntu/buenComensalProject/restaurants/admin.py [4ms]
[2022-10-20T18:07:26.691Z] > git cat-file -s 384b5eaa30837e44c4a7eebb690e8a0037f0c7f2 [1ms]
[2022-10-20T18:07:26.891Z] > git show --textconv :restaurants/admin.py [3ms]
[2022-10-20T18:07:35.503Z] > git push Buen-Comensal master [1939ms]
[2022-10-20T18:07:35.504Z] To https://github.com/valensab/Buen-Comensal.git
   665c235..8207d6f  master -> master
[2022-10-20T18:07:35.513Z] > git status -z -uall [4ms]
[2022-10-20T18:07:35.519Z] > git symbolic-ref --short HEAD [1ms]
[2022-10-20T18:07:35.525Z] > git for-each-ref --format=%(refname)%00%(upstream:short)%00%(objectname)%00%(upstream:track)%00%(upstream:remotename)%00%(upstream:remoteref) refs/heads/master refs/remotes/master [1ms]
[2022-10-20T18:07:35.537Z] > git for-each-ref --sort -committerdate --format %(refname) %(objectname) %(*objectname) [6ms]
[2022-10-20T18:07:35.538Z] > git remote --verbose [2ms]
[2022-10-20T18:07:35.546Z] > git config --get commit.template [1ms]
[2022-10-20T18:08:05.015Z] > git check-ignore -v -z --stdin [2ms]
[2022-10-20T18:19:22.986Z] > git fetch [5ms]
[2022-10-20T18:19:22.995Z] > git status -z -uall [4ms]
[2022-10-20T18:19:23.002Z] > git symbolic-ref --short HEAD [1ms]
[2022-10-20T18:19:23.009Z] > git for-each-ref --format=%(refname)%00%(upstream:short)%00%(objectname)%00%(upstream:track)%00%(upstream:remotename)%00%(upstream:remoteref) refs/heads/master refs/remotes/master [1ms]
[2022-10-20T18:19:23.034Z] > git for-each-ref --sort -committerdate --format %(refname) %(objectname) %(*objectname) [9ms]
[2022-10-20T18:19:23.034Z] > git remote --verbose [2ms]
[2022-10-20T18:19:23.046Z] > git config --get commit.template [2ms]
[2022-10-20T18:19:24.236Z] > git status -z -uall [3ms]
[2022-10-20T18:19:24.244Z] > git symbolic-ref --short HEAD [1ms]
[2022-10-20T18:19:24.251Z] > git for-each-ref --format=%(refname)%00%(upstream:short)%00%(objectname)%00%(upstream:track)%00%(upstream:remotename)%00%(upstream:remoteref) refs/heads/master refs/remotes/master [2ms]
[2022-10-20T18:19:24.266Z] > git for-each-ref --sort -committerdate --format %(refname) %(objectname) %(*objectname) [10ms]
[2022-10-20T18:19:24.267Z] > git remote --verbose [3ms]
[2022-10-20T18:19:24.329Z] > git config --get commit.template [2ms]
[2022-10-20T18:19:24.540Z] > git ls-files --stage -- /home/ubuntu/buenComensalProject/restaurants/admin.py [3ms]
[2022-10-20T18:19:24.546Z] > git cat-file -s 384b5eaa30837e44c4a7eebb690e8a0037f0c7f2 [1ms]
[2022-10-20T18:19:24.833Z] > git show --textconv :restaurants/admin.py [2ms]
[2022-10-20T18:50:47.438Z] > git fetch [13ms]
[2022-10-20T18:50:47.449Z] > git status -z -uall [4ms]
[2022-10-20T18:50:47.529Z] > git symbolic-ref --short HEAD [1ms]
[2022-10-20T18:50:47.539Z] > git for-each-ref --format=%(refname)%00%(upstream:short)%00%(objectname)%00%(upstream:track)%00%(upstream:remotename)%00%(upstream:remoteref) refs/heads/master refs/remotes/master [2ms]
[2022-10-20T18:50:47.623Z] > git for-each-ref --sort -committerdate --format %(refname) %(objectname) %(*objectname) [78ms]
[2022-10-20T18:50:47.624Z] > git remote --verbose [74ms]
[2022-10-20T18:50:47.632Z] > git config --get commit.template [1ms]
[2022-10-20T18:50:49.035Z] > git status -z -uall [3ms]
[2022-10-20T18:50:49.042Z] > git symbolic-ref --short HEAD [2ms]
[2022-10-20T18:50:49.048Z] > git for-each-ref --format=%(refname)%00%(upstream:short)%00%(objectname)%00%(upstream:track)%00%(upstream:remotename)%00%(upstream:remoteref) refs/heads/master refs/remotes/master [1ms]
[2022-10-20T18:50:49.061Z] > git for-each-ref --sort -committerdate --format %(refname) %(objectname) %(*objectname) [6ms]
[2022-10-20T18:50:49.061Z] > git remote --verbose [1ms]
[2022-10-20T18:50:49.123Z] > git config --get commit.template [55ms]
[2022-10-20T18:57:07.651Z] > git fetch [3ms]
[2022-10-20T18:57:07.667Z] > git status -z -uall [7ms]
[2022-10-20T18:57:07.679Z] > git symbolic-ref --short HEAD [6ms]
[2022-10-20T18:57:07.723Z] > git for-each-ref --format=%(refname)%00%(upstream:short)%00%(objectname)%00%(upstream:track)%00%(upstream:remotename)%00%(upstream:remoteref) refs/heads/master refs/remotes/master [34ms]
[2022-10-20T18:57:07.739Z] > git remote --verbose [2ms]
[2022-10-20T18:57:07.740Z] > git for-each-ref --sort -committerdate --format %(refname) %(objectname) %(*objectname) [11ms]
[2022-10-20T18:57:07.750Z] > git config --get commit.template [2ms]
[2022-10-20T18:57:08.927Z] > git status -z -uall [5ms]
[2022-10-20T18:57:08.938Z] > git symbolic-ref --short HEAD [3ms]
[2022-10-20T18:57:08.946Z] > git for-each-ref --format=%(refname)%00%(upstream:short)%00%(objectname)%00%(upstream:track)%00%(upstream:remotename)%00%(upstream:remoteref) refs/heads/master refs/remotes/master [2ms]
[2022-10-20T18:57:09.023Z] > git for-each-ref --sort -committerdate --format %(refname) %(objectname) %(*objectname) [71ms]
[2022-10-20T18:57:09.026Z] > git remote --verbose [4ms]
[2022-10-20T18:57:09.035Z] > git config --get commit.template [1ms]
[2022-10-20T19:01:04.507Z] > git fetch [3ms]
[2022-10-20T19:01:04.516Z] > git status -z -uall [3ms]
[2022-10-20T19:01:04.523Z] > git symbolic-ref --short HEAD [1ms]
[2022-10-20T19:01:04.533Z] > git for-each-ref --format=%(refname)%00%(upstream:short)%00%(objectname)%00%(upstream:track)%00%(upstream:remotename)%00%(upstream:remoteref) refs/heads/master refs/remotes/master [2ms]
[2022-10-20T19:01:04.546Z] > git remote --verbose [2ms]
[2022-10-20T19:01:04.546Z] > git for-each-ref --sort -committerdate --format %(refname) %(objectname) %(*objectname) [7ms]
[2022-10-20T19:01:04.553Z] > git config --get commit.template [1ms]
[2022-10-20T19:01:05.753Z] > git status -z -uall [3ms]
[2022-10-20T19:01:05.761Z] > git symbolic-ref --short HEAD [3ms]
[2022-10-20T19:01:05.767Z] > git for-each-ref --format=%(refname)%00%(upstream:short)%00%(objectname)%00%(upstream:track)%00%(upstream:remotename)%00%(upstream:remoteref) refs/heads/master refs/remotes/master [1ms]
[2022-10-20T19:01:05.779Z] > git for-each-ref --sort -committerdate --format %(refname) %(objectname) %(*objectname) [6ms]
[2022-10-20T19:01:05.779Z] > git remote --verbose [1ms]
[2022-10-20T19:01:05.825Z] > git config --get commit.template [2ms]
[2022-10-20T19:01:25.048Z] > git status -z -uall [6ms]
[2022-10-20T19:01:25.129Z] > git symbolic-ref --short HEAD [4ms]
[2022-10-20T19:01:25.140Z] > git for-each-ref --format=%(refname)%00%(upstream:short)%00%(objectname)%00%(upstream:track)%00%(upstream:remotename)%00%(upstream:remoteref) refs/heads/master refs/remotes/master [3ms]
[2022-10-20T19:01:25.233Z] > git remote --verbose [6ms]
[2022-10-20T19:01:25.235Z] > git for-each-ref --sort -committerdate --format %(refname) %(objectname) %(*objectname) [88ms]
[2022-10-20T19:01:25.247Z] > git config --get commit.template [2ms]
[2022-10-20T19:01:25.857Z] > git check-ignore -v -z --stdin [1ms]
[2022-10-20T19:01:31.616Z] > git show --textconv :requeriments.txt [11ms]
[2022-10-20T19:01:31.617Z] > git ls-files --stage -- /home/ubuntu/buenComensalProject/requeriments.txt [6ms]
[2022-10-20T19:01:36.307Z] > git show --textconv :restaurants/admin.py [7ms]
[2022-10-20T19:01:36.308Z] > git ls-files --stage -- /home/ubuntu/buenComensalProject/restaurants/admin.py [3ms]
[2022-10-20T19:01:36.314Z] > git cat-file -s 384b5eaa30837e44c4a7eebb690e8a0037f0c7f2 [1ms]
[2022-10-20T19:05:08.019Z] > git fetch [4ms]
[2022-10-20T19:05:08.034Z] > git status -z -uall [6ms]
[2022-10-20T19:05:08.044Z] > git symbolic-ref --short HEAD [1ms]
[2022-10-20T19:05:08.054Z] > git for-each-ref --format=%(refname)%00%(upstream:short)%00%(objectname)%00%(upstream:track)%00%(upstream:remotename)%00%(upstream:remoteref) refs/heads/master refs/remotes/master [2ms]
[2022-10-20T19:05:08.123Z] > git remote --verbose [2ms]
[2022-10-20T19:05:08.123Z] > git for-each-ref --sort -committerdate --format %(refname) %(objectname) %(*objectname) [62ms]
[2022-10-20T19:05:08.135Z] > git config --get commit.template [1ms]
[2022-10-20T19:05:22.956Z] > git status -z -uall [4ms]
[2022-10-20T19:05:22.963Z] > git symbolic-ref --short HEAD [1ms]
[2022-10-20T19:05:22.969Z] > git for-each-ref --format=%(refname)%00%(upstream:short)%00%(objectname)%00%(upstream:track)%00%(upstream:remotename)%00%(upstream:remoteref) refs/heads/master refs/remotes/master [1ms]
[2022-10-20T19:05:22.980Z] > git for-each-ref --sort -committerdate --format %(refname) %(objectname) %(*objectname) [6ms]
[2022-10-20T19:05:22.981Z] > git remote --verbose [1ms]
[2022-10-20T19:05:23.023Z] > git config --get commit.template [1ms]
[2022-10-20T19:05:23.221Z] > git ls-files --stage -- /home/ubuntu/buenComensalProject/restaurants/admin.py [2ms]
[2022-10-20T19:05:23.228Z] > git cat-file -s 384b5eaa30837e44c4a7eebb690e8a0037f0c7f2 [2ms]
[2022-10-20T19:05:23.419Z] > git show --textconv :restaurants/admin.py [2ms]
