[2022-10-21T00:13:17.958Z] Log level: Info
[2022-10-21T00:13:17.972Z] [info] Validating found git in: git
[2022-10-21T00:13:18.137Z] [info] Using git 2.25.1 from git
[2022-10-21T00:13:18.245Z] > git rev-parse --show-toplevel [85ms]
[2022-10-21T00:13:18.325Z] > git rev-parse --git-dir --git-common-dir [62ms]
[2022-10-21T00:13:18.334Z] [info] Open repository: /home/ubuntu/buenComensalProject
[2022-10-21T00:13:18.429Z] > git status -z -uall [81ms]
[2022-10-21T00:13:18.448Z] > git rev-parse --show-toplevel [21ms]
[2022-10-21T00:13:18.460Z] > git symbolic-ref --short HEAD [19ms]
[2022-10-21T00:13:18.535Z] > git rev-parse --show-toplevel [77ms]
[2022-10-21T00:13:18.548Z] > git for-each-ref --format=%(refname)%00%(upstream:short)%00%(objectname)%00%(upstream:track)%00%(upstream:remotename)%00%(upstream:remoteref) refs/heads/master refs/remotes/master [14ms]
[2022-10-21T00:13:18.632Z] > git remote --verbose [3ms]
[2022-10-21T00:13:18.632Z] > git for-each-ref --sort -committerdate --format %(refname) %(objectname) %(*objectname) [73ms]
[2022-10-21T00:13:18.639Z] > git rev-parse --show-toplevel [93ms]
[2022-10-21T00:13:18.837Z] > git rev-parse --show-toplevel [186ms]
[2022-10-21T00:13:19.752Z] > git config --get commit.template [916ms]
[2022-10-21T00:13:19.872Z] > git status -z -uall [35ms]
[2022-10-21T00:13:19.931Z] > git rev-parse --show-toplevel [1083ms]
[2022-10-21T00:13:19.956Z] > git symbolic-ref --short HEAD [25ms]
[2022-10-21T00:13:20.042Z] > git rev-parse --show-toplevel [100ms]
[2022-10-21T00:13:20.054Z] > git for-each-ref --format=%(refname)%00%(upstream:short)%00%(objectname)%00%(upstream:track)%00%(upstream:remotename)%00%(upstream:remoteref) refs/heads/master refs/remotes/master [21ms]
[2022-10-21T00:13:20.146Z] > git remote --verbose [7ms]
[2022-10-21T00:13:20.146Z] > git for-each-ref --sort -committerdate --format %(refname) %(objectname) %(*objectname) [82ms]
[2022-10-21T00:13:20.148Z] > git rev-parse --show-toplevel [95ms]
[2022-10-21T00:13:20.232Z] > git config --get commit.template [69ms]
[2022-10-21T00:13:20.941Z] > git show --textconv :restaurants/api/api.py [110ms]
[2022-10-21T00:13:20.941Z] > git check-ignore -v -z --stdin [2ms]
[2022-10-21T00:13:20.942Z] > git ls-files --stage -- /home/ubuntu/buenComensalProject/restaurants/api/api.py [96ms]
[2022-10-21T00:13:21.144Z] > git cat-file -s eb3135c5ec37006ff9e1efc390b54ffa0e72df6a [191ms]
[2022-10-21T00:16:24.466Z] > git check-ignore -v -z --stdin [12ms]
[2022-10-21T00:16:42.233Z] > git show --textconv :suggestions/models.py [95ms]
[2022-10-21T00:16:42.239Z] > git ls-files --stage -- /home/ubuntu/buenComensalProject/suggestions/models.py [7ms]
[2022-10-21T00:16:42.246Z] > git cat-file -s 864ff5f5d3deb6db6bbaab93ee52b7379ca31653 [1ms]
[2022-10-21T00:18:28.686Z] > git status -z -uall [50ms]
[2022-10-21T00:18:28.694Z] > git symbolic-ref --short HEAD [1ms]
[2022-10-21T00:18:28.729Z] > git for-each-ref --format=%(refname)%00%(upstream:short)%00%(objectname)%00%(upstream:track)%00%(upstream:remotename)%00%(upstream:remoteref) refs/heads/master refs/remotes/master [1ms]
[2022-10-21T00:18:28.751Z] > git for-each-ref --sort -committerdate --format %(refname) %(objectname) %(*objectname) [13ms]
[2022-10-21T00:18:28.756Z] > git remote --verbose [8ms]
[2022-10-21T00:18:28.825Z] > git config --get commit.template [60ms]
[2022-10-21T00:18:57.384Z] > git status -z -uall [4ms]
[2022-10-21T00:18:57.392Z] > git symbolic-ref --short HEAD [1ms]
[2022-10-21T00:18:57.401Z] > git for-each-ref --format=%(refname)%00%(upstream:short)%00%(objectname)%00%(upstream:track)%00%(upstream:remotename)%00%(upstream:remoteref) refs/heads/master refs/remotes/master [2ms]
[2022-10-21T00:18:57.414Z] > git for-each-ref --sort -committerdate --format %(refname) %(objectname) %(*objectname) [8ms]
[2022-10-21T00:18:57.425Z] > git remote --verbose [12ms]
[2022-10-21T00:18:57.435Z] > git config --get commit.template [2ms]
[2022-10-21T00:19:28.205Z] > git status -z -uall [5ms]
[2022-10-21T00:19:28.214Z] > git symbolic-ref --short HEAD [1ms]
[2022-10-21T00:19:28.223Z] > git for-each-ref --format=%(refname)%00%(upstream:short)%00%(objectname)%00%(upstream:track)%00%(upstream:remotename)%00%(upstream:remoteref) refs/heads/master refs/remotes/master [1ms]
[2022-10-21T00:19:28.241Z] > git for-each-ref --sort -committerdate --format %(refname) %(objectname) %(*objectname) [10ms]
[2022-10-21T00:19:28.242Z] > git remote --verbose [2ms]
[2022-10-21T00:19:28.256Z] > git config --get commit.template [4ms]
[2022-10-21T00:19:34.464Z] > git status -z -uall [4ms]
[2022-10-21T00:19:34.472Z] > git symbolic-ref --short HEAD [1ms]
[2022-10-21T00:19:34.481Z] > git for-each-ref --format=%(refname)%00%(upstream:short)%00%(objectname)%00%(upstream:track)%00%(upstream:remotename)%00%(upstream:remoteref) refs/heads/master refs/remotes/master [2ms]
[2022-10-21T00:19:34.495Z] > git for-each-ref --sort -committerdate --format %(refname) %(objectname) %(*objectname) [7ms]
[2022-10-21T00:19:34.525Z] > git remote --verbose [31ms]
[2022-10-21T00:19:34.535Z] > git config --get commit.template [1ms]
[2022-10-21T00:19:39.549Z] > git status -z -uall [4ms]
[2022-10-21T00:19:39.631Z] > git symbolic-ref --short HEAD [5ms]
[2022-10-21T00:19:39.640Z] > git for-each-ref --format=%(refname)%00%(upstream:short)%00%(objectname)%00%(upstream:track)%00%(upstream:remotename)%00%(upstream:remoteref) refs/heads/master refs/remotes/master [2ms]
[2022-10-21T00:19:39.732Z] > git for-each-ref --sort -committerdate --format %(refname) %(objectname) %(*objectname) [85ms]
[2022-10-21T00:19:39.734Z] > git remote --verbose [3ms]
[2022-10-21T00:19:39.746Z] > git config --get commit.template [3ms]
[2022-10-21T00:19:55.926Z] > git status -z -uall [4ms]
[2022-10-21T00:19:55.934Z] > git symbolic-ref --short HEAD [1ms]
[2022-10-21T00:19:55.943Z] > git for-each-ref --format=%(refname)%00%(upstream:short)%00%(objectname)%00%(upstream:track)%00%(upstream:remotename)%00%(upstream:remoteref) refs/heads/master refs/remotes/master [0ms]
[2022-10-21T00:19:55.958Z] > git for-each-ref --sort -committerdate --format %(refname) %(objectname) %(*objectname) [8ms]
[2022-10-21T00:19:55.960Z] > git remote --verbose [2ms]
[2022-10-21T00:19:55.970Z] > git config --get commit.template [2ms]
[2022-10-21T00:20:05.110Z] > git check-ignore -v -z --stdin [1ms]
[2022-10-21T00:20:07.655Z] > git show --textconv :suggestions/api/serializers.py [16ms]
[2022-10-21T00:20:07.731Z] > git ls-files --stage -- /home/ubuntu/buenComensalProject/suggestions/api/serializers.py [77ms]
[2022-10-21T00:20:07.741Z] > git cat-file -s 744e1e3980a88362abfbd15260539fe90547ab5d [3ms]
[2022-10-21T00:20:33.512Z] > git status -z -uall [5ms]
[2022-10-21T00:20:33.521Z] > git symbolic-ref --short HEAD [1ms]
[2022-10-21T00:20:33.530Z] > git for-each-ref --format=%(refname)%00%(upstream:short)%00%(objectname)%00%(upstream:track)%00%(upstream:remotename)%00%(upstream:remoteref) refs/heads/master refs/remotes/master [1ms]
[2022-10-21T00:20:33.550Z] > git remote --verbose [1ms]
[2022-10-21T00:20:33.551Z] > git for-each-ref --sort -committerdate --format %(refname) %(objectname) %(*objectname) [10ms]
[2022-10-21T00:20:33.564Z] > git config --get commit.template [1ms]
[2022-10-21T00:20:40.633Z] > git show --textconv :suggestions/views.py [88ms]
[2022-10-21T00:20:40.633Z] > git ls-files --stage -- /home/ubuntu/buenComensalProject/suggestions/views.py [4ms]
[2022-10-21T00:20:40.646Z] > git cat-file -s 683fb7e4fe3976cd2c7e1aa0b45f011cc6cf4936 [5ms]
[2022-10-21T00:21:20.939Z] > git status -z -uall [4ms]
[2022-10-21T00:21:20.947Z] > git symbolic-ref --short HEAD [1ms]
[2022-10-21T00:21:20.956Z] > git for-each-ref --format=%(refname)%00%(upstream:short)%00%(objectname)%00%(upstream:track)%00%(upstream:remotename)%00%(upstream:remoteref) refs/heads/master refs/remotes/master [2ms]
[2022-10-21T00:21:21.026Z] > git for-each-ref --sort -committerdate --format %(refname) %(objectname) %(*objectname) [63ms]
[2022-10-21T00:21:21.027Z] > git remote --verbose [2ms]
[2022-10-21T00:21:21.040Z] > git config --get commit.template [3ms]
[2022-10-21T00:29:43.616Z] > git show --textconv :suggestions/api/serializers.py [8ms]
[2022-10-21T00:29:43.620Z] > git ls-files --stage -- /home/ubuntu/buenComensalProject/suggestions/api/serializers.py [5ms]
[2022-10-21T00:29:43.628Z] > git cat-file -s 744e1e3980a88362abfbd15260539fe90547ab5d [1ms]
[2022-10-21T00:29:51.931Z] > git status -z -uall [5ms]
[2022-10-21T00:29:51.941Z] > git symbolic-ref --short HEAD [2ms]
[2022-10-21T00:29:52.031Z] > git for-each-ref --format=%(refname)%00%(upstream:short)%00%(objectname)%00%(upstream:track)%00%(upstream:remotename)%00%(upstream:remoteref) refs/heads/master refs/remotes/master [82ms]
[2022-10-21T00:29:52.049Z] > git for-each-ref --sort -committerdate --format %(refname) %(objectname) %(*objectname) [10ms]
[2022-10-21T00:29:52.130Z] > git remote --verbose [82ms]
[2022-10-21T00:29:52.143Z] > git config --get commit.template [2ms]
[2022-10-21T00:29:57.240Z] > git status -z -uall [7ms]
[2022-10-21T00:29:57.332Z] > git symbolic-ref --short HEAD [83ms]
[2022-10-21T00:29:57.345Z] > git for-each-ref --format=%(refname)%00%(upstream:short)%00%(objectname)%00%(upstream:track)%00%(upstream:remotename)%00%(upstream:remoteref) refs/heads/master refs/remotes/master [3ms]
[2022-10-21T00:29:57.529Z] > git for-each-ref --sort -committerdate --format %(refname) %(objectname) %(*objectname) [100ms]
[2022-10-21T00:29:57.532Z] > git remote --verbose [87ms]
[2022-10-21T00:29:57.629Z] > git config --get commit.template [85ms]
[2022-10-21T00:30:29.486Z] > git status -z -uall [5ms]
[2022-10-21T00:30:29.495Z] > git symbolic-ref --short HEAD [2ms]
[2022-10-21T00:30:29.503Z] > git for-each-ref --format=%(refname)%00%(upstream:short)%00%(objectname)%00%(upstream:track)%00%(upstream:remotename)%00%(upstream:remoteref) refs/heads/master refs/remotes/master [2ms]
[2022-10-21T00:30:29.532Z] > git remote --verbose [2ms]
[2022-10-21T00:30:29.532Z] > git for-each-ref --sort -committerdate --format %(refname) %(objectname) %(*objectname) [22ms]
[2022-10-21T00:30:29.548Z] > git config --get commit.template [3ms]
[2022-10-21T00:30:31.430Z] > git show --textconv :suggestions/models.py [33ms]
[2022-10-21T00:30:31.431Z] > git ls-files --stage -- /home/ubuntu/buenComensalProject/suggestions/models.py [2ms]
[2022-10-21T00:30:31.441Z] > git cat-file -s 864ff5f5d3deb6db6bbaab93ee52b7379ca31653 [2ms]
[2022-10-21T00:30:34.560Z] > git status -z -uall [4ms]
[2022-10-21T00:30:34.569Z] > git symbolic-ref --short HEAD [1ms]
[2022-10-21T00:30:34.578Z] > git for-each-ref --format=%(refname)%00%(upstream:short)%00%(objectname)%00%(upstream:track)%00%(upstream:remotename)%00%(upstream:remoteref) refs/heads/master refs/remotes/master [2ms]
[2022-10-21T00:30:34.627Z] > git for-each-ref --sort -committerdate --format %(refname) %(objectname) %(*objectname) [42ms]
[2022-10-21T00:30:34.627Z] > git remote --verbose [1ms]
[2022-10-21T00:30:34.637Z] > git config --get commit.template [1ms]
[2022-10-21T00:31:06.637Z] > git status -z -uall [4ms]
[2022-10-21T00:31:06.648Z] > git symbolic-ref --short HEAD [1ms]
[2022-10-21T00:31:06.662Z] > git for-each-ref --format=%(refname)%00%(upstream:short)%00%(objectname)%00%(upstream:track)%00%(upstream:remotename)%00%(upstream:remoteref) refs/heads/master refs/remotes/master [3ms]
[2022-10-21T00:31:06.677Z] > git for-each-ref --sort -committerdate --format %(refname) %(objectname) %(*objectname) [8ms]
[2022-10-21T00:31:06.677Z] > git remote --verbose [1ms]
[2022-10-21T00:31:06.734Z] > git config --get commit.template [2ms]
[2022-10-21T00:31:11.748Z] > git status -z -uall [5ms]
[2022-10-21T00:31:11.832Z] > git symbolic-ref --short HEAD [4ms]
[2022-10-21T00:31:11.948Z] > git for-each-ref --format=%(refname)%00%(upstream:short)%00%(objectname)%00%(upstream:track)%00%(upstream:remotename)%00%(upstream:remoteref) refs/heads/master refs/remotes/master [17ms]
[2022-10-21T00:31:12.046Z] > git for-each-ref --sort -committerdate --format %(refname) %(objectname) %(*objectname) [10ms]
[2022-10-21T00:31:12.048Z] > git remote --verbose [3ms]
[2022-10-21T00:31:12.137Z] > git config --get commit.template [3ms]
[2022-10-21T00:31:44.867Z] > git status -z -uall [4ms]
[2022-10-21T00:31:44.877Z] > git symbolic-ref --short HEAD [1ms]
[2022-10-21T00:31:44.885Z] > git for-each-ref --format=%(refname)%00%(upstream:short)%00%(objectname)%00%(upstream:track)%00%(upstream:remotename)%00%(upstream:remoteref) refs/heads/master refs/remotes/master [1ms]
[2022-10-21T00:31:44.929Z] > git for-each-ref --sort -committerdate --format %(refname) %(objectname) %(*objectname) [36ms]
[2022-10-21T00:31:44.930Z] > git remote --verbose [2ms]
[2022-10-21T00:31:44.941Z] > git config --get commit.template [1ms]
[2022-10-21T00:31:49.956Z] > git status -z -uall [5ms]
[2022-10-21T00:31:49.966Z] > git symbolic-ref --short HEAD [1ms]
[2022-10-21T00:31:49.976Z] > git for-each-ref --format=%(refname)%00%(upstream:short)%00%(objectname)%00%(upstream:track)%00%(upstream:remotename)%00%(upstream:remoteref) refs/heads/master refs/remotes/master [2ms]
[2022-10-21T00:31:50.038Z] > git remote --verbose [3ms]
[2022-10-21T00:31:50.038Z] > git for-each-ref --sort -committerdate --format %(refname) %(objectname) %(*objectname) [10ms]
[2022-10-21T00:31:50.050Z] > git config --get commit.template [1ms]
[2022-10-21T00:32:24.480Z] > git status -z -uall [5ms]
[2022-10-21T00:32:24.489Z] > git symbolic-ref --short HEAD [1ms]
[2022-10-21T00:32:24.498Z] > git for-each-ref --format=%(refname)%00%(upstream:short)%00%(objectname)%00%(upstream:track)%00%(upstream:remotename)%00%(upstream:remoteref) refs/heads/master refs/remotes/master [2ms]
[2022-10-21T00:32:24.533Z] > git for-each-ref --sort -committerdate --format %(refname) %(objectname) %(*objectname) [23ms]
[2022-10-21T00:32:24.533Z] > git remote --verbose [1ms]
[2022-10-21T00:32:24.542Z] > git config --get commit.template [1ms]
[2022-10-21T00:32:29.555Z] > git status -z -uall [3ms]
[2022-10-21T00:32:29.568Z] > git symbolic-ref --short HEAD [1ms]
[2022-10-21T00:32:29.576Z] > git for-each-ref --format=%(refname)%00%(upstream:short)%00%(objectname)%00%(upstream:track)%00%(upstream:remotename)%00%(upstream:remoteref) refs/heads/master refs/remotes/master [1ms]
[2022-10-21T00:32:29.629Z] > git for-each-ref --sort -committerdate --format %(refname) %(objectname) %(*objectname) [45ms]
[2022-10-21T00:32:29.630Z] > git remote --verbose [2ms]
[2022-10-21T00:32:29.644Z] > git config --get commit.template [3ms]
[2022-10-21T00:33:45.288Z] > git status -z -uall [3ms]
[2022-10-21T00:33:45.297Z] > git symbolic-ref --short HEAD [2ms]
[2022-10-21T00:33:45.305Z] > git for-each-ref --format=%(refname)%00%(upstream:short)%00%(objectname)%00%(upstream:track)%00%(upstream:remotename)%00%(upstream:remoteref) refs/heads/master refs/remotes/master [1ms]
[2022-10-21T00:33:45.331Z] > git for-each-ref --sort -committerdate --format %(refname) %(objectname) %(*objectname) [18ms]
[2022-10-21T00:33:45.331Z] > git remote --verbose [1ms]
[2022-10-21T00:33:45.341Z] > git config --get commit.template [1ms]
[2022-10-21T00:33:50.357Z] > git status -z -uall [6ms]
[2022-10-21T00:33:50.371Z] > git symbolic-ref --short HEAD [3ms]
[2022-10-21T00:33:50.385Z] > git for-each-ref --format=%(refname)%00%(upstream:short)%00%(objectname)%00%(upstream:track)%00%(upstream:remotename)%00%(upstream:remoteref) refs/heads/master refs/remotes/master [3ms]
[2022-10-21T00:33:50.432Z] > git for-each-ref --sort -committerdate --format %(refname) %(objectname) %(*objectname) [37ms]
[2022-10-21T00:33:50.432Z] > git remote --verbose [2ms]
[2022-10-21T00:33:50.443Z] > git config --get commit.template [2ms]
[2022-10-21T00:34:23.170Z] > git status -z -uall [6ms]
[2022-10-21T00:34:23.187Z] > git symbolic-ref --short HEAD [2ms]
[2022-10-21T00:34:23.200Z] > git for-each-ref --format=%(refname)%00%(upstream:short)%00%(objectname)%00%(upstream:track)%00%(upstream:remotename)%00%(upstream:remoteref) refs/heads/master refs/remotes/master [2ms]
[2022-10-21T00:34:23.242Z] > git for-each-ref --sort -committerdate --format %(refname) %(objectname) %(*objectname) [11ms]
[2022-10-21T00:34:23.244Z] > git remote --verbose [4ms]
[2022-10-21T00:34:23.258Z] > git config --get commit.template [2ms]
[2022-10-21T00:34:28.271Z] > git status -z -uall [5ms]
[2022-10-21T00:34:28.279Z] > git symbolic-ref --short HEAD [1ms]
[2022-10-21T00:34:28.288Z] > git for-each-ref --format=%(refname)%00%(upstream:short)%00%(objectname)%00%(upstream:track)%00%(upstream:remotename)%00%(upstream:remoteref) refs/heads/master refs/remotes/master [2ms]
[2022-10-21T00:34:28.328Z] > git for-each-ref --sort -committerdate --format %(refname) %(objectname) %(*objectname) [33ms]
[2022-10-21T00:34:28.328Z] > git remote --verbose [1ms]
[2022-10-21T00:34:28.338Z] > git config --get commit.template [1ms]
[2022-10-21T00:35:00.523Z] > git status -z -uall [4ms]
[2022-10-21T00:35:00.532Z] > git symbolic-ref --short HEAD [1ms]
[2022-10-21T00:35:00.541Z] > git for-each-ref --format=%(refname)%00%(upstream:short)%00%(objectname)%00%(upstream:track)%00%(upstream:remotename)%00%(upstream:remoteref) refs/heads/master refs/remotes/master [1ms]
[2022-10-21T00:35:00.556Z] > git for-each-ref --sort -committerdate --format %(refname) %(objectname) %(*objectname) [8ms]
[2022-10-21T00:35:00.557Z] > git remote --verbose [1ms]
[2022-10-21T00:35:00.568Z] > git config --get commit.template [2ms]
[2022-10-21T00:35:05.942Z] > git status -z -uall [109ms]
[2022-10-21T00:35:06.031Z] > git symbolic-ref --short HEAD [77ms]
[2022-10-21T00:35:06.053Z] > git for-each-ref --format=%(refname)%00%(upstream:short)%00%(objectname)%00%(upstream:track)%00%(upstream:remotename)%00%(upstream:remoteref) refs/heads/master refs/remotes/master [3ms]
[2022-10-21T00:35:06.075Z] > git remote --verbose [0ms]
[2022-10-21T00:35:06.076Z] > git for-each-ref --sort -committerdate --format %(refname) %(objectname) %(*objectname) [13ms]
[2022-10-21T00:35:06.134Z] > git config --get commit.template [4ms]
[2022-10-21T00:35:11.154Z] > git status -z -uall [0ms]
[2022-10-21T00:35:11.173Z] > git symbolic-ref --short HEAD [4ms]
[2022-10-21T00:35:11.186Z] > git for-each-ref --format=%(refname)%00%(upstream:short)%00%(objectname)%00%(upstream:track)%00%(upstream:remotename)%00%(upstream:remoteref) refs/heads/master refs/remotes/master [2ms]
[2022-10-21T00:35:11.233Z] > git for-each-ref --sort -committerdate --format %(refname) %(objectname) %(*objectname) [40ms]
[2022-10-21T00:35:11.234Z] > git remote --verbose [2ms]
[2022-10-21T00:35:11.263Z] > git config --get commit.template [12ms]
[2022-10-21T00:35:28.155Z] > git status -z -uall [4ms]
[2022-10-21T00:35:28.166Z] > git symbolic-ref --short HEAD [2ms]
[2022-10-21T00:35:28.178Z] > git for-each-ref --format=%(refname)%00%(upstream:short)%00%(objectname)%00%(upstream:track)%00%(upstream:remotename)%00%(upstream:remoteref) refs/heads/master refs/remotes/master [2ms]
[2022-10-21T00:35:28.232Z] > git for-each-ref --sort -committerdate --format %(refname) %(objectname) %(*objectname) [45ms]
[2022-10-21T00:35:28.232Z] > git remote --verbose [1ms]
[2022-10-21T00:35:28.242Z] > git config --get commit.template [1ms]
[2022-10-21T00:35:47.301Z] > git status -z -uall [5ms]
[2022-10-21T00:35:47.310Z] > git symbolic-ref --short HEAD [1ms]
[2022-10-21T00:35:47.319Z] > git for-each-ref --format=%(refname)%00%(upstream:short)%00%(objectname)%00%(upstream:track)%00%(upstream:remotename)%00%(upstream:remoteref) refs/heads/master refs/remotes/master [1ms]
[2022-10-21T00:35:47.339Z] > git for-each-ref --sort -committerdate --format %(refname) %(objectname) %(*objectname) [13ms]
[2022-10-21T00:35:47.342Z] > git remote --verbose [4ms]
[2022-10-21T00:35:47.356Z] > git config --get commit.template [3ms]
[2022-10-21T00:35:52.372Z] > git status -z -uall [5ms]
[2022-10-21T00:35:52.381Z] > git symbolic-ref --short HEAD [1ms]
[2022-10-21T00:35:52.390Z] > git for-each-ref --format=%(refname)%00%(upstream:short)%00%(objectname)%00%(upstream:track)%00%(upstream:remotename)%00%(upstream:remoteref) refs/heads/master refs/remotes/master [2ms]
[2022-10-21T00:35:52.431Z] > git for-each-ref --sort -committerdate --format %(refname) %(objectname) %(*objectname) [34ms]
[2022-10-21T00:35:52.431Z] > git remote --verbose [1ms]
[2022-10-21T00:35:52.441Z] > git config --get commit.template [1ms]
[2022-10-21T00:36:09.603Z] > git status -z -uall [3ms]
[2022-10-21T00:36:09.613Z] > git symbolic-ref --short HEAD [2ms]
[2022-10-21T00:36:09.622Z] > git for-each-ref --format=%(refname)%00%(upstream:short)%00%(objectname)%00%(upstream:track)%00%(upstream:remotename)%00%(upstream:remoteref) refs/heads/master refs/remotes/master [2ms]
[2022-10-21T00:36:09.638Z] > git for-each-ref --sort -committerdate --format %(refname) %(objectname) %(*objectname) [9ms]
[2022-10-21T00:36:09.638Z] > git remote --verbose [1ms]
[2022-10-21T00:36:09.648Z] > git config --get commit.template [2ms]
[2022-10-21T00:36:21.028Z] > git status -z -uall [4ms]
[2022-10-21T00:36:21.040Z] > git symbolic-ref --short HEAD [2ms]
[2022-10-21T00:36:21.054Z] > git for-each-ref --format=%(refname)%00%(upstream:short)%00%(objectname)%00%(upstream:track)%00%(upstream:remotename)%00%(upstream:remoteref) refs/heads/master refs/remotes/master [4ms]
[2022-10-21T00:36:21.074Z] > git for-each-ref --sort -committerdate --format %(refname) %(objectname) %(*objectname) [11ms]
[2022-10-21T00:36:21.075Z] > git remote --verbose [2ms]
[2022-10-21T00:36:21.132Z] > git config --get commit.template [2ms]
[2022-10-21T00:36:26.225Z] > git status -z -uall [81ms]
[2022-10-21T00:36:26.236Z] > git symbolic-ref --short HEAD [1ms]
[2022-10-21T00:36:26.245Z] > git for-each-ref --format=%(refname)%00%(upstream:short)%00%(objectname)%00%(upstream:track)%00%(upstream:remotename)%00%(upstream:remoteref) refs/heads/master refs/remotes/master [1ms]
[2022-10-21T00:36:26.335Z] > git for-each-ref --sort -committerdate --format %(refname) %(objectname) %(*objectname) [82ms]
[2022-10-21T00:36:26.338Z] > git remote --verbose [4ms]
[2022-10-21T00:36:26.349Z] > git config --get commit.template [3ms]
[2022-10-21T00:36:33.651Z] > git status -z -uall [9ms]
[2022-10-21T00:36:33.668Z] > git symbolic-ref --short HEAD [2ms]
[2022-10-21T00:36:33.684Z] > git for-each-ref --format=%(refname)%00%(upstream:short)%00%(objectname)%00%(upstream:track)%00%(upstream:remotename)%00%(upstream:remoteref) refs/heads/master refs/remotes/master [3ms]
[2022-10-21T00:36:33.744Z] > git for-each-ref --sort -committerdate --format %(refname) %(objectname) %(*objectname) [18ms]
[2022-10-21T00:36:33.745Z] > git remote --verbose [2ms]
[2022-10-21T00:36:33.763Z] > git config --get commit.template [2ms]
[2022-10-21T00:38:56.338Z] > git show --textconv :suggestions/admin.py [107ms]
[2022-10-21T00:38:56.348Z] > git ls-files --stage -- /home/ubuntu/buenComensalProject/suggestions/admin.py [12ms]
[2022-10-21T00:38:56.435Z] > git cat-file -s 978068ebe9fd01baf90a87d41d16f7e23adc0205 [2ms]
[2022-10-21T00:39:10.374Z] > git status -z -uall [1ms]
[2022-10-21T00:39:10.449Z] > git symbolic-ref --short HEAD [5ms]
[2022-10-21T00:39:10.538Z] > git for-each-ref --format=%(refname)%00%(upstream:short)%00%(objectname)%00%(upstream:track)%00%(upstream:remotename)%00%(upstream:remoteref) refs/heads/master refs/remotes/master [1ms]
[2022-10-21T00:39:10.633Z] > git for-each-ref --sort -committerdate --format %(refname) %(objectname) %(*objectname) [87ms]
[2022-10-21T00:39:10.635Z] > git remote --verbose [3ms]
[2022-10-21T00:39:10.646Z] > git config --get commit.template [2ms]
[2022-10-21T00:39:15.666Z] > git status -z -uall [10ms]
[2022-10-21T00:39:15.730Z] > git symbolic-ref --short HEAD [3ms]
[2022-10-21T00:39:15.739Z] > git for-each-ref --format=%(refname)%00%(upstream:short)%00%(objectname)%00%(upstream:track)%00%(upstream:remotename)%00%(upstream:remoteref) refs/heads/master refs/remotes/master [2ms]
[2022-10-21T00:39:15.830Z] > git for-each-ref --sort -committerdate --format %(refname) %(objectname) %(*objectname) [83ms]
[2022-10-21T00:39:15.833Z] > git remote --verbose [4ms]
[2022-10-21T00:39:15.844Z] > git config --get commit.template [2ms]
[2022-10-21T00:39:22.839Z] > git status -z -uall [6ms]
[2022-10-21T00:39:22.848Z] > git symbolic-ref --short HEAD [2ms]
[2022-10-21T00:39:22.924Z] > git for-each-ref --format=%(refname)%00%(upstream:short)%00%(objectname)%00%(upstream:track)%00%(upstream:remotename)%00%(upstream:remoteref) refs/heads/master refs/remotes/master [68ms]
[2022-10-21T00:39:22.942Z] > git for-each-ref --sort -committerdate --format %(refname) %(objectname) %(*objectname) [9ms]
[2022-10-21T00:39:22.944Z] > git remote --verbose [2ms]
[2022-10-21T00:39:22.955Z] > git config --get commit.template [2ms]
[2022-10-21T00:41:31.832Z] > git status -z -uall [4ms]
[2022-10-21T00:41:31.841Z] > git symbolic-ref --short HEAD [2ms]
[2022-10-21T00:41:31.850Z] > git for-each-ref --format=%(refname)%00%(upstream:short)%00%(objectname)%00%(upstream:track)%00%(upstream:remotename)%00%(upstream:remoteref) refs/heads/master refs/remotes/master [1ms]
[2022-10-21T00:41:31.868Z] > git for-each-ref --sort -committerdate --format %(refname) %(objectname) %(*objectname) [10ms]
[2022-10-21T00:41:31.868Z] > git remote --verbose [1ms]
[2022-10-21T00:41:31.930Z] > git config --get commit.template [1ms]
[2022-10-21T00:41:57.675Z] > git status -z -uall [5ms]
[2022-10-21T00:41:57.684Z] > git symbolic-ref --short HEAD [1ms]
[2022-10-21T00:41:57.693Z] > git for-each-ref --format=%(refname)%00%(upstream:short)%00%(objectname)%00%(upstream:track)%00%(upstream:remotename)%00%(upstream:remoteref) refs/heads/master refs/remotes/master [2ms]
[2022-10-21T00:41:57.730Z] > git for-each-ref --sort -committerdate --format %(refname) %(objectname) %(*objectname) [29ms]
[2022-10-21T00:41:57.730Z] > git remote --verbose [1ms]
[2022-10-21T00:41:57.740Z] > git config --get commit.template [2ms]
[2022-10-21T00:42:25.110Z] > git status -z -uall [3ms]
[2022-10-21T00:42:25.119Z] > git symbolic-ref --short HEAD [2ms]
[2022-10-21T00:42:25.127Z] > git for-each-ref --format=%(refname)%00%(upstream:short)%00%(objectname)%00%(upstream:track)%00%(upstream:remotename)%00%(upstream:remoteref) refs/heads/master refs/remotes/master [1ms]
[2022-10-21T00:42:25.143Z] > git for-each-ref --sort -committerdate --format %(refname) %(objectname) %(*objectname) [8ms]
[2022-10-21T00:42:25.143Z] > git remote --verbose [1ms]
[2022-10-21T00:42:25.153Z] > git config --get commit.template [1ms]
[2022-10-21T00:42:30.383Z] > git check-ignore -v -z --stdin [1ms]
[2022-10-21T00:42:45.338Z] > git show --textconv :requeriments.txt [8ms]
[2022-10-21T00:42:45.340Z] > git ls-files --stage -- /home/ubuntu/buenComensalProject/requeriments.txt [2ms]
[2022-10-21T00:42:50.089Z] > git show --textconv :suggestions/admin.py [9ms]
[2022-10-21T00:42:50.090Z] > git ls-files --stage -- /home/ubuntu/buenComensalProject/suggestions/admin.py [2ms]
[2022-10-21T00:42:50.099Z] > git cat-file -s 978068ebe9fd01baf90a87d41d16f7e23adc0205 [1ms]
[2022-10-21T00:42:54.326Z] > git ls-files --stage -- /home/ubuntu/buenComensalProject/buenComensalProject/settings.py [79ms]
[2022-10-21T00:42:54.336Z] > git show --textconv :buenComensalProject/settings.py [101ms]
[2022-10-21T00:42:54.340Z] > git cat-file -s c3ab2c4d9403017db473a8baeccdb30ad42f1478 [5ms]
[2022-10-21T00:44:23.094Z] > git show --textconv :suggestions/admin.py [8ms]
[2022-10-21T00:44:23.096Z] > git ls-files --stage -- /home/ubuntu/buenComensalProject/suggestions/admin.py [2ms]
[2022-10-21T00:44:23.129Z] > git cat-file -s 978068ebe9fd01baf90a87d41d16f7e23adc0205 [1ms]
[2022-10-21T00:44:25.366Z] > git show --textconv :suggestions/models.py [9ms]
[2022-10-21T00:44:25.368Z] > git ls-files --stage -- /home/ubuntu/buenComensalProject/suggestions/models.py [2ms]
[2022-10-21T00:44:25.376Z] > git cat-file -s 864ff5f5d3deb6db6bbaab93ee52b7379ca31653 [1ms]
[2022-10-21T00:44:30.410Z] > git show --textconv :suggestions/api/urls.py [10ms]
[2022-10-21T00:44:30.411Z] > git ls-files --stage -- /home/ubuntu/buenComensalProject/suggestions/api/urls.py [3ms]
[2022-10-21T00:44:30.419Z] > git cat-file -s bff2cd6e88bd51a1eabc85af4781c2eba8e84364 [1ms]
