Visual Studio Code (1.72.2, ssh-remote, desktop)
Jupyter Extension Version: 2022.9.1202862440.
Python Extension Version: 2022.16.1.
Workspace folder /home/ubuntu/buenComensalProject
info 18:02:52.644: ZMQ install verified.
User belongs to experiment group 'jupyterTestcf'
User belongs to experiment group 'jupyterEnhancedDataViewer'
info 18:02:56.746: LSP Notebooks experiment is disabled -- Pylance disabled or not installed
error 18:03:00.956: getCondaFile, Class name = k, completed in 4330ms, has a falsy return value [EntryNotFound (FileSystemError): Error: ENOENT: no such file or directory, stat 'c:\Users\PAULASABOGAL\anaconda3\Scripts\conda.exe'
	at Function._handleError (/home/ubuntu/.vscode-server/bin/d045a5eda657f4d7b676dedbfa7aab8207f8a075/out/vs/workbench/api/node/extensionHostProcess.js:92:29726)
	at Object.stat (/home/ubuntu/.vscode-server/bin/d045a5eda657f4d7b676dedbfa7aab8207f8a075/out/vs/workbench/api/node/extensionHostProcess.js:92:28094)
	at async b.getFileHash (/home/ubuntu/.vscode-server/extensions/ms-toolsai.jupyter-2022.9.1202862440/out/extension.node.js:7:20284)
	at async k.getCachedInformation (/home/ubuntu/.vscode-server/extensions/ms-toolsai.jupyter-2022.9.1202862440/out/extension.node.js:7:42507)] {
  code: 'FileNotFound'
}
error 18:03:00.958: getCondaVersion, Class name = k, completed in 4331ms, has a falsy return value [EntryNotFound (FileSystemError): Error: ENOENT: no such file or directory, stat 'c:\Users\PAULASABOGAL\anaconda3\Scripts\conda.exe'
	at Function._handleError (/home/ubuntu/.vscode-server/bin/d045a5eda657f4d7b676dedbfa7aab8207f8a075/out/vs/workbench/api/node/extensionHostProcess.js:92:29726)
	at Object.stat (/home/ubuntu/.vscode-server/bin/d045a5eda657f4d7b676dedbfa7aab8207f8a075/out/vs/workbench/api/node/extensionHostProcess.js:92:28094)
	at async b.getFileHash (/home/ubuntu/.vscode-server/extensions/ms-toolsai.jupyter-2022.9.1202862440/out/extension.node.js:7:20284)
	at async k.getCachedInformation (/home/ubuntu/.vscode-server/extensions/ms-toolsai.jupyter-2022.9.1202862440/out/extension.node.js:7:42507)] {
  code: 'FileNotFound'
}
info 18:03:02.139: Got env vars ourselves faster /home/ubuntu/env/bin/python with env var count 34 in 296ms
info 18:03:02.151: Process Execution: > ~/env/bin/python -m pip list
> ~/env/bin/python -m pip list
info 18:03:03.344: Got env vars with python /home/ubuntu/env/bin/python, with env var count 34 and custom env var count 0 in 1500ms
