[2022-10-20T18:02:59.836Z] Log level: Info
[2022-10-20T18:02:59.845Z] [info] Validating found git in: git
[2022-10-20T18:02:59.964Z] [info] Using git 2.25.1 from git
[2022-10-20T18:03:00.047Z] > git rev-parse --show-toplevel [8ms]
[2022-10-20T18:03:00.066Z] > git rev-parse --git-dir --git-common-dir [8ms]
[2022-10-20T18:03:00.132Z] [info] Open repository: /home/ubuntu/buenComensalProject
[2022-10-20T18:03:00.152Z] > git rev-parse --show-toplevel [1ms]
[2022-10-20T18:03:00.247Z] > git rev-parse --show-toplevel [10ms]
[2022-10-20T18:03:00.255Z] > git status -z -uall [112ms]
[2022-10-20T18:03:00.325Z] > git rev-parse --show-toplevel [71ms]
[2022-10-20T18:03:00.333Z] > git symbolic-ref --short HEAD [71ms]
[2022-10-20T18:03:00.341Z] > git rev-parse --show-toplevel [9ms]
[2022-10-20T18:03:00.349Z] > git for-each-ref --format=%(refname)%00%(upstream:short)%00%(objectname)%00%(upstream:track)%00%(upstream:remotename)%00%(upstream:remoteref) refs/heads/master refs/remotes/master [9ms]
[2022-10-20T18:03:00.429Z] > git remote --verbose [2ms]
[2022-10-20T18:03:00.430Z] > git for-each-ref --sort -committerdate --format %(refname) %(objectname) %(*objectname) [74ms]
[2022-10-20T18:03:00.443Z] > git rev-parse --show-toplevel [95ms]
[2022-10-20T18:03:00.458Z] > git rev-parse --show-toplevel [8ms]
[2022-10-20T18:03:00.529Z] > git rev-parse --show-toplevel [1ms]
[2022-10-20T18:03:00.533Z] > git config --get commit.template [76ms]
[2022-10-20T18:03:00.628Z] > git status -z -uall [86ms]
[2022-10-20T18:03:00.636Z] > git symbolic-ref --short HEAD [2ms]
[2022-10-20T18:03:00.645Z] > git for-each-ref --format=%(refname)%00%(upstream:short)%00%(objectname)%00%(upstream:track)%00%(upstream:remotename)%00%(upstream:remoteref) refs/heads/master refs/remotes/master [2ms]
[2022-10-20T18:03:00.662Z] > git for-each-ref --sort -committerdate --format %(refname) %(objectname) %(*objectname) [10ms]
[2022-10-20T18:03:00.663Z] > git remote --verbose [3ms]
[2022-10-20T18:03:01.229Z] > git config --get commit.template [178ms]
[2022-10-20T18:03:01.331Z] > git check-ignore -v -z --stdin [64ms]
[2022-10-20T18:03:25.276Z] > git fetch [15ms]
[2022-10-20T18:03:25.286Z] > git status -z -uall [4ms]
[2022-10-20T18:03:25.293Z] > git symbolic-ref --short HEAD [1ms]
[2022-10-20T18:03:25.326Z] > git for-each-ref --format=%(refname)%00%(upstream:short)%00%(objectname)%00%(upstream:track)%00%(upstream:remotename)%00%(upstream:remoteref) refs/heads/master refs/remotes/master [27ms]
[2022-10-20T18:03:25.339Z] > git for-each-ref --sort -committerdate --format %(refname) %(objectname) %(*objectname) [7ms]
[2022-10-20T18:03:25.340Z] > git remote --verbose [2ms]
[2022-10-20T18:03:25.351Z] > git config --get commit.template [2ms]
[2022-10-20T18:03:25.879Z] > git show --textconv :restaurants/admin.py [8ms]
[2022-10-20T18:03:25.880Z] > git ls-files --stage -- /home/ubuntu/buenComensalProject/restaurants/admin.py [2ms]
[2022-10-20T18:03:25.888Z] > git cat-file -s b48a76bc8092833201494b02f7b6f2377cffcd56 [2ms]
