*
* Visual Studio Code Server
*
* By using the software, you agree to
* the Visual Studio Code Server License Terms (https://aka.ms/vscode-server-license) and
* the Microsoft Privacy Statement (https://privacy.microsoft.com/en-US/privacystatement).
*
Server bound to 127.0.0.1:37415 (IPv4)
Extension host agent listening on 37415

[23:28:43] Extension host agent started.
[23:28:45] [127.0.0.1][52580374][ManagementConnection] New connection established.
[23:28:45] [127.0.0.1][d87147ab][ExtensionHostConnection] New connection established.
[23:28:45] [127.0.0.1][d87147ab][ExtensionHostConnection] <924366> Launched Extension Host Process.
[23:28:46] Deleted from disk ms-toolsai.jupyter /home/ubuntu/.vscode-server/extensions/ms-toolsai.jupyter-2022.9.1100000000
[23:28:48] Deleted from disk ms-python.vscode-pylance /home/ubuntu/.vscode-server/extensions/ms-python.vscode-pylance-2022.10.10
[23:28:49] No ptyHost heartbeat after 6 seconds
[IPC Library: Pty Host]  WARN Shell integration cannot be enabled for executable "/bin/sh" and args [
  '-c',
  'wget --version > /dev/null\n' +
    'if [ $? -eq 0 ]\n' +
    'then\n' +
    "\twget --connect-timeout=7 --tries=1 --dns-timeout=7 -q --header='Metadata:true' -O - http://169.254.169.254/metadata/instance?api-version=2019-03-11\n" +
    'else\n' +
    '\tcurl --version > /dev/null\n' +
    '\tif [ $? -eq 0 ]\n' +
    '\tthen\n' +
    "\t\tcurl --connect-timeout 7 -s --header='Metadata:true' http://169.254.169.254/metadata/instance?api-version=2019-03-11\n" +
    '\tfi\n' +
    'fi\n' +
    'exit 0'
]
[IPC Library: Pty Host]  WARN Shell integration cannot be enabled for executable "/bin/sh" and args [
  '-c',
  'wget --version > /dev/null\n' +
    'if [ $? -eq 0 ]\n' +
    'then\n' +
    '\twget --connect-timeout=7 --tries=1 --dns-timeout=7 -q  -O - http://169.254.169.254/latest/meta-data/instance-id\n' +
    'else\n' +
    '\tcurl --version > /dev/null\n' +
    '\tif [ $? -eq 0 ]\n' +
    '\tthen\n' +
    '\t\tcurl --connect-timeout 7 -s  http://169.254.169.254/latest/meta-data/instance-id\n' +
    '\tfi\n' +
    'fi\n' +
    'exit 0'
]
[IPC Library: Pty Host]  WARN Shell integration cannot be enabled for executable "/bin/sh" and args [
  '-c',
  'wget --version > /dev/null\n' +
    'if [ $? -eq 0 ]\n' +
    'then\n' +
    '\twget --connect-timeout=7 --tries=1 --dns-timeout=7 -q  -O - http://169.254.169.254/metadata/v1/id\n' +
    'else\n' +
    '\tcurl --version > /dev/null\n' +
    '\tif [ $? -eq 0 ]\n' +
    '\tthen\n' +
    '\t\tcurl --connect-timeout 7 -s  http://169.254.169.254/metadata/v1/id\n' +
    '\tfi\n' +
    'fi\n' +
    'exit 0'
]
[IPC Library: Pty Host]  WARN Shell integration cannot be enabled for executable "/bin/sh" and args [
  '-c',
  'wget --version > /dev/null\n' +
    'if [ $? -eq 0 ]\n' +
    'then\n' +
    "\twget --connect-timeout=7 --tries=1 --dns-timeout=7 -q --header='Metadata-Flavor:Google' -O - http://metadata.google.internal/computeMetadata/v1/instance/id\n" +
    'else\n' +
    '\tcurl --version > /dev/null\n' +
    '\tif [ $? -eq 0 ]\n' +
    '\tthen\n' +
    "\t\tcurl --connect-timeout 7 -s --header='Metadata-Flavor:Google' http://metadata.google.internal/computeMetadata/v1/instance/id\n" +
    '\tfi\n' +
    'fi\n' +
    'exit 0'
]
[23:28:59] Getting Manifest... ms-python.python
[23:29:00] Installing extension: ms-python.python
rejected promise not handled within 1 second: CodeExpectedError: Could not find pty on pty host
stack trace: CodeExpectedError: Could not find pty on pty host,    at a._throwIfNoPty (/home/ubuntu/.vscode-server/bin/129500ee4c8ab7263461ffe327268ba56b9f210d/out/vs/platform/terminal/node/ptyHostMain.js:27:7252),    at a.updateIcon (/home/ubuntu/.vscode-server/bin/129500ee4c8ab7263461ffe327268ba56b9f210d/out/vs/platform/terminal/node/ptyHostMain.js:27:3046),    at Object.call (/home/ubuntu/.vscode-server/bin/129500ee4c8ab7263461ffe327268ba56b9f210d/out/vs/platform/terminal/node/ptyHostMain.js:16:8386),    at c.onPromise (/home/ubuntu/.vscode-server/bin/129500ee4c8ab7263461ffe327268ba56b9f210d/out/vs/platform/terminal/node/ptyHostMain.js:15:5833),    at c.onRawMessage (/home/ubuntu/.vscode-server/bin/129500ee4c8ab7263461ffe327268ba56b9f210d/out/vs/platform/terminal/node/ptyHostMain.js:15:5216),    at /home/ubuntu/.vscode-server/bin/129500ee4c8ab7263461ffe327268ba56b9f210d/out/vs/platform/terminal/node/ptyHostMain.js:15:4502,    at m.invoke (/home/ubuntu/.vscode-server/bin/129500ee4c8ab7263461ffe327268ba56b9f210d/out/vs/platform/terminal/node/ptyHostMain.js:11:145),    at D.deliver (/home/ubuntu/.vscode-server/bin/129500ee4c8ab7263461ffe327268ba56b9f210d/out/vs/platform/terminal/node/ptyHostMain.js:11:2275),    at O.fire (/home/ubuntu/.vscode-server/bin/129500ee4c8ab7263461ffe327268ba56b9f210d/out/vs/platform/terminal/node/ptyHostMain.js:11:1853),    at process.X (/home/ubuntu/.vscode-server/bin/129500ee4c8ab7263461ffe327268ba56b9f210d/out/vs/platform/terminal/node/ptyHostMain.js:9:20837),    at process.emit (node:events:526:28),    at emit (node:internal/child_process:938:14),    at processTicksAndRejections (node:internal/process/task_queues:84:21)
[23:29:00] [Error [CodeExpectedError]: Could not find pty on pty host,    at a._throwIfNoPty (/home/ubuntu/.vscode-server/bin/129500ee4c8ab7263461ffe327268ba56b9f210d/out/vs/platform/terminal/node/ptyHostMain.js:27:7252),    at a.updateIcon (/home/ubuntu/.vscode-server/bin/129500ee4c8ab7263461ffe327268ba56b9f210d/out/vs/platform/terminal/node/ptyHostMain.js:27:3046),    at Object.call (/home/ubuntu/.vscode-server/bin/129500ee4c8ab7263461ffe327268ba56b9f210d/out/vs/platform/terminal/node/ptyHostMain.js:16:8386),    at c.onPromise (/home/ubuntu/.vscode-server/bin/129500ee4c8ab7263461ffe327268ba56b9f210d/out/vs/platform/terminal/node/ptyHostMain.js:15:5833),    at c.onRawMessage (/home/ubuntu/.vscode-server/bin/129500ee4c8ab7263461ffe327268ba56b9f210d/out/vs/platform/terminal/node/ptyHostMain.js:15:5216),    at /home/ubuntu/.vscode-server/bin/129500ee4c8ab7263461ffe327268ba56b9f210d/out/vs/platform/terminal/node/ptyHostMain.js:15:4502,    at m.invoke (/home/ubuntu/.vscode-server/bin/129500ee4c8ab7263461ffe327268ba56b9f210d/out/vs/platform/terminal/node/ptyHostMain.js:11:145),    at D.deliver (/home/ubuntu/.vscode-server/bin/129500ee4c8ab7263461ffe327268ba56b9f210d/out/vs/platform/terminal/node/ptyHostMain.js:11:2275),    at O.fire (/home/ubuntu/.vscode-server/bin/129500ee4c8ab7263461ffe327268ba56b9f210d/out/vs/platform/terminal/node/ptyHostMain.js:11:1853),    at process.X (/home/ubuntu/.vscode-server/bin/129500ee4c8ab7263461ffe327268ba56b9f210d/out/vs/platform/terminal/node/ptyHostMain.js:9:20837),    at process.emit (node:events:526:28),    at emit (node:internal/child_process:938:14),    at processTicksAndRejections (node:internal/process/task_queues:84:21)]
rejected promise not handled within 1 second: CodeExpectedError: Could not find pty on pty host
stack trace: CodeExpectedError: Could not find pty on pty host,    at a._throwIfNoPty (/home/ubuntu/.vscode-server/bin/129500ee4c8ab7263461ffe327268ba56b9f210d/out/vs/platform/terminal/node/ptyHostMain.js:27:7252),    at a.updateTitle (/home/ubuntu/.vscode-server/bin/129500ee4c8ab7263461ffe327268ba56b9f210d/out/vs/platform/terminal/node/ptyHostMain.js:27:2984),    at Object.call (/home/ubuntu/.vscode-server/bin/129500ee4c8ab7263461ffe327268ba56b9f210d/out/vs/platform/terminal/node/ptyHostMain.js:16:8386),    at c.onPromise (/home/ubuntu/.vscode-server/bin/129500ee4c8ab7263461ffe327268ba56b9f210d/out/vs/platform/terminal/node/ptyHostMain.js:15:5833),    at c.onRawMessage (/home/ubuntu/.vscode-server/bin/129500ee4c8ab7263461ffe327268ba56b9f210d/out/vs/platform/terminal/node/ptyHostMain.js:15:5216),    at /home/ubuntu/.vscode-server/bin/129500ee4c8ab7263461ffe327268ba56b9f210d/out/vs/platform/terminal/node/ptyHostMain.js:15:4502,    at m.invoke (/home/ubuntu/.vscode-server/bin/129500ee4c8ab7263461ffe327268ba56b9f210d/out/vs/platform/terminal/node/ptyHostMain.js:11:145),    at D.deliver (/home/ubuntu/.vscode-server/bin/129500ee4c8ab7263461ffe327268ba56b9f210d/out/vs/platform/terminal/node/ptyHostMain.js:11:2275),    at O.fire (/home/ubuntu/.vscode-server/bin/129500ee4c8ab7263461ffe327268ba56b9f210d/out/vs/platform/terminal/node/ptyHostMain.js:11:1853),    at process.X (/home/ubuntu/.vscode-server/bin/129500ee4c8ab7263461ffe327268ba56b9f210d/out/vs/platform/terminal/node/ptyHostMain.js:9:20837),    at process.emit (node:events:526:28),    at emit (node:internal/child_process:938:14),    at processTicksAndRejections (node:internal/process/task_queues:84:21)
[23:29:00] [Error [CodeExpectedError]: Could not find pty on pty host,    at a._throwIfNoPty (/home/ubuntu/.vscode-server/bin/129500ee4c8ab7263461ffe327268ba56b9f210d/out/vs/platform/terminal/node/ptyHostMain.js:27:7252),    at a.updateTitle (/home/ubuntu/.vscode-server/bin/129500ee4c8ab7263461ffe327268ba56b9f210d/out/vs/platform/terminal/node/ptyHostMain.js:27:2984),    at Object.call (/home/ubuntu/.vscode-server/bin/129500ee4c8ab7263461ffe327268ba56b9f210d/out/vs/platform/terminal/node/ptyHostMain.js:16:8386),    at c.onPromise (/home/ubuntu/.vscode-server/bin/129500ee4c8ab7263461ffe327268ba56b9f210d/out/vs/platform/terminal/node/ptyHostMain.js:15:5833),    at c.onRawMessage (/home/ubuntu/.vscode-server/bin/129500ee4c8ab7263461ffe327268ba56b9f210d/out/vs/platform/terminal/node/ptyHostMain.js:15:5216),    at /home/ubuntu/.vscode-server/bin/129500ee4c8ab7263461ffe327268ba56b9f210d/out/vs/platform/terminal/node/ptyHostMain.js:15:4502,    at m.invoke (/home/ubuntu/.vscode-server/bin/129500ee4c8ab7263461ffe327268ba56b9f210d/out/vs/platform/terminal/node/ptyHostMain.js:11:145),    at D.deliver (/home/ubuntu/.vscode-server/bin/129500ee4c8ab7263461ffe327268ba56b9f210d/out/vs/platform/terminal/node/ptyHostMain.js:11:2275),    at O.fire (/home/ubuntu/.vscode-server/bin/129500ee4c8ab7263461ffe327268ba56b9f210d/out/vs/platform/terminal/node/ptyHostMain.js:11:1853),    at process.X (/home/ubuntu/.vscode-server/bin/129500ee4c8ab7263461ffe327268ba56b9f210d/out/vs/platform/terminal/node/ptyHostMain.js:9:20837),    at process.emit (node:events:526:28),    at emit (node:internal/child_process:938:14),    at processTicksAndRejections (node:internal/process/task_queues:84:21)]
[23:29:03] Downloaded extension: ms-python.python /home/ubuntu/.vscode-server/data/CachedExtensionVSIXs/ms-python.python-2022.16.1
[23:29:26] Extracted extension to /home/ubuntu/.vscode-server/extensions/.53309bc9-f24a-42b6-895c-c6130e8bbecb: ms-python.python
[23:29:26] Renamed to /home/ubuntu/.vscode-server/extensions/ms-python.python-2022.16.1
[23:29:26] Extracting completed. ms-python.python
[23:29:26] Extension installed successfully: ms-python.python
[00:52:49] [127.0.0.1][52580374][ManagementConnection] The client has disconnected gracefully, so the connection will be disposed.
[00:52:49] [127.0.0.1][d87147ab][ExtensionHostConnection] <924366> Extension Host Process exited with code: 0, signal: null.
Last EH closed, waiting before shutting down
[00:52:49] Last EH closed, waiting before shutting down
Last EH closed, shutting down
[00:57:49] Last EH closed, shutting down
