*
* Visual Studio Code Server
*
* By using the software, you agree to
* the Visual Studio Code Server License Terms (https://aka.ms/vscode-server-license) and
* the Microsoft Privacy Statement (https://privacy.microsoft.com/en-US/privacystatement).
*
Server bound to 127.0.0.1:45531 (IPv4)
Extension host agent listening on 45531

[15:36:24] Extension host agent started.
[15:36:26] [127.0.0.1][c6b4ced1][ManagementConnection] New connection established.
[15:36:26] [127.0.0.1][2a9bcf22][ExtensionHostConnection] New connection established.
[15:36:26] [127.0.0.1][2a9bcf22][ExtensionHostConnection] <878943> Launched Extension Host Process.
[15:36:26] Deleted from disk ms-vscode.js-debug-companion /home/ubuntu/.vscode-server/extensions/ms-vscode.js-debug-companion-1.0.18
[15:36:26] Deleted from disk ms-vscode.references-view /home/ubuntu/.vscode-server/extensions/ms-vscode.references-view-0.0.89
[15:36:30] No ptyHost heartbeat after 6 seconds
[IPC Library: Pty Host]  WARN Shell integration cannot be enabled for executable "/bin/sh" and args [
  '-c',
  'wget --version > /dev/null\n' +
    'if [ $? -eq 0 ]\n' +
    'then\n' +
    "\twget --connect-timeout=7 --tries=1 --dns-timeout=7 -q --header='Metadata:true' -O - http://169.254.169.254/metadata/instance?api-version=2019-03-11\n" +
    'else\n' +
    '\tcurl --version > /dev/null\n' +
    '\tif [ $? -eq 0 ]\n' +
    '\tthen\n' +
    "\t\tcurl --connect-timeout 7 -s --header='Metadata:true' http://169.254.169.254/metadata/instance?api-version=2019-03-11\n" +
    '\tfi\n' +
    'fi\n' +
    'exit 0'
]
[IPC Library: Pty Host]  WARN Shell integration cannot be enabled for executable "/bin/sh" and args [
  '-c',
  'wget --version > /dev/null\n' +
    'if [ $? -eq 0 ]\n' +
    'then\n' +
    '\twget --connect-timeout=7 --tries=1 --dns-timeout=7 -q  -O - http://169.254.169.254/latest/meta-data/instance-id\n' +
    'else\n' +
    '\tcurl --version > /dev/null\n' +
    '\tif [ $? -eq 0 ]\n' +
    '\tthen\n' +
    '\t\tcurl --connect-timeout 7 -s  http://169.254.169.254/latest/meta-data/instance-id\n' +
    '\tfi\n' +
    'fi\n' +
    'exit 0'
]
[IPC Library: Pty Host]  WARN Shell integration cannot be enabled for executable "/bin/sh" and args [
  '-c',
  'wget --version > /dev/null\n' +
    'if [ $? -eq 0 ]\n' +
    'then\n' +
    '\twget --connect-timeout=7 --tries=1 --dns-timeout=7 -q  -O - http://169.254.169.254/metadata/v1/id\n' +
    'else\n' +
    '\tcurl --version > /dev/null\n' +
    '\tif [ $? -eq 0 ]\n' +
    '\tthen\n' +
    '\t\tcurl --connect-timeout 7 -s  http://169.254.169.254/metadata/v1/id\n' +
    '\tfi\n' +
    'fi\n' +
    'exit 0'
]
[IPC Library: Pty Host]  WARN Shell integration cannot be enabled for executable "/bin/sh" and args [
  '-c',
  'wget --version > /dev/null\n' +
    'if [ $? -eq 0 ]\n' +
    'then\n' +
    "\twget --connect-timeout=7 --tries=1 --dns-timeout=7 -q --header='Metadata-Flavor:Google' -O - http://metadata.google.internal/computeMetadata/v1/instance/id\n" +
    'else\n' +
    '\tcurl --version > /dev/null\n' +
    '\tif [ $? -eq 0 ]\n' +
    '\tthen\n' +
    "\t\tcurl --connect-timeout 7 -s --header='Metadata-Flavor:Google' http://metadata.google.internal/computeMetadata/v1/instance/id\n" +
    '\tfi\n' +
    'fi\n' +
    'exit 0'
]
[15:36:34] Getting Manifest... ms-python.python
[15:36:34] Getting Manifest... ms-python.vscode-pylance
[15:36:34] Getting Manifest... ms-toolsai.jupyter
[15:36:34] Getting Manifest... ms-toolsai.jupyter-renderers
[15:36:34] Getting Manifest... ritwickdey.liveserver
[15:36:34] Installing extension: ms-python.vscode-pylance
[15:36:34] Installing extension: ms-toolsai.jupyter-renderers
[15:36:34] Installing extension: ms-python.python
[15:36:34] Installing extension: ms-toolsai.jupyter
rejected promise not handled within 1 second: CodeExpectedError: Could not find pty on pty host
stack trace: CodeExpectedError: Could not find pty on pty host,    at c._throwIfNoPty (/home/ubuntu/.vscode-server/bin/784b0177c56c607789f9638da7b6bf3230d47a8c/out/vs/platform/terminal/node/ptyHostMain.js:23:36316),    at c.updateIcon (/home/ubuntu/.vscode-server/bin/784b0177c56c607789f9638da7b6bf3230d47a8c/out/vs/platform/terminal/node/ptyHostMain.js:23:32124),    at Object.call (/home/ubuntu/.vscode-server/bin/784b0177c56c607789f9638da7b6bf3230d47a8c/out/vs/platform/terminal/node/ptyHostMain.js:16:8386),    at u.onPromise (/home/ubuntu/.vscode-server/bin/784b0177c56c607789f9638da7b6bf3230d47a8c/out/vs/platform/terminal/node/ptyHostMain.js:15:5851),    at u.onRawMessage (/home/ubuntu/.vscode-server/bin/784b0177c56c607789f9638da7b6bf3230d47a8c/out/vs/platform/terminal/node/ptyHostMain.js:15:5234),    at /home/ubuntu/.vscode-server/bin/784b0177c56c607789f9638da7b6bf3230d47a8c/out/vs/platform/terminal/node/ptyHostMain.js:15:4520,    at p.invoke (/home/ubuntu/.vscode-server/bin/784b0177c56c607789f9638da7b6bf3230d47a8c/out/vs/platform/terminal/node/ptyHostMain.js:11:145),    at D.deliver (/home/ubuntu/.vscode-server/bin/784b0177c56c607789f9638da7b6bf3230d47a8c/out/vs/platform/terminal/node/ptyHostMain.js:11:2275),    at T.fire (/home/ubuntu/.vscode-server/bin/784b0177c56c607789f9638da7b6bf3230d47a8c/out/vs/platform/terminal/node/ptyHostMain.js:11:1853),    at process.Q (/home/ubuntu/.vscode-server/bin/784b0177c56c607789f9638da7b6bf3230d47a8c/out/vs/platform/terminal/node/ptyHostMain.js:9:20703),    at process.emit (node:events:526:28),    at emit (node:internal/child_process:938:14),    at processTicksAndRejections (node:internal/process/task_queues:84:21)
[15:36:35] [Error [CodeExpectedError]: Could not find pty on pty host,    at c._throwIfNoPty (/home/ubuntu/.vscode-server/bin/784b0177c56c607789f9638da7b6bf3230d47a8c/out/vs/platform/terminal/node/ptyHostMain.js:23:36316),    at c.updateIcon (/home/ubuntu/.vscode-server/bin/784b0177c56c607789f9638da7b6bf3230d47a8c/out/vs/platform/terminal/node/ptyHostMain.js:23:32124),    at Object.call (/home/ubuntu/.vscode-server/bin/784b0177c56c607789f9638da7b6bf3230d47a8c/out/vs/platform/terminal/node/ptyHostMain.js:16:8386),    at u.onPromise (/home/ubuntu/.vscode-server/bin/784b0177c56c607789f9638da7b6bf3230d47a8c/out/vs/platform/terminal/node/ptyHostMain.js:15:5851),    at u.onRawMessage (/home/ubuntu/.vscode-server/bin/784b0177c56c607789f9638da7b6bf3230d47a8c/out/vs/platform/terminal/node/ptyHostMain.js:15:5234),    at /home/ubuntu/.vscode-server/bin/784b0177c56c607789f9638da7b6bf3230d47a8c/out/vs/platform/terminal/node/ptyHostMain.js:15:4520,    at p.invoke (/home/ubuntu/.vscode-server/bin/784b0177c56c607789f9638da7b6bf3230d47a8c/out/vs/platform/terminal/node/ptyHostMain.js:11:145),    at D.deliver (/home/ubuntu/.vscode-server/bin/784b0177c56c607789f9638da7b6bf3230d47a8c/out/vs/platform/terminal/node/ptyHostMain.js:11:2275),    at T.fire (/home/ubuntu/.vscode-server/bin/784b0177c56c607789f9638da7b6bf3230d47a8c/out/vs/platform/terminal/node/ptyHostMain.js:11:1853),    at process.Q (/home/ubuntu/.vscode-server/bin/784b0177c56c607789f9638da7b6bf3230d47a8c/out/vs/platform/terminal/node/ptyHostMain.js:9:20703),    at process.emit (node:events:526:28),    at emit (node:internal/child_process:938:14),    at processTicksAndRejections (node:internal/process/task_queues:84:21)]
rejected promise not handled within 1 second: CodeExpectedError: Could not find pty on pty host
stack trace: CodeExpectedError: Could not find pty on pty host,    at c._throwIfNoPty (/home/ubuntu/.vscode-server/bin/784b0177c56c607789f9638da7b6bf3230d47a8c/out/vs/platform/terminal/node/ptyHostMain.js:23:36316),    at c.updateTitle (/home/ubuntu/.vscode-server/bin/784b0177c56c607789f9638da7b6bf3230d47a8c/out/vs/platform/terminal/node/ptyHostMain.js:23:32064),    at Object.call (/home/ubuntu/.vscode-server/bin/784b0177c56c607789f9638da7b6bf3230d47a8c/out/vs/platform/terminal/node/ptyHostMain.js:16:8386),    at u.onPromise (/home/ubuntu/.vscode-server/bin/784b0177c56c607789f9638da7b6bf3230d47a8c/out/vs/platform/terminal/node/ptyHostMain.js:15:5851),    at u.onRawMessage (/home/ubuntu/.vscode-server/bin/784b0177c56c607789f9638da7b6bf3230d47a8c/out/vs/platform/terminal/node/ptyHostMain.js:15:5234),    at /home/ubuntu/.vscode-server/bin/784b0177c56c607789f9638da7b6bf3230d47a8c/out/vs/platform/terminal/node/ptyHostMain.js:15:4520,    at p.invoke (/home/ubuntu/.vscode-server/bin/784b0177c56c607789f9638da7b6bf3230d47a8c/out/vs/platform/terminal/node/ptyHostMain.js:11:145),    at D.deliver (/home/ubuntu/.vscode-server/bin/784b0177c56c607789f9638da7b6bf3230d47a8c/out/vs/platform/terminal/node/ptyHostMain.js:11:2275),    at T.fire (/home/ubuntu/.vscode-server/bin/784b0177c56c607789f9638da7b6bf3230d47a8c/out/vs/platform/terminal/node/ptyHostMain.js:11:1853),    at process.Q (/home/ubuntu/.vscode-server/bin/784b0177c56c607789f9638da7b6bf3230d47a8c/out/vs/platform/terminal/node/ptyHostMain.js:9:20703),    at process.emit (node:events:526:28),    at emit (node:internal/child_process:938:14),    at processTicksAndRejections (node:internal/process/task_queues:84:21)
[15:36:35] [Error [CodeExpectedError]: Could not find pty on pty host,    at c._throwIfNoPty (/home/ubuntu/.vscode-server/bin/784b0177c56c607789f9638da7b6bf3230d47a8c/out/vs/platform/terminal/node/ptyHostMain.js:23:36316),    at c.updateTitle (/home/ubuntu/.vscode-server/bin/784b0177c56c607789f9638da7b6bf3230d47a8c/out/vs/platform/terminal/node/ptyHostMain.js:23:32064),    at Object.call (/home/ubuntu/.vscode-server/bin/784b0177c56c607789f9638da7b6bf3230d47a8c/out/vs/platform/terminal/node/ptyHostMain.js:16:8386),    at u.onPromise (/home/ubuntu/.vscode-server/bin/784b0177c56c607789f9638da7b6bf3230d47a8c/out/vs/platform/terminal/node/ptyHostMain.js:15:5851),    at u.onRawMessage (/home/ubuntu/.vscode-server/bin/784b0177c56c607789f9638da7b6bf3230d47a8c/out/vs/platform/terminal/node/ptyHostMain.js:15:5234),    at /home/ubuntu/.vscode-server/bin/784b0177c56c607789f9638da7b6bf3230d47a8c/out/vs/platform/terminal/node/ptyHostMain.js:15:4520,    at p.invoke (/home/ubuntu/.vscode-server/bin/784b0177c56c607789f9638da7b6bf3230d47a8c/out/vs/platform/terminal/node/ptyHostMain.js:11:145),    at D.deliver (/home/ubuntu/.vscode-server/bin/784b0177c56c607789f9638da7b6bf3230d47a8c/out/vs/platform/terminal/node/ptyHostMain.js:11:2275),    at T.fire (/home/ubuntu/.vscode-server/bin/784b0177c56c607789f9638da7b6bf3230d47a8c/out/vs/platform/terminal/node/ptyHostMain.js:11:1853),    at process.Q (/home/ubuntu/.vscode-server/bin/784b0177c56c607789f9638da7b6bf3230d47a8c/out/vs/platform/terminal/node/ptyHostMain.js:9:20703),    at process.emit (node:events:526:28),    at emit (node:internal/child_process:938:14),    at processTicksAndRejections (node:internal/process/task_queues:84:21)]
[15:36:35] Installing extension: ritwickdey.liveserver
[15:36:40] Downloaded extension: ms-toolsai.jupyter-renderers /home/ubuntu/.vscode-server/data/CachedExtensionVSIXs/ms-toolsai.jupyter-renderers-1.0.9
[15:36:40] Downloaded extension: ritwickdey.liveserver /home/ubuntu/.vscode-server/data/CachedExtensionVSIXs/ritwickdey.liveserver-5.7.9
[15:36:42] Downloaded extension: ms-toolsai.jupyter /home/ubuntu/.vscode-server/data/CachedExtensionVSIXs/ms-toolsai.jupyter-2022.8.1002431955
[15:36:42] Downloaded extension: ms-python.python /home/ubuntu/.vscode-server/data/CachedExtensionVSIXs/ms-python.python-2022.16.0
[15:36:43] Downloaded extension: ms-python.vscode-pylance /home/ubuntu/.vscode-server/data/CachedExtensionVSIXs/ms-python.vscode-pylance-2022.10.10
[15:36:46] Extracted extension to /home/ubuntu/.vscode-server/extensions/.38d16afe-6b33-47db-9960-455a486e0b9e: ms-toolsai.jupyter-renderers
[15:36:46] Renamed to /home/ubuntu/.vscode-server/extensions/ms-toolsai.jupyter-renderers-1.0.9
[15:36:46] Extracting completed. ms-toolsai.jupyter-renderers
[15:36:46] Extension installed successfully: ms-toolsai.jupyter-renderers
[15:36:54] Extracted extension to /home/ubuntu/.vscode-server/extensions/.2434a0b3-bba9-4c08-81b9-46a922e7e6b6: ms-toolsai.jupyter
[15:36:54] Renamed to /home/ubuntu/.vscode-server/extensions/ms-toolsai.jupyter-2022.8.1002431955
[15:36:54] Extracting completed. ms-toolsai.jupyter
[15:36:54] Extension installed successfully: ms-toolsai.jupyter
[15:37:14] Extracted extension to /home/ubuntu/.vscode-server/extensions/.816838fb-cf6a-46dc-aa1b-7a942c4c6ee1: ms-python.python
[15:37:14] Renamed to /home/ubuntu/.vscode-server/extensions/ms-python.python-2022.16.0
[15:37:14] Extracting completed. ms-python.python
[15:37:14] Extension installed successfully: ms-python.python
[15:37:26] Extracted extension to /home/ubuntu/.vscode-server/extensions/.beb2ed19-6576-4e20-8aa4-aa94907d7bc6: ritwickdey.liveserver
[15:37:26] Renamed to /home/ubuntu/.vscode-server/extensions/ritwickdey.liveserver-5.7.9
[15:37:26] Extracting completed. ritwickdey.liveserver
[15:37:26] Extension installed successfully: ritwickdey.liveserver
[15:37:34] Extracted extension to /home/ubuntu/.vscode-server/extensions/.6a25d52b-926f-4a65-852c-415eb7e839c0: ms-python.vscode-pylance
[15:37:34] Renamed to /home/ubuntu/.vscode-server/extensions/ms-python.vscode-pylance-2022.10.10
[15:37:34] Extracting completed. ms-python.vscode-pylance
[15:37:34] Extension installed successfully: ms-python.vscode-pylance
[15:38:24] [127.0.0.1][c6b4ced1][ManagementConnection] The client has disconnected gracefully, so the connection will be disposed.
[15:38:24] [127.0.0.1][2a9bcf22][ExtensionHostConnection] <878943> Extension Host Process exited with code: 0, signal: null.
Last EH closed, waiting before shutting down
[15:38:24] Last EH closed, waiting before shutting down
Got delay-shutdown request while in shutdown timeout, delaying
[15:38:31] Got delay-shutdown request while in shutdown timeout, delaying
Cancelling previous shutdown timeout
[15:38:31] Cancelling previous shutdown timeout
[15:38:32] [127.0.0.1][121d92c1][ManagementConnection] New connection established.
[15:38:32] [127.0.0.1][ab5c0f55][ExtensionHostConnection] New connection established.
[15:38:32] [127.0.0.1][ab5c0f55][ExtensionHostConnection] <879243> Launched Extension Host Process.
[IPC Library: Pty Host]  WARN Shell integration cannot be enabled for executable "/bin/sh" and args [
  '-c',
  'wget --version > /dev/null\n' +
    'if [ $? -eq 0 ]\n' +
    'then\n' +
    "\twget --connect-timeout=7 --tries=1 --dns-timeout=7 -q --header='Metadata:true' -O - http://169.254.169.254/metadata/instance?api-version=2019-03-11\n" +
    'else\n' +
    '\tcurl --version > /dev/null\n' +
    '\tif [ $? -eq 0 ]\n' +
    '\tthen\n' +
    "\t\tcurl --connect-timeout 7 -s --header='Metadata:true' http://169.254.169.254/metadata/instance?api-version=2019-03-11\n" +
    '\tfi\n' +
    'fi\n' +
    'exit 0'
]
[IPC Library: Pty Host]  WARN Shell integration cannot be enabled for executable "/bin/sh" and args [
  '-c',
  'wget --version > /dev/null\n' +
    'if [ $? -eq 0 ]\n' +
    'then\n' +
    '\twget --connect-timeout=7 --tries=1 --dns-timeout=7 -q  -O - http://169.254.169.254/latest/meta-data/instance-id\n' +
    'else\n' +
    '\tcurl --version > /dev/null\n' +
    '\tif [ $? -eq 0 ]\n' +
    '\tthen\n' +
    '\t\tcurl --connect-timeout 7 -s  http://169.254.169.254/latest/meta-data/instance-id\n' +
    '\tfi\n' +
    'fi\n' +
    'exit 0'
]
[IPC Library: Pty Host]  WARN Shell integration cannot be enabled for executable "/bin/sh" and args [
  '-c',
  'wget --version > /dev/null\n' +
    'if [ $? -eq 0 ]\n' +
    'then\n' +
    '\twget --connect-timeout=7 --tries=1 --dns-timeout=7 -q  -O - http://169.254.169.254/metadata/v1/id\n' +
    'else\n' +
    '\tcurl --version > /dev/null\n' +
    '\tif [ $? -eq 0 ]\n' +
    '\tthen\n' +
    '\t\tcurl --connect-timeout 7 -s  http://169.254.169.254/metadata/v1/id\n' +
    '\tfi\n' +
    'fi\n' +
    'exit 0'
]
[IPC Library: Pty Host]  WARN Shell integration cannot be enabled for executable "/bin/sh" and args [
  '-c',
  'wget --version > /dev/null\n' +
    'if [ $? -eq 0 ]\n' +
    'then\n' +
    "\twget --connect-timeout=7 --tries=1 --dns-timeout=7 -q --header='Metadata-Flavor:Google' -O - http://metadata.google.internal/computeMetadata/v1/instance/id\n" +
    'else\n' +
    '\tcurl --version > /dev/null\n' +
    '\tif [ $? -eq 0 ]\n' +
    '\tthen\n' +
    "\t\tcurl --connect-timeout 7 -s --header='Metadata-Flavor:Google' http://metadata.google.internal/computeMetadata/v1/instance/id\n" +
    '\tfi\n' +
    'fi\n' +
    'exit 0'
]
New EH opened, aborting shutdown
[15:43:31] New EH opened, aborting shutdown
[15:51:13] [127.0.0.1][121d92c1][ManagementConnection] The client has disconnected gracefully, so the connection will be disposed.
[15:51:13] [127.0.0.1][ab5c0f55][ExtensionHostConnection] <879243> Extension Host Process exited with code: 0, signal: null.
Last EH closed, waiting before shutting down
[15:51:13] Last EH closed, waiting before shutting down
[15:52:03] Detected extension installed from another source ms-toolsai.vscode-jupyter-slideshow
[15:52:03] Detected extension installed from another source ms-toolsai.vscode-jupyter-cell-tags
[15:52:11] [/home/ubuntu/.vscode-server/extensions/ms-toolsai.jupyter-renderers-1.0.10]: Extension is not compatible with Code 1.71.0. Extension requires: ^1.72.0-insider.
[15:52:18] [/home/ubuntu/.vscode-server/extensions/ms-toolsai.jupyter-renderers-1.0.10]: Extension is not compatible with Code 1.71.0. Extension requires: ^1.72.0-insider.
[15:52:19] [/home/ubuntu/.vscode-server/extensions/ms-toolsai.jupyter-2022.9.1002791758]: Extension is not compatible with Code 1.71.0. Extension requires: ^1.72.0.
Last EH closed, shutting down
[15:56:13] Last EH closed, shutting down
