*
* Visual Studio Code Server
*
* By using the software, you agree to
* the Visual Studio Code Server License Terms (https://aka.ms/vscode-server-license) and
* the Microsoft Privacy Statement (https://privacy.microsoft.com/en-US/privacystatement).
*
Server bound to 127.0.0.1:37295 (IPv4)
Extension host agent listening on 37295

[19:28:44] Extension host agent started.
[19:28:45] [127.0.0.1][15953f42][ManagementConnection] New connection established.
[19:28:45] [127.0.0.1][133d71a4][ExtensionHostConnection] New connection established.
[19:28:45] [127.0.0.1][133d71a4][ExtensionHostConnection] <13715> Launched Extension Host Process.
Overwriting extension /home/ubuntu/.vscode-server/bin/e18005f0f1b33c29e81d732535d8c0e47cafb0b5/extensions/ms-vscode.js-debug-companion with /home/ubuntu/.vscode-server/extensions/ms-vscode.js-debug-companion-1.0.17.
Overwriting extension /home/ubuntu/.vscode-server/bin/e18005f0f1b33c29e81d732535d8c0e47cafb0b5/extensions/ms-vscode.references-view with /home/ubuntu/.vscode-server/extensions/ms-vscode.references-view-0.0.89.
[IPC Library: Pty Host]  WARN Shell integration cannot be enabled for executable "/bin/sh" and args [
  '-c',
  'wget --version > /dev/null\n' +
    'if [ $? -eq 0 ]\n' +
    'then\n' +
    "\twget --connect-timeout=7 --tries=1 --dns-timeout=7 -q --header='Metadata:true' -O - http://169.254.169.254/metadata/instance?api-version=2019-03-11\n" +
    'else\n' +
    '\tcurl --version > /dev/null\n' +
    '\tif [ $? -eq 0 ]\n' +
    '\tthen\n' +
    "\t\tcurl --connect-timeout 7 -s --header='Metadata:true' http://169.254.169.254/metadata/instance?api-version=2019-03-11\n" +
    '\tfi\n' +
    'fi\n' +
    'exit 0'
]
[IPC Library: Pty Host]  WARN Shell integration cannot be enabled for executable "/bin/sh" and args [
  '-c',
  'wget --version > /dev/null\n' +
    'if [ $? -eq 0 ]\n' +
    'then\n' +
    '\twget --connect-timeout=7 --tries=1 --dns-timeout=7 -q  -O - http://169.254.169.254/latest/meta-data/instance-id\n' +
    'else\n' +
    '\tcurl --version > /dev/null\n' +
    '\tif [ $? -eq 0 ]\n' +
    '\tthen\n' +
    '\t\tcurl --connect-timeout 7 -s  http://169.254.169.254/latest/meta-data/instance-id\n' +
    '\tfi\n' +
    'fi\n' +
    'exit 0'
]
[IPC Library: Pty Host]  WARN Shell integration cannot be enabled for executable "/bin/sh" and args [
  '-c',
  'wget --version > /dev/null\n' +
    'if [ $? -eq 0 ]\n' +
    'then\n' +
    '\twget --connect-timeout=7 --tries=1 --dns-timeout=7 -q  -O - http://169.254.169.254/metadata/v1/id\n' +
    'else\n' +
    '\tcurl --version > /dev/null\n' +
    '\tif [ $? -eq 0 ]\n' +
    '\tthen\n' +
    '\t\tcurl --connect-timeout 7 -s  http://169.254.169.254/metadata/v1/id\n' +
    '\tfi\n' +
    'fi\n' +
    'exit 0'
]
[IPC Library: Pty Host]  WARN Shell integration cannot be enabled for executable "/bin/sh" and args [
  '-c',
  'wget --version > /dev/null\n' +
    'if [ $? -eq 0 ]\n' +
    'then\n' +
    "\twget --connect-timeout=7 --tries=1 --dns-timeout=7 -q --header='Metadata-Flavor:Google' -O - http://metadata.google.internal/computeMetadata/v1/instance/id\n" +
    'else\n' +
    '\tcurl --version > /dev/null\n' +
    '\tif [ $? -eq 0 ]\n' +
    '\tthen\n' +
    "\t\tcurl --connect-timeout 7 -s --header='Metadata-Flavor:Google' http://metadata.google.internal/computeMetadata/v1/instance/id\n" +
    '\tfi\n' +
    'fi\n' +
    'exit 0'
]
rejected promise not handled within 1 second: Error: Could not find pty on pty host
stack trace: Error: Could not find pty on pty host,    at C._throwIfNoPty (/home/ubuntu/.vscode-server/bin/e18005f0f1b33c29e81d732535d8c0e47cafb0b5/out/vs/platform/terminal/node/ptyHostMain.js:20:5336),    at C.updateTitle (/home/ubuntu/.vscode-server/bin/e18005f0f1b33c29e81d732535d8c0e47cafb0b5/out/vs/platform/terminal/node/ptyHostMain.js:20:1676),    at Object.call (/home/ubuntu/.vscode-server/bin/e18005f0f1b33c29e81d732535d8c0e47cafb0b5/out/vs/platform/terminal/node/ptyHostMain.js:13:8332),    at E.onPromise (/home/ubuntu/.vscode-server/bin/e18005f0f1b33c29e81d732535d8c0e47cafb0b5/out/vs/platform/terminal/node/ptyHostMain.js:12:4867),    at E.onRawMessage (/home/ubuntu/.vscode-server/bin/e18005f0f1b33c29e81d732535d8c0e47cafb0b5/out/vs/platform/terminal/node/ptyHostMain.js:12:4262),    at /home/ubuntu/.vscode-server/bin/e18005f0f1b33c29e81d732535d8c0e47cafb0b5/out/vs/platform/terminal/node/ptyHostMain.js:12:3554,    at L.invoke (/home/ubuntu/.vscode-server/bin/e18005f0f1b33c29e81d732535d8c0e47cafb0b5/out/vs/platform/terminal/node/ptyHostMain.js:8:145),    at l.fire (/home/ubuntu/.vscode-server/bin/e18005f0f1b33c29e81d732535d8c0e47cafb0b5/out/vs/platform/terminal/node/ptyHostMain.js:8:1856),    at process.U (/home/ubuntu/.vscode-server/bin/e18005f0f1b33c29e81d732535d8c0e47cafb0b5/out/vs/platform/terminal/node/ptyHostMain.js:6:34661),    at process.emit (node:events:390:28),    at emit (node:internal/child_process:917:12),    at processTicksAndRejections (node:internal/process/task_queues:84:21)
[19:28:53] [Error: Could not find pty on pty host,    at C._throwIfNoPty (/home/ubuntu/.vscode-server/bin/e18005f0f1b33c29e81d732535d8c0e47cafb0b5/out/vs/platform/terminal/node/ptyHostMain.js:20:5336),    at C.updateTitle (/home/ubuntu/.vscode-server/bin/e18005f0f1b33c29e81d732535d8c0e47cafb0b5/out/vs/platform/terminal/node/ptyHostMain.js:20:1676),    at Object.call (/home/ubuntu/.vscode-server/bin/e18005f0f1b33c29e81d732535d8c0e47cafb0b5/out/vs/platform/terminal/node/ptyHostMain.js:13:8332),    at E.onPromise (/home/ubuntu/.vscode-server/bin/e18005f0f1b33c29e81d732535d8c0e47cafb0b5/out/vs/platform/terminal/node/ptyHostMain.js:12:4867),    at E.onRawMessage (/home/ubuntu/.vscode-server/bin/e18005f0f1b33c29e81d732535d8c0e47cafb0b5/out/vs/platform/terminal/node/ptyHostMain.js:12:4262),    at /home/ubuntu/.vscode-server/bin/e18005f0f1b33c29e81d732535d8c0e47cafb0b5/out/vs/platform/terminal/node/ptyHostMain.js:12:3554,    at L.invoke (/home/ubuntu/.vscode-server/bin/e18005f0f1b33c29e81d732535d8c0e47cafb0b5/out/vs/platform/terminal/node/ptyHostMain.js:8:145),    at l.fire (/home/ubuntu/.vscode-server/bin/e18005f0f1b33c29e81d732535d8c0e47cafb0b5/out/vs/platform/terminal/node/ptyHostMain.js:8:1856),    at process.U (/home/ubuntu/.vscode-server/bin/e18005f0f1b33c29e81d732535d8c0e47cafb0b5/out/vs/platform/terminal/node/ptyHostMain.js:6:34661),    at process.emit (node:events:390:28),    at emit (node:internal/child_process:917:12),    at processTicksAndRejections (node:internal/process/task_queues:84:21)]
rejected promise not handled within 1 second: Error: Could not find pty on pty host
stack trace: Error: Could not find pty on pty host,    at C._throwIfNoPty (/home/ubuntu/.vscode-server/bin/e18005f0f1b33c29e81d732535d8c0e47cafb0b5/out/vs/platform/terminal/node/ptyHostMain.js:20:5336),    at C.updateIcon (/home/ubuntu/.vscode-server/bin/e18005f0f1b33c29e81d732535d8c0e47cafb0b5/out/vs/platform/terminal/node/ptyHostMain.js:20:1736),    at Object.call (/home/ubuntu/.vscode-server/bin/e18005f0f1b33c29e81d732535d8c0e47cafb0b5/out/vs/platform/terminal/node/ptyHostMain.js:13:8332),    at E.onPromise (/home/ubuntu/.vscode-server/bin/e18005f0f1b33c29e81d732535d8c0e47cafb0b5/out/vs/platform/terminal/node/ptyHostMain.js:12:4867),    at E.onRawMessage (/home/ubuntu/.vscode-server/bin/e18005f0f1b33c29e81d732535d8c0e47cafb0b5/out/vs/platform/terminal/node/ptyHostMain.js:12:4262),    at /home/ubuntu/.vscode-server/bin/e18005f0f1b33c29e81d732535d8c0e47cafb0b5/out/vs/platform/terminal/node/ptyHostMain.js:12:3554,    at L.invoke (/home/ubuntu/.vscode-server/bin/e18005f0f1b33c29e81d732535d8c0e47cafb0b5/out/vs/platform/terminal/node/ptyHostMain.js:8:145),    at l.fire (/home/ubuntu/.vscode-server/bin/e18005f0f1b33c29e81d732535d8c0e47cafb0b5/out/vs/platform/terminal/node/ptyHostMain.js:8:1856),    at process.U (/home/ubuntu/.vscode-server/bin/e18005f0f1b33c29e81d732535d8c0e47cafb0b5/out/vs/platform/terminal/node/ptyHostMain.js:6:34661),    at process.emit (node:events:390:28),    at emit (node:internal/child_process:917:12),    at processTicksAndRejections (node:internal/process/task_queues:84:21)
[19:28:53] [Error: Could not find pty on pty host,    at C._throwIfNoPty (/home/ubuntu/.vscode-server/bin/e18005f0f1b33c29e81d732535d8c0e47cafb0b5/out/vs/platform/terminal/node/ptyHostMain.js:20:5336),    at C.updateIcon (/home/ubuntu/.vscode-server/bin/e18005f0f1b33c29e81d732535d8c0e47cafb0b5/out/vs/platform/terminal/node/ptyHostMain.js:20:1736),    at Object.call (/home/ubuntu/.vscode-server/bin/e18005f0f1b33c29e81d732535d8c0e47cafb0b5/out/vs/platform/terminal/node/ptyHostMain.js:13:8332),    at E.onPromise (/home/ubuntu/.vscode-server/bin/e18005f0f1b33c29e81d732535d8c0e47cafb0b5/out/vs/platform/terminal/node/ptyHostMain.js:12:4867),    at E.onRawMessage (/home/ubuntu/.vscode-server/bin/e18005f0f1b33c29e81d732535d8c0e47cafb0b5/out/vs/platform/terminal/node/ptyHostMain.js:12:4262),    at /home/ubuntu/.vscode-server/bin/e18005f0f1b33c29e81d732535d8c0e47cafb0b5/out/vs/platform/terminal/node/ptyHostMain.js:12:3554,    at L.invoke (/home/ubuntu/.vscode-server/bin/e18005f0f1b33c29e81d732535d8c0e47cafb0b5/out/vs/platform/terminal/node/ptyHostMain.js:8:145),    at l.fire (/home/ubuntu/.vscode-server/bin/e18005f0f1b33c29e81d732535d8c0e47cafb0b5/out/vs/platform/terminal/node/ptyHostMain.js:8:1856),    at process.U (/home/ubuntu/.vscode-server/bin/e18005f0f1b33c29e81d732535d8c0e47cafb0b5/out/vs/platform/terminal/node/ptyHostMain.js:6:34661),    at process.emit (node:events:390:28),    at emit (node:internal/child_process:917:12),    at processTicksAndRejections (node:internal/process/task_queues:84:21)]
[20:29:35] [127.0.0.1][15953f42][ManagementConnection] The client has disconnected gracefully, so the connection will be disposed.
[20:29:35] [127.0.0.1][133d71a4][ExtensionHostConnection] <13715> Extension Host Process exited with code: 0, signal: null.
Last EH closed, waiting before shutting down
[20:29:35] Last EH closed, waiting before shutting down
Last EH closed, shutting down
[20:34:35] Last EH closed, shutting down
