[2022-05-17 22:10:28.051] [exthost] [info] Extension host with pid 132433 started
[2022-05-17 22:10:28.053] [exthost] [error] Error: EEXIST: file already exists, open '/home/ubuntu/.vscode-server/data/User/workspaceStorage/33db89fc36b95e274c7f9ccda8cc4b3f/vscode.lock'
[2022-05-17 22:10:28.126] [exthost] [info] Lock '/home/ubuntu/.vscode-server/data/User/workspaceStorage/33db89fc36b95e274c7f9ccda8cc4b3f/vscode.lock': Could not acquire lock, checking if the file is stale.
[2022-05-17 22:10:28.130] [exthost] [info] Lock '/home/ubuntu/.vscode-server/data/User/workspaceStorage/33db89fc36b95e274c7f9ccda8cc4b3f/vscode.lock': The lock does not look stale, elapsed: 576 ms, giving up.
[2022-05-17 22:10:28.135] [exthost] [info] Lock '/home/ubuntu/.vscode-server/data/User/workspaceStorage/33db89fc36b95e274c7f9ccda8cc4b3f-1/vscode.lock': Lock acquired.
[2022-05-17 22:10:30.519] [exthost] [info] ExtensionService#_doActivateExtension ms-python.python, startup: false, activationEvent: 'onLanguage:python'
[2022-05-17 22:10:31.450] [exthost] [info] ExtensionService#_doActivateExtension ms-toolsai.jupyter, startup: false, activationEvent: 'onLanguage:python'
[2022-05-17 22:10:33.125] [exthost] [info] ExtensionService#_doActivateExtension vscode.debug-auto-launch, startup: true, activationEvent: '*'
[2022-05-17 22:10:33.134] [exthost] [info] ExtensionService#_doActivateExtension vscode.git-base, startup: true, activationEvent: '*', root cause: vscode.git
[2022-05-17 22:10:33.144] [exthost] [info] ExtensionService#_doActivateExtension vscode.ipynb, startup: true, activationEvent: '*'
[2022-05-17 22:10:34.734] [exthost] [info] ExtensionService#_doActivateExtension vscode.git, startup: true, activationEvent: '*'
[2022-05-17 22:10:35.053] [exthost] [info] ExtensionService#_doActivateExtension vscode.github, startup: true, activationEvent: '*'
[2022-05-17 22:10:39.745] [exthost] [info] ExtensionService#_doActivateExtension ms-toolsai.jupyter-renderers, startup: false, activationEvent: 'api', root cause: ms-toolsai.jupyter
[2022-05-17 22:10:40.027] [exthost] [info] ExtensionService#_doActivateExtension vscode.emmet, startup: false, activationEvent: 'onStartupFinished'
[2022-05-17 22:10:40.056] [exthost] [info] ExtensionService#_doActivateExtension vscode.merge-conflict, startup: false, activationEvent: 'onStartupFinished'
[2022-05-17 22:10:40.064] [exthost] [info] ExtensionService#_doActivateExtension ritwickdey.LiveServer, startup: false, activationEvent: 'onStartupFinished'
[2022-05-17 22:10:40.751] [exthost] [info] Eager extensions activated
[2022-05-18 07:46:56.725] [exthost] [info] Extension host terminating: renderer disconnected for too long (1)
[2022-05-18 07:46:56.727] [exthost] [info] Lock '/home/ubuntu/.vscode-server/data/User/workspaceStorage/33db89fc36b95e274c7f9ccda8cc4b3f-1/vscode.lock': Marking the lockfile as scheduled to be released in 6000 ms.
[2022-05-18 07:46:56.746] [exthost] [info] Extension host with pid 132433 exiting with code 0
