Visual Studio Code (1.66.2, ssh-remote, desktop)
Jupyter Extension Version: 2022.3.1000901801.
Python Extension Version: 2022.4.1.
Workspace folder ~/buenComensalProject
Info 00:17:21: ZMQ install verified.
User belongs to experiment group 'jupyterTestcf'
User belongs to experiment group 'jupyterEnhancedDataViewer'
Info 00:17:25: Experiment status for python is {"enabled":true,"optInto":[],"optOutFrom":[]}
Info 00:17:26: Getting activation commands for /bin/python3 are not cached. May take a while.
Info 00:17:26: Process Execution: > /bin/python3 -m pip list
> /bin/python3 -m pip list
Info 00:20:28: Getting activation commands for /usr/bin/python3 are not cached. May take a while.
Info 00:20:29: Process Execution: > /usr/bin/python3 -m pip list
> /usr/bin/python3 -m pip list
Info 01:04:42: Shutting down notebooks for b9f31d33-0714-418f-a485-bfdf8aadf346
Info 01:04:45: Disposing HostJupyterExecution 231020e8-2fc1-4061-9496-572190292027
Info 01:04:46: Disposing super HostJupyterExecution 231020e8-2fc1-4061-9496-572190292027
Info 01:04:50: Disposing HostJupyterExecution 231020e8-2fc1-4061-9496-572190292027
Info 01:04:51: Finished disposing HostJupyterExecution  231020e8-2fc1-4061-9496-572190292027
Info 01:04:54: Cleaning up server cache 231020e8-2fc1-4061-9496-572190292027
Info 01:04:55: Finished disposing HostJupyterExecution  231020e8-2fc1-4061-9496-572190292027
